[0.037s] Invoking command in '/home/t_b/ros2_ws/src/UR-MiR-mobile-manipulator/build/mir_moveit_config': CMAKE_PREFIX_PATH=${CMAKE_PREFIX_PATH}:/home/t_b/ros2_ws/src/UR-MiR-mobile-manipulator/install/ros2_aruco:/home/t_b/ros2_ws/src/UR-MiR-mobile-manipulator/install/point_cloud_functions:/home/t_b/ros2_ws/src/UR-MiR-mobile-manipulator/install/mir_restapi:/home/t_b/ros2_ws/src/UR-MiR-mobile-manipulator/install/mir_driver:/home/t_b/pp_ros2_ws/install/rosbot_gazebo:/home/t_b/pp_ros2_ws/install/rosbot_controller:/home/t_b/pp_ros2_ws/install/rosbot_utils:/home/t_b/swaraj/piper_ros/install/piper:/home/t_b/leader_follower/install/apf:/home/t_b/amogh_app/amogh_ws/install/pursuers:/home/t_b/stonefish_ros/install/codes:/home/t_b/stonefish_ros/install/software_stack:/opt/ros/humble /usr/bin/cmake /home/t_b/ros2_ws/src/UR-MiR-mobile-manipulator/mir_robot/mir_moveit_config -DCMAKE_INSTALL_PREFIX=/home/t_b/ros2_ws/src/UR-MiR-mobile-manipulator/install/mir_moveit_config
[0.440s] -- The C compiler identification is GNU 11.4.0
[0.440s] -- The CXX compiler identification is GNU 11.4.0
[0.440s] -- Detecting C compiler ABI info
[0.440s] -- Detecting C compiler ABI info - done
[0.440s] -- Check for working C compiler: /usr/bin/cc - skipped
[0.440s] -- Detecting C compile features
[0.440s] -- Detecting C compile features - done
[0.440s] -- Detecting CXX compiler ABI info
[0.440s] -- Detecting CXX compiler ABI info - done
[0.440s] -- Check for working CXX compiler: /usr/bin/c++ - skipped
[0.440s] -- Detecting CXX compile features
[0.440s] -- Detecting CXX compile features - done
[0.440s] -- Found ament_cmake: 1.3.14 (/opt/ros/humble/share/ament_cmake/cmake)
[0.597s] -- Found Python3: /usr/bin/python3 (found version "3.10.12") found components: Interpreter 
[0.656s] -- Found ament_lint_auto: 0.12.15 (/opt/ros/humble/share/ament_lint_auto/cmake)
[0.730s] -- Added test 'flake8' to check Python code syntax and style conventions
[0.731s] -- Added test 'lint_cmake' to check CMake code style
[0.732s] -- Added test 'pep257' to check Python code against some of the docstring style conventions in PEP 257
[0.734s] -- Added test 'xmllint' to check XML markup files
[0.736s] -- Configuring done
[0.737s] -- Generating done
[0.738s] -- Build files have been written to: /home/t_b/ros2_ws/src/UR-MiR-mobile-manipulator/build/mir_moveit_config
[1.009s] Invoked command in '/home/t_b/ros2_ws/src/UR-MiR-mobile-manipulator/build/mir_moveit_config' returned '0': CMAKE_PREFIX_PATH=${CMAKE_PREFIX_PATH}:/home/t_b/ros2_ws/src/UR-MiR-mobile-manipulator/install/ros2_aruco:/home/t_b/ros2_ws/src/UR-MiR-mobile-manipulator/install/point_cloud_functions:/home/t_b/ros2_ws/src/UR-MiR-mobile-manipulator/install/mir_restapi:/home/t_b/ros2_ws/src/UR-MiR-mobile-manipulator/install/mir_driver:/home/t_b/pp_ros2_ws/install/rosbot_gazebo:/home/t_b/pp_ros2_ws/install/rosbot_controller:/home/t_b/pp_ros2_ws/install/rosbot_utils:/home/t_b/swaraj/piper_ros/install/piper:/home/t_b/leader_follower/install/apf:/home/t_b/amogh_app/amogh_ws/install/pursuers:/home/t_b/stonefish_ros/install/codes:/home/t_b/stonefish_ros/install/software_stack:/opt/ros/humble /usr/bin/cmake /home/t_b/ros2_ws/src/UR-MiR-mobile-manipulator/mir_robot/mir_moveit_config -DCMAKE_INSTALL_PREFIX=/home/t_b/ros2_ws/src/UR-MiR-mobile-manipulator/install/mir_moveit_config
[1.010s] Invoking command in '/home/t_b/ros2_ws/src/UR-MiR-mobile-manipulator/build/mir_moveit_config': CMAKE_PREFIX_PATH=${CMAKE_PREFIX_PATH}:/home/t_b/ros2_ws/src/UR-MiR-mobile-manipulator/install/ros2_aruco:/home/t_b/ros2_ws/src/UR-MiR-mobile-manipulator/install/point_cloud_functions:/home/t_b/ros2_ws/src/UR-MiR-mobile-manipulator/install/mir_restapi:/home/t_b/ros2_ws/src/UR-MiR-mobile-manipulator/install/mir_driver:/home/t_b/pp_ros2_ws/install/rosbot_gazebo:/home/t_b/pp_ros2_ws/install/rosbot_controller:/home/t_b/pp_ros2_ws/install/rosbot_utils:/home/t_b/swaraj/piper_ros/install/piper:/home/t_b/leader_follower/install/apf:/home/t_b/amogh_app/amogh_ws/install/pursuers:/home/t_b/stonefish_ros/install/codes:/home/t_b/stonefish_ros/install/software_stack:/opt/ros/humble /usr/bin/cmake --build /home/t_b/ros2_ws/src/UR-MiR-mobile-manipulator/build/mir_moveit_config -- -j16 -l16
[1.056s] Invoked command in '/home/t_b/ros2_ws/src/UR-MiR-mobile-manipulator/build/mir_moveit_config' returned '0': CMAKE_PREFIX_PATH=${CMAKE_PREFIX_PATH}:/home/t_b/ros2_ws/src/UR-MiR-mobile-manipulator/install/ros2_aruco:/home/t_b/ros2_ws/src/UR-MiR-mobile-manipulator/install/point_cloud_functions:/home/t_b/ros2_ws/src/UR-MiR-mobile-manipulator/install/mir_restapi:/home/t_b/ros2_ws/src/UR-MiR-mobile-manipulator/install/mir_driver:/home/t_b/pp_ros2_ws/install/rosbot_gazebo:/home/t_b/pp_ros2_ws/install/rosbot_controller:/home/t_b/pp_ros2_ws/install/rosbot_utils:/home/t_b/swaraj/piper_ros/install/piper:/home/t_b/leader_follower/install/apf:/home/t_b/amogh_app/amogh_ws/install/pursuers:/home/t_b/stonefish_ros/install/codes:/home/t_b/stonefish_ros/install/software_stack:/opt/ros/humble /usr/bin/cmake --build /home/t_b/ros2_ws/src/UR-MiR-mobile-manipulator/build/mir_moveit_config -- -j16 -l16
[1.057s] Invoking command in '/home/t_b/ros2_ws/src/UR-MiR-mobile-manipulator/build/mir_moveit_config': CMAKE_PREFIX_PATH=${CMAKE_PREFIX_PATH}:/home/t_b/ros2_ws/src/UR-MiR-mobile-manipulator/install/ros2_aruco:/home/t_b/ros2_ws/src/UR-MiR-mobile-manipulator/install/point_cloud_functions:/home/t_b/ros2_ws/src/UR-MiR-mobile-manipulator/install/mir_restapi:/home/t_b/ros2_ws/src/UR-MiR-mobile-manipulator/install/mir_driver:/home/t_b/pp_ros2_ws/install/rosbot_gazebo:/home/t_b/pp_ros2_ws/install/rosbot_controller:/home/t_b/pp_ros2_ws/install/rosbot_utils:/home/t_b/swaraj/piper_ros/install/piper:/home/t_b/leader_follower/install/apf:/home/t_b/amogh_app/amogh_ws/install/pursuers:/home/t_b/stonefish_ros/install/codes:/home/t_b/stonefish_ros/install/software_stack:/opt/ros/humble /usr/bin/cmake --install /home/t_b/ros2_ws/src/UR-MiR-mobile-manipulator/build/mir_moveit_config
[1.062s] -- Install configuration: ""
[1.062s] -- Installing: /home/t_b/ros2_ws/src/UR-MiR-mobile-manipulator/install/mir_moveit_config/share/ament_index/resource_index/package_run_dependencies/mir_moveit_config
[1.062s] -- Installing: /home/t_b/ros2_ws/src/UR-MiR-mobile-manipulator/install/mir_moveit_config/share/ament_index/resource_index/parent_prefix_path/mir_moveit_config
[1.062s] -- Installing: /home/t_b/ros2_ws/src/UR-MiR-mobile-manipulator/install/mir_moveit_config/share/mir_moveit_config/environment/ament_prefix_path.sh
[1.062s] -- Installing: /home/t_b/ros2_ws/src/UR-MiR-mobile-manipulator/install/mir_moveit_config/share/mir_moveit_config/environment/ament_prefix_path.dsv
[1.062s] -- Installing: /home/t_b/ros2_ws/src/UR-MiR-mobile-manipulator/install/mir_moveit_config/share/mir_moveit_config/environment/path.sh
[1.062s] -- Installing: /home/t_b/ros2_ws/src/UR-MiR-mobile-manipulator/install/mir_moveit_config/share/mir_moveit_config/environment/path.dsv
[1.062s] -- Installing: /home/t_b/ros2_ws/src/UR-MiR-mobile-manipulator/install/mir_moveit_config/share/mir_moveit_config/local_setup.bash
[1.062s] -- Installing: /home/t_b/ros2_ws/src/UR-MiR-mobile-manipulator/install/mir_moveit_config/share/mir_moveit_config/local_setup.sh
[1.062s] -- Installing: /home/t_b/ros2_ws/src/UR-MiR-mobile-manipulator/install/mir_moveit_config/share/mir_moveit_config/local_setup.zsh
[1.063s] -- Installing: /home/t_b/ros2_ws/src/UR-MiR-mobile-manipulator/install/mir_moveit_config/share/mir_moveit_config/local_setup.dsv
[1.063s] -- Installing: /home/t_b/ros2_ws/src/UR-MiR-mobile-manipulator/install/mir_moveit_config/share/mir_moveit_config/package.dsv
[1.063s] -- Installing: /home/t_b/ros2_ws/src/UR-MiR-mobile-manipulator/install/mir_moveit_config/share/ament_index/resource_index/packages/mir_moveit_config
[1.063s] -- Installing: /home/t_b/ros2_ws/src/UR-MiR-mobile-manipulator/install/mir_moveit_config/share/mir_moveit_config/cmake/mir_moveit_configConfig.cmake
[1.063s] -- Installing: /home/t_b/ros2_ws/src/UR-MiR-mobile-manipulator/install/mir_moveit_config/share/mir_moveit_config/cmake/mir_moveit_configConfig-version.cmake
[1.063s] -- Installing: /home/t_b/ros2_ws/src/UR-MiR-mobile-manipulator/install/mir_moveit_config/share/mir_moveit_config/package.xml
[1.064s] Invoked command in '/home/t_b/ros2_ws/src/UR-MiR-mobile-manipulator/build/mir_moveit_config' returned '0': CMAKE_PREFIX_PATH=${CMAKE_PREFIX_PATH}:/home/t_b/ros2_ws/src/UR-MiR-mobile-manipulator/install/ros2_aruco:/home/t_b/ros2_ws/src/UR-MiR-mobile-manipulator/install/point_cloud_functions:/home/t_b/ros2_ws/src/UR-MiR-mobile-manipulator/install/mir_restapi:/home/t_b/ros2_ws/src/UR-MiR-mobile-manipulator/install/mir_driver:/home/t_b/pp_ros2_ws/install/rosbot_gazebo:/home/t_b/pp_ros2_ws/install/rosbot_controller:/home/t_b/pp_ros2_ws/install/rosbot_utils:/home/t_b/swaraj/piper_ros/install/piper:/home/t_b/leader_follower/install/apf:/home/t_b/amogh_app/amogh_ws/install/pursuers:/home/t_b/stonefish_ros/install/codes:/home/t_b/stonefish_ros/install/software_stack:/opt/ros/humble /usr/bin/cmake --install /home/t_b/ros2_ws/src/UR-MiR-mobile-manipulator/build/mir_moveit_config
