[0.034s] Invoking command in '/home/t_b/ros2_ws/src/UR-MiR-mobile-manipulator/build/hello_moveit_ur': CMAKE_PREFIX_PATH=${CMAKE_PREFIX_PATH}:/home/t_b/pp_ros2_ws/install/rosbot_gazebo:/home/t_b/pp_ros2_ws/install/rosbot_controller:/home/t_b/pp_ros2_ws/install/rosbot_utils:/home/t_b/swaraj/piper_ros/install/piper:/home/t_b/leader_follower/install/apf:/home/t_b/amogh_app/amogh_ws/install/pursuers:/home/t_b/stonefish_ros/install/codes:/home/t_b/stonefish_ros/install/software_stack:/opt/ros/humble /usr/bin/cmake /home/t_b/ros2_ws/src/UR-MiR-mobile-manipulator/simple_moveit2_universal_robots_movement -DCMAKE_INSTALL_PREFIX=/home/t_b/ros2_ws/src/UR-MiR-mobile-manipulator/install/hello_moveit_ur
[0.422s] -- The C compiler identification is GNU 11.4.0
[0.422s] -- The CXX compiler identification is GNU 11.4.0
[0.422s] -- Detecting C compiler ABI info
[0.423s] -- Detecting C compiler ABI info - done
[0.423s] -- Check for working C compiler: /usr/bin/cc - skipped
[0.423s] -- Detecting C compile features
[0.423s] -- Detecting C compile features - done
[0.423s] -- Detecting CXX compiler ABI info
[0.423s] -- Detecting CXX compiler ABI info - done
[0.423s] -- Check for working CXX compiler: /usr/bin/c++ - skipped
[0.423s] -- Detecting CXX compile features
[0.423s] -- Detecting CXX compile features - done
[0.423s] -- Found ament_cmake: 1.3.14 (/opt/ros/humble/share/ament_cmake/cmake)
[0.423s] -- Found Python3: /usr/bin/python3 (found version "3.10.12") found components: Interpreter 
[0.508s] -- Found moveit_ros_planning_interface: 2.5.9 (/opt/ros/humble/share/moveit_ros_planning_interface/cmake)
[0.665s] -- Found Boost: /usr/lib/x86_64-linux-gnu/cmake/Boost-1.74.0/BoostConfig.cmake (found version "1.74.0") found components: date_time filesystem program_options system thread 
[0.716s] -- Found rosidl_generator_c: 3.1.8 (/opt/ros/humble/share/rosidl_generator_c/cmake)
[0.722s] -- Found rosidl_adapter: 3.1.8 (/opt/ros/humble/share/rosidl_adapter/cmake)
[0.732s] -- Found rosidl_generator_cpp: 3.1.8 (/opt/ros/humble/share/rosidl_generator_cpp/cmake)
[0.744s] -- Using all available rosidl_typesupport_c: rosidl_typesupport_fastrtps_c;rosidl_typesupport_introspection_c
[0.762s] -- Using all available rosidl_typesupport_cpp: rosidl_typesupport_fastrtps_cpp;rosidl_typesupport_introspection_cpp
[0.949s] -- Found Boost: /usr/lib/x86_64-linux-gnu/cmake/Boost-1.74.0/BoostConfig.cmake (found version "1.74.0") found components: chrono date_time filesystem iostreams program_options regex serialization system thread 
[1.009s] -- Found parameter_traits: 0.7.1 (/opt/ros/humble/share/parameter_traits/cmake)
[1.059s] -- Found rmw_implementation_cmake: 6.1.2 (/opt/ros/humble/share/rmw_implementation_cmake/cmake)
[1.063s] -- Found rmw_cyclonedds_cpp: 1.3.4 (/opt/ros/humble/share/rmw_cyclonedds_cpp/cmake)
[1.089s] -- Using RMW implementation 'rmw_cyclonedds_cpp' as default
[1.100s] -- Found Threads: TRUE  
[1.147s] -- Found rclcpp_lifecycle: 16.0.19 (/opt/ros/humble/share/rclcpp_lifecycle/cmake)
[1.171s] -- Found Boost: /usr/lib/x86_64-linux-gnu/cmake/Boost-1.74.0/BoostConfig.cmake (found version "1.74.0") found components: filesystem 
[1.256s] -- library: /usr/lib/x86_64-linux-gnu/libcurl.so
[1.287s] -- Found Eigen3: TRUE (found version "3.4.0") 
[1.287s] -- Ensuring Eigen3 include directory is part of orocos-kdl CMake target
[1.442s] -- Found Boost: /usr/lib/x86_64-linux-gnu/cmake/Boost-1.74.0/BoostConfig.cmake (found version "1.74.0") found components: system filesystem date_time program_options thread chrono 
[1.468s] -- Found Boost: /usr/lib/x86_64-linux-gnu/cmake/Boost-1.74.0/BoostConfig.cmake (found version "1.74.0") found components: thread system filesystem regex date_time program_options 
[1.539s] -- Found Boost: /usr/lib/x86_64-linux-gnu/cmake/Boost-1.74.0/BoostConfig.cmake (found version "1.74.0") found components: system filesystem date_time program_options thread 
[1.565s] -- Found ament_lint_auto: 0.12.15 (/opt/ros/humble/share/ament_lint_auto/cmake)
[1.644s] -- Added test 'cppcheck' to perform static code analysis on C / C++ code
[1.644s] -- Configured cppcheck include dirs: $<BUILD_INTERFACE:/home/t_b/ros2_ws/src/UR-MiR-mobile-manipulator/simple_moveit2_universal_robots_movement/include>
[1.644s] -- Configured cppcheck exclude dirs and/or files: 
[1.645s] -- Added test 'flake8' to check Python code syntax and style conventions
[1.646s] -- Added test 'lint_cmake' to check CMake code style
[1.646s] -- Added test 'pep257' to check Python code against some of the docstring style conventions in PEP 257
[1.647s] -- Added test 'uncrustify' to check C / C++ code style
[1.647s] -- Configured uncrustify additional arguments: 
[1.648s] -- Added test 'xmllint' to check XML markup files
[1.649s] -- Configuring done
[1.665s] -- Generating done
[1.672s] -- Build files have been written to: /home/t_b/ros2_ws/src/UR-MiR-mobile-manipulator/build/hello_moveit_ur
[1.684s] Invoked command in '/home/t_b/ros2_ws/src/UR-MiR-mobile-manipulator/build/hello_moveit_ur' returned '0': CMAKE_PREFIX_PATH=${CMAKE_PREFIX_PATH}:/home/t_b/pp_ros2_ws/install/rosbot_gazebo:/home/t_b/pp_ros2_ws/install/rosbot_controller:/home/t_b/pp_ros2_ws/install/rosbot_utils:/home/t_b/swaraj/piper_ros/install/piper:/home/t_b/leader_follower/install/apf:/home/t_b/amogh_app/amogh_ws/install/pursuers:/home/t_b/stonefish_ros/install/codes:/home/t_b/stonefish_ros/install/software_stack:/opt/ros/humble /usr/bin/cmake /home/t_b/ros2_ws/src/UR-MiR-mobile-manipulator/simple_moveit2_universal_robots_movement -DCMAKE_INSTALL_PREFIX=/home/t_b/ros2_ws/src/UR-MiR-mobile-manipulator/install/hello_moveit_ur
[1.685s] Invoking command in '/home/t_b/ros2_ws/src/UR-MiR-mobile-manipulator/build/hello_moveit_ur': CMAKE_PREFIX_PATH=${CMAKE_PREFIX_PATH}:/home/t_b/pp_ros2_ws/install/rosbot_gazebo:/home/t_b/pp_ros2_ws/install/rosbot_controller:/home/t_b/pp_ros2_ws/install/rosbot_utils:/home/t_b/swaraj/piper_ros/install/piper:/home/t_b/leader_follower/install/apf:/home/t_b/amogh_app/amogh_ws/install/pursuers:/home/t_b/stonefish_ros/install/codes:/home/t_b/stonefish_ros/install/software_stack:/opt/ros/humble /usr/bin/cmake --build /home/t_b/ros2_ws/src/UR-MiR-mobile-manipulator/build/hello_moveit_ur -- -j16 -l16
[1.721s] [ 50%] [32mBuilding CXX object CMakeFiles/hello_moveit_ur.dir/src/hello_moveit_ur.cpp.o[0m
[13.017s] [100%] [32m[1mLinking CXX executable hello_moveit_ur[0m
[13.535s] [100%] Built target hello_moveit_ur
[13.542s] Invoked command in '/home/t_b/ros2_ws/src/UR-MiR-mobile-manipulator/build/hello_moveit_ur' returned '0': CMAKE_PREFIX_PATH=${CMAKE_PREFIX_PATH}:/home/t_b/pp_ros2_ws/install/rosbot_gazebo:/home/t_b/pp_ros2_ws/install/rosbot_controller:/home/t_b/pp_ros2_ws/install/rosbot_utils:/home/t_b/swaraj/piper_ros/install/piper:/home/t_b/leader_follower/install/apf:/home/t_b/amogh_app/amogh_ws/install/pursuers:/home/t_b/stonefish_ros/install/codes:/home/t_b/stonefish_ros/install/software_stack:/opt/ros/humble /usr/bin/cmake --build /home/t_b/ros2_ws/src/UR-MiR-mobile-manipulator/build/hello_moveit_ur -- -j16 -l16
[13.543s] Invoking command in '/home/t_b/ros2_ws/src/UR-MiR-mobile-manipulator/build/hello_moveit_ur': CMAKE_PREFIX_PATH=${CMAKE_PREFIX_PATH}:/home/t_b/pp_ros2_ws/install/rosbot_gazebo:/home/t_b/pp_ros2_ws/install/rosbot_controller:/home/t_b/pp_ros2_ws/install/rosbot_utils:/home/t_b/swaraj/piper_ros/install/piper:/home/t_b/leader_follower/install/apf:/home/t_b/amogh_app/amogh_ws/install/pursuers:/home/t_b/stonefish_ros/install/codes:/home/t_b/stonefish_ros/install/software_stack:/opt/ros/humble /usr/bin/cmake --install /home/t_b/ros2_ws/src/UR-MiR-mobile-manipulator/build/hello_moveit_ur
[13.550s] -- Install configuration: ""
[13.550s] -- Installing: /home/t_b/ros2_ws/src/UR-MiR-mobile-manipulator/install/hello_moveit_ur/lib/hello_moveit_ur/hello_moveit_ur
[13.552s] -- Set runtime path of "/home/t_b/ros2_ws/src/UR-MiR-mobile-manipulator/install/hello_moveit_ur/lib/hello_moveit_ur/hello_moveit_ur" to ""
[13.552s] -- Installing: /home/t_b/ros2_ws/src/UR-MiR-mobile-manipulator/install/hello_moveit_ur/share/hello_moveit_ur//launch
[13.552s] -- Installing: /home/t_b/ros2_ws/src/UR-MiR-mobile-manipulator/install/hello_moveit_ur/share/hello_moveit_ur//launch/hello_moveit_ur_launch.py
[13.552s] -- Installing: /home/t_b/ros2_ws/src/UR-MiR-mobile-manipulator/install/hello_moveit_ur/share/ament_index/resource_index/package_run_dependencies/hello_moveit_ur
[13.552s] -- Installing: /home/t_b/ros2_ws/src/UR-MiR-mobile-manipulator/install/hello_moveit_ur/share/ament_index/resource_index/parent_prefix_path/hello_moveit_ur
[13.552s] -- Installing: /home/t_b/ros2_ws/src/UR-MiR-mobile-manipulator/install/hello_moveit_ur/share/hello_moveit_ur/environment/ament_prefix_path.sh
[13.552s] -- Installing: /home/t_b/ros2_ws/src/UR-MiR-mobile-manipulator/install/hello_moveit_ur/share/hello_moveit_ur/environment/ament_prefix_path.dsv
[13.552s] -- Installing: /home/t_b/ros2_ws/src/UR-MiR-mobile-manipulator/install/hello_moveit_ur/share/hello_moveit_ur/environment/path.sh
[13.552s] -- Installing: /home/t_b/ros2_ws/src/UR-MiR-mobile-manipulator/install/hello_moveit_ur/share/hello_moveit_ur/environment/path.dsv
[13.552s] -- Installing: /home/t_b/ros2_ws/src/UR-MiR-mobile-manipulator/install/hello_moveit_ur/share/hello_moveit_ur/local_setup.bash
[13.552s] -- Installing: /home/t_b/ros2_ws/src/UR-MiR-mobile-manipulator/install/hello_moveit_ur/share/hello_moveit_ur/local_setup.sh
[13.552s] -- Installing: /home/t_b/ros2_ws/src/UR-MiR-mobile-manipulator/install/hello_moveit_ur/share/hello_moveit_ur/local_setup.zsh
[13.552s] -- Installing: /home/t_b/ros2_ws/src/UR-MiR-mobile-manipulator/install/hello_moveit_ur/share/hello_moveit_ur/local_setup.dsv
[13.552s] -- Installing: /home/t_b/ros2_ws/src/UR-MiR-mobile-manipulator/install/hello_moveit_ur/share/hello_moveit_ur/package.dsv
[13.553s] -- Installing: /home/t_b/ros2_ws/src/UR-MiR-mobile-manipulator/install/hello_moveit_ur/share/ament_index/resource_index/packages/hello_moveit_ur
[13.553s] -- Installing: /home/t_b/ros2_ws/src/UR-MiR-mobile-manipulator/install/hello_moveit_ur/share/hello_moveit_ur/cmake/hello_moveit_urConfig.cmake
[13.553s] -- Installing: /home/t_b/ros2_ws/src/UR-MiR-mobile-manipulator/install/hello_moveit_ur/share/hello_moveit_ur/cmake/hello_moveit_urConfig-version.cmake
[13.553s] -- Installing: /home/t_b/ros2_ws/src/UR-MiR-mobile-manipulator/install/hello_moveit_ur/share/hello_moveit_ur/package.xml
[13.554s] Invoked command in '/home/t_b/ros2_ws/src/UR-MiR-mobile-manipulator/build/hello_moveit_ur' returned '0': CMAKE_PREFIX_PATH=${CMAKE_PREFIX_PATH}:/home/t_b/pp_ros2_ws/install/rosbot_gazebo:/home/t_b/pp_ros2_ws/install/rosbot_controller:/home/t_b/pp_ros2_ws/install/rosbot_utils:/home/t_b/swaraj/piper_ros/install/piper:/home/t_b/leader_follower/install/apf:/home/t_b/amogh_app/amogh_ws/install/pursuers:/home/t_b/stonefish_ros/install/codes:/home/t_b/stonefish_ros/install/software_stack:/opt/ros/humble /usr/bin/cmake --install /home/t_b/ros2_ws/src/UR-MiR-mobile-manipulator/build/hello_moveit_ur
