[0.769s] Invoking command in '/home/t_b/ros2_ws/src/UR-MiR-mobile-manipulator/point_cloud_functions': PYTHONPATH=/home/t_b/ros2_ws/src/UR-MiR-mobile-manipulator/build/point_cloud_functions/prefix_override:/usr/lib/python3/dist-packages/colcon_core/task/python/colcon_distutils_commands:/home/t_b/ros2_ws/src/UR-MiR-mobile-manipulator/install/point_cloud_functions/lib/python3.10/site-packages:${PYTHONPATH} /usr/bin/python3 -W ignore:setup.py install is deprecated -W ignore:easy_install command is deprecated setup.py egg_info --egg-base ../build/point_cloud_functions build --build-base /home/t_b/ros2_ws/src/UR-MiR-mobile-manipulator/build/point_cloud_functions/build install --record /home/t_b/ros2_ws/src/UR-MiR-mobile-manipulator/build/point_cloud_functions/install.log --single-version-externally-managed install_data
[1.052s] running egg_info
[1.052s] creating ../build/point_cloud_functions/point_cloud_functions.egg-info
[1.052s] writing ../build/point_cloud_functions/point_cloud_functions.egg-info/PKG-INFO
[1.052s] writing dependency_links to ../build/point_cloud_functions/point_cloud_functions.egg-info/dependency_links.txt
[1.052s] writing entry points to ../build/point_cloud_functions/point_cloud_functions.egg-info/entry_points.txt
[1.053s] writing requirements to ../build/point_cloud_functions/point_cloud_functions.egg-info/requires.txt
[1.053s] writing top-level names to ../build/point_cloud_functions/point_cloud_functions.egg-info/top_level.txt
[1.053s] writing manifest file '../build/point_cloud_functions/point_cloud_functions.egg-info/SOURCES.txt'
[1.054s] reading manifest file '../build/point_cloud_functions/point_cloud_functions.egg-info/SOURCES.txt'
[1.054s] writing manifest file '../build/point_cloud_functions/point_cloud_functions.egg-info/SOURCES.txt'
[1.054s] running build
[1.054s] running build_py
[1.055s] creating /home/t_b/ros2_ws/src/UR-MiR-mobile-manipulator/build/point_cloud_functions/build
[1.055s] creating /home/t_b/ros2_ws/src/UR-MiR-mobile-manipulator/build/point_cloud_functions/build/lib
[1.055s] creating /home/t_b/ros2_ws/src/UR-MiR-mobile-manipulator/build/point_cloud_functions/build/lib/point_cloud_functions
[1.055s] copying point_cloud_functions/__init__.py -> /home/t_b/ros2_ws/src/UR-MiR-mobile-manipulator/build/point_cloud_functions/build/lib/point_cloud_functions
[1.055s] copying point_cloud_functions/point_cloud_reader.py -> /home/t_b/ros2_ws/src/UR-MiR-mobile-manipulator/build/point_cloud_functions/build/lib/point_cloud_functions
[1.055s] running install
[1.055s] running install_lib
[1.056s] creating /home/t_b/ros2_ws/src/UR-MiR-mobile-manipulator/install/point_cloud_functions/lib/python3.10/site-packages/point_cloud_functions
[1.056s] copying /home/t_b/ros2_ws/src/UR-MiR-mobile-manipulator/build/point_cloud_functions/build/lib/point_cloud_functions/__init__.py -> /home/t_b/ros2_ws/src/UR-MiR-mobile-manipulator/install/point_cloud_functions/lib/python3.10/site-packages/point_cloud_functions
[1.056s] copying /home/t_b/ros2_ws/src/UR-MiR-mobile-manipulator/build/point_cloud_functions/build/lib/point_cloud_functions/point_cloud_reader.py -> /home/t_b/ros2_ws/src/UR-MiR-mobile-manipulator/install/point_cloud_functions/lib/python3.10/site-packages/point_cloud_functions
[1.056s] byte-compiling /home/t_b/ros2_ws/src/UR-MiR-mobile-manipulator/install/point_cloud_functions/lib/python3.10/site-packages/point_cloud_functions/__init__.py to __init__.cpython-310.pyc
[1.056s] byte-compiling /home/t_b/ros2_ws/src/UR-MiR-mobile-manipulator/install/point_cloud_functions/lib/python3.10/site-packages/point_cloud_functions/point_cloud_reader.py to point_cloud_reader.cpython-310.pyc
[1.057s] running install_data
[1.057s] creating /home/t_b/ros2_ws/src/UR-MiR-mobile-manipulator/install/point_cloud_functions/share/ament_index
[1.057s] creating /home/t_b/ros2_ws/src/UR-MiR-mobile-manipulator/install/point_cloud_functions/share/ament_index/resource_index
[1.057s] creating /home/t_b/ros2_ws/src/UR-MiR-mobile-manipulator/install/point_cloud_functions/share/ament_index/resource_index/packages
[1.057s] copying resource/point_cloud_functions -> /home/t_b/ros2_ws/src/UR-MiR-mobile-manipulator/install/point_cloud_functions/share/ament_index/resource_index/packages
[1.057s] copying package.xml -> /home/t_b/ros2_ws/src/UR-MiR-mobile-manipulator/install/point_cloud_functions/share/point_cloud_functions
[1.057s] running install_egg_info
[1.058s] Copying ../build/point_cloud_functions/point_cloud_functions.egg-info to /home/t_b/ros2_ws/src/UR-MiR-mobile-manipulator/install/point_cloud_functions/lib/python3.10/site-packages/point_cloud_functions-0.0.0-py3.10.egg-info
[1.059s] running install_scripts
[1.074s] Installing point_cloud_reader script to /home/t_b/ros2_ws/src/UR-MiR-mobile-manipulator/install/point_cloud_functions/lib/point_cloud_functions
[1.074s] writing list of installed files to '/home/t_b/ros2_ws/src/UR-MiR-mobile-manipulator/build/point_cloud_functions/install.log'
[1.097s] Invoked command in '/home/t_b/ros2_ws/src/UR-MiR-mobile-manipulator/point_cloud_functions' returned '0': PYTHONPATH=/home/t_b/ros2_ws/src/UR-MiR-mobile-manipulator/build/point_cloud_functions/prefix_override:/usr/lib/python3/dist-packages/colcon_core/task/python/colcon_distutils_commands:/home/t_b/ros2_ws/src/UR-MiR-mobile-manipulator/install/point_cloud_functions/lib/python3.10/site-packages:${PYTHONPATH} /usr/bin/python3 -W ignore:setup.py install is deprecated -W ignore:easy_install command is deprecated setup.py egg_info --egg-base ../build/point_cloud_functions build --build-base /home/t_b/ros2_ws/src/UR-MiR-mobile-manipulator/build/point_cloud_functions/build install --record /home/t_b/ros2_ws/src/UR-MiR-mobile-manipulator/build/point_cloud_functions/install.log --single-version-externally-managed install_data
