[0.034s] Invoking command in '/home/t_b/ros2_ws/src/UR-MiR-mobile-manipulator/build/mir_bringup': CMAKE_PREFIX_PATH=${CMAKE_PREFIX_PATH}:/home/t_b/ros2_ws/src/UR-MiR-mobile-manipulator/install/ros2_aruco:/home/t_b/ros2_ws/src/UR-MiR-mobile-manipulator/install/point_cloud_functions:/home/t_b/ros2_ws/src/UR-MiR-mobile-manipulator/install/mir_restapi:/home/t_b/ros2_ws/src/UR-MiR-mobile-manipulator/install/mir_driver:/home/t_b/pp_ros2_ws/install/rosbot_gazebo:/home/t_b/pp_ros2_ws/install/rosbot_controller:/home/t_b/pp_ros2_ws/install/rosbot_utils:/home/t_b/swaraj/piper_ros/install/piper:/home/t_b/leader_follower/install/apf:/home/t_b/amogh_app/amogh_ws/install/pursuers:/home/t_b/stonefish_ros/install/codes:/home/t_b/stonefish_ros/install/software_stack:/opt/ros/humble /usr/bin/cmake /home/t_b/ros2_ws/src/UR-MiR-mobile-manipulator/mir_robot/mir_bringup -DCMAKE_INSTALL_PREFIX=/home/t_b/ros2_ws/src/UR-MiR-mobile-manipulator/install/mir_bringup
[0.423s] -- The C compiler identification is GNU 11.4.0
[0.423s] -- The CXX compiler identification is GNU 11.4.0
[0.423s] -- Detecting C compiler ABI info
[0.423s] -- Detecting C compiler ABI info - done
[0.423s] -- Check for working C compiler: /usr/bin/cc - skipped
[0.423s] -- Detecting C compile features
[0.423s] -- Detecting C compile features - done
[0.423s] -- Detecting CXX compiler ABI info
[0.424s] -- Detecting CXX compiler ABI info - done
[0.424s] -- Check for working CXX compiler: /usr/bin/c++ - skipped
[0.424s] -- Detecting CXX compile features
[0.424s] -- Detecting CXX compile features - done
[0.425s] -- Found ament_cmake: 1.3.14 (/opt/ros/humble/share/ament_cmake/cmake)
[0.425s] -- Found Python3: /usr/bin/python3 (found version "3.10.12") found components: Interpreter 
[0.487s] -- Found ament_lint_auto: 0.12.15 (/opt/ros/humble/share/ament_lint_auto/cmake)
[0.594s] -- Added test 'flake8' to check Python code syntax and style conventions
[0.595s] -- Added test 'lint_cmake' to check CMake code style
[0.597s] -- Added test 'pep257' to check Python code against some of the docstring style conventions in PEP 257
[0.598s] -- Added test 'xmllint' to check XML markup files
[0.601s] -- Configuring done
[0.604s] -- Generating done
[0.605s] -- Build files have been written to: /home/t_b/ros2_ws/src/UR-MiR-mobile-manipulator/build/mir_bringup
[0.609s] Invoked command in '/home/t_b/ros2_ws/src/UR-MiR-mobile-manipulator/build/mir_bringup' returned '0': CMAKE_PREFIX_PATH=${CMAKE_PREFIX_PATH}:/home/t_b/ros2_ws/src/UR-MiR-mobile-manipulator/install/ros2_aruco:/home/t_b/ros2_ws/src/UR-MiR-mobile-manipulator/install/point_cloud_functions:/home/t_b/ros2_ws/src/UR-MiR-mobile-manipulator/install/mir_restapi:/home/t_b/ros2_ws/src/UR-MiR-mobile-manipulator/install/mir_driver:/home/t_b/pp_ros2_ws/install/rosbot_gazebo:/home/t_b/pp_ros2_ws/install/rosbot_controller:/home/t_b/pp_ros2_ws/install/rosbot_utils:/home/t_b/swaraj/piper_ros/install/piper:/home/t_b/leader_follower/install/apf:/home/t_b/amogh_app/amogh_ws/install/pursuers:/home/t_b/stonefish_ros/install/codes:/home/t_b/stonefish_ros/install/software_stack:/opt/ros/humble /usr/bin/cmake /home/t_b/ros2_ws/src/UR-MiR-mobile-manipulator/mir_robot/mir_bringup -DCMAKE_INSTALL_PREFIX=/home/t_b/ros2_ws/src/UR-MiR-mobile-manipulator/install/mir_bringup
[0.611s] Invoking command in '/home/t_b/ros2_ws/src/UR-MiR-mobile-manipulator/build/mir_bringup': CMAKE_PREFIX_PATH=${CMAKE_PREFIX_PATH}:/home/t_b/ros2_ws/src/UR-MiR-mobile-manipulator/install/ros2_aruco:/home/t_b/ros2_ws/src/UR-MiR-mobile-manipulator/install/point_cloud_functions:/home/t_b/ros2_ws/src/UR-MiR-mobile-manipulator/install/mir_restapi:/home/t_b/ros2_ws/src/UR-MiR-mobile-manipulator/install/mir_driver:/home/t_b/pp_ros2_ws/install/rosbot_gazebo:/home/t_b/pp_ros2_ws/install/rosbot_controller:/home/t_b/pp_ros2_ws/install/rosbot_utils:/home/t_b/swaraj/piper_ros/install/piper:/home/t_b/leader_follower/install/apf:/home/t_b/amogh_app/amogh_ws/install/pursuers:/home/t_b/stonefish_ros/install/codes:/home/t_b/stonefish_ros/install/software_stack:/opt/ros/humble /usr/bin/cmake --build /home/t_b/ros2_ws/src/UR-MiR-mobile-manipulator/build/mir_bringup -- -j16 -l16
[0.641s] Invoked command in '/home/t_b/ros2_ws/src/UR-MiR-mobile-manipulator/build/mir_bringup' returned '0': CMAKE_PREFIX_PATH=${CMAKE_PREFIX_PATH}:/home/t_b/ros2_ws/src/UR-MiR-mobile-manipulator/install/ros2_aruco:/home/t_b/ros2_ws/src/UR-MiR-mobile-manipulator/install/point_cloud_functions:/home/t_b/ros2_ws/src/UR-MiR-mobile-manipulator/install/mir_restapi:/home/t_b/ros2_ws/src/UR-MiR-mobile-manipulator/install/mir_driver:/home/t_b/pp_ros2_ws/install/rosbot_gazebo:/home/t_b/pp_ros2_ws/install/rosbot_controller:/home/t_b/pp_ros2_ws/install/rosbot_utils:/home/t_b/swaraj/piper_ros/install/piper:/home/t_b/leader_follower/install/apf:/home/t_b/amogh_app/amogh_ws/install/pursuers:/home/t_b/stonefish_ros/install/codes:/home/t_b/stonefish_ros/install/software_stack:/opt/ros/humble /usr/bin/cmake --build /home/t_b/ros2_ws/src/UR-MiR-mobile-manipulator/build/mir_bringup -- -j16 -l16
[0.648s] Invoking command in '/home/t_b/ros2_ws/src/UR-MiR-mobile-manipulator/build/mir_bringup': CMAKE_PREFIX_PATH=${CMAKE_PREFIX_PATH}:/home/t_b/ros2_ws/src/UR-MiR-mobile-manipulator/install/ros2_aruco:/home/t_b/ros2_ws/src/UR-MiR-mobile-manipulator/install/point_cloud_functions:/home/t_b/ros2_ws/src/UR-MiR-mobile-manipulator/install/mir_restapi:/home/t_b/ros2_ws/src/UR-MiR-mobile-manipulator/install/mir_driver:/home/t_b/pp_ros2_ws/install/rosbot_gazebo:/home/t_b/pp_ros2_ws/install/rosbot_controller:/home/t_b/pp_ros2_ws/install/rosbot_utils:/home/t_b/swaraj/piper_ros/install/piper:/home/t_b/leader_follower/install/apf:/home/t_b/amogh_app/amogh_ws/install/pursuers:/home/t_b/stonefish_ros/install/codes:/home/t_b/stonefish_ros/install/software_stack:/opt/ros/humble /usr/bin/cmake --install /home/t_b/ros2_ws/src/UR-MiR-mobile-manipulator/build/mir_bringup
[0.652s] -- Install configuration: ""
[0.652s] -- Installing: /home/t_b/ros2_ws/src/UR-MiR-mobile-manipulator/install/mir_bringup/share/mir_bringup/launch
[0.652s] -- Installing: /home/t_b/ros2_ws/src/UR-MiR-mobile-manipulator/install/mir_bringup/share/mir_bringup/launch/load_ros2_controllers.launch.py
[0.653s] -- Installing: /home/t_b/ros2_ws/src/UR-MiR-mobile-manipulator/install/mir_bringup/share/ament_index/resource_index/package_run_dependencies/mir_bringup
[0.653s] -- Installing: /home/t_b/ros2_ws/src/UR-MiR-mobile-manipulator/install/mir_bringup/share/ament_index/resource_index/parent_prefix_path/mir_bringup
[0.653s] -- Installing: /home/t_b/ros2_ws/src/UR-MiR-mobile-manipulator/install/mir_bringup/share/mir_bringup/environment/ament_prefix_path.sh
[0.653s] -- Installing: /home/t_b/ros2_ws/src/UR-MiR-mobile-manipulator/install/mir_bringup/share/mir_bringup/environment/ament_prefix_path.dsv
[0.653s] -- Installing: /home/t_b/ros2_ws/src/UR-MiR-mobile-manipulator/install/mir_bringup/share/mir_bringup/environment/path.sh
[0.653s] -- Installing: /home/t_b/ros2_ws/src/UR-MiR-mobile-manipulator/install/mir_bringup/share/mir_bringup/environment/path.dsv
[0.653s] -- Installing: /home/t_b/ros2_ws/src/UR-MiR-mobile-manipulator/install/mir_bringup/share/mir_bringup/local_setup.bash
[0.653s] -- Installing: /home/t_b/ros2_ws/src/UR-MiR-mobile-manipulator/install/mir_bringup/share/mir_bringup/local_setup.sh
[0.653s] -- Installing: /home/t_b/ros2_ws/src/UR-MiR-mobile-manipulator/install/mir_bringup/share/mir_bringup/local_setup.zsh
[0.653s] -- Installing: /home/t_b/ros2_ws/src/UR-MiR-mobile-manipulator/install/mir_bringup/share/mir_bringup/local_setup.dsv
[0.653s] -- Installing: /home/t_b/ros2_ws/src/UR-MiR-mobile-manipulator/install/mir_bringup/share/mir_bringup/package.dsv
[0.653s] -- Installing: /home/t_b/ros2_ws/src/UR-MiR-mobile-manipulator/install/mir_bringup/share/ament_index/resource_index/packages/mir_bringup
[0.654s] -- Installing: /home/t_b/ros2_ws/src/UR-MiR-mobile-manipulator/install/mir_bringup/share/mir_bringup/cmake/mir_bringupConfig.cmake
[0.654s] -- Installing: /home/t_b/ros2_ws/src/UR-MiR-mobile-manipulator/install/mir_bringup/share/mir_bringup/cmake/mir_bringupConfig-version.cmake
[0.654s] -- Installing: /home/t_b/ros2_ws/src/UR-MiR-mobile-manipulator/install/mir_bringup/share/mir_bringup/package.xml
[0.656s] Invoked command in '/home/t_b/ros2_ws/src/UR-MiR-mobile-manipulator/build/mir_bringup' returned '0': CMAKE_PREFIX_PATH=${CMAKE_PREFIX_PATH}:/home/t_b/ros2_ws/src/UR-MiR-mobile-manipulator/install/ros2_aruco:/home/t_b/ros2_ws/src/UR-MiR-mobile-manipulator/install/point_cloud_functions:/home/t_b/ros2_ws/src/UR-MiR-mobile-manipulator/install/mir_restapi:/home/t_b/ros2_ws/src/UR-MiR-mobile-manipulator/install/mir_driver:/home/t_b/pp_ros2_ws/install/rosbot_gazebo:/home/t_b/pp_ros2_ws/install/rosbot_controller:/home/t_b/pp_ros2_ws/install/rosbot_utils:/home/t_b/swaraj/piper_ros/install/piper:/home/t_b/leader_follower/install/apf:/home/t_b/amogh_app/amogh_ws/install/pursuers:/home/t_b/stonefish_ros/install/codes:/home/t_b/stonefish_ros/install/software_stack:/opt/ros/humble /usr/bin/cmake --install /home/t_b/ros2_ws/src/UR-MiR-mobile-manipulator/build/mir_bringup
