[0.036s] Invoking command in '/home/t_b/ros2_ws/src/UR-MiR-mobile-manipulator/build/ros2_aruco_interfaces': CMAKE_PREFIX_PATH=${CMAKE_PREFIX_PATH}:/home/t_b/pp_ros2_ws/install/rosbot_gazebo:/home/t_b/pp_ros2_ws/install/rosbot_controller:/home/t_b/pp_ros2_ws/install/rosbot_utils:/home/t_b/swaraj/piper_ros/install/piper:/home/t_b/leader_follower/install/apf:/home/t_b/amogh_app/amogh_ws/install/pursuers:/home/t_b/stonefish_ros/install/codes:/home/t_b/stonefish_ros/install/software_stack:/opt/ros/humble /usr/bin/cmake /home/t_b/ros2_ws/src/UR-MiR-mobile-manipulator/ros2_aruco/ros2_aruco_interfaces -DCMAKE_INSTALL_PREFIX=/home/t_b/ros2_ws/src/UR-MiR-mobile-manipulator/install/ros2_aruco_interfaces
[0.424s] -- The C compiler identification is GNU 11.4.0
[0.424s] -- The CXX compiler identification is GNU 11.4.0
[0.424s] -- Detecting C compiler ABI info
[0.424s] -- Detecting C compiler ABI info - done
[0.424s] -- Check for working C compiler: /usr/bin/cc - skipped
[0.424s] -- Detecting C compile features
[0.424s] -- Detecting C compile features - done
[0.424s] -- Detecting CXX compiler ABI info
[0.425s] -- Detecting CXX compiler ABI info - done
[0.425s] -- Check for working CXX compiler: /usr/bin/c++ - skipped
[0.425s] -- Detecting CXX compile features
[0.425s] -- Detecting CXX compile features - done
[0.426s] -- Found ament_cmake: 1.3.14 (/opt/ros/humble/share/ament_cmake/cmake)
[0.426s] -- Found Python3: /usr/bin/python3 (found version "3.10.12") found components: Interpreter 
[0.427s] -- Found geometry_msgs: 4.9.1 (/opt/ros/humble/share/geometry_msgs/cmake)
[0.471s] -- Found rosidl_generator_c: 3.1.8 (/opt/ros/humble/share/rosidl_generator_c/cmake)
[0.477s] -- Found rosidl_adapter: 3.1.8 (/opt/ros/humble/share/rosidl_adapter/cmake)
[0.487s] -- Found rosidl_generator_cpp: 3.1.8 (/opt/ros/humble/share/rosidl_generator_cpp/cmake)
[0.503s] -- Using all available rosidl_typesupport_c: rosidl_typesupport_fastrtps_c;rosidl_typesupport_introspection_c
[0.523s] -- Using all available rosidl_typesupport_cpp: rosidl_typesupport_fastrtps_cpp;rosidl_typesupport_introspection_cpp
[0.558s] -- Found rosidl_default_generators: 1.2.1 (/opt/ros/humble/share/rosidl_default_generators/cmake)
[0.878s] -- Found ament_cmake_ros: 0.10.0 (/opt/ros/humble/share/ament_cmake_ros/cmake)
[1.236s] -- Using all available rosidl_typesupport_c: rosidl_typesupport_fastrtps_c;rosidl_typesupport_introspection_c
[1.358s] -- Using all available rosidl_typesupport_cpp: rosidl_typesupport_fastrtps_cpp;rosidl_typesupport_introspection_cpp
[1.378s] -- Found PythonInterp: /usr/bin/python3 (found suitable version "3.10.12", minimum required is "3.6") 
[1.381s] -- Found python_cmake_module: 0.10.0 (/opt/ros/humble/share/python_cmake_module/cmake)
[1.415s] -- Found PythonLibs: /usr/lib/x86_64-linux-gnu/libpython3.10.so (found suitable version "3.10.12", minimum required is "3.5") 
[1.415s] -- Using PYTHON_EXECUTABLE: /usr/bin/python3
[1.415s] -- Using PYTHON_INCLUDE_DIRS: /usr/include/python3.10
[1.415s] -- Using PYTHON_LIBRARIES: /usr/lib/x86_64-linux-gnu/libpython3.10.so
[1.443s] -- Found PythonExtra: .so  
[1.588s] -- Found ament_lint_auto: 0.12.15 (/opt/ros/humble/share/ament_lint_auto/cmake)
[1.619s] -- Added test 'copyright' to check source files copyright and LICENSE
[1.620s] -- Added test 'lint_cmake' to check CMake code style
[1.621s] -- Added test 'xmllint' to check XML markup files
[1.624s] -- Configuring done
[1.645s] -- Generating done
[1.653s] -- Build files have been written to: /home/t_b/ros2_ws/src/UR-MiR-mobile-manipulator/build/ros2_aruco_interfaces
[1.661s] Invoked command in '/home/t_b/ros2_ws/src/UR-MiR-mobile-manipulator/build/ros2_aruco_interfaces' returned '0': CMAKE_PREFIX_PATH=${CMAKE_PREFIX_PATH}:/home/t_b/pp_ros2_ws/install/rosbot_gazebo:/home/t_b/pp_ros2_ws/install/rosbot_controller:/home/t_b/pp_ros2_ws/install/rosbot_utils:/home/t_b/swaraj/piper_ros/install/piper:/home/t_b/leader_follower/install/apf:/home/t_b/amogh_app/amogh_ws/install/pursuers:/home/t_b/stonefish_ros/install/codes:/home/t_b/stonefish_ros/install/software_stack:/opt/ros/humble /usr/bin/cmake /home/t_b/ros2_ws/src/UR-MiR-mobile-manipulator/ros2_aruco/ros2_aruco_interfaces -DCMAKE_INSTALL_PREFIX=/home/t_b/ros2_ws/src/UR-MiR-mobile-manipulator/install/ros2_aruco_interfaces
[1.663s] Invoking command in '/home/t_b/ros2_ws/src/UR-MiR-mobile-manipulator/build/ros2_aruco_interfaces': CMAKE_PREFIX_PATH=${CMAKE_PREFIX_PATH}:/home/t_b/pp_ros2_ws/install/rosbot_gazebo:/home/t_b/pp_ros2_ws/install/rosbot_controller:/home/t_b/pp_ros2_ws/install/rosbot_utils:/home/t_b/swaraj/piper_ros/install/piper:/home/t_b/leader_follower/install/apf:/home/t_b/amogh_app/amogh_ws/install/pursuers:/home/t_b/stonefish_ros/install/codes:/home/t_b/stonefish_ros/install/software_stack:/opt/ros/humble /usr/bin/cmake --build /home/t_b/ros2_ws/src/UR-MiR-mobile-manipulator/build/ros2_aruco_interfaces -- -j16 -l16
[1.697s] [  3%] [34m[1mGenerating C code for ROS interfaces[0m
[1.701s] [  6%] [34m[1mGenerating Rust code for ROS interfaces[0m
[1.704s] [  6%] Built target ament_cmake_python_copy_ros2_aruco_interfaces
[1.704s] [  9%] [34m[1mGenerating C++ code for ROS interfaces[0m
[2.035s] [  9%] Built target ros2_aruco_interfaces__rs
[2.039s] running egg_info
[2.040s] creating ros2_aruco_interfaces.egg-info
[2.040s] writing ros2_aruco_interfaces.egg-info/PKG-INFO
[2.040s] writing dependency_links to ros2_aruco_interfaces.egg-info/dependency_links.txt
[2.040s] writing top-level names to ros2_aruco_interfaces.egg-info/top_level.txt
[2.040s] writing manifest file 'ros2_aruco_interfaces.egg-info/SOURCES.txt'
[2.042s] reading manifest file 'ros2_aruco_interfaces.egg-info/SOURCES.txt'
[2.043s] writing manifest file 'ros2_aruco_interfaces.egg-info/SOURCES.txt'
[2.048s] [ 12%] [32mBuilding C object CMakeFiles/ros2_aruco_interfaces__rosidl_generator_c.dir/rosidl_generator_c/ros2_aruco_interfaces/msg/detail/aruco_markers__functions.c.o[0m
[2.066s] [ 12%] Built target ros2_aruco_interfaces__cpp
[2.077s] [ 15%] [34m[1mGenerating C++ type support for eProsima Fast-RTPS[0m
[2.079s] [ 15%] Built target ament_cmake_python_build_ros2_aruco_interfaces_egg
[2.081s] [ 18%] [34m[1mGenerating C++ introspection for ROS interfaces[0m
[2.083s] [ 21%] [34m[1mGenerating C++ type support dispatch for ROS interfaces[0m
[2.152s] [ 25%] [32m[1mLinking C shared library libros2_aruco_interfaces__rosidl_generator_c.so[0m
[2.215s] [ 25%] Built target ros2_aruco_interfaces__rosidl_generator_c
[2.227s] [ 28%] [34m[1mGenerating C type support for eProsima Fast-RTPS[0m
[2.236s] [ 31%] [34m[1mGenerating C type support dispatch for ROS interfaces[0m
[2.265s] [ 34%] [34m[1mGenerating C introspection for ROS interfaces[0m
[2.571s] [ 37%] [32mBuilding CXX object CMakeFiles/ros2_aruco_interfaces__rosidl_typesupport_fastrtps_cpp.dir/rosidl_typesupport_fastrtps_cpp/ros2_aruco_interfaces/msg/detail/dds_fastrtps/aruco_markers__type_support.cpp.o[0m
[2.618s] [ 40%] [32mBuilding CXX object CMakeFiles/ros2_aruco_interfaces__rosidl_typesupport_cpp.dir/rosidl_typesupport_cpp/ros2_aruco_interfaces/msg/aruco_markers__type_support.cpp.o[0m
[2.625s] [ 43%] [32mBuilding CXX object CMakeFiles/ros2_aruco_interfaces__rosidl_typesupport_introspection_cpp.dir/rosidl_typesupport_introspection_cpp/ros2_aruco_interfaces/msg/detail/aruco_markers__type_support.cpp.o[0m
[2.905s] [ 46%] [32mBuilding CXX object CMakeFiles/ros2_aruco_interfaces__rosidl_typesupport_fastrtps_c.dir/rosidl_typesupport_fastrtps_c/ros2_aruco_interfaces/msg/detail/aruco_markers__type_support_c.cpp.o[0m
[3.290s] [ 50%] [32mBuilding C object CMakeFiles/ros2_aruco_interfaces__rosidl_typesupport_introspection_c.dir/rosidl_typesupport_introspection_c/ros2_aruco_interfaces/msg/detail/aruco_markers__type_support.c.o[0m
[3.311s] [ 53%] [32mBuilding CXX object CMakeFiles/ros2_aruco_interfaces__rosidl_typesupport_c.dir/rosidl_typesupport_c/ros2_aruco_interfaces/msg/aruco_markers__type_support.cpp.o[0m
[3.341s] [ 56%] [32m[1mLinking CXX shared library libros2_aruco_interfaces__rosidl_typesupport_fastrtps_c.so[0m
[3.345s] [ 59%] [32m[1mLinking CXX shared library libros2_aruco_interfaces__rosidl_typesupport_c.so[0m
[3.359s] [ 62%] [32m[1mLinking C shared library libros2_aruco_interfaces__rosidl_typesupport_introspection_c.so[0m
[3.392s] [ 65%] [32m[1mLinking CXX shared library libros2_aruco_interfaces__rosidl_typesupport_cpp.so[0m
[3.394s] [ 65%] Built target ros2_aruco_interfaces__rosidl_typesupport_c
[3.401s] [ 65%] Built target ros2_aruco_interfaces__rosidl_typesupport_introspection_c
[3.433s] [ 65%] Built target ros2_aruco_interfaces__rosidl_typesupport_cpp
[3.446s] [ 65%] Built target ros2_aruco_interfaces__rosidl_typesupport_fastrtps_c
[3.531s] [ 68%] [32m[1mLinking CXX shared library libros2_aruco_interfaces__rosidl_typesupport_introspection_cpp.so[0m
[3.611s] [ 68%] Built target ros2_aruco_interfaces__rosidl_typesupport_introspection_cpp
[3.661s] [ 71%] [32m[1mLinking CXX shared library libros2_aruco_interfaces__rosidl_typesupport_fastrtps_cpp.so[0m
[3.719s] [ 71%] Built target ros2_aruco_interfaces__rosidl_typesupport_fastrtps_cpp
[3.738s] [ 71%] Built target ros2_aruco_interfaces
[3.758s] [ 75%] [34m[1mGenerating Python code for ROS interfaces[0m
[4.081s] [ 75%] Built target ros2_aruco_interfaces__py
[4.099s] [ 78%] [32mBuilding C object CMakeFiles/ros2_aruco_interfaces__rosidl_generator_py.dir/rosidl_generator_py/ros2_aruco_interfaces/msg/_aruco_markers_s.c.o[0m
[4.170s] [ 81%] [32m[1mLinking C shared library rosidl_generator_py/ros2_aruco_interfaces/libros2_aruco_interfaces__rosidl_generator_py.so[0m
[4.202s] [ 81%] Built target ros2_aruco_interfaces__rosidl_generator_py
[4.221s] [ 84%] [32mBuilding C object CMakeFiles/ros2_aruco_interfaces__rosidl_typesupport_c__pyext.dir/rosidl_generator_py/ros2_aruco_interfaces/_ros2_aruco_interfaces_s.ep.rosidl_typesupport_c.c.o[0m
[4.222s] [ 87%] [32mBuilding C object CMakeFiles/ros2_aruco_interfaces__rosidl_typesupport_fastrtps_c__pyext.dir/rosidl_generator_py/ros2_aruco_interfaces/_ros2_aruco_interfaces_s.ep.rosidl_typesupport_fastrtps_c.c.o[0m
[4.225s] [ 90%] [32mBuilding C object CMakeFiles/ros2_aruco_interfaces__rosidl_typesupport_introspection_c__pyext.dir/rosidl_generator_py/ros2_aruco_interfaces/_ros2_aruco_interfaces_s.ep.rosidl_typesupport_introspection_c.c.o[0m
[4.283s] [ 93%] [32m[1mLinking C shared library rosidl_generator_py/ros2_aruco_interfaces/ros2_aruco_interfaces_s__rosidl_typesupport_fastrtps_c.cpython-310-x86_64-linux-gnu.so[0m
[4.283s] [ 96%] [32m[1mLinking C shared library rosidl_generator_py/ros2_aruco_interfaces/ros2_aruco_interfaces_s__rosidl_typesupport_c.cpython-310-x86_64-linux-gnu.so[0m
[4.313s] [ 96%] Built target ros2_aruco_interfaces__rosidl_typesupport_fastrtps_c__pyext
[4.314s] [ 96%] Built target ros2_aruco_interfaces__rosidl_typesupport_c__pyext
[4.317s] [100%] [32m[1mLinking C shared library rosidl_generator_py/ros2_aruco_interfaces/ros2_aruco_interfaces_s__rosidl_typesupport_introspection_c.cpython-310-x86_64-linux-gnu.so[0m
[4.346s] [100%] Built target ros2_aruco_interfaces__rosidl_typesupport_introspection_c__pyext
[4.357s] Invoked command in '/home/t_b/ros2_ws/src/UR-MiR-mobile-manipulator/build/ros2_aruco_interfaces' returned '0': CMAKE_PREFIX_PATH=${CMAKE_PREFIX_PATH}:/home/t_b/pp_ros2_ws/install/rosbot_gazebo:/home/t_b/pp_ros2_ws/install/rosbot_controller:/home/t_b/pp_ros2_ws/install/rosbot_utils:/home/t_b/swaraj/piper_ros/install/piper:/home/t_b/leader_follower/install/apf:/home/t_b/amogh_app/amogh_ws/install/pursuers:/home/t_b/stonefish_ros/install/codes:/home/t_b/stonefish_ros/install/software_stack:/opt/ros/humble /usr/bin/cmake --build /home/t_b/ros2_ws/src/UR-MiR-mobile-manipulator/build/ros2_aruco_interfaces -- -j16 -l16
[4.358s] Invoking command in '/home/t_b/ros2_ws/src/UR-MiR-mobile-manipulator/build/ros2_aruco_interfaces': CMAKE_PREFIX_PATH=${CMAKE_PREFIX_PATH}:/home/t_b/pp_ros2_ws/install/rosbot_gazebo:/home/t_b/pp_ros2_ws/install/rosbot_controller:/home/t_b/pp_ros2_ws/install/rosbot_utils:/home/t_b/swaraj/piper_ros/install/piper:/home/t_b/leader_follower/install/apf:/home/t_b/amogh_app/amogh_ws/install/pursuers:/home/t_b/stonefish_ros/install/codes:/home/t_b/stonefish_ros/install/software_stack:/opt/ros/humble /usr/bin/cmake --install /home/t_b/ros2_ws/src/UR-MiR-mobile-manipulator/build/ros2_aruco_interfaces
[4.366s] -- Install configuration: ""
[4.367s] -- Installing: /home/t_b/ros2_ws/src/UR-MiR-mobile-manipulator/install/ros2_aruco_interfaces/share/ament_index/resource_index/rosidl_interfaces/ros2_aruco_interfaces
[4.367s] -- Installing: /home/t_b/ros2_ws/src/UR-MiR-mobile-manipulator/install/ros2_aruco_interfaces/include/ros2_aruco_interfaces/ros2_aruco_interfaces
[4.367s] -- Installing: /home/t_b/ros2_ws/src/UR-MiR-mobile-manipulator/install/ros2_aruco_interfaces/include/ros2_aruco_interfaces/ros2_aruco_interfaces/msg
[4.367s] -- Installing: /home/t_b/ros2_ws/src/UR-MiR-mobile-manipulator/install/ros2_aruco_interfaces/include/ros2_aruco_interfaces/ros2_aruco_interfaces/msg/aruco_markers.h
[4.367s] -- Installing: /home/t_b/ros2_ws/src/UR-MiR-mobile-manipulator/install/ros2_aruco_interfaces/include/ros2_aruco_interfaces/ros2_aruco_interfaces/msg/rosidl_generator_c__visibility_control.h
[4.367s] -- Installing: /home/t_b/ros2_ws/src/UR-MiR-mobile-manipulator/install/ros2_aruco_interfaces/include/ros2_aruco_interfaces/ros2_aruco_interfaces/msg/detail
[4.367s] -- Installing: /home/t_b/ros2_ws/src/UR-MiR-mobile-manipulator/install/ros2_aruco_interfaces/include/ros2_aruco_interfaces/ros2_aruco_interfaces/msg/detail/aruco_markers__functions.h
[4.367s] -- Installing: /home/t_b/ros2_ws/src/UR-MiR-mobile-manipulator/install/ros2_aruco_interfaces/include/ros2_aruco_interfaces/ros2_aruco_interfaces/msg/detail/aruco_markers__struct.h
[4.367s] -- Installing: /home/t_b/ros2_ws/src/UR-MiR-mobile-manipulator/install/ros2_aruco_interfaces/include/ros2_aruco_interfaces/ros2_aruco_interfaces/msg/detail/aruco_markers__type_support.h
[4.367s] -- Installing: /home/t_b/ros2_ws/src/UR-MiR-mobile-manipulator/install/ros2_aruco_interfaces/include/ros2_aruco_interfaces/ros2_aruco_interfaces/msg/detail/aruco_markers__functions.c
[4.368s] -- Installing: /home/t_b/ros2_ws/src/UR-MiR-mobile-manipulator/install/ros2_aruco_interfaces/share/ros2_aruco_interfaces/environment/library_path.sh
[4.368s] -- Installing: /home/t_b/ros2_ws/src/UR-MiR-mobile-manipulator/install/ros2_aruco_interfaces/share/ros2_aruco_interfaces/environment/library_path.dsv
[4.368s] -- Installing: /home/t_b/ros2_ws/src/UR-MiR-mobile-manipulator/install/ros2_aruco_interfaces/lib/libros2_aruco_interfaces__rosidl_generator_c.so
[4.368s] -- Set runtime path of "/home/t_b/ros2_ws/src/UR-MiR-mobile-manipulator/install/ros2_aruco_interfaces/lib/libros2_aruco_interfaces__rosidl_generator_c.so" to ""
[4.368s] -- Up-to-date: /home/t_b/ros2_ws/src/UR-MiR-mobile-manipulator/install/ros2_aruco_interfaces/include/ros2_aruco_interfaces/ros2_aruco_interfaces
[4.368s] -- Up-to-date: /home/t_b/ros2_ws/src/UR-MiR-mobile-manipulator/install/ros2_aruco_interfaces/include/ros2_aruco_interfaces/ros2_aruco_interfaces/msg
[4.368s] -- Installing: /home/t_b/ros2_ws/src/UR-MiR-mobile-manipulator/install/ros2_aruco_interfaces/include/ros2_aruco_interfaces/ros2_aruco_interfaces/msg/rosidl_typesupport_fastrtps_c__visibility_control.h
[4.369s] -- Up-to-date: /home/t_b/ros2_ws/src/UR-MiR-mobile-manipulator/install/ros2_aruco_interfaces/include/ros2_aruco_interfaces/ros2_aruco_interfaces/msg/detail
[4.369s] -- Installing: /home/t_b/ros2_ws/src/UR-MiR-mobile-manipulator/install/ros2_aruco_interfaces/include/ros2_aruco_interfaces/ros2_aruco_interfaces/msg/detail/aruco_markers__rosidl_typesupport_fastrtps_c.h
[4.369s] -- Installing: /home/t_b/ros2_ws/src/UR-MiR-mobile-manipulator/install/ros2_aruco_interfaces/lib/libros2_aruco_interfaces__rosidl_typesupport_fastrtps_c.so
[4.369s] -- Set runtime path of "/home/t_b/ros2_ws/src/UR-MiR-mobile-manipulator/install/ros2_aruco_interfaces/lib/libros2_aruco_interfaces__rosidl_typesupport_fastrtps_c.so" to ""
[4.369s] -- Up-to-date: /home/t_b/ros2_ws/src/UR-MiR-mobile-manipulator/install/ros2_aruco_interfaces/include/ros2_aruco_interfaces/ros2_aruco_interfaces
[4.369s] -- Up-to-date: /home/t_b/ros2_ws/src/UR-MiR-mobile-manipulator/install/ros2_aruco_interfaces/include/ros2_aruco_interfaces/ros2_aruco_interfaces/msg
[4.369s] -- Installing: /home/t_b/ros2_ws/src/UR-MiR-mobile-manipulator/install/ros2_aruco_interfaces/include/ros2_aruco_interfaces/ros2_aruco_interfaces/msg/aruco_markers.hpp
[4.369s] -- Installing: /home/t_b/ros2_ws/src/UR-MiR-mobile-manipulator/install/ros2_aruco_interfaces/include/ros2_aruco_interfaces/ros2_aruco_interfaces/msg/rosidl_generator_cpp__visibility_control.hpp
[4.369s] -- Up-to-date: /home/t_b/ros2_ws/src/UR-MiR-mobile-manipulator/install/ros2_aruco_interfaces/include/ros2_aruco_interfaces/ros2_aruco_interfaces/msg/detail
[4.369s] -- Installing: /home/t_b/ros2_ws/src/UR-MiR-mobile-manipulator/install/ros2_aruco_interfaces/include/ros2_aruco_interfaces/ros2_aruco_interfaces/msg/detail/aruco_markers__builder.hpp
[4.369s] -- Installing: /home/t_b/ros2_ws/src/UR-MiR-mobile-manipulator/install/ros2_aruco_interfaces/include/ros2_aruco_interfaces/ros2_aruco_interfaces/msg/detail/aruco_markers__type_support.hpp
[4.370s] -- Installing: /home/t_b/ros2_ws/src/UR-MiR-mobile-manipulator/install/ros2_aruco_interfaces/include/ros2_aruco_interfaces/ros2_aruco_interfaces/msg/detail/aruco_markers__traits.hpp
[4.370s] -- Installing: /home/t_b/ros2_ws/src/UR-MiR-mobile-manipulator/install/ros2_aruco_interfaces/include/ros2_aruco_interfaces/ros2_aruco_interfaces/msg/detail/aruco_markers__struct.hpp
[4.370s] -- Up-to-date: /home/t_b/ros2_ws/src/UR-MiR-mobile-manipulator/install/ros2_aruco_interfaces/include/ros2_aruco_interfaces/ros2_aruco_interfaces
[4.370s] -- Up-to-date: /home/t_b/ros2_ws/src/UR-MiR-mobile-manipulator/install/ros2_aruco_interfaces/include/ros2_aruco_interfaces/ros2_aruco_interfaces/msg
[4.370s] -- Installing: /home/t_b/ros2_ws/src/UR-MiR-mobile-manipulator/install/ros2_aruco_interfaces/include/ros2_aruco_interfaces/ros2_aruco_interfaces/msg/rosidl_typesupport_fastrtps_cpp__visibility_control.h
[4.370s] -- Up-to-date: /home/t_b/ros2_ws/src/UR-MiR-mobile-manipulator/install/ros2_aruco_interfaces/include/ros2_aruco_interfaces/ros2_aruco_interfaces/msg/detail
[4.370s] -- Installing: /home/t_b/ros2_ws/src/UR-MiR-mobile-manipulator/install/ros2_aruco_interfaces/include/ros2_aruco_interfaces/ros2_aruco_interfaces/msg/detail/aruco_markers__rosidl_typesupport_fastrtps_cpp.hpp
[4.370s] -- Installing: /home/t_b/ros2_ws/src/UR-MiR-mobile-manipulator/install/ros2_aruco_interfaces/include/ros2_aruco_interfaces/ros2_aruco_interfaces/msg/detail/dds_fastrtps
[4.370s] -- Installing: /home/t_b/ros2_ws/src/UR-MiR-mobile-manipulator/install/ros2_aruco_interfaces/lib/libros2_aruco_interfaces__rosidl_typesupport_fastrtps_cpp.so
[4.370s] -- Set runtime path of "/home/t_b/ros2_ws/src/UR-MiR-mobile-manipulator/install/ros2_aruco_interfaces/lib/libros2_aruco_interfaces__rosidl_typesupport_fastrtps_cpp.so" to ""
[4.370s] -- Up-to-date: /home/t_b/ros2_ws/src/UR-MiR-mobile-manipulator/install/ros2_aruco_interfaces/include/ros2_aruco_interfaces/ros2_aruco_interfaces
[4.371s] -- Up-to-date: /home/t_b/ros2_ws/src/UR-MiR-mobile-manipulator/install/ros2_aruco_interfaces/include/ros2_aruco_interfaces/ros2_aruco_interfaces/msg
[4.371s] -- Installing: /home/t_b/ros2_ws/src/UR-MiR-mobile-manipulator/install/ros2_aruco_interfaces/include/ros2_aruco_interfaces/ros2_aruco_interfaces/msg/rosidl_typesupport_introspection_c__visibility_control.h
[4.371s] -- Up-to-date: /home/t_b/ros2_ws/src/UR-MiR-mobile-manipulator/install/ros2_aruco_interfaces/include/ros2_aruco_interfaces/ros2_aruco_interfaces/msg/detail
[4.371s] -- Installing: /home/t_b/ros2_ws/src/UR-MiR-mobile-manipulator/install/ros2_aruco_interfaces/include/ros2_aruco_interfaces/ros2_aruco_interfaces/msg/detail/aruco_markers__type_support.c
[4.371s] -- Installing: /home/t_b/ros2_ws/src/UR-MiR-mobile-manipulator/install/ros2_aruco_interfaces/include/ros2_aruco_interfaces/ros2_aruco_interfaces/msg/detail/aruco_markers__rosidl_typesupport_introspection_c.h
[4.371s] -- Installing: /home/t_b/ros2_ws/src/UR-MiR-mobile-manipulator/install/ros2_aruco_interfaces/lib/libros2_aruco_interfaces__rosidl_typesupport_introspection_c.so
[4.371s] -- Set runtime path of "/home/t_b/ros2_ws/src/UR-MiR-mobile-manipulator/install/ros2_aruco_interfaces/lib/libros2_aruco_interfaces__rosidl_typesupport_introspection_c.so" to ""
[4.371s] -- Installing: /home/t_b/ros2_ws/src/UR-MiR-mobile-manipulator/install/ros2_aruco_interfaces/lib/libros2_aruco_interfaces__rosidl_typesupport_c.so
[4.371s] -- Set runtime path of "/home/t_b/ros2_ws/src/UR-MiR-mobile-manipulator/install/ros2_aruco_interfaces/lib/libros2_aruco_interfaces__rosidl_typesupport_c.so" to ""
[4.372s] -- Up-to-date: /home/t_b/ros2_ws/src/UR-MiR-mobile-manipulator/install/ros2_aruco_interfaces/include/ros2_aruco_interfaces/ros2_aruco_interfaces
[4.372s] -- Up-to-date: /home/t_b/ros2_ws/src/UR-MiR-mobile-manipulator/install/ros2_aruco_interfaces/include/ros2_aruco_interfaces/ros2_aruco_interfaces/msg
[4.372s] -- Up-to-date: /home/t_b/ros2_ws/src/UR-MiR-mobile-manipulator/install/ros2_aruco_interfaces/include/ros2_aruco_interfaces/ros2_aruco_interfaces/msg/detail
[4.372s] -- Installing: /home/t_b/ros2_ws/src/UR-MiR-mobile-manipulator/install/ros2_aruco_interfaces/include/ros2_aruco_interfaces/ros2_aruco_interfaces/msg/detail/aruco_markers__rosidl_typesupport_introspection_cpp.hpp
[4.372s] -- Installing: /home/t_b/ros2_ws/src/UR-MiR-mobile-manipulator/install/ros2_aruco_interfaces/include/ros2_aruco_interfaces/ros2_aruco_interfaces/msg/detail/aruco_markers__type_support.cpp
[4.372s] -- Installing: /home/t_b/ros2_ws/src/UR-MiR-mobile-manipulator/install/ros2_aruco_interfaces/lib/libros2_aruco_interfaces__rosidl_typesupport_introspection_cpp.so
[4.372s] -- Set runtime path of "/home/t_b/ros2_ws/src/UR-MiR-mobile-manipulator/install/ros2_aruco_interfaces/lib/libros2_aruco_interfaces__rosidl_typesupport_introspection_cpp.so" to ""
[4.372s] -- Installing: /home/t_b/ros2_ws/src/UR-MiR-mobile-manipulator/install/ros2_aruco_interfaces/lib/libros2_aruco_interfaces__rosidl_typesupport_cpp.so
[4.373s] -- Set runtime path of "/home/t_b/ros2_ws/src/UR-MiR-mobile-manipulator/install/ros2_aruco_interfaces/lib/libros2_aruco_interfaces__rosidl_typesupport_cpp.so" to ""
[4.373s] -- Installing: /home/t_b/ros2_ws/src/UR-MiR-mobile-manipulator/install/ros2_aruco_interfaces/share/ros2_aruco_interfaces/environment/pythonpath.sh
[4.373s] -- Installing: /home/t_b/ros2_ws/src/UR-MiR-mobile-manipulator/install/ros2_aruco_interfaces/share/ros2_aruco_interfaces/environment/pythonpath.dsv
[4.373s] -- Installing: /home/t_b/ros2_ws/src/UR-MiR-mobile-manipulator/install/ros2_aruco_interfaces/local/lib/python3.10/dist-packages/ros2_aruco_interfaces-0.1.0-py3.10.egg-info
[4.373s] -- Installing: /home/t_b/ros2_ws/src/UR-MiR-mobile-manipulator/install/ros2_aruco_interfaces/local/lib/python3.10/dist-packages/ros2_aruco_interfaces-0.1.0-py3.10.egg-info/SOURCES.txt
[4.373s] -- Installing: /home/t_b/ros2_ws/src/UR-MiR-mobile-manipulator/install/ros2_aruco_interfaces/local/lib/python3.10/dist-packages/ros2_aruco_interfaces-0.1.0-py3.10.egg-info/dependency_links.txt
[4.373s] -- Installing: /home/t_b/ros2_ws/src/UR-MiR-mobile-manipulator/install/ros2_aruco_interfaces/local/lib/python3.10/dist-packages/ros2_aruco_interfaces-0.1.0-py3.10.egg-info/PKG-INFO
[4.373s] -- Installing: /home/t_b/ros2_ws/src/UR-MiR-mobile-manipulator/install/ros2_aruco_interfaces/local/lib/python3.10/dist-packages/ros2_aruco_interfaces-0.1.0-py3.10.egg-info/top_level.txt
[4.373s] -- Installing: /home/t_b/ros2_ws/src/UR-MiR-mobile-manipulator/install/ros2_aruco_interfaces/local/lib/python3.10/dist-packages/ros2_aruco_interfaces
[4.373s] -- Installing: /home/t_b/ros2_ws/src/UR-MiR-mobile-manipulator/install/ros2_aruco_interfaces/local/lib/python3.10/dist-packages/ros2_aruco_interfaces/ros2_aruco_interfaces_s__rosidl_typesupport_c.cpython-310-x86_64-linux-gnu.so
[4.374s] -- Installing: /home/t_b/ros2_ws/src/UR-MiR-mobile-manipulator/install/ros2_aruco_interfaces/local/lib/python3.10/dist-packages/ros2_aruco_interfaces/msg
[4.374s] -- Installing: /home/t_b/ros2_ws/src/UR-MiR-mobile-manipulator/install/ros2_aruco_interfaces/local/lib/python3.10/dist-packages/ros2_aruco_interfaces/msg/__init__.py
[4.374s] -- Installing: /home/t_b/ros2_ws/src/UR-MiR-mobile-manipulator/install/ros2_aruco_interfaces/local/lib/python3.10/dist-packages/ros2_aruco_interfaces/msg/_aruco_markers_s.c
[4.374s] -- Installing: /home/t_b/ros2_ws/src/UR-MiR-mobile-manipulator/install/ros2_aruco_interfaces/local/lib/python3.10/dist-packages/ros2_aruco_interfaces/msg/_aruco_markers.py
[4.374s] -- Installing: /home/t_b/ros2_ws/src/UR-MiR-mobile-manipulator/install/ros2_aruco_interfaces/local/lib/python3.10/dist-packages/ros2_aruco_interfaces/ros2_aruco_interfaces_s__rosidl_typesupport_introspection_c.cpython-310-x86_64-linux-gnu.so
[4.374s] -- Installing: /home/t_b/ros2_ws/src/UR-MiR-mobile-manipulator/install/ros2_aruco_interfaces/local/lib/python3.10/dist-packages/ros2_aruco_interfaces/ros2_aruco_interfaces_s__rosidl_typesupport_fastrtps_c.cpython-310-x86_64-linux-gnu.so
[4.374s] -- Installing: /home/t_b/ros2_ws/src/UR-MiR-mobile-manipulator/install/ros2_aruco_interfaces/local/lib/python3.10/dist-packages/ros2_aruco_interfaces/libros2_aruco_interfaces__rosidl_generator_py.so
[4.374s] -- Installing: /home/t_b/ros2_ws/src/UR-MiR-mobile-manipulator/install/ros2_aruco_interfaces/local/lib/python3.10/dist-packages/ros2_aruco_interfaces/_ros2_aruco_interfaces_s.ep.rosidl_typesupport_c.c
[4.374s] -- Installing: /home/t_b/ros2_ws/src/UR-MiR-mobile-manipulator/install/ros2_aruco_interfaces/local/lib/python3.10/dist-packages/ros2_aruco_interfaces/__init__.py
[4.374s] -- Installing: /home/t_b/ros2_ws/src/UR-MiR-mobile-manipulator/install/ros2_aruco_interfaces/local/lib/python3.10/dist-packages/ros2_aruco_interfaces/_ros2_aruco_interfaces_s.ep.rosidl_typesupport_introspection_c.c
[4.374s] -- Installing: /home/t_b/ros2_ws/src/UR-MiR-mobile-manipulator/install/ros2_aruco_interfaces/local/lib/python3.10/dist-packages/ros2_aruco_interfaces/_ros2_aruco_interfaces_s.ep.rosidl_typesupport_fastrtps_c.c
[4.419s] Listing '/home/t_b/ros2_ws/src/UR-MiR-mobile-manipulator/install/ros2_aruco_interfaces/local/lib/python3.10/dist-packages/ros2_aruco_interfaces'...
[4.419s] Compiling '/home/t_b/ros2_ws/src/UR-MiR-mobile-manipulator/install/ros2_aruco_interfaces/local/lib/python3.10/dist-packages/ros2_aruco_interfaces/__init__.py'...
[4.420s] Listing '/home/t_b/ros2_ws/src/UR-MiR-mobile-manipulator/install/ros2_aruco_interfaces/local/lib/python3.10/dist-packages/ros2_aruco_interfaces/msg'...
[4.420s] Compiling '/home/t_b/ros2_ws/src/UR-MiR-mobile-manipulator/install/ros2_aruco_interfaces/local/lib/python3.10/dist-packages/ros2_aruco_interfaces/msg/__init__.py'...
[4.420s] Compiling '/home/t_b/ros2_ws/src/UR-MiR-mobile-manipulator/install/ros2_aruco_interfaces/local/lib/python3.10/dist-packages/ros2_aruco_interfaces/msg/_aruco_markers.py'...
[4.425s] -- Installing: /home/t_b/ros2_ws/src/UR-MiR-mobile-manipulator/install/ros2_aruco_interfaces/local/lib/python3.10/dist-packages/ros2_aruco_interfaces/ros2_aruco_interfaces_s__rosidl_typesupport_fastrtps_c.cpython-310-x86_64-linux-gnu.so
[4.425s] -- Set runtime path of "/home/t_b/ros2_ws/src/UR-MiR-mobile-manipulator/install/ros2_aruco_interfaces/local/lib/python3.10/dist-packages/ros2_aruco_interfaces/ros2_aruco_interfaces_s__rosidl_typesupport_fastrtps_c.cpython-310-x86_64-linux-gnu.so" to ""
[4.425s] -- Installing: /home/t_b/ros2_ws/src/UR-MiR-mobile-manipulator/install/ros2_aruco_interfaces/local/lib/python3.10/dist-packages/ros2_aruco_interfaces/ros2_aruco_interfaces_s__rosidl_typesupport_introspection_c.cpython-310-x86_64-linux-gnu.so
[4.425s] -- Set runtime path of "/home/t_b/ros2_ws/src/UR-MiR-mobile-manipulator/install/ros2_aruco_interfaces/local/lib/python3.10/dist-packages/ros2_aruco_interfaces/ros2_aruco_interfaces_s__rosidl_typesupport_introspection_c.cpython-310-x86_64-linux-gnu.so" to ""
[4.426s] -- Installing: /home/t_b/ros2_ws/src/UR-MiR-mobile-manipulator/install/ros2_aruco_interfaces/local/lib/python3.10/dist-packages/ros2_aruco_interfaces/ros2_aruco_interfaces_s__rosidl_typesupport_c.cpython-310-x86_64-linux-gnu.so
[4.426s] -- Set runtime path of "/home/t_b/ros2_ws/src/UR-MiR-mobile-manipulator/install/ros2_aruco_interfaces/local/lib/python3.10/dist-packages/ros2_aruco_interfaces/ros2_aruco_interfaces_s__rosidl_typesupport_c.cpython-310-x86_64-linux-gnu.so" to ""
[4.426s] -- Installing: /home/t_b/ros2_ws/src/UR-MiR-mobile-manipulator/install/ros2_aruco_interfaces/lib/libros2_aruco_interfaces__rosidl_generator_py.so
[4.426s] -- Set runtime path of "/home/t_b/ros2_ws/src/UR-MiR-mobile-manipulator/install/ros2_aruco_interfaces/lib/libros2_aruco_interfaces__rosidl_generator_py.so" to ""
[4.426s] -- Installing: /home/t_b/ros2_ws/src/UR-MiR-mobile-manipulator/install/ros2_aruco_interfaces/share/ament_index/resource_index/rust_packages/ros2_aruco_interfaces
[4.426s] -- Installing: /home/t_b/ros2_ws/src/UR-MiR-mobile-manipulator/install/ros2_aruco_interfaces/share/ros2_aruco_interfaces/rust
[4.427s] -- Installing: /home/t_b/ros2_ws/src/UR-MiR-mobile-manipulator/install/ros2_aruco_interfaces/share/ros2_aruco_interfaces/rust/build.rs
[4.427s] -- Installing: /home/t_b/ros2_ws/src/UR-MiR-mobile-manipulator/install/ros2_aruco_interfaces/share/ros2_aruco_interfaces/rust/Cargo.toml
[4.427s] -- Installing: /home/t_b/ros2_ws/src/UR-MiR-mobile-manipulator/install/ros2_aruco_interfaces/share/ros2_aruco_interfaces/rust/src
[4.427s] -- Installing: /home/t_b/ros2_ws/src/UR-MiR-mobile-manipulator/install/ros2_aruco_interfaces/share/ros2_aruco_interfaces/rust/src/msg
[4.427s] -- Installing: /home/t_b/ros2_ws/src/UR-MiR-mobile-manipulator/install/ros2_aruco_interfaces/share/ros2_aruco_interfaces/rust/src/msg/rmw.rs
[4.427s] -- Installing: /home/t_b/ros2_ws/src/UR-MiR-mobile-manipulator/install/ros2_aruco_interfaces/share/ros2_aruco_interfaces/rust/src/lib.rs
[4.427s] -- Installing: /home/t_b/ros2_ws/src/UR-MiR-mobile-manipulator/install/ros2_aruco_interfaces/share/ros2_aruco_interfaces/rust/src/msg.rs
[4.427s] -- Installing: /home/t_b/ros2_ws/src/UR-MiR-mobile-manipulator/install/ros2_aruco_interfaces/share/ros2_aruco_interfaces/msg/ArucoMarkers.idl
[4.427s] -- Installing: /home/t_b/ros2_ws/src/UR-MiR-mobile-manipulator/install/ros2_aruco_interfaces/share/ros2_aruco_interfaces/msg/ArucoMarkers.msg
[4.427s] -- Installing: /home/t_b/ros2_ws/src/UR-MiR-mobile-manipulator/install/ros2_aruco_interfaces/share/ament_index/resource_index/package_run_dependencies/ros2_aruco_interfaces
[4.428s] -- Installing: /home/t_b/ros2_ws/src/UR-MiR-mobile-manipulator/install/ros2_aruco_interfaces/share/ament_index/resource_index/parent_prefix_path/ros2_aruco_interfaces
[4.428s] -- Installing: /home/t_b/ros2_ws/src/UR-MiR-mobile-manipulator/install/ros2_aruco_interfaces/share/ros2_aruco_interfaces/environment/ament_prefix_path.sh
[4.428s] -- Installing: /home/t_b/ros2_ws/src/UR-MiR-mobile-manipulator/install/ros2_aruco_interfaces/share/ros2_aruco_interfaces/environment/ament_prefix_path.dsv
[4.428s] -- Installing: /home/t_b/ros2_ws/src/UR-MiR-mobile-manipulator/install/ros2_aruco_interfaces/share/ros2_aruco_interfaces/environment/path.sh
[4.428s] -- Installing: /home/t_b/ros2_ws/src/UR-MiR-mobile-manipulator/install/ros2_aruco_interfaces/share/ros2_aruco_interfaces/environment/path.dsv
[4.428s] -- Installing: /home/t_b/ros2_ws/src/UR-MiR-mobile-manipulator/install/ros2_aruco_interfaces/share/ros2_aruco_interfaces/local_setup.bash
[4.428s] -- Installing: /home/t_b/ros2_ws/src/UR-MiR-mobile-manipulator/install/ros2_aruco_interfaces/share/ros2_aruco_interfaces/local_setup.sh
[4.428s] -- Installing: /home/t_b/ros2_ws/src/UR-MiR-mobile-manipulator/install/ros2_aruco_interfaces/share/ros2_aruco_interfaces/local_setup.zsh
[4.428s] -- Installing: /home/t_b/ros2_ws/src/UR-MiR-mobile-manipulator/install/ros2_aruco_interfaces/share/ros2_aruco_interfaces/local_setup.dsv
[4.429s] -- Installing: /home/t_b/ros2_ws/src/UR-MiR-mobile-manipulator/install/ros2_aruco_interfaces/share/ros2_aruco_interfaces/package.dsv
[4.429s] -- Installing: /home/t_b/ros2_ws/src/UR-MiR-mobile-manipulator/install/ros2_aruco_interfaces/share/ament_index/resource_index/packages/ros2_aruco_interfaces
[4.429s] -- Installing: /home/t_b/ros2_ws/src/UR-MiR-mobile-manipulator/install/ros2_aruco_interfaces/share/ros2_aruco_interfaces/cmake/export_ros2_aruco_interfaces__rosidl_generator_cExport.cmake
[4.429s] -- Installing: /home/t_b/ros2_ws/src/UR-MiR-mobile-manipulator/install/ros2_aruco_interfaces/share/ros2_aruco_interfaces/cmake/export_ros2_aruco_interfaces__rosidl_generator_cExport-noconfig.cmake
[4.429s] -- Installing: /home/t_b/ros2_ws/src/UR-MiR-mobile-manipulator/install/ros2_aruco_interfaces/share/ros2_aruco_interfaces/cmake/export_ros2_aruco_interfaces__rosidl_typesupport_fastrtps_cExport.cmake
[4.429s] -- Installing: /home/t_b/ros2_ws/src/UR-MiR-mobile-manipulator/install/ros2_aruco_interfaces/share/ros2_aruco_interfaces/cmake/export_ros2_aruco_interfaces__rosidl_typesupport_fastrtps_cExport-noconfig.cmake
[4.429s] -- Installing: /home/t_b/ros2_ws/src/UR-MiR-mobile-manipulator/install/ros2_aruco_interfaces/share/ros2_aruco_interfaces/cmake/export_ros2_aruco_interfaces__rosidl_generator_cppExport.cmake
[4.429s] -- Installing: /home/t_b/ros2_ws/src/UR-MiR-mobile-manipulator/install/ros2_aruco_interfaces/share/ros2_aruco_interfaces/cmake/export_ros2_aruco_interfaces__rosidl_typesupport_fastrtps_cppExport.cmake
[4.430s] -- Installing: /home/t_b/ros2_ws/src/UR-MiR-mobile-manipulator/install/ros2_aruco_interfaces/share/ros2_aruco_interfaces/cmake/export_ros2_aruco_interfaces__rosidl_typesupport_fastrtps_cppExport-noconfig.cmake
[4.430s] -- Installing: /home/t_b/ros2_ws/src/UR-MiR-mobile-manipulator/install/ros2_aruco_interfaces/share/ros2_aruco_interfaces/cmake/ros2_aruco_interfaces__rosidl_typesupport_introspection_cExport.cmake
[4.430s] -- Installing: /home/t_b/ros2_ws/src/UR-MiR-mobile-manipulator/install/ros2_aruco_interfaces/share/ros2_aruco_interfaces/cmake/ros2_aruco_interfaces__rosidl_typesupport_introspection_cExport-noconfig.cmake
[4.430s] -- Installing: /home/t_b/ros2_ws/src/UR-MiR-mobile-manipulator/install/ros2_aruco_interfaces/share/ros2_aruco_interfaces/cmake/ros2_aruco_interfaces__rosidl_typesupport_cExport.cmake
[4.430s] -- Installing: /home/t_b/ros2_ws/src/UR-MiR-mobile-manipulator/install/ros2_aruco_interfaces/share/ros2_aruco_interfaces/cmake/ros2_aruco_interfaces__rosidl_typesupport_cExport-noconfig.cmake
[4.430s] -- Installing: /home/t_b/ros2_ws/src/UR-MiR-mobile-manipulator/install/ros2_aruco_interfaces/share/ros2_aruco_interfaces/cmake/ros2_aruco_interfaces__rosidl_typesupport_introspection_cppExport.cmake
[4.430s] -- Installing: /home/t_b/ros2_ws/src/UR-MiR-mobile-manipulator/install/ros2_aruco_interfaces/share/ros2_aruco_interfaces/cmake/ros2_aruco_interfaces__rosidl_typesupport_introspection_cppExport-noconfig.cmake
[4.430s] -- Installing: /home/t_b/ros2_ws/src/UR-MiR-mobile-manipulator/install/ros2_aruco_interfaces/share/ros2_aruco_interfaces/cmake/ros2_aruco_interfaces__rosidl_typesupport_cppExport.cmake
[4.431s] -- Installing: /home/t_b/ros2_ws/src/UR-MiR-mobile-manipulator/install/ros2_aruco_interfaces/share/ros2_aruco_interfaces/cmake/ros2_aruco_interfaces__rosidl_typesupport_cppExport-noconfig.cmake
[4.431s] -- Installing: /home/t_b/ros2_ws/src/UR-MiR-mobile-manipulator/install/ros2_aruco_interfaces/share/ros2_aruco_interfaces/cmake/export_ros2_aruco_interfaces__rosidl_generator_pyExport.cmake
[4.431s] -- Installing: /home/t_b/ros2_ws/src/UR-MiR-mobile-manipulator/install/ros2_aruco_interfaces/share/ros2_aruco_interfaces/cmake/export_ros2_aruco_interfaces__rosidl_generator_pyExport-noconfig.cmake
[4.431s] -- Installing: /home/t_b/ros2_ws/src/UR-MiR-mobile-manipulator/install/ros2_aruco_interfaces/share/ros2_aruco_interfaces/cmake/rosidl_cmake-extras.cmake
[4.431s] -- Installing: /home/t_b/ros2_ws/src/UR-MiR-mobile-manipulator/install/ros2_aruco_interfaces/share/ros2_aruco_interfaces/cmake/ament_cmake_export_dependencies-extras.cmake
[4.431s] -- Installing: /home/t_b/ros2_ws/src/UR-MiR-mobile-manipulator/install/ros2_aruco_interfaces/share/ros2_aruco_interfaces/cmake/ament_cmake_export_include_directories-extras.cmake
[4.431s] -- Installing: /home/t_b/ros2_ws/src/UR-MiR-mobile-manipulator/install/ros2_aruco_interfaces/share/ros2_aruco_interfaces/cmake/ament_cmake_export_libraries-extras.cmake
[4.431s] -- Installing: /home/t_b/ros2_ws/src/UR-MiR-mobile-manipulator/install/ros2_aruco_interfaces/share/ros2_aruco_interfaces/cmake/ament_cmake_export_targets-extras.cmake
[4.431s] -- Installing: /home/t_b/ros2_ws/src/UR-MiR-mobile-manipulator/install/ros2_aruco_interfaces/share/ros2_aruco_interfaces/cmake/rosidl_cmake_export_typesupport_targets-extras.cmake
[4.432s] -- Installing: /home/t_b/ros2_ws/src/UR-MiR-mobile-manipulator/install/ros2_aruco_interfaces/share/ros2_aruco_interfaces/cmake/rosidl_cmake_export_typesupport_libraries-extras.cmake
[4.432s] -- Installing: /home/t_b/ros2_ws/src/UR-MiR-mobile-manipulator/install/ros2_aruco_interfaces/share/ros2_aruco_interfaces/cmake/ros2_aruco_interfacesConfig.cmake
[4.432s] -- Installing: /home/t_b/ros2_ws/src/UR-MiR-mobile-manipulator/install/ros2_aruco_interfaces/share/ros2_aruco_interfaces/cmake/ros2_aruco_interfacesConfig-version.cmake
[4.432s] -- Installing: /home/t_b/ros2_ws/src/UR-MiR-mobile-manipulator/install/ros2_aruco_interfaces/share/ros2_aruco_interfaces/package.xml
[4.627s] Invoked command in '/home/t_b/ros2_ws/src/UR-MiR-mobile-manipulator/build/ros2_aruco_interfaces' returned '0': CMAKE_PREFIX_PATH=${CMAKE_PREFIX_PATH}:/home/t_b/pp_ros2_ws/install/rosbot_gazebo:/home/t_b/pp_ros2_ws/install/rosbot_controller:/home/t_b/pp_ros2_ws/install/rosbot_utils:/home/t_b/swaraj/piper_ros/install/piper:/home/t_b/leader_follower/install/apf:/home/t_b/amogh_app/amogh_ws/install/pursuers:/home/t_b/stonefish_ros/install/codes:/home/t_b/stonefish_ros/install/software_stack:/opt/ros/humble /usr/bin/cmake --install /home/t_b/ros2_ws/src/UR-MiR-mobile-manipulator/build/ros2_aruco_interfaces
