[0.041s] Invoking command in '/home/t_b/ros2_ws/src/UR-MiR-mobile-manipulator/build/ur_controllers': CMAKE_PREFIX_PATH=/home/t_b/ros2_ws/src/UR-MiR-mobile-manipulator/install/ur_dashboard_msgs:/home/t_b/ros2_ws/src/UR-MiR-mobile-manipulator/install/ur:/home/t_b/ros2_ws/src/UR-MiR-mobile-manipulator/install/ur_calibration:/home/t_b/ros2_ws/src/UR-MiR-mobile-manipulator/install/ur_robot_driver:/home/t_b/ros2_ws/src/UR-MiR-mobile-manipulator/install/ur_moveit_config:/home/t_b/ros2_ws/src/UR-MiR-mobile-manipulator/install/ur_bringup:/home/t_b/ros2_ws/src/UR-MiR-mobile-manipulator/install/ur_description:/home/t_b/ros2_ws/src/UR-MiR-mobile-manipulator/install/ur_controllers:/home/t_b/ros2_ws/src/UR-MiR-mobile-manipulator/install/ros2_aruco_interfaces:/home/t_b/ros2_ws/src/UR-MiR-mobile-manipulator/install/robotiq_description:/home/t_b/ros2_ws/src/UR-MiR-mobile-manipulator/install/realsense2_description:/home/t_b/ros2_ws/src/UR-MiR-mobile-manipulator/install/mir_robot:/home/t_b/ros2_ws/src/UR-MiR-mobile-manipulator/install/mir_navigation:/home/t_b/ros2_ws/src/UR-MiR-mobile-manipulator/install/mir_msgs:/home/t_b/ros2_ws/src/UR-MiR-mobile-manipulator/install/mir_gazebo:/home/t_b/ros2_ws/src/UR-MiR-mobile-manipulator/install/mir_description:/home/t_b/ros2_ws/src/UR-MiR-mobile-manipulator/install/mir_bringup:/home/t_b/ros2_ws/src/UR-MiR-mobile-manipulator/install/hello_moveit_ur:/home/t_b/pp_ros2_ws/install/rosbot:/home/t_b/pp_ros2_ws/install/rosbot_localization:/home/t_b/pp_ros2_ws/install/rosbot_joy:/home/t_b/pp_ros2_ws/install/open_manipulator_x_moveit:/home/t_b/pp_ros2_ws/install/rosbot_description:/home/t_b/pp_ros2_ws/install/open_manipulator_x_joy:/home/t_b/pp_ros2_ws/install/open_manipulator_x_description:/home/t_b/pp_ros2_ws/install/mecanum_drive_controller:/home/t_b/pp_ros2_ws/install/husarion_gz_worlds:/home/t_b/pp_ros2_ws/install/husarion_components_description:/home/t_b/pp_ros2_ws/install/dynamixel_hardware_interface:/home/t_b/swaraj/piper_ros/install/mtc_tutorial:/home/t_b/swaraj/piper_ros/install/moveit_task_constructor_visualization:/home/t_b/swaraj/piper_ros/install/moveit_task_constructor_demo:/home/t_b/swaraj/piper_ros/install/moveit_task_constructor_capabilities:/home/t_b/swaraj/piper_ros/install/moveit_task_constructor_core:/home/t_b/swaraj/piper_ros/install/rviz_marker_tools:/home/t_b/swaraj/piper_ros/install/posha_sim:/home/t_b/swaraj/piper_ros/install/piper_with_gripper_moveit:/home/t_b/swaraj/piper_ros/install/piper_no_gripper_moveit:/home/t_b/swaraj/piper_ros/install/piper_mujoco:/home/t_b/swaraj/piper_ros/install/piper_msgs:/home/t_b/swaraj/piper_ros/install/piper_humble:/home/t_b/swaraj/piper_ros/install/piper_gazebo:/home/t_b/swaraj/piper_ros/install/piper_description:/home/t_b/swaraj/piper_ros/install/moveit_task_constructor_msgs:/home/t_b/swaraj/piper_ros/install/hello_moveit:/home/t_b/gz_ros2_control_ws/install/ign_ros2_control_demos:/home/t_b/gz_ros2_control_ws/install/ign_ros2_control:/home/t_b/gz_ros2_control_ws/install/gz_ros2_control_tests:/home/t_b/gz_ros2_control_ws/install/gz_ros2_control_demos:/home/t_b/gz_ros2_control_ws/install/gz_ros2_control:/home/t_b/stonefish_ros/install/tour_interfaces:/home/t_b/stonefish_ros/install/stonefish_ros2:/home/t_b/ros2_ws/src/UR-MiR-mobile-manipulator/install/ros2_aruco:/home/t_b/ros2_ws/src/UR-MiR-mobile-manipulator/install/point_cloud_functions:/home/t_b/ros2_ws/src/UR-MiR-mobile-manipulator/install/mir_restapi:/home/t_b/ros2_ws/src/UR-MiR-mobile-manipulator/install/mir_driver:/home/t_b/pp_ros2_ws/install/rosbot_gazebo:/home/t_b/pp_ros2_ws/install/rosbot_controller:/home/t_b/pp_ros2_ws/install/rosbot_utils:/home/t_b/swaraj/piper_ros/install/piper:/home/t_b/leader_follower/install/apf:/home/t_b/amogh_app/amogh_ws/install/pursuers:/home/t_b/stonefish_ros/install/codes:/home/t_b/stonefish_ros/install/software_stack:/opt/ros/humble LD_LIBRARY_PATH=/home/t_b/ros2_ws/src/UR-MiR-mobile-manipulator/install/ur_dashboard_msgs/lib:/home/t_b/ros2_ws/src/UR-MiR-mobile-manipulator/install/ur_robot_driver/lib:/home/t_b/ros2_ws/src/UR-MiR-mobile-manipulator/install/ur_controllers/lib:/home/t_b/ros2_ws/src/UR-MiR-mobile-manipulator/install/ros2_aruco_interfaces/lib:/home/t_b/ros2_ws/src/UR-MiR-mobile-manipulator/install/mir_msgs/lib:/home/t_b/pp_ros2_ws/install/mecanum_drive_controller/lib:/home/t_b/pp_ros2_ws/install/dynamixel_hardware_interface/lib:/home/t_b/swaraj/piper_ros/install/moveit_task_constructor_visualization/lib:/home/t_b/swaraj/piper_ros/install/moveit_task_constructor_demo/lib:/home/t_b/swaraj/piper_ros/install/moveit_task_constructor_capabilities/lib:/home/t_b/swaraj/piper_ros/install/moveit_task_constructor_core/lib:/home/t_b/swaraj/piper_ros/install/rviz_marker_tools/lib:/home/t_b/swaraj/piper_ros/install/piper_msgs/lib:/home/t_b/swaraj/piper_ros/install/moveit_task_constructor_msgs/lib:/home/t_b/gz_ros2_control_ws/install/gz_ros2_control_demos/lib:/home/t_b/gz_ros2_control_ws/install/gz_ros2_control/lib:/home/t_b/stonefish_ros/install/tour_interfaces/lib:/home/t_b/stonefish_ros/install/stonefish_ros2/lib:/opt/ros/humble/opt/rviz_ogre_vendor/lib:/opt/ros/humble/lib/x86_64-linux-gnu:/opt/ros/humble/lib /usr/bin/cmake --build /home/t_b/ros2_ws/src/UR-MiR-mobile-manipulator/build/ur_controllers -- -j16 -l16
[0.411s] [35m[1mConsolidate compiler generated dependencies of target gmock_main[0m
[0.412s] [35m[1mConsolidate compiler generated dependencies of target gmock[0m
[0.412s] [ 13%] Built target gpio_controller_parameters
[0.412s] [ 13%] Built target scaled_joint_trajectory_controller_parameters
[0.412s] [ 13%] Built target force_mode_controller_parameters
[0.412s] [ 18%] Built target tool_contact_controller_parameters
[0.412s] [ 23%] Built target friction_model_controller_parameters
[0.413s] [ 27%] Built target freedrive_mode_controller_parameters
[0.413s] [ 34%] Built target passthrough_trajectory_controller_parameters
[0.413s] [ 37%] Built target speed_scaling_state_broadcaster_parameters
[0.414s] [ 41%] Built target ur_configuration_controller_parameters
[0.414s] [ 46%] Built target gmock_main
[0.414s] [ 53%] Built target gmock
[0.414s] [35m[1mConsolidate compiler generated dependencies of target ur_controllers[0m
[0.414s] [ 76%] Built target ur_controllers
[0.414s] [35m[1mConsolidate compiler generated dependencies of target test_scaled_joint_trajectory_controller_sampling[0m
[0.414s] [35m[1mConsolidate compiler generated dependencies of target test_load_freedrive_mode_controller[0m
[0.414s] [35m[1mConsolidate compiler generated dependencies of target test_load_force_mode_controller[0m
[0.414s] [35m[1mConsolidate compiler generated dependencies of target test_load_scaled_joint_trajectory_controller[0m
[0.414s] [35m[1mConsolidate compiler generated dependencies of target test_load_friction_model_controller[0m
[0.414s] [ 83%] Built target test_scaled_joint_trajectory_controller_sampling
[0.414s] [ 86%] Built target test_load_freedrive_mode_controller
[0.414s] [ 95%] Built target test_load_force_mode_controller
[0.414s] [ 95%] Built target test_load_friction_model_controller
[0.414s] [100%] Built target test_load_scaled_joint_trajectory_controller
[0.416s] Invoked command in '/home/t_b/ros2_ws/src/UR-MiR-mobile-manipulator/build/ur_controllers' returned '0': CMAKE_PREFIX_PATH=/home/t_b/ros2_ws/src/UR-MiR-mobile-manipulator/install/ur_dashboard_msgs:/home/t_b/ros2_ws/src/UR-MiR-mobile-manipulator/install/ur:/home/t_b/ros2_ws/src/UR-MiR-mobile-manipulator/install/ur_calibration:/home/t_b/ros2_ws/src/UR-MiR-mobile-manipulator/install/ur_robot_driver:/home/t_b/ros2_ws/src/UR-MiR-mobile-manipulator/install/ur_moveit_config:/home/t_b/ros2_ws/src/UR-MiR-mobile-manipulator/install/ur_bringup:/home/t_b/ros2_ws/src/UR-MiR-mobile-manipulator/install/ur_description:/home/t_b/ros2_ws/src/UR-MiR-mobile-manipulator/install/ur_controllers:/home/t_b/ros2_ws/src/UR-MiR-mobile-manipulator/install/ros2_aruco_interfaces:/home/t_b/ros2_ws/src/UR-MiR-mobile-manipulator/install/robotiq_description:/home/t_b/ros2_ws/src/UR-MiR-mobile-manipulator/install/realsense2_description:/home/t_b/ros2_ws/src/UR-MiR-mobile-manipulator/install/mir_robot:/home/t_b/ros2_ws/src/UR-MiR-mobile-manipulator/install/mir_navigation:/home/t_b/ros2_ws/src/UR-MiR-mobile-manipulator/install/mir_msgs:/home/t_b/ros2_ws/src/UR-MiR-mobile-manipulator/install/mir_gazebo:/home/t_b/ros2_ws/src/UR-MiR-mobile-manipulator/install/mir_description:/home/t_b/ros2_ws/src/UR-MiR-mobile-manipulator/install/mir_bringup:/home/t_b/ros2_ws/src/UR-MiR-mobile-manipulator/install/hello_moveit_ur:/home/t_b/pp_ros2_ws/install/rosbot:/home/t_b/pp_ros2_ws/install/rosbot_localization:/home/t_b/pp_ros2_ws/install/rosbot_joy:/home/t_b/pp_ros2_ws/install/open_manipulator_x_moveit:/home/t_b/pp_ros2_ws/install/rosbot_description:/home/t_b/pp_ros2_ws/install/open_manipulator_x_joy:/home/t_b/pp_ros2_ws/install/open_manipulator_x_description:/home/t_b/pp_ros2_ws/install/mecanum_drive_controller:/home/t_b/pp_ros2_ws/install/husarion_gz_worlds:/home/t_b/pp_ros2_ws/install/husarion_components_description:/home/t_b/pp_ros2_ws/install/dynamixel_hardware_interface:/home/t_b/swaraj/piper_ros/install/mtc_tutorial:/home/t_b/swaraj/piper_ros/install/moveit_task_constructor_visualization:/home/t_b/swaraj/piper_ros/install/moveit_task_constructor_demo:/home/t_b/swaraj/piper_ros/install/moveit_task_constructor_capabilities:/home/t_b/swaraj/piper_ros/install/moveit_task_constructor_core:/home/t_b/swaraj/piper_ros/install/rviz_marker_tools:/home/t_b/swaraj/piper_ros/install/posha_sim:/home/t_b/swaraj/piper_ros/install/piper_with_gripper_moveit:/home/t_b/swaraj/piper_ros/install/piper_no_gripper_moveit:/home/t_b/swaraj/piper_ros/install/piper_mujoco:/home/t_b/swaraj/piper_ros/install/piper_msgs:/home/t_b/swaraj/piper_ros/install/piper_humble:/home/t_b/swaraj/piper_ros/install/piper_gazebo:/home/t_b/swaraj/piper_ros/install/piper_description:/home/t_b/swaraj/piper_ros/install/moveit_task_constructor_msgs:/home/t_b/swaraj/piper_ros/install/hello_moveit:/home/t_b/gz_ros2_control_ws/install/ign_ros2_control_demos:/home/t_b/gz_ros2_control_ws/install/ign_ros2_control:/home/t_b/gz_ros2_control_ws/install/gz_ros2_control_tests:/home/t_b/gz_ros2_control_ws/install/gz_ros2_control_demos:/home/t_b/gz_ros2_control_ws/install/gz_ros2_control:/home/t_b/stonefish_ros/install/tour_interfaces:/home/t_b/stonefish_ros/install/stonefish_ros2:/home/t_b/ros2_ws/src/UR-MiR-mobile-manipulator/install/ros2_aruco:/home/t_b/ros2_ws/src/UR-MiR-mobile-manipulator/install/point_cloud_functions:/home/t_b/ros2_ws/src/UR-MiR-mobile-manipulator/install/mir_restapi:/home/t_b/ros2_ws/src/UR-MiR-mobile-manipulator/install/mir_driver:/home/t_b/pp_ros2_ws/install/rosbot_gazebo:/home/t_b/pp_ros2_ws/install/rosbot_controller:/home/t_b/pp_ros2_ws/install/rosbot_utils:/home/t_b/swaraj/piper_ros/install/piper:/home/t_b/leader_follower/install/apf:/home/t_b/amogh_app/amogh_ws/install/pursuers:/home/t_b/stonefish_ros/install/codes:/home/t_b/stonefish_ros/install/software_stack:/opt/ros/humble LD_LIBRARY_PATH=/home/t_b/ros2_ws/src/UR-MiR-mobile-manipulator/install/ur_dashboard_msgs/lib:/home/t_b/ros2_ws/src/UR-MiR-mobile-manipulator/install/ur_robot_driver/lib:/home/t_b/ros2_ws/src/UR-MiR-mobile-manipulator/install/ur_controllers/lib:/home/t_b/ros2_ws/src/UR-MiR-mobile-manipulator/install/ros2_aruco_interfaces/lib:/home/t_b/ros2_ws/src/UR-MiR-mobile-manipulator/install/mir_msgs/lib:/home/t_b/pp_ros2_ws/install/mecanum_drive_controller/lib:/home/t_b/pp_ros2_ws/install/dynamixel_hardware_interface/lib:/home/t_b/swaraj/piper_ros/install/moveit_task_constructor_visualization/lib:/home/t_b/swaraj/piper_ros/install/moveit_task_constructor_demo/lib:/home/t_b/swaraj/piper_ros/install/moveit_task_constructor_capabilities/lib:/home/t_b/swaraj/piper_ros/install/moveit_task_constructor_core/lib:/home/t_b/swaraj/piper_ros/install/rviz_marker_tools/lib:/home/t_b/swaraj/piper_ros/install/piper_msgs/lib:/home/t_b/swaraj/piper_ros/install/moveit_task_constructor_msgs/lib:/home/t_b/gz_ros2_control_ws/install/gz_ros2_control_demos/lib:/home/t_b/gz_ros2_control_ws/install/gz_ros2_control/lib:/home/t_b/stonefish_ros/install/tour_interfaces/lib:/home/t_b/stonefish_ros/install/stonefish_ros2/lib:/opt/ros/humble/opt/rviz_ogre_vendor/lib:/opt/ros/humble/lib/x86_64-linux-gnu:/opt/ros/humble/lib /usr/bin/cmake --build /home/t_b/ros2_ws/src/UR-MiR-mobile-manipulator/build/ur_controllers -- -j16 -l16
[0.417s] Invoking command in '/home/t_b/ros2_ws/src/UR-MiR-mobile-manipulator/build/ur_controllers': CMAKE_PREFIX_PATH=/home/t_b/ros2_ws/src/UR-MiR-mobile-manipulator/install/ur_dashboard_msgs:/home/t_b/ros2_ws/src/UR-MiR-mobile-manipulator/install/ur:/home/t_b/ros2_ws/src/UR-MiR-mobile-manipulator/install/ur_calibration:/home/t_b/ros2_ws/src/UR-MiR-mobile-manipulator/install/ur_robot_driver:/home/t_b/ros2_ws/src/UR-MiR-mobile-manipulator/install/ur_moveit_config:/home/t_b/ros2_ws/src/UR-MiR-mobile-manipulator/install/ur_bringup:/home/t_b/ros2_ws/src/UR-MiR-mobile-manipulator/install/ur_description:/home/t_b/ros2_ws/src/UR-MiR-mobile-manipulator/install/ur_controllers:/home/t_b/ros2_ws/src/UR-MiR-mobile-manipulator/install/ros2_aruco_interfaces:/home/t_b/ros2_ws/src/UR-MiR-mobile-manipulator/install/robotiq_description:/home/t_b/ros2_ws/src/UR-MiR-mobile-manipulator/install/realsense2_description:/home/t_b/ros2_ws/src/UR-MiR-mobile-manipulator/install/mir_robot:/home/t_b/ros2_ws/src/UR-MiR-mobile-manipulator/install/mir_navigation:/home/t_b/ros2_ws/src/UR-MiR-mobile-manipulator/install/mir_msgs:/home/t_b/ros2_ws/src/UR-MiR-mobile-manipulator/install/mir_gazebo:/home/t_b/ros2_ws/src/UR-MiR-mobile-manipulator/install/mir_description:/home/t_b/ros2_ws/src/UR-MiR-mobile-manipulator/install/mir_bringup:/home/t_b/ros2_ws/src/UR-MiR-mobile-manipulator/install/hello_moveit_ur:/home/t_b/pp_ros2_ws/install/rosbot:/home/t_b/pp_ros2_ws/install/rosbot_localization:/home/t_b/pp_ros2_ws/install/rosbot_joy:/home/t_b/pp_ros2_ws/install/open_manipulator_x_moveit:/home/t_b/pp_ros2_ws/install/rosbot_description:/home/t_b/pp_ros2_ws/install/open_manipulator_x_joy:/home/t_b/pp_ros2_ws/install/open_manipulator_x_description:/home/t_b/pp_ros2_ws/install/mecanum_drive_controller:/home/t_b/pp_ros2_ws/install/husarion_gz_worlds:/home/t_b/pp_ros2_ws/install/husarion_components_description:/home/t_b/pp_ros2_ws/install/dynamixel_hardware_interface:/home/t_b/swaraj/piper_ros/install/mtc_tutorial:/home/t_b/swaraj/piper_ros/install/moveit_task_constructor_visualization:/home/t_b/swaraj/piper_ros/install/moveit_task_constructor_demo:/home/t_b/swaraj/piper_ros/install/moveit_task_constructor_capabilities:/home/t_b/swaraj/piper_ros/install/moveit_task_constructor_core:/home/t_b/swaraj/piper_ros/install/rviz_marker_tools:/home/t_b/swaraj/piper_ros/install/posha_sim:/home/t_b/swaraj/piper_ros/install/piper_with_gripper_moveit:/home/t_b/swaraj/piper_ros/install/piper_no_gripper_moveit:/home/t_b/swaraj/piper_ros/install/piper_mujoco:/home/t_b/swaraj/piper_ros/install/piper_msgs:/home/t_b/swaraj/piper_ros/install/piper_humble:/home/t_b/swaraj/piper_ros/install/piper_gazebo:/home/t_b/swaraj/piper_ros/install/piper_description:/home/t_b/swaraj/piper_ros/install/moveit_task_constructor_msgs:/home/t_b/swaraj/piper_ros/install/hello_moveit:/home/t_b/gz_ros2_control_ws/install/ign_ros2_control_demos:/home/t_b/gz_ros2_control_ws/install/ign_ros2_control:/home/t_b/gz_ros2_control_ws/install/gz_ros2_control_tests:/home/t_b/gz_ros2_control_ws/install/gz_ros2_control_demos:/home/t_b/gz_ros2_control_ws/install/gz_ros2_control:/home/t_b/stonefish_ros/install/tour_interfaces:/home/t_b/stonefish_ros/install/stonefish_ros2:/home/t_b/ros2_ws/src/UR-MiR-mobile-manipulator/install/ros2_aruco:/home/t_b/ros2_ws/src/UR-MiR-mobile-manipulator/install/point_cloud_functions:/home/t_b/ros2_ws/src/UR-MiR-mobile-manipulator/install/mir_restapi:/home/t_b/ros2_ws/src/UR-MiR-mobile-manipulator/install/mir_driver:/home/t_b/pp_ros2_ws/install/rosbot_gazebo:/home/t_b/pp_ros2_ws/install/rosbot_controller:/home/t_b/pp_ros2_ws/install/rosbot_utils:/home/t_b/swaraj/piper_ros/install/piper:/home/t_b/leader_follower/install/apf:/home/t_b/amogh_app/amogh_ws/install/pursuers:/home/t_b/stonefish_ros/install/codes:/home/t_b/stonefish_ros/install/software_stack:/opt/ros/humble LD_LIBRARY_PATH=/home/t_b/ros2_ws/src/UR-MiR-mobile-manipulator/install/ur_dashboard_msgs/lib:/home/t_b/ros2_ws/src/UR-MiR-mobile-manipulator/install/ur_robot_driver/lib:/home/t_b/ros2_ws/src/UR-MiR-mobile-manipulator/install/ur_controllers/lib:/home/t_b/ros2_ws/src/UR-MiR-mobile-manipulator/install/ros2_aruco_interfaces/lib:/home/t_b/ros2_ws/src/UR-MiR-mobile-manipulator/install/mir_msgs/lib:/home/t_b/pp_ros2_ws/install/mecanum_drive_controller/lib:/home/t_b/pp_ros2_ws/install/dynamixel_hardware_interface/lib:/home/t_b/swaraj/piper_ros/install/moveit_task_constructor_visualization/lib:/home/t_b/swaraj/piper_ros/install/moveit_task_constructor_demo/lib:/home/t_b/swaraj/piper_ros/install/moveit_task_constructor_capabilities/lib:/home/t_b/swaraj/piper_ros/install/moveit_task_constructor_core/lib:/home/t_b/swaraj/piper_ros/install/rviz_marker_tools/lib:/home/t_b/swaraj/piper_ros/install/piper_msgs/lib:/home/t_b/swaraj/piper_ros/install/moveit_task_constructor_msgs/lib:/home/t_b/gz_ros2_control_ws/install/gz_ros2_control_demos/lib:/home/t_b/gz_ros2_control_ws/install/gz_ros2_control/lib:/home/t_b/stonefish_ros/install/tour_interfaces/lib:/home/t_b/stonefish_ros/install/stonefish_ros2/lib:/opt/ros/humble/opt/rviz_ogre_vendor/lib:/opt/ros/humble/lib/x86_64-linux-gnu:/opt/ros/humble/lib /usr/bin/cmake --install /home/t_b/ros2_ws/src/UR-MiR-mobile-manipulator/build/ur_controllers
[0.431s] -- Install configuration: ""
[0.431s] -- Up-to-date: /home/t_b/ros2_ws/src/UR-MiR-mobile-manipulator/install/ur_controllers/include/ur_controllers
[0.431s] -- Up-to-date: /home/t_b/ros2_ws/src/UR-MiR-mobile-manipulator/install/ur_controllers/include/ur_controllers/friction_model_controller_parameters.hpp
[0.431s] -- Up-to-date: /home/t_b/ros2_ws/src/UR-MiR-mobile-manipulator/install/ur_controllers/include/ur_controllers/scaled_joint_trajectory_controller_parameters.hpp
[0.432s] -- Up-to-date: /home/t_b/ros2_ws/src/UR-MiR-mobile-manipulator/install/ur_controllers/include/ur_controllers/gpio_controller_parameters.hpp
[0.432s] -- Up-to-date: /home/t_b/ros2_ws/src/UR-MiR-mobile-manipulator/install/ur_controllers/include/ur_controllers/force_mode_controller_parameters.hpp
[0.432s] -- Up-to-date: /home/t_b/ros2_ws/src/UR-MiR-mobile-manipulator/install/ur_controllers/include/ur_controllers/speed_scaling_state_broadcaster_parameters.hpp
[0.432s] -- Up-to-date: /home/t_b/ros2_ws/src/UR-MiR-mobile-manipulator/install/ur_controllers/include/ur_controllers/passthrough_trajectory_controller_parameters.hpp
[0.433s] -- Up-to-date: /home/t_b/ros2_ws/src/UR-MiR-mobile-manipulator/install/ur_controllers/include/ur_controllers/freedrive_mode_controller_parameters.hpp
[0.433s] -- Up-to-date: /home/t_b/ros2_ws/src/UR-MiR-mobile-manipulator/install/ur_controllers/include/ur_controllers/ur_configuration_controller_parameters.hpp
[0.433s] -- Up-to-date: /home/t_b/ros2_ws/src/UR-MiR-mobile-manipulator/install/ur_controllers/include/ur_controllers/tool_contact_controller_parameters.hpp
[0.433s] -- Up-to-date: /home/t_b/ros2_ws/src/UR-MiR-mobile-manipulator/install/ur_controllers/include/ur_controllers
[0.433s] -- Up-to-date: /home/t_b/ros2_ws/src/UR-MiR-mobile-manipulator/install/ur_controllers/include/ur_controllers/friction_model_controller_parameters.hpp
[0.433s] -- Up-to-date: /home/t_b/ros2_ws/src/UR-MiR-mobile-manipulator/install/ur_controllers/include/ur_controllers/scaled_joint_trajectory_controller_parameters.hpp
[0.433s] -- Up-to-date: /home/t_b/ros2_ws/src/UR-MiR-mobile-manipulator/install/ur_controllers/include/ur_controllers/gpio_controller_parameters.hpp
[0.433s] -- Up-to-date: /home/t_b/ros2_ws/src/UR-MiR-mobile-manipulator/install/ur_controllers/include/ur_controllers/force_mode_controller_parameters.hpp
[0.433s] -- Up-to-date: /home/t_b/ros2_ws/src/UR-MiR-mobile-manipulator/install/ur_controllers/include/ur_controllers/speed_scaling_state_broadcaster_parameters.hpp
[0.433s] -- Up-to-date: /home/t_b/ros2_ws/src/UR-MiR-mobile-manipulator/install/ur_controllers/include/ur_controllers/passthrough_trajectory_controller_parameters.hpp
[0.433s] -- Up-to-date: /home/t_b/ros2_ws/src/UR-MiR-mobile-manipulator/install/ur_controllers/include/ur_controllers/freedrive_mode_controller_parameters.hpp
[0.433s] -- Up-to-date: /home/t_b/ros2_ws/src/UR-MiR-mobile-manipulator/install/ur_controllers/include/ur_controllers/ur_configuration_controller_parameters.hpp
[0.433s] -- Up-to-date: /home/t_b/ros2_ws/src/UR-MiR-mobile-manipulator/install/ur_controllers/include/ur_controllers/tool_contact_controller_parameters.hpp
[0.433s] -- Up-to-date: /home/t_b/ros2_ws/src/UR-MiR-mobile-manipulator/install/ur_controllers/include/ur_controllers
[0.433s] -- Up-to-date: /home/t_b/ros2_ws/src/UR-MiR-mobile-manipulator/install/ur_controllers/include/ur_controllers/friction_model_controller_parameters.hpp
[0.433s] -- Up-to-date: /home/t_b/ros2_ws/src/UR-MiR-mobile-manipulator/install/ur_controllers/include/ur_controllers/scaled_joint_trajectory_controller_parameters.hpp
[0.434s] -- Up-to-date: /home/t_b/ros2_ws/src/UR-MiR-mobile-manipulator/install/ur_controllers/include/ur_controllers/gpio_controller_parameters.hpp
[0.434s] -- Up-to-date: /home/t_b/ros2_ws/src/UR-MiR-mobile-manipulator/install/ur_controllers/include/ur_controllers/force_mode_controller_parameters.hpp
[0.434s] -- Up-to-date: /home/t_b/ros2_ws/src/UR-MiR-mobile-manipulator/install/ur_controllers/include/ur_controllers/speed_scaling_state_broadcaster_parameters.hpp
[0.434s] -- Up-to-date: /home/t_b/ros2_ws/src/UR-MiR-mobile-manipulator/install/ur_controllers/include/ur_controllers/passthrough_trajectory_controller_parameters.hpp
[0.434s] -- Up-to-date: /home/t_b/ros2_ws/src/UR-MiR-mobile-manipulator/install/ur_controllers/include/ur_controllers/freedrive_mode_controller_parameters.hpp
[0.434s] -- Up-to-date: /home/t_b/ros2_ws/src/UR-MiR-mobile-manipulator/install/ur_controllers/include/ur_controllers/ur_configuration_controller_parameters.hpp
[0.434s] -- Up-to-date: /home/t_b/ros2_ws/src/UR-MiR-mobile-manipulator/install/ur_controllers/include/ur_controllers/tool_contact_controller_parameters.hpp
[0.434s] -- Up-to-date: /home/t_b/ros2_ws/src/UR-MiR-mobile-manipulator/install/ur_controllers/include/ur_controllers
[0.434s] -- Up-to-date: /home/t_b/ros2_ws/src/UR-MiR-mobile-manipulator/install/ur_controllers/include/ur_controllers/friction_model_controller_parameters.hpp
[0.434s] -- Up-to-date: /home/t_b/ros2_ws/src/UR-MiR-mobile-manipulator/install/ur_controllers/include/ur_controllers/scaled_joint_trajectory_controller_parameters.hpp
[0.434s] -- Up-to-date: /home/t_b/ros2_ws/src/UR-MiR-mobile-manipulator/install/ur_controllers/include/ur_controllers/gpio_controller_parameters.hpp
[0.434s] -- Up-to-date: /home/t_b/ros2_ws/src/UR-MiR-mobile-manipulator/install/ur_controllers/include/ur_controllers/force_mode_controller_parameters.hpp
[0.434s] -- Up-to-date: /home/t_b/ros2_ws/src/UR-MiR-mobile-manipulator/install/ur_controllers/include/ur_controllers/speed_scaling_state_broadcaster_parameters.hpp
[0.434s] -- Up-to-date: /home/t_b/ros2_ws/src/UR-MiR-mobile-manipulator/install/ur_controllers/include/ur_controllers/passthrough_trajectory_controller_parameters.hpp
[0.434s] -- Up-to-date: /home/t_b/ros2_ws/src/UR-MiR-mobile-manipulator/install/ur_controllers/include/ur_controllers/freedrive_mode_controller_parameters.hpp
[0.434s] -- Up-to-date: /home/t_b/ros2_ws/src/UR-MiR-mobile-manipulator/install/ur_controllers/include/ur_controllers/ur_configuration_controller_parameters.hpp
[0.434s] -- Up-to-date: /home/t_b/ros2_ws/src/UR-MiR-mobile-manipulator/install/ur_controllers/include/ur_controllers/tool_contact_controller_parameters.hpp
[0.434s] -- Up-to-date: /home/t_b/ros2_ws/src/UR-MiR-mobile-manipulator/install/ur_controllers/include/ur_controllers
[0.434s] -- Up-to-date: /home/t_b/ros2_ws/src/UR-MiR-mobile-manipulator/install/ur_controllers/include/ur_controllers/friction_model_controller_parameters.hpp
[0.434s] -- Up-to-date: /home/t_b/ros2_ws/src/UR-MiR-mobile-manipulator/install/ur_controllers/include/ur_controllers/scaled_joint_trajectory_controller_parameters.hpp
[0.434s] -- Up-to-date: /home/t_b/ros2_ws/src/UR-MiR-mobile-manipulator/install/ur_controllers/include/ur_controllers/gpio_controller_parameters.hpp
[0.434s] -- Up-to-date: /home/t_b/ros2_ws/src/UR-MiR-mobile-manipulator/install/ur_controllers/include/ur_controllers/force_mode_controller_parameters.hpp
[0.434s] -- Up-to-date: /home/t_b/ros2_ws/src/UR-MiR-mobile-manipulator/install/ur_controllers/include/ur_controllers/speed_scaling_state_broadcaster_parameters.hpp
[0.434s] -- Up-to-date: /home/t_b/ros2_ws/src/UR-MiR-mobile-manipulator/install/ur_controllers/include/ur_controllers/passthrough_trajectory_controller_parameters.hpp
[0.434s] -- Up-to-date: /home/t_b/ros2_ws/src/UR-MiR-mobile-manipulator/install/ur_controllers/include/ur_controllers/freedrive_mode_controller_parameters.hpp
[0.434s] -- Up-to-date: /home/t_b/ros2_ws/src/UR-MiR-mobile-manipulator/install/ur_controllers/include/ur_controllers/ur_configuration_controller_parameters.hpp
[0.434s] -- Up-to-date: /home/t_b/ros2_ws/src/UR-MiR-mobile-manipulator/install/ur_controllers/include/ur_controllers/tool_contact_controller_parameters.hpp
[0.434s] -- Up-to-date: /home/t_b/ros2_ws/src/UR-MiR-mobile-manipulator/install/ur_controllers/include/ur_controllers
[0.434s] -- Up-to-date: /home/t_b/ros2_ws/src/UR-MiR-mobile-manipulator/install/ur_controllers/include/ur_controllers/friction_model_controller_parameters.hpp
[0.434s] -- Up-to-date: /home/t_b/ros2_ws/src/UR-MiR-mobile-manipulator/install/ur_controllers/include/ur_controllers/scaled_joint_trajectory_controller_parameters.hpp
[0.434s] -- Up-to-date: /home/t_b/ros2_ws/src/UR-MiR-mobile-manipulator/install/ur_controllers/include/ur_controllers/gpio_controller_parameters.hpp
[0.434s] -- Up-to-date: /home/t_b/ros2_ws/src/UR-MiR-mobile-manipulator/install/ur_controllers/include/ur_controllers/force_mode_controller_parameters.hpp
[0.434s] -- Up-to-date: /home/t_b/ros2_ws/src/UR-MiR-mobile-manipulator/install/ur_controllers/include/ur_controllers/speed_scaling_state_broadcaster_parameters.hpp
[0.434s] -- Up-to-date: /home/t_b/ros2_ws/src/UR-MiR-mobile-manipulator/install/ur_controllers/include/ur_controllers/passthrough_trajectory_controller_parameters.hpp
[0.434s] -- Up-to-date: /home/t_b/ros2_ws/src/UR-MiR-mobile-manipulator/install/ur_controllers/include/ur_controllers/freedrive_mode_controller_parameters.hpp
[0.435s] -- Up-to-date: /home/t_b/ros2_ws/src/UR-MiR-mobile-manipulator/install/ur_controllers/include/ur_controllers/ur_configuration_controller_parameters.hpp
[0.435s] -- Up-to-date: /home/t_b/ros2_ws/src/UR-MiR-mobile-manipulator/install/ur_controllers/include/ur_controllers/tool_contact_controller_parameters.hpp
[0.435s] -- Up-to-date: /home/t_b/ros2_ws/src/UR-MiR-mobile-manipulator/install/ur_controllers/include/ur_controllers
[0.435s] -- Up-to-date: /home/t_b/ros2_ws/src/UR-MiR-mobile-manipulator/install/ur_controllers/include/ur_controllers/friction_model_controller_parameters.hpp
[0.435s] -- Up-to-date: /home/t_b/ros2_ws/src/UR-MiR-mobile-manipulator/install/ur_controllers/include/ur_controllers/scaled_joint_trajectory_controller_parameters.hpp
[0.435s] -- Up-to-date: /home/t_b/ros2_ws/src/UR-MiR-mobile-manipulator/install/ur_controllers/include/ur_controllers/gpio_controller_parameters.hpp
[0.435s] -- Up-to-date: /home/t_b/ros2_ws/src/UR-MiR-mobile-manipulator/install/ur_controllers/include/ur_controllers/force_mode_controller_parameters.hpp
[0.435s] -- Up-to-date: /home/t_b/ros2_ws/src/UR-MiR-mobile-manipulator/install/ur_controllers/include/ur_controllers/speed_scaling_state_broadcaster_parameters.hpp
[0.435s] -- Up-to-date: /home/t_b/ros2_ws/src/UR-MiR-mobile-manipulator/install/ur_controllers/include/ur_controllers/passthrough_trajectory_controller_parameters.hpp
[0.435s] -- Up-to-date: /home/t_b/ros2_ws/src/UR-MiR-mobile-manipulator/install/ur_controllers/include/ur_controllers/freedrive_mode_controller_parameters.hpp
[0.435s] -- Up-to-date: /home/t_b/ros2_ws/src/UR-MiR-mobile-manipulator/install/ur_controllers/include/ur_controllers/ur_configuration_controller_parameters.hpp
[0.435s] -- Up-to-date: /home/t_b/ros2_ws/src/UR-MiR-mobile-manipulator/install/ur_controllers/include/ur_controllers/tool_contact_controller_parameters.hpp
[0.435s] -- Up-to-date: /home/t_b/ros2_ws/src/UR-MiR-mobile-manipulator/install/ur_controllers/include/ur_controllers
[0.435s] -- Up-to-date: /home/t_b/ros2_ws/src/UR-MiR-mobile-manipulator/install/ur_controllers/include/ur_controllers/friction_model_controller_parameters.hpp
[0.435s] -- Up-to-date: /home/t_b/ros2_ws/src/UR-MiR-mobile-manipulator/install/ur_controllers/include/ur_controllers/scaled_joint_trajectory_controller_parameters.hpp
[0.435s] -- Up-to-date: /home/t_b/ros2_ws/src/UR-MiR-mobile-manipulator/install/ur_controllers/include/ur_controllers/gpio_controller_parameters.hpp
[0.435s] -- Up-to-date: /home/t_b/ros2_ws/src/UR-MiR-mobile-manipulator/install/ur_controllers/include/ur_controllers/force_mode_controller_parameters.hpp
[0.435s] -- Up-to-date: /home/t_b/ros2_ws/src/UR-MiR-mobile-manipulator/install/ur_controllers/include/ur_controllers/speed_scaling_state_broadcaster_parameters.hpp
[0.435s] -- Up-to-date: /home/t_b/ros2_ws/src/UR-MiR-mobile-manipulator/install/ur_controllers/include/ur_controllers/passthrough_trajectory_controller_parameters.hpp
[0.435s] -- Up-to-date: /home/t_b/ros2_ws/src/UR-MiR-mobile-manipulator/install/ur_controllers/include/ur_controllers/freedrive_mode_controller_parameters.hpp
[0.435s] -- Up-to-date: /home/t_b/ros2_ws/src/UR-MiR-mobile-manipulator/install/ur_controllers/include/ur_controllers/ur_configuration_controller_parameters.hpp
[0.435s] -- Up-to-date: /home/t_b/ros2_ws/src/UR-MiR-mobile-manipulator/install/ur_controllers/include/ur_controllers/tool_contact_controller_parameters.hpp
[0.435s] -- Up-to-date: /home/t_b/ros2_ws/src/UR-MiR-mobile-manipulator/install/ur_controllers/include/ur_controllers
[0.436s] -- Up-to-date: /home/t_b/ros2_ws/src/UR-MiR-mobile-manipulator/install/ur_controllers/include/ur_controllers/friction_model_controller_parameters.hpp
[0.436s] -- Up-to-date: /home/t_b/ros2_ws/src/UR-MiR-mobile-manipulator/install/ur_controllers/include/ur_controllers/scaled_joint_trajectory_controller_parameters.hpp
[0.436s] -- Up-to-date: /home/t_b/ros2_ws/src/UR-MiR-mobile-manipulator/install/ur_controllers/include/ur_controllers/gpio_controller_parameters.hpp
[0.436s] -- Up-to-date: /home/t_b/ros2_ws/src/UR-MiR-mobile-manipulator/install/ur_controllers/include/ur_controllers/force_mode_controller_parameters.hpp
[0.436s] -- Up-to-date: /home/t_b/ros2_ws/src/UR-MiR-mobile-manipulator/install/ur_controllers/include/ur_controllers/speed_scaling_state_broadcaster_parameters.hpp
[0.436s] -- Up-to-date: /home/t_b/ros2_ws/src/UR-MiR-mobile-manipulator/install/ur_controllers/include/ur_controllers/passthrough_trajectory_controller_parameters.hpp
[0.436s] -- Up-to-date: /home/t_b/ros2_ws/src/UR-MiR-mobile-manipulator/install/ur_controllers/include/ur_controllers/freedrive_mode_controller_parameters.hpp
[0.436s] -- Up-to-date: /home/t_b/ros2_ws/src/UR-MiR-mobile-manipulator/install/ur_controllers/include/ur_controllers/ur_configuration_controller_parameters.hpp
[0.436s] -- Up-to-date: /home/t_b/ros2_ws/src/UR-MiR-mobile-manipulator/install/ur_controllers/include/ur_controllers/tool_contact_controller_parameters.hpp
[0.436s] -- Up-to-date: /home/t_b/ros2_ws/src/UR-MiR-mobile-manipulator/install/ur_controllers/share/ur_controllers/controller_plugins.xml
[0.436s] -- Up-to-date: /home/t_b/ros2_ws/src/UR-MiR-mobile-manipulator/install/ur_controllers/lib/libur_controllers.so
[0.436s] -- Up-to-date: /home/t_b/ros2_ws/src/UR-MiR-mobile-manipulator/install/ur_controllers/include
[0.436s] -- Up-to-date: /home/t_b/ros2_ws/src/UR-MiR-mobile-manipulator/install/ur_controllers/include/ur_controllers
[0.436s] -- Up-to-date: /home/t_b/ros2_ws/src/UR-MiR-mobile-manipulator/install/ur_controllers/include/ur_controllers/passthrough_trajectory_controller.hpp
[0.437s] -- Up-to-date: /home/t_b/ros2_ws/src/UR-MiR-mobile-manipulator/install/ur_controllers/include/ur_controllers/ur_configuration_controller.hpp
[0.437s] -- Up-to-date: /home/t_b/ros2_ws/src/UR-MiR-mobile-manipulator/install/ur_controllers/include/ur_controllers/friction_model_controller.hpp
[0.437s] -- Up-to-date: /home/t_b/ros2_ws/src/UR-MiR-mobile-manipulator/install/ur_controllers/include/ur_controllers/tool_contact_controller.hpp
[0.437s] -- Up-to-date: /home/t_b/ros2_ws/src/UR-MiR-mobile-manipulator/install/ur_controllers/include/ur_controllers/freedrive_mode_controller.hpp
[0.437s] -- Up-to-date: /home/t_b/ros2_ws/src/UR-MiR-mobile-manipulator/install/ur_controllers/include/ur_controllers/gpio_controller.hpp
[0.437s] -- Up-to-date: /home/t_b/ros2_ws/src/UR-MiR-mobile-manipulator/install/ur_controllers/include/ur_controllers/force_mode_controller.hpp
[0.437s] -- Up-to-date: /home/t_b/ros2_ws/src/UR-MiR-mobile-manipulator/install/ur_controllers/include/ur_controllers/scaled_joint_trajectory_controller.hpp
[0.437s] -- Up-to-date: /home/t_b/ros2_ws/src/UR-MiR-mobile-manipulator/install/ur_controllers/include/ur_controllers/speed_scaling_state_broadcaster.hpp
[0.438s] -- Up-to-date: /home/t_b/ros2_ws/src/UR-MiR-mobile-manipulator/install/ur_controllers/share/ur_controllers/controller_plugins.xml
[0.438s] -- Up-to-date: /home/t_b/ros2_ws/src/UR-MiR-mobile-manipulator/install/ur_controllers/share/ur_controllers/environment/library_path.sh
[0.438s] -- Up-to-date: /home/t_b/ros2_ws/src/UR-MiR-mobile-manipulator/install/ur_controllers/share/ur_controllers/environment/library_path.dsv
[0.438s] -- Up-to-date: /home/t_b/ros2_ws/src/UR-MiR-mobile-manipulator/install/ur_controllers/share/ament_index/resource_index/package_run_dependencies/ur_controllers
[0.438s] -- Up-to-date: /home/t_b/ros2_ws/src/UR-MiR-mobile-manipulator/install/ur_controllers/share/ament_index/resource_index/parent_prefix_path/ur_controllers
[0.438s] -- Up-to-date: /home/t_b/ros2_ws/src/UR-MiR-mobile-manipulator/install/ur_controllers/share/ur_controllers/environment/ament_prefix_path.sh
[0.438s] -- Up-to-date: /home/t_b/ros2_ws/src/UR-MiR-mobile-manipulator/install/ur_controllers/share/ur_controllers/environment/ament_prefix_path.dsv
[0.438s] -- Up-to-date: /home/t_b/ros2_ws/src/UR-MiR-mobile-manipulator/install/ur_controllers/share/ur_controllers/environment/path.sh
[0.438s] -- Up-to-date: /home/t_b/ros2_ws/src/UR-MiR-mobile-manipulator/install/ur_controllers/share/ur_controllers/environment/path.dsv
[0.438s] -- Up-to-date: /home/t_b/ros2_ws/src/UR-MiR-mobile-manipulator/install/ur_controllers/share/ur_controllers/local_setup.bash
[0.439s] -- Up-to-date: /home/t_b/ros2_ws/src/UR-MiR-mobile-manipulator/install/ur_controllers/share/ur_controllers/local_setup.sh
[0.439s] -- Up-to-date: /home/t_b/ros2_ws/src/UR-MiR-mobile-manipulator/install/ur_controllers/share/ur_controllers/local_setup.zsh
[0.439s] -- Up-to-date: /home/t_b/ros2_ws/src/UR-MiR-mobile-manipulator/install/ur_controllers/share/ur_controllers/local_setup.dsv
[0.439s] -- Installing: /home/t_b/ros2_ws/src/UR-MiR-mobile-manipulator/install/ur_controllers/share/ur_controllers/package.dsv
[0.439s] -- Up-to-date: /home/t_b/ros2_ws/src/UR-MiR-mobile-manipulator/install/ur_controllers/share/ament_index/resource_index/packages/ur_controllers
[0.439s] -- Up-to-date: /home/t_b/ros2_ws/src/UR-MiR-mobile-manipulator/install/ur_controllers/share/ament_index/resource_index/controller_interface__pluginlib__plugin/ur_controllers
[0.439s] -- Up-to-date: /home/t_b/ros2_ws/src/UR-MiR-mobile-manipulator/install/ur_controllers/share/ur_controllers/cmake/ament_cmake_export_dependencies-extras.cmake
[0.439s] -- Up-to-date: /home/t_b/ros2_ws/src/UR-MiR-mobile-manipulator/install/ur_controllers/share/ur_controllers/cmake/ament_cmake_export_include_directories-extras.cmake
[0.439s] -- Up-to-date: /home/t_b/ros2_ws/src/UR-MiR-mobile-manipulator/install/ur_controllers/share/ur_controllers/cmake/ament_cmake_export_libraries-extras.cmake
[0.439s] -- Up-to-date: /home/t_b/ros2_ws/src/UR-MiR-mobile-manipulator/install/ur_controllers/share/ur_controllers/cmake/ur_controllersConfig.cmake
[0.439s] -- Up-to-date: /home/t_b/ros2_ws/src/UR-MiR-mobile-manipulator/install/ur_controllers/share/ur_controllers/cmake/ur_controllersConfig-version.cmake
[0.440s] -- Up-to-date: /home/t_b/ros2_ws/src/UR-MiR-mobile-manipulator/install/ur_controllers/share/ur_controllers/package.xml
[0.447s] Invoked command in '/home/t_b/ros2_ws/src/UR-MiR-mobile-manipulator/build/ur_controllers' returned '0': CMAKE_PREFIX_PATH=/home/t_b/ros2_ws/src/UR-MiR-mobile-manipulator/install/ur_dashboard_msgs:/home/t_b/ros2_ws/src/UR-MiR-mobile-manipulator/install/ur:/home/t_b/ros2_ws/src/UR-MiR-mobile-manipulator/install/ur_calibration:/home/t_b/ros2_ws/src/UR-MiR-mobile-manipulator/install/ur_robot_driver:/home/t_b/ros2_ws/src/UR-MiR-mobile-manipulator/install/ur_moveit_config:/home/t_b/ros2_ws/src/UR-MiR-mobile-manipulator/install/ur_bringup:/home/t_b/ros2_ws/src/UR-MiR-mobile-manipulator/install/ur_description:/home/t_b/ros2_ws/src/UR-MiR-mobile-manipulator/install/ur_controllers:/home/t_b/ros2_ws/src/UR-MiR-mobile-manipulator/install/ros2_aruco_interfaces:/home/t_b/ros2_ws/src/UR-MiR-mobile-manipulator/install/robotiq_description:/home/t_b/ros2_ws/src/UR-MiR-mobile-manipulator/install/realsense2_description:/home/t_b/ros2_ws/src/UR-MiR-mobile-manipulator/install/mir_robot:/home/t_b/ros2_ws/src/UR-MiR-mobile-manipulator/install/mir_navigation:/home/t_b/ros2_ws/src/UR-MiR-mobile-manipulator/install/mir_msgs:/home/t_b/ros2_ws/src/UR-MiR-mobile-manipulator/install/mir_gazebo:/home/t_b/ros2_ws/src/UR-MiR-mobile-manipulator/install/mir_description:/home/t_b/ros2_ws/src/UR-MiR-mobile-manipulator/install/mir_bringup:/home/t_b/ros2_ws/src/UR-MiR-mobile-manipulator/install/hello_moveit_ur:/home/t_b/pp_ros2_ws/install/rosbot:/home/t_b/pp_ros2_ws/install/rosbot_localization:/home/t_b/pp_ros2_ws/install/rosbot_joy:/home/t_b/pp_ros2_ws/install/open_manipulator_x_moveit:/home/t_b/pp_ros2_ws/install/rosbot_description:/home/t_b/pp_ros2_ws/install/open_manipulator_x_joy:/home/t_b/pp_ros2_ws/install/open_manipulator_x_description:/home/t_b/pp_ros2_ws/install/mecanum_drive_controller:/home/t_b/pp_ros2_ws/install/husarion_gz_worlds:/home/t_b/pp_ros2_ws/install/husarion_components_description:/home/t_b/pp_ros2_ws/install/dynamixel_hardware_interface:/home/t_b/swaraj/piper_ros/install/mtc_tutorial:/home/t_b/swaraj/piper_ros/install/moveit_task_constructor_visualization:/home/t_b/swaraj/piper_ros/install/moveit_task_constructor_demo:/home/t_b/swaraj/piper_ros/install/moveit_task_constructor_capabilities:/home/t_b/swaraj/piper_ros/install/moveit_task_constructor_core:/home/t_b/swaraj/piper_ros/install/rviz_marker_tools:/home/t_b/swaraj/piper_ros/install/posha_sim:/home/t_b/swaraj/piper_ros/install/piper_with_gripper_moveit:/home/t_b/swaraj/piper_ros/install/piper_no_gripper_moveit:/home/t_b/swaraj/piper_ros/install/piper_mujoco:/home/t_b/swaraj/piper_ros/install/piper_msgs:/home/t_b/swaraj/piper_ros/install/piper_humble:/home/t_b/swaraj/piper_ros/install/piper_gazebo:/home/t_b/swaraj/piper_ros/install/piper_description:/home/t_b/swaraj/piper_ros/install/moveit_task_constructor_msgs:/home/t_b/swaraj/piper_ros/install/hello_moveit:/home/t_b/gz_ros2_control_ws/install/ign_ros2_control_demos:/home/t_b/gz_ros2_control_ws/install/ign_ros2_control:/home/t_b/gz_ros2_control_ws/install/gz_ros2_control_tests:/home/t_b/gz_ros2_control_ws/install/gz_ros2_control_demos:/home/t_b/gz_ros2_control_ws/install/gz_ros2_control:/home/t_b/stonefish_ros/install/tour_interfaces:/home/t_b/stonefish_ros/install/stonefish_ros2:/home/t_b/ros2_ws/src/UR-MiR-mobile-manipulator/install/ros2_aruco:/home/t_b/ros2_ws/src/UR-MiR-mobile-manipulator/install/point_cloud_functions:/home/t_b/ros2_ws/src/UR-MiR-mobile-manipulator/install/mir_restapi:/home/t_b/ros2_ws/src/UR-MiR-mobile-manipulator/install/mir_driver:/home/t_b/pp_ros2_ws/install/rosbot_gazebo:/home/t_b/pp_ros2_ws/install/rosbot_controller:/home/t_b/pp_ros2_ws/install/rosbot_utils:/home/t_b/swaraj/piper_ros/install/piper:/home/t_b/leader_follower/install/apf:/home/t_b/amogh_app/amogh_ws/install/pursuers:/home/t_b/stonefish_ros/install/codes:/home/t_b/stonefish_ros/install/software_stack:/opt/ros/humble LD_LIBRARY_PATH=/home/t_b/ros2_ws/src/UR-MiR-mobile-manipulator/install/ur_dashboard_msgs/lib:/home/t_b/ros2_ws/src/UR-MiR-mobile-manipulator/install/ur_robot_driver/lib:/home/t_b/ros2_ws/src/UR-MiR-mobile-manipulator/install/ur_controllers/lib:/home/t_b/ros2_ws/src/UR-MiR-mobile-manipulator/install/ros2_aruco_interfaces/lib:/home/t_b/ros2_ws/src/UR-MiR-mobile-manipulator/install/mir_msgs/lib:/home/t_b/pp_ros2_ws/install/mecanum_drive_controller/lib:/home/t_b/pp_ros2_ws/install/dynamixel_hardware_interface/lib:/home/t_b/swaraj/piper_ros/install/moveit_task_constructor_visualization/lib:/home/t_b/swaraj/piper_ros/install/moveit_task_constructor_demo/lib:/home/t_b/swaraj/piper_ros/install/moveit_task_constructor_capabilities/lib:/home/t_b/swaraj/piper_ros/install/moveit_task_constructor_core/lib:/home/t_b/swaraj/piper_ros/install/rviz_marker_tools/lib:/home/t_b/swaraj/piper_ros/install/piper_msgs/lib:/home/t_b/swaraj/piper_ros/install/moveit_task_constructor_msgs/lib:/home/t_b/gz_ros2_control_ws/install/gz_ros2_control_demos/lib:/home/t_b/gz_ros2_control_ws/install/gz_ros2_control/lib:/home/t_b/stonefish_ros/install/tour_interfaces/lib:/home/t_b/stonefish_ros/install/stonefish_ros2/lib:/opt/ros/humble/opt/rviz_ogre_vendor/lib:/opt/ros/humble/lib/x86_64-linux-gnu:/opt/ros/humble/lib /usr/bin/cmake --install /home/t_b/ros2_ws/src/UR-MiR-mobile-manipulator/build/ur_controllers
