running egg_info
creating ../build/point_cloud_functions/point_cloud_functions.egg-info
writing ../build/point_cloud_functions/point_cloud_functions.egg-info/PKG-INFO
writing dependency_links to ../build/point_cloud_functions/point_cloud_functions.egg-info/dependency_links.txt
writing entry points to ../build/point_cloud_functions/point_cloud_functions.egg-info/entry_points.txt
writing requirements to ../build/point_cloud_functions/point_cloud_functions.egg-info/requires.txt
writing top-level names to ../build/point_cloud_functions/point_cloud_functions.egg-info/top_level.txt
writing manifest file '../build/point_cloud_functions/point_cloud_functions.egg-info/SOURCES.txt'
reading manifest file '../build/point_cloud_functions/point_cloud_functions.egg-info/SOURCES.txt'
writing manifest file '../build/point_cloud_functions/point_cloud_functions.egg-info/SOURCES.txt'
running build
running build_py
creating /home/t_b/ros2_ws/src/UR-MiR-mobile-manipulator/build/point_cloud_functions/build
creating /home/t_b/ros2_ws/src/UR-MiR-mobile-manipulator/build/point_cloud_functions/build/lib
creating /home/t_b/ros2_ws/src/UR-MiR-mobile-manipulator/build/point_cloud_functions/build/lib/point_cloud_functions
copying point_cloud_functions/__init__.py -> /home/t_b/ros2_ws/src/UR-MiR-mobile-manipulator/build/point_cloud_functions/build/lib/point_cloud_functions
copying point_cloud_functions/point_cloud_reader.py -> /home/t_b/ros2_ws/src/UR-MiR-mobile-manipulator/build/point_cloud_functions/build/lib/point_cloud_functions
running install
running install_lib
creating /home/t_b/ros2_ws/src/UR-MiR-mobile-manipulator/install/point_cloud_functions/lib/python3.10/site-packages/point_cloud_functions
copying /home/t_b/ros2_ws/src/UR-MiR-mobile-manipulator/build/point_cloud_functions/build/lib/point_cloud_functions/__init__.py -> /home/t_b/ros2_ws/src/UR-MiR-mobile-manipulator/install/point_cloud_functions/lib/python3.10/site-packages/point_cloud_functions
copying /home/t_b/ros2_ws/src/UR-MiR-mobile-manipulator/build/point_cloud_functions/build/lib/point_cloud_functions/point_cloud_reader.py -> /home/t_b/ros2_ws/src/UR-MiR-mobile-manipulator/install/point_cloud_functions/lib/python3.10/site-packages/point_cloud_functions
byte-compiling /home/t_b/ros2_ws/src/UR-MiR-mobile-manipulator/install/point_cloud_functions/lib/python3.10/site-packages/point_cloud_functions/__init__.py to __init__.cpython-310.pyc
byte-compiling /home/t_b/ros2_ws/src/UR-MiR-mobile-manipulator/install/point_cloud_functions/lib/python3.10/site-packages/point_cloud_functions/point_cloud_reader.py to point_cloud_reader.cpython-310.pyc
running install_data
creating /home/t_b/ros2_ws/src/UR-MiR-mobile-manipulator/install/point_cloud_functions/share/ament_index
creating /home/t_b/ros2_ws/src/UR-MiR-mobile-manipulator/install/point_cloud_functions/share/ament_index/resource_index
creating /home/t_b/ros2_ws/src/UR-MiR-mobile-manipulator/install/point_cloud_functions/share/ament_index/resource_index/packages
copying resource/point_cloud_functions -> /home/t_b/ros2_ws/src/UR-MiR-mobile-manipulator/install/point_cloud_functions/share/ament_index/resource_index/packages
copying package.xml -> /home/t_b/ros2_ws/src/UR-MiR-mobile-manipulator/install/point_cloud_functions/share/point_cloud_functions
running install_egg_info
Copying ../build/point_cloud_functions/point_cloud_functions.egg-info to /home/t_b/ros2_ws/src/UR-MiR-mobile-manipulator/install/point_cloud_functions/lib/python3.10/site-packages/point_cloud_functions-0.0.0-py3.10.egg-info
running install_scripts
Installing point_cloud_reader script to /home/t_b/ros2_ws/src/UR-MiR-mobile-manipulator/install/point_cloud_functions/lib/point_cloud_functions
writing list of installed files to '/home/t_b/ros2_ws/src/UR-MiR-mobile-manipulator/build/point_cloud_functions/install.log'
