[0.451s] Invoking command in '/home/t_b/ros2_ws/src/UR-MiR-mobile-manipulator/build/realsense2_description': CMAKE_PREFIX_PATH=${CMAKE_PREFIX_PATH}:/home/t_b/ros2_ws/src/UR-MiR-mobile-manipulator/install/ros2_aruco:/home/t_b/ros2_ws/src/UR-MiR-mobile-manipulator/install/point_cloud_functions:/home/t_b/ros2_ws/src/UR-MiR-mobile-manipulator/install/mir_restapi:/home/t_b/ros2_ws/src/UR-MiR-mobile-manipulator/install/mir_driver:/home/t_b/pp_ros2_ws/install/rosbot_gazebo:/home/t_b/pp_ros2_ws/install/rosbot_controller:/home/t_b/pp_ros2_ws/install/rosbot_utils:/home/t_b/swaraj/piper_ros/install/piper:/home/t_b/leader_follower/install/apf:/home/t_b/amogh_app/amogh_ws/install/pursuers:/home/t_b/stonefish_ros/install/codes:/home/t_b/stonefish_ros/install/software_stack:/opt/ros/humble /usr/bin/cmake /home/t_b/ros2_ws/src/UR-MiR-mobile-manipulator/realsense2_description -DCMAKE_INSTALL_PREFIX=/home/t_b/ros2_ws/src/UR-MiR-mobile-manipulator/install/realsense2_description
[0.497s] -- The C compiler identification is GNU 11.4.0
[0.555s] -- The CXX compiler identification is GNU 11.4.0
[0.562s] -- Detecting C compiler ABI info
[0.619s] -- Detecting C compiler ABI info - done
[0.624s] -- Check for working C compiler: /usr/bin/cc - skipped
[0.624s] -- Detecting C compile features
[0.624s] -- Detecting C compile features - done
[0.626s] -- Detecting CXX compiler ABI info
[0.686s] -- Detecting CXX compiler ABI info - done
[0.694s] -- Check for working CXX compiler: /usr/bin/c++ - skipped
[0.694s] -- Detecting CXX compile features
[0.695s] -- Detecting CXX compile features - done
[0.701s] -- Found ament_cmake: 1.3.14 (/opt/ros/humble/share/ament_cmake/cmake)
[0.872s] -- Found Python3: /usr/bin/python3 (found version "3.10.12") found components: Interpreter 
[1.065s] -- Configuring done
[1.067s] -- Generating done
[1.068s] -- Build files have been written to: /home/t_b/ros2_ws/src/UR-MiR-mobile-manipulator/build/realsense2_description
[1.071s] Invoked command in '/home/t_b/ros2_ws/src/UR-MiR-mobile-manipulator/build/realsense2_description' returned '0': CMAKE_PREFIX_PATH=${CMAKE_PREFIX_PATH}:/home/t_b/ros2_ws/src/UR-MiR-mobile-manipulator/install/ros2_aruco:/home/t_b/ros2_ws/src/UR-MiR-mobile-manipulator/install/point_cloud_functions:/home/t_b/ros2_ws/src/UR-MiR-mobile-manipulator/install/mir_restapi:/home/t_b/ros2_ws/src/UR-MiR-mobile-manipulator/install/mir_driver:/home/t_b/pp_ros2_ws/install/rosbot_gazebo:/home/t_b/pp_ros2_ws/install/rosbot_controller:/home/t_b/pp_ros2_ws/install/rosbot_utils:/home/t_b/swaraj/piper_ros/install/piper:/home/t_b/leader_follower/install/apf:/home/t_b/amogh_app/amogh_ws/install/pursuers:/home/t_b/stonefish_ros/install/codes:/home/t_b/stonefish_ros/install/software_stack:/opt/ros/humble /usr/bin/cmake /home/t_b/ros2_ws/src/UR-MiR-mobile-manipulator/realsense2_description -DCMAKE_INSTALL_PREFIX=/home/t_b/ros2_ws/src/UR-MiR-mobile-manipulator/install/realsense2_description
[1.072s] Invoking command in '/home/t_b/ros2_ws/src/UR-MiR-mobile-manipulator/build/realsense2_description': CMAKE_PREFIX_PATH=${CMAKE_PREFIX_PATH}:/home/t_b/ros2_ws/src/UR-MiR-mobile-manipulator/install/ros2_aruco:/home/t_b/ros2_ws/src/UR-MiR-mobile-manipulator/install/point_cloud_functions:/home/t_b/ros2_ws/src/UR-MiR-mobile-manipulator/install/mir_restapi:/home/t_b/ros2_ws/src/UR-MiR-mobile-manipulator/install/mir_driver:/home/t_b/pp_ros2_ws/install/rosbot_gazebo:/home/t_b/pp_ros2_ws/install/rosbot_controller:/home/t_b/pp_ros2_ws/install/rosbot_utils:/home/t_b/swaraj/piper_ros/install/piper:/home/t_b/leader_follower/install/apf:/home/t_b/amogh_app/amogh_ws/install/pursuers:/home/t_b/stonefish_ros/install/codes:/home/t_b/stonefish_ros/install/software_stack:/opt/ros/humble /usr/bin/cmake --build /home/t_b/ros2_ws/src/UR-MiR-mobile-manipulator/build/realsense2_description -- -j16 -l16
[1.111s] Invoked command in '/home/t_b/ros2_ws/src/UR-MiR-mobile-manipulator/build/realsense2_description' returned '0': CMAKE_PREFIX_PATH=${CMAKE_PREFIX_PATH}:/home/t_b/ros2_ws/src/UR-MiR-mobile-manipulator/install/ros2_aruco:/home/t_b/ros2_ws/src/UR-MiR-mobile-manipulator/install/point_cloud_functions:/home/t_b/ros2_ws/src/UR-MiR-mobile-manipulator/install/mir_restapi:/home/t_b/ros2_ws/src/UR-MiR-mobile-manipulator/install/mir_driver:/home/t_b/pp_ros2_ws/install/rosbot_gazebo:/home/t_b/pp_ros2_ws/install/rosbot_controller:/home/t_b/pp_ros2_ws/install/rosbot_utils:/home/t_b/swaraj/piper_ros/install/piper:/home/t_b/leader_follower/install/apf:/home/t_b/amogh_app/amogh_ws/install/pursuers:/home/t_b/stonefish_ros/install/codes:/home/t_b/stonefish_ros/install/software_stack:/opt/ros/humble /usr/bin/cmake --build /home/t_b/ros2_ws/src/UR-MiR-mobile-manipulator/build/realsense2_description -- -j16 -l16
[1.113s] Invoking command in '/home/t_b/ros2_ws/src/UR-MiR-mobile-manipulator/build/realsense2_description': CMAKE_PREFIX_PATH=${CMAKE_PREFIX_PATH}:/home/t_b/ros2_ws/src/UR-MiR-mobile-manipulator/install/ros2_aruco:/home/t_b/ros2_ws/src/UR-MiR-mobile-manipulator/install/point_cloud_functions:/home/t_b/ros2_ws/src/UR-MiR-mobile-manipulator/install/mir_restapi:/home/t_b/ros2_ws/src/UR-MiR-mobile-manipulator/install/mir_driver:/home/t_b/pp_ros2_ws/install/rosbot_gazebo:/home/t_b/pp_ros2_ws/install/rosbot_controller:/home/t_b/pp_ros2_ws/install/rosbot_utils:/home/t_b/swaraj/piper_ros/install/piper:/home/t_b/leader_follower/install/apf:/home/t_b/amogh_app/amogh_ws/install/pursuers:/home/t_b/stonefish_ros/install/codes:/home/t_b/stonefish_ros/install/software_stack:/opt/ros/humble /usr/bin/cmake --install /home/t_b/ros2_ws/src/UR-MiR-mobile-manipulator/build/realsense2_description
[1.121s] -- Install configuration: ""
[1.121s] -- Installing: /home/t_b/ros2_ws/src/UR-MiR-mobile-manipulator/install/realsense2_description/share/realsense2_description/launch
[1.121s] -- Installing: /home/t_b/ros2_ws/src/UR-MiR-mobile-manipulator/install/realsense2_description/share/realsense2_description/launch/launch_utils.py
[1.121s] -- Installing: /home/t_b/ros2_ws/src/UR-MiR-mobile-manipulator/install/realsense2_description/share/realsense2_description/launch/view_model.launch.py
[1.121s] -- Installing: /home/t_b/ros2_ws/src/UR-MiR-mobile-manipulator/install/realsense2_description/share/realsense2_description/meshes
[1.121s] -- Installing: /home/t_b/ros2_ws/src/UR-MiR-mobile-manipulator/install/realsense2_description/share/realsense2_description/meshes/d405.stl
[1.122s] -- Installing: /home/t_b/ros2_ws/src/UR-MiR-mobile-manipulator/install/realsense2_description/share/realsense2_description/meshes/d415.stl
[1.168s] -- Installing: /home/t_b/ros2_ws/src/UR-MiR-mobile-manipulator/install/realsense2_description/share/realsense2_description/meshes/d455.stl
[1.175s] -- Installing: /home/t_b/ros2_ws/src/UR-MiR-mobile-manipulator/install/realsense2_description/share/realsense2_description/meshes/plug.stl
[1.177s] -- Installing: /home/t_b/ros2_ws/src/UR-MiR-mobile-manipulator/install/realsense2_description/share/realsense2_description/meshes/plug_collision.stl
[1.177s] -- Installing: /home/t_b/ros2_ws/src/UR-MiR-mobile-manipulator/install/realsense2_description/share/realsense2_description/meshes/l515.dae
[1.268s] -- Installing: /home/t_b/ros2_ws/src/UR-MiR-mobile-manipulator/install/realsense2_description/share/realsense2_description/meshes/d435.dae
[1.305s] -- Installing: /home/t_b/ros2_ws/src/UR-MiR-mobile-manipulator/install/realsense2_description/share/realsense2_description/rviz
[1.305s] -- Installing: /home/t_b/ros2_ws/src/UR-MiR-mobile-manipulator/install/realsense2_description/share/realsense2_description/rviz/urdf.rviz
[1.305s] -- Installing: /home/t_b/ros2_ws/src/UR-MiR-mobile-manipulator/install/realsense2_description/share/realsense2_description/urdf
[1.305s] -- Installing: /home/t_b/ros2_ws/src/UR-MiR-mobile-manipulator/install/realsense2_description/share/realsense2_description/urdf/test_d405_camera.urdf.xacro
[1.305s] -- Installing: /home/t_b/ros2_ws/src/UR-MiR-mobile-manipulator/install/realsense2_description/share/realsense2_description/urdf/_d435i.urdf.xacro
[1.305s] -- Installing: /home/t_b/ros2_ws/src/UR-MiR-mobile-manipulator/install/realsense2_description/share/realsense2_description/urdf/_usb_plug.urdf.xacro
[1.306s] -- Installing: /home/t_b/ros2_ws/src/UR-MiR-mobile-manipulator/install/realsense2_description/share/realsense2_description/urdf/test_d435_multiple_cameras.urdf.xacro
[1.306s] -- Installing: /home/t_b/ros2_ws/src/UR-MiR-mobile-manipulator/install/realsense2_description/share/realsense2_description/urdf/_materials.urdf.xacro
[1.306s] -- Installing: /home/t_b/ros2_ws/src/UR-MiR-mobile-manipulator/install/realsense2_description/share/realsense2_description/urdf/_d435i_imu_modules.urdf.xacro
[1.306s] -- Installing: /home/t_b/ros2_ws/src/UR-MiR-mobile-manipulator/install/realsense2_description/share/realsense2_description/urdf/_d435.urdf.xacro
[1.306s] -- Installing: /home/t_b/ros2_ws/src/UR-MiR-mobile-manipulator/install/realsense2_description/share/realsense2_description/urdf/_r410.urdf.xacro
[1.306s] -- Installing: /home/t_b/ros2_ws/src/UR-MiR-mobile-manipulator/install/realsense2_description/share/realsense2_description/urdf/_r430.urdf.xacro
[1.307s] -- Installing: /home/t_b/ros2_ws/src/UR-MiR-mobile-manipulator/install/realsense2_description/share/realsense2_description/urdf/test_d415_camera.urdf.xacro
[1.307s] -- Installing: /home/t_b/ros2_ws/src/UR-MiR-mobile-manipulator/install/realsense2_description/share/realsense2_description/urdf/test_d455_camera.urdf.xacro
[1.307s] -- Installing: /home/t_b/ros2_ws/src/UR-MiR-mobile-manipulator/install/realsense2_description/share/realsense2_description/urdf/test_d435_camera.urdf.xacro
[1.307s] -- Installing: /home/t_b/ros2_ws/src/UR-MiR-mobile-manipulator/install/realsense2_description/share/realsense2_description/urdf/test_r410_camera.urdf.xacro
[1.307s] -- Installing: /home/t_b/ros2_ws/src/UR-MiR-mobile-manipulator/install/realsense2_description/share/realsense2_description/urdf/_d405.urdf.xacro
[1.307s] -- Installing: /home/t_b/ros2_ws/src/UR-MiR-mobile-manipulator/install/realsense2_description/share/realsense2_description/urdf/_d455.urdf.xacro
[1.308s] -- Installing: /home/t_b/ros2_ws/src/UR-MiR-mobile-manipulator/install/realsense2_description/share/realsense2_description/urdf/test_r430_camera.urdf.xacro
[1.308s] -- Installing: /home/t_b/ros2_ws/src/UR-MiR-mobile-manipulator/install/realsense2_description/share/realsense2_description/urdf/test_d435i_camera.urdf.xacro
[1.308s] -- Installing: /home/t_b/ros2_ws/src/UR-MiR-mobile-manipulator/install/realsense2_description/share/realsense2_description/urdf/_d435i_gazebo.xacro
[1.308s] -- Installing: /home/t_b/ros2_ws/src/UR-MiR-mobile-manipulator/install/realsense2_description/share/realsense2_description/urdf/_d415.urdf.xacro
[1.308s] -- Installing: /home/t_b/ros2_ws/src/UR-MiR-mobile-manipulator/install/realsense2_description/share/ament_index/resource_index/package_run_dependencies/realsense2_description
[1.309s] -- Installing: /home/t_b/ros2_ws/src/UR-MiR-mobile-manipulator/install/realsense2_description/share/ament_index/resource_index/parent_prefix_path/realsense2_description
[1.309s] -- Installing: /home/t_b/ros2_ws/src/UR-MiR-mobile-manipulator/install/realsense2_description/share/realsense2_description/environment/ament_prefix_path.sh
[1.309s] -- Installing: /home/t_b/ros2_ws/src/UR-MiR-mobile-manipulator/install/realsense2_description/share/realsense2_description/environment/ament_prefix_path.dsv
[1.309s] -- Installing: /home/t_b/ros2_ws/src/UR-MiR-mobile-manipulator/install/realsense2_description/share/realsense2_description/environment/path.sh
[1.309s] -- Installing: /home/t_b/ros2_ws/src/UR-MiR-mobile-manipulator/install/realsense2_description/share/realsense2_description/environment/path.dsv
[1.309s] -- Installing: /home/t_b/ros2_ws/src/UR-MiR-mobile-manipulator/install/realsense2_description/share/realsense2_description/local_setup.bash
[1.309s] -- Installing: /home/t_b/ros2_ws/src/UR-MiR-mobile-manipulator/install/realsense2_description/share/realsense2_description/local_setup.sh
[1.309s] -- Installing: /home/t_b/ros2_ws/src/UR-MiR-mobile-manipulator/install/realsense2_description/share/realsense2_description/local_setup.zsh
[1.309s] -- Installing: /home/t_b/ros2_ws/src/UR-MiR-mobile-manipulator/install/realsense2_description/share/realsense2_description/local_setup.dsv
[1.309s] -- Installing: /home/t_b/ros2_ws/src/UR-MiR-mobile-manipulator/install/realsense2_description/share/realsense2_description/package.dsv
[1.309s] -- Installing: /home/t_b/ros2_ws/src/UR-MiR-mobile-manipulator/install/realsense2_description/share/ament_index/resource_index/packages/realsense2_description
[1.309s] -- Installing: /home/t_b/ros2_ws/src/UR-MiR-mobile-manipulator/install/realsense2_description/share/realsense2_description/cmake/realsense2_descriptionConfig.cmake
[1.309s] -- Installing: /home/t_b/ros2_ws/src/UR-MiR-mobile-manipulator/install/realsense2_description/share/realsense2_description/cmake/realsense2_descriptionConfig-version.cmake
[1.310s] -- Installing: /home/t_b/ros2_ws/src/UR-MiR-mobile-manipulator/install/realsense2_description/share/realsense2_description/package.xml
[1.311s] Invoked command in '/home/t_b/ros2_ws/src/UR-MiR-mobile-manipulator/build/realsense2_description' returned '0': CMAKE_PREFIX_PATH=${CMAKE_PREFIX_PATH}:/home/t_b/ros2_ws/src/UR-MiR-mobile-manipulator/install/ros2_aruco:/home/t_b/ros2_ws/src/UR-MiR-mobile-manipulator/install/point_cloud_functions:/home/t_b/ros2_ws/src/UR-MiR-mobile-manipulator/install/mir_restapi:/home/t_b/ros2_ws/src/UR-MiR-mobile-manipulator/install/mir_driver:/home/t_b/pp_ros2_ws/install/rosbot_gazebo:/home/t_b/pp_ros2_ws/install/rosbot_controller:/home/t_b/pp_ros2_ws/install/rosbot_utils:/home/t_b/swaraj/piper_ros/install/piper:/home/t_b/leader_follower/install/apf:/home/t_b/amogh_app/amogh_ws/install/pursuers:/home/t_b/stonefish_ros/install/codes:/home/t_b/stonefish_ros/install/software_stack:/opt/ros/humble /usr/bin/cmake --install /home/t_b/ros2_ws/src/UR-MiR-mobile-manipulator/build/realsense2_description
