[0.016s] Invoking command in '/home/t_b/ros2_ws/src/UR-MiR-mobile-manipulator/build/ur_robot_driver': CMAKE_PREFIX_PATH=/home/t_b/ros2_ws/src/UR-MiR-mobile-manipulator/install/ur_controllers:/home/t_b/ros2_ws/src/UR-MiR-mobile-manipulator/install/ur_description:/home/t_b/ros2_ws/src/UR-MiR-mobile-manipulator/install/ur_dashboard_msgs:/home/t_b/ros2_ws/src/UR-MiR-mobile-manipulator/install/ur:/home/t_b/ros2_ws/src/UR-MiR-mobile-manipulator/install/ur_calibration:/home/t_b/ros2_ws/src/UR-MiR-mobile-manipulator/install/ur_robot_driver:/home/t_b/ros2_ws/src/UR-MiR-mobile-manipulator/install/ur_moveit_config:/home/t_b/ros2_ws/src/UR-MiR-mobile-manipulator/install/ur_bringup:/home/t_b/ros2_ws/src/UR-MiR-mobile-manipulator/install/ros2_aruco_interfaces:/home/t_b/ros2_ws/src/UR-MiR-mobile-manipulator/install/robotiq_description:/home/t_b/ros2_ws/src/UR-MiR-mobile-manipulator/install/realsense2_description:/home/t_b/ros2_ws/src/UR-MiR-mobile-manipulator/install/mir_robot:/home/t_b/ros2_ws/src/UR-MiR-mobile-manipulator/install/mir_navigation:/home/t_b/ros2_ws/src/UR-MiR-mobile-manipulator/install/mir_msgs:/home/t_b/ros2_ws/src/UR-MiR-mobile-manipulator/install/mir_gazebo:/home/t_b/ros2_ws/src/UR-MiR-mobile-manipulator/install/mir_description:/home/t_b/ros2_ws/src/UR-MiR-mobile-manipulator/install/mir_bringup:/home/t_b/ros2_ws/src/UR-MiR-mobile-manipulator/install/hello_moveit_ur:/home/t_b/pp_ros2_ws/install/rosbot:/home/t_b/pp_ros2_ws/install/rosbot_localization:/home/t_b/pp_ros2_ws/install/rosbot_joy:/home/t_b/pp_ros2_ws/install/open_manipulator_x_moveit:/home/t_b/pp_ros2_ws/install/rosbot_description:/home/t_b/pp_ros2_ws/install/open_manipulator_x_joy:/home/t_b/pp_ros2_ws/install/open_manipulator_x_description:/home/t_b/pp_ros2_ws/install/mecanum_drive_controller:/home/t_b/pp_ros2_ws/install/husarion_gz_worlds:/home/t_b/pp_ros2_ws/install/husarion_components_description:/home/t_b/pp_ros2_ws/install/dynamixel_hardware_interface:/home/t_b/swaraj/piper_ros/install/mtc_tutorial:/home/t_b/swaraj/piper_ros/install/moveit_task_constructor_visualization:/home/t_b/swaraj/piper_ros/install/moveit_task_constructor_demo:/home/t_b/swaraj/piper_ros/install/moveit_task_constructor_capabilities:/home/t_b/swaraj/piper_ros/install/moveit_task_constructor_core:/home/t_b/swaraj/piper_ros/install/rviz_marker_tools:/home/t_b/swaraj/piper_ros/install/posha_sim:/home/t_b/swaraj/piper_ros/install/piper_with_gripper_moveit:/home/t_b/swaraj/piper_ros/install/piper_no_gripper_moveit:/home/t_b/swaraj/piper_ros/install/piper_mujoco:/home/t_b/swaraj/piper_ros/install/piper_msgs:/home/t_b/swaraj/piper_ros/install/piper_humble:/home/t_b/swaraj/piper_ros/install/piper_gazebo:/home/t_b/swaraj/piper_ros/install/piper_description:/home/t_b/swaraj/piper_ros/install/moveit_task_constructor_msgs:/home/t_b/swaraj/piper_ros/install/hello_moveit:/home/t_b/gz_ros2_control_ws/install/ign_ros2_control_demos:/home/t_b/gz_ros2_control_ws/install/ign_ros2_control:/home/t_b/gz_ros2_control_ws/install/gz_ros2_control_tests:/home/t_b/gz_ros2_control_ws/install/gz_ros2_control_demos:/home/t_b/gz_ros2_control_ws/install/gz_ros2_control:/home/t_b/stonefish_ros/install/tour_interfaces:/home/t_b/stonefish_ros/install/stonefish_ros2:/home/t_b/ros2_ws/src/UR-MiR-mobile-manipulator/install/ros2_aruco:/home/t_b/ros2_ws/src/UR-MiR-mobile-manipulator/install/point_cloud_functions:/home/t_b/ros2_ws/src/UR-MiR-mobile-manipulator/install/mir_restapi:/home/t_b/ros2_ws/src/UR-MiR-mobile-manipulator/install/mir_driver:/home/t_b/pp_ros2_ws/install/rosbot_gazebo:/home/t_b/pp_ros2_ws/install/rosbot_controller:/home/t_b/pp_ros2_ws/install/rosbot_utils:/home/t_b/swaraj/piper_ros/install/piper:/home/t_b/leader_follower/install/apf:/home/t_b/amogh_app/amogh_ws/install/pursuers:/home/t_b/stonefish_ros/install/codes:/home/t_b/stonefish_ros/install/software_stack:/opt/ros/humble LD_LIBRARY_PATH=/home/t_b/ros2_ws/src/UR-MiR-mobile-manipulator/install/ur_controllers/lib:/home/t_b/ros2_ws/src/UR-MiR-mobile-manipulator/install/ur_dashboard_msgs/lib:/home/t_b/ros2_ws/src/UR-MiR-mobile-manipulator/install/ur_robot_driver/lib:/home/t_b/ros2_ws/src/UR-MiR-mobile-manipulator/install/ros2_aruco_interfaces/lib:/home/t_b/ros2_ws/src/UR-MiR-mobile-manipulator/install/mir_msgs/lib:/home/t_b/pp_ros2_ws/install/mecanum_drive_controller/lib:/home/t_b/pp_ros2_ws/install/dynamixel_hardware_interface/lib:/home/t_b/swaraj/piper_ros/install/moveit_task_constructor_visualization/lib:/home/t_b/swaraj/piper_ros/install/moveit_task_constructor_demo/lib:/home/t_b/swaraj/piper_ros/install/moveit_task_constructor_capabilities/lib:/home/t_b/swaraj/piper_ros/install/moveit_task_constructor_core/lib:/home/t_b/swaraj/piper_ros/install/rviz_marker_tools/lib:/home/t_b/swaraj/piper_ros/install/piper_msgs/lib:/home/t_b/swaraj/piper_ros/install/moveit_task_constructor_msgs/lib:/home/t_b/gz_ros2_control_ws/install/gz_ros2_control_demos/lib:/home/t_b/gz_ros2_control_ws/install/gz_ros2_control/lib:/home/t_b/stonefish_ros/install/tour_interfaces/lib:/home/t_b/stonefish_ros/install/stonefish_ros2/lib:/opt/ros/humble/opt/rviz_ogre_vendor/lib:/opt/ros/humble/lib/x86_64-linux-gnu:/opt/ros/humble/lib /usr/bin/cmake --build /home/t_b/ros2_ws/src/UR-MiR-mobile-manipulator/build/ur_robot_driver -- -j16 -l16
[0.065s] [ 18%] Built target trajectory_until_node
[0.065s] [ 18%] Built target urscript_interface
[0.065s] [ 27%] Built target ur_ros2_control_node
[0.066s] [ 45%] Built target robot_state_helper
[0.067s] [ 59%] Built target controller_stopper_node
[0.069s] [ 81%] Built target ur_robot_driver_plugin
[0.069s] [100%] Built target dashboard_client
[0.069s] [100%] Built target ament_cmake_python_copy_ur_robot_driver
[0.250s] running egg_info
[0.250s] writing ur_robot_driver.egg-info/PKG-INFO
[0.250s] writing dependency_links to ur_robot_driver.egg-info/dependency_links.txt
[0.250s] writing top-level names to ur_robot_driver.egg-info/top_level.txt
[0.252s] reading manifest file 'ur_robot_driver.egg-info/SOURCES.txt'
[0.252s] writing manifest file 'ur_robot_driver.egg-info/SOURCES.txt'
[0.272s] [100%] Built target ament_cmake_python_build_ur_robot_driver_egg
[0.281s] Invoked command in '/home/t_b/ros2_ws/src/UR-MiR-mobile-manipulator/build/ur_robot_driver' returned '0': CMAKE_PREFIX_PATH=/home/t_b/ros2_ws/src/UR-MiR-mobile-manipulator/install/ur_controllers:/home/t_b/ros2_ws/src/UR-MiR-mobile-manipulator/install/ur_description:/home/t_b/ros2_ws/src/UR-MiR-mobile-manipulator/install/ur_dashboard_msgs:/home/t_b/ros2_ws/src/UR-MiR-mobile-manipulator/install/ur:/home/t_b/ros2_ws/src/UR-MiR-mobile-manipulator/install/ur_calibration:/home/t_b/ros2_ws/src/UR-MiR-mobile-manipulator/install/ur_robot_driver:/home/t_b/ros2_ws/src/UR-MiR-mobile-manipulator/install/ur_moveit_config:/home/t_b/ros2_ws/src/UR-MiR-mobile-manipulator/install/ur_bringup:/home/t_b/ros2_ws/src/UR-MiR-mobile-manipulator/install/ros2_aruco_interfaces:/home/t_b/ros2_ws/src/UR-MiR-mobile-manipulator/install/robotiq_description:/home/t_b/ros2_ws/src/UR-MiR-mobile-manipulator/install/realsense2_description:/home/t_b/ros2_ws/src/UR-MiR-mobile-manipulator/install/mir_robot:/home/t_b/ros2_ws/src/UR-MiR-mobile-manipulator/install/mir_navigation:/home/t_b/ros2_ws/src/UR-MiR-mobile-manipulator/install/mir_msgs:/home/t_b/ros2_ws/src/UR-MiR-mobile-manipulator/install/mir_gazebo:/home/t_b/ros2_ws/src/UR-MiR-mobile-manipulator/install/mir_description:/home/t_b/ros2_ws/src/UR-MiR-mobile-manipulator/install/mir_bringup:/home/t_b/ros2_ws/src/UR-MiR-mobile-manipulator/install/hello_moveit_ur:/home/t_b/pp_ros2_ws/install/rosbot:/home/t_b/pp_ros2_ws/install/rosbot_localization:/home/t_b/pp_ros2_ws/install/rosbot_joy:/home/t_b/pp_ros2_ws/install/open_manipulator_x_moveit:/home/t_b/pp_ros2_ws/install/rosbot_description:/home/t_b/pp_ros2_ws/install/open_manipulator_x_joy:/home/t_b/pp_ros2_ws/install/open_manipulator_x_description:/home/t_b/pp_ros2_ws/install/mecanum_drive_controller:/home/t_b/pp_ros2_ws/install/husarion_gz_worlds:/home/t_b/pp_ros2_ws/install/husarion_components_description:/home/t_b/pp_ros2_ws/install/dynamixel_hardware_interface:/home/t_b/swaraj/piper_ros/install/mtc_tutorial:/home/t_b/swaraj/piper_ros/install/moveit_task_constructor_visualization:/home/t_b/swaraj/piper_ros/install/moveit_task_constructor_demo:/home/t_b/swaraj/piper_ros/install/moveit_task_constructor_capabilities:/home/t_b/swaraj/piper_ros/install/moveit_task_constructor_core:/home/t_b/swaraj/piper_ros/install/rviz_marker_tools:/home/t_b/swaraj/piper_ros/install/posha_sim:/home/t_b/swaraj/piper_ros/install/piper_with_gripper_moveit:/home/t_b/swaraj/piper_ros/install/piper_no_gripper_moveit:/home/t_b/swaraj/piper_ros/install/piper_mujoco:/home/t_b/swaraj/piper_ros/install/piper_msgs:/home/t_b/swaraj/piper_ros/install/piper_humble:/home/t_b/swaraj/piper_ros/install/piper_gazebo:/home/t_b/swaraj/piper_ros/install/piper_description:/home/t_b/swaraj/piper_ros/install/moveit_task_constructor_msgs:/home/t_b/swaraj/piper_ros/install/hello_moveit:/home/t_b/gz_ros2_control_ws/install/ign_ros2_control_demos:/home/t_b/gz_ros2_control_ws/install/ign_ros2_control:/home/t_b/gz_ros2_control_ws/install/gz_ros2_control_tests:/home/t_b/gz_ros2_control_ws/install/gz_ros2_control_demos:/home/t_b/gz_ros2_control_ws/install/gz_ros2_control:/home/t_b/stonefish_ros/install/tour_interfaces:/home/t_b/stonefish_ros/install/stonefish_ros2:/home/t_b/ros2_ws/src/UR-MiR-mobile-manipulator/install/ros2_aruco:/home/t_b/ros2_ws/src/UR-MiR-mobile-manipulator/install/point_cloud_functions:/home/t_b/ros2_ws/src/UR-MiR-mobile-manipulator/install/mir_restapi:/home/t_b/ros2_ws/src/UR-MiR-mobile-manipulator/install/mir_driver:/home/t_b/pp_ros2_ws/install/rosbot_gazebo:/home/t_b/pp_ros2_ws/install/rosbot_controller:/home/t_b/pp_ros2_ws/install/rosbot_utils:/home/t_b/swaraj/piper_ros/install/piper:/home/t_b/leader_follower/install/apf:/home/t_b/amogh_app/amogh_ws/install/pursuers:/home/t_b/stonefish_ros/install/codes:/home/t_b/stonefish_ros/install/software_stack:/opt/ros/humble LD_LIBRARY_PATH=/home/t_b/ros2_ws/src/UR-MiR-mobile-manipulator/install/ur_controllers/lib:/home/t_b/ros2_ws/src/UR-MiR-mobile-manipulator/install/ur_dashboard_msgs/lib:/home/t_b/ros2_ws/src/UR-MiR-mobile-manipulator/install/ur_robot_driver/lib:/home/t_b/ros2_ws/src/UR-MiR-mobile-manipulator/install/ros2_aruco_interfaces/lib:/home/t_b/ros2_ws/src/UR-MiR-mobile-manipulator/install/mir_msgs/lib:/home/t_b/pp_ros2_ws/install/mecanum_drive_controller/lib:/home/t_b/pp_ros2_ws/install/dynamixel_hardware_interface/lib:/home/t_b/swaraj/piper_ros/install/moveit_task_constructor_visualization/lib:/home/t_b/swaraj/piper_ros/install/moveit_task_constructor_demo/lib:/home/t_b/swaraj/piper_ros/install/moveit_task_constructor_capabilities/lib:/home/t_b/swaraj/piper_ros/install/moveit_task_constructor_core/lib:/home/t_b/swaraj/piper_ros/install/rviz_marker_tools/lib:/home/t_b/swaraj/piper_ros/install/piper_msgs/lib:/home/t_b/swaraj/piper_ros/install/moveit_task_constructor_msgs/lib:/home/t_b/gz_ros2_control_ws/install/gz_ros2_control_demos/lib:/home/t_b/gz_ros2_control_ws/install/gz_ros2_control/lib:/home/t_b/stonefish_ros/install/tour_interfaces/lib:/home/t_b/stonefish_ros/install/stonefish_ros2/lib:/opt/ros/humble/opt/rviz_ogre_vendor/lib:/opt/ros/humble/lib/x86_64-linux-gnu:/opt/ros/humble/lib /usr/bin/cmake --build /home/t_b/ros2_ws/src/UR-MiR-mobile-manipulator/build/ur_robot_driver -- -j16 -l16
[0.282s] Invoking command in '/home/t_b/ros2_ws/src/UR-MiR-mobile-manipulator/build/ur_robot_driver': CMAKE_PREFIX_PATH=/home/t_b/ros2_ws/src/UR-MiR-mobile-manipulator/install/ur_controllers:/home/t_b/ros2_ws/src/UR-MiR-mobile-manipulator/install/ur_description:/home/t_b/ros2_ws/src/UR-MiR-mobile-manipulator/install/ur_dashboard_msgs:/home/t_b/ros2_ws/src/UR-MiR-mobile-manipulator/install/ur:/home/t_b/ros2_ws/src/UR-MiR-mobile-manipulator/install/ur_calibration:/home/t_b/ros2_ws/src/UR-MiR-mobile-manipulator/install/ur_robot_driver:/home/t_b/ros2_ws/src/UR-MiR-mobile-manipulator/install/ur_moveit_config:/home/t_b/ros2_ws/src/UR-MiR-mobile-manipulator/install/ur_bringup:/home/t_b/ros2_ws/src/UR-MiR-mobile-manipulator/install/ros2_aruco_interfaces:/home/t_b/ros2_ws/src/UR-MiR-mobile-manipulator/install/robotiq_description:/home/t_b/ros2_ws/src/UR-MiR-mobile-manipulator/install/realsense2_description:/home/t_b/ros2_ws/src/UR-MiR-mobile-manipulator/install/mir_robot:/home/t_b/ros2_ws/src/UR-MiR-mobile-manipulator/install/mir_navigation:/home/t_b/ros2_ws/src/UR-MiR-mobile-manipulator/install/mir_msgs:/home/t_b/ros2_ws/src/UR-MiR-mobile-manipulator/install/mir_gazebo:/home/t_b/ros2_ws/src/UR-MiR-mobile-manipulator/install/mir_description:/home/t_b/ros2_ws/src/UR-MiR-mobile-manipulator/install/mir_bringup:/home/t_b/ros2_ws/src/UR-MiR-mobile-manipulator/install/hello_moveit_ur:/home/t_b/pp_ros2_ws/install/rosbot:/home/t_b/pp_ros2_ws/install/rosbot_localization:/home/t_b/pp_ros2_ws/install/rosbot_joy:/home/t_b/pp_ros2_ws/install/open_manipulator_x_moveit:/home/t_b/pp_ros2_ws/install/rosbot_description:/home/t_b/pp_ros2_ws/install/open_manipulator_x_joy:/home/t_b/pp_ros2_ws/install/open_manipulator_x_description:/home/t_b/pp_ros2_ws/install/mecanum_drive_controller:/home/t_b/pp_ros2_ws/install/husarion_gz_worlds:/home/t_b/pp_ros2_ws/install/husarion_components_description:/home/t_b/pp_ros2_ws/install/dynamixel_hardware_interface:/home/t_b/swaraj/piper_ros/install/mtc_tutorial:/home/t_b/swaraj/piper_ros/install/moveit_task_constructor_visualization:/home/t_b/swaraj/piper_ros/install/moveit_task_constructor_demo:/home/t_b/swaraj/piper_ros/install/moveit_task_constructor_capabilities:/home/t_b/swaraj/piper_ros/install/moveit_task_constructor_core:/home/t_b/swaraj/piper_ros/install/rviz_marker_tools:/home/t_b/swaraj/piper_ros/install/posha_sim:/home/t_b/swaraj/piper_ros/install/piper_with_gripper_moveit:/home/t_b/swaraj/piper_ros/install/piper_no_gripper_moveit:/home/t_b/swaraj/piper_ros/install/piper_mujoco:/home/t_b/swaraj/piper_ros/install/piper_msgs:/home/t_b/swaraj/piper_ros/install/piper_humble:/home/t_b/swaraj/piper_ros/install/piper_gazebo:/home/t_b/swaraj/piper_ros/install/piper_description:/home/t_b/swaraj/piper_ros/install/moveit_task_constructor_msgs:/home/t_b/swaraj/piper_ros/install/hello_moveit:/home/t_b/gz_ros2_control_ws/install/ign_ros2_control_demos:/home/t_b/gz_ros2_control_ws/install/ign_ros2_control:/home/t_b/gz_ros2_control_ws/install/gz_ros2_control_tests:/home/t_b/gz_ros2_control_ws/install/gz_ros2_control_demos:/home/t_b/gz_ros2_control_ws/install/gz_ros2_control:/home/t_b/stonefish_ros/install/tour_interfaces:/home/t_b/stonefish_ros/install/stonefish_ros2:/home/t_b/ros2_ws/src/UR-MiR-mobile-manipulator/install/ros2_aruco:/home/t_b/ros2_ws/src/UR-MiR-mobile-manipulator/install/point_cloud_functions:/home/t_b/ros2_ws/src/UR-MiR-mobile-manipulator/install/mir_restapi:/home/t_b/ros2_ws/src/UR-MiR-mobile-manipulator/install/mir_driver:/home/t_b/pp_ros2_ws/install/rosbot_gazebo:/home/t_b/pp_ros2_ws/install/rosbot_controller:/home/t_b/pp_ros2_ws/install/rosbot_utils:/home/t_b/swaraj/piper_ros/install/piper:/home/t_b/leader_follower/install/apf:/home/t_b/amogh_app/amogh_ws/install/pursuers:/home/t_b/stonefish_ros/install/codes:/home/t_b/stonefish_ros/install/software_stack:/opt/ros/humble LD_LIBRARY_PATH=/home/t_b/ros2_ws/src/UR-MiR-mobile-manipulator/install/ur_controllers/lib:/home/t_b/ros2_ws/src/UR-MiR-mobile-manipulator/install/ur_dashboard_msgs/lib:/home/t_b/ros2_ws/src/UR-MiR-mobile-manipulator/install/ur_robot_driver/lib:/home/t_b/ros2_ws/src/UR-MiR-mobile-manipulator/install/ros2_aruco_interfaces/lib:/home/t_b/ros2_ws/src/UR-MiR-mobile-manipulator/install/mir_msgs/lib:/home/t_b/pp_ros2_ws/install/mecanum_drive_controller/lib:/home/t_b/pp_ros2_ws/install/dynamixel_hardware_interface/lib:/home/t_b/swaraj/piper_ros/install/moveit_task_constructor_visualization/lib:/home/t_b/swaraj/piper_ros/install/moveit_task_constructor_demo/lib:/home/t_b/swaraj/piper_ros/install/moveit_task_constructor_capabilities/lib:/home/t_b/swaraj/piper_ros/install/moveit_task_constructor_core/lib:/home/t_b/swaraj/piper_ros/install/rviz_marker_tools/lib:/home/t_b/swaraj/piper_ros/install/piper_msgs/lib:/home/t_b/swaraj/piper_ros/install/moveit_task_constructor_msgs/lib:/home/t_b/gz_ros2_control_ws/install/gz_ros2_control_demos/lib:/home/t_b/gz_ros2_control_ws/install/gz_ros2_control/lib:/home/t_b/stonefish_ros/install/tour_interfaces/lib:/home/t_b/stonefish_ros/install/stonefish_ros2/lib:/opt/ros/humble/opt/rviz_ogre_vendor/lib:/opt/ros/humble/lib/x86_64-linux-gnu:/opt/ros/humble/lib /usr/bin/cmake --install /home/t_b/ros2_ws/src/UR-MiR-mobile-manipulator/build/ur_robot_driver
[0.289s] -- Install configuration: "RelWithDebInfo"
[0.289s] -- Up-to-date: /home/t_b/ros2_ws/src/UR-MiR-mobile-manipulator/install/ur_robot_driver/share/ur_robot_driver/hardware_interface_plugin.xml
[0.289s] -- Up-to-date: /home/t_b/ros2_ws/src/UR-MiR-mobile-manipulator/install/ur_robot_driver/lib/ur_robot_driver/controller_stopper_node
[0.289s] -- Up-to-date: /home/t_b/ros2_ws/src/UR-MiR-mobile-manipulator/install/ur_robot_driver/lib/ur_robot_driver/dashboard_client
[0.289s] -- Up-to-date: /home/t_b/ros2_ws/src/UR-MiR-mobile-manipulator/install/ur_robot_driver/lib/ur_robot_driver/robot_state_helper
[0.289s] -- Up-to-date: /home/t_b/ros2_ws/src/UR-MiR-mobile-manipulator/install/ur_robot_driver/lib/ur_robot_driver/trajectory_until_node
[0.290s] -- Up-to-date: /home/t_b/ros2_ws/src/UR-MiR-mobile-manipulator/install/ur_robot_driver/lib/ur_robot_driver/ur_ros2_control_node
[0.290s] -- Up-to-date: /home/t_b/ros2_ws/src/UR-MiR-mobile-manipulator/install/ur_robot_driver/lib/ur_robot_driver/urscript_interface
[0.290s] -- Up-to-date: /home/t_b/ros2_ws/src/UR-MiR-mobile-manipulator/install/ur_robot_driver/lib/libur_robot_driver_plugin.so
[0.290s] -- Up-to-date: /home/t_b/ros2_ws/src/UR-MiR-mobile-manipulator/install/ur_robot_driver/include
[0.290s] -- Up-to-date: /home/t_b/ros2_ws/src/UR-MiR-mobile-manipulator/install/ur_robot_driver/include/ur_robot_driver
[0.290s] -- Up-to-date: /home/t_b/ros2_ws/src/UR-MiR-mobile-manipulator/install/ur_robot_driver/include/ur_robot_driver/urcl_log_handler.hpp
[0.290s] -- Up-to-date: /home/t_b/ros2_ws/src/UR-MiR-mobile-manipulator/install/ur_robot_driver/include/ur_robot_driver/hardware_interface.hpp
[0.290s] -- Up-to-date: /home/t_b/ros2_ws/src/UR-MiR-mobile-manipulator/install/ur_robot_driver/include/ur_robot_driver/robot_state_helper.hpp
[0.290s] -- Up-to-date: /home/t_b/ros2_ws/src/UR-MiR-mobile-manipulator/install/ur_robot_driver/include/ur_robot_driver/trajectory_until_node.hpp
[0.290s] -- Up-to-date: /home/t_b/ros2_ws/src/UR-MiR-mobile-manipulator/install/ur_robot_driver/include/ur_robot_driver/controller_stopper.hpp
[0.290s] -- Up-to-date: /home/t_b/ros2_ws/src/UR-MiR-mobile-manipulator/install/ur_robot_driver/include/ur_robot_driver/dashboard_client_ros.hpp
[0.290s] -- Up-to-date: /home/t_b/ros2_ws/src/UR-MiR-mobile-manipulator/install/ur_robot_driver/share/ur_robot_driver/environment/library_path.sh
[0.290s] -- Up-to-date: /home/t_b/ros2_ws/src/UR-MiR-mobile-manipulator/install/ur_robot_driver/share/ur_robot_driver/environment/library_path.dsv
[0.290s] -- Up-to-date: /home/t_b/ros2_ws/src/UR-MiR-mobile-manipulator/install/ur_robot_driver/share/ur_robot_driver/resources
[0.290s] -- Up-to-date: /home/t_b/ros2_ws/src/UR-MiR-mobile-manipulator/install/ur_robot_driver/share/ur_robot_driver/resources/rtde_input_recipe.txt
[0.290s] -- Up-to-date: /home/t_b/ros2_ws/src/UR-MiR-mobile-manipulator/install/ur_robot_driver/share/ur_robot_driver/resources/rs485-1.0.urcap
[0.290s] -- Up-to-date: /home/t_b/ros2_ws/src/UR-MiR-mobile-manipulator/install/ur_robot_driver/share/ur_robot_driver/resources/rtde_output_recipe.txt
[0.290s] -- Up-to-date: /home/t_b/ros2_ws/src/UR-MiR-mobile-manipulator/install/ur_robot_driver/share/ur_robot_driver/resources/externalcontrol-1.0.5.urcap
[0.290s] -- Up-to-date: /home/t_b/ros2_ws/src/UR-MiR-mobile-manipulator/install/ur_robot_driver/share/ur_robot_driver/resources/ros_control.urscript
[0.290s] -- Up-to-date: /home/t_b/ros2_ws/src/UR-MiR-mobile-manipulator/install/ur_robot_driver/include
[0.290s] -- Up-to-date: /home/t_b/ros2_ws/src/UR-MiR-mobile-manipulator/install/ur_robot_driver/include/ur_robot_driver
[0.290s] -- Up-to-date: /home/t_b/ros2_ws/src/UR-MiR-mobile-manipulator/install/ur_robot_driver/include/ur_robot_driver/urcl_log_handler.hpp
[0.291s] -- Up-to-date: /home/t_b/ros2_ws/src/UR-MiR-mobile-manipulator/install/ur_robot_driver/include/ur_robot_driver/hardware_interface.hpp
[0.291s] -- Up-to-date: /home/t_b/ros2_ws/src/UR-MiR-mobile-manipulator/install/ur_robot_driver/include/ur_robot_driver/robot_state_helper.hpp
[0.291s] -- Up-to-date: /home/t_b/ros2_ws/src/UR-MiR-mobile-manipulator/install/ur_robot_driver/include/ur_robot_driver/trajectory_until_node.hpp
[0.291s] -- Up-to-date: /home/t_b/ros2_ws/src/UR-MiR-mobile-manipulator/install/ur_robot_driver/include/ur_robot_driver/controller_stopper.hpp
[0.291s] -- Up-to-date: /home/t_b/ros2_ws/src/UR-MiR-mobile-manipulator/install/ur_robot_driver/include/ur_robot_driver/dashboard_client_ros.hpp
[0.291s] -- Up-to-date: /home/t_b/ros2_ws/src/UR-MiR-mobile-manipulator/install/ur_robot_driver/share/ur_robot_driver/environment/pythonpath.sh
[0.291s] -- Up-to-date: /home/t_b/ros2_ws/src/UR-MiR-mobile-manipulator/install/ur_robot_driver/share/ur_robot_driver/environment/pythonpath.dsv
[0.291s] -- Up-to-date: /home/t_b/ros2_ws/src/UR-MiR-mobile-manipulator/install/ur_robot_driver/local/lib/python3.10/dist-packages/ur_robot_driver-2.13.1-py3.10.egg-info
[0.291s] -- Installing: /home/t_b/ros2_ws/src/UR-MiR-mobile-manipulator/install/ur_robot_driver/local/lib/python3.10/dist-packages/ur_robot_driver-2.13.1-py3.10.egg-info/SOURCES.txt
[0.291s] -- Installing: /home/t_b/ros2_ws/src/UR-MiR-mobile-manipulator/install/ur_robot_driver/local/lib/python3.10/dist-packages/ur_robot_driver-2.13.1-py3.10.egg-info/dependency_links.txt
[0.291s] -- Installing: /home/t_b/ros2_ws/src/UR-MiR-mobile-manipulator/install/ur_robot_driver/local/lib/python3.10/dist-packages/ur_robot_driver-2.13.1-py3.10.egg-info/PKG-INFO
[0.291s] -- Installing: /home/t_b/ros2_ws/src/UR-MiR-mobile-manipulator/install/ur_robot_driver/local/lib/python3.10/dist-packages/ur_robot_driver-2.13.1-py3.10.egg-info/top_level.txt
[0.291s] -- Up-to-date: /home/t_b/ros2_ws/src/UR-MiR-mobile-manipulator/install/ur_robot_driver/local/lib/python3.10/dist-packages/ur_robot_driver
[0.291s] -- Up-to-date: /home/t_b/ros2_ws/src/UR-MiR-mobile-manipulator/install/ur_robot_driver/local/lib/python3.10/dist-packages/ur_robot_driver/__init__.py
[0.315s] Listing '/home/t_b/ros2_ws/src/UR-MiR-mobile-manipulator/install/ur_robot_driver/local/lib/python3.10/dist-packages/ur_robot_driver'...
[0.318s] -- Up-to-date: /home/t_b/ros2_ws/src/UR-MiR-mobile-manipulator/install/ur_robot_driver/lib/ur_robot_driver/tool_communication.py
[0.318s] -- Up-to-date: /home/t_b/ros2_ws/src/UR-MiR-mobile-manipulator/install/ur_robot_driver/lib/ur_robot_driver/example_move.py
[0.318s] -- Up-to-date: /home/t_b/ros2_ws/src/UR-MiR-mobile-manipulator/install/ur_robot_driver/lib/ur_robot_driver/start_ursim.sh
[0.318s] -- Up-to-date: /home/t_b/ros2_ws/src/UR-MiR-mobile-manipulator/install/ur_robot_driver/lib/ur_robot_driver/examples.py
[0.318s] -- Up-to-date: /home/t_b/ros2_ws/src/UR-MiR-mobile-manipulator/install/ur_robot_driver/lib/ur_robot_driver/force_mode.py
[0.318s] -- Up-to-date: /home/t_b/ros2_ws/src/UR-MiR-mobile-manipulator/install/ur_robot_driver/lib/ur_robot_driver/move_until_example.py
[0.318s] -- Up-to-date: /home/t_b/ros2_ws/src/UR-MiR-mobile-manipulator/install/ur_robot_driver/bin/wait_dashboard_server.sh
[0.318s] -- Up-to-date: /home/t_b/ros2_ws/src/UR-MiR-mobile-manipulator/install/ur_robot_driver/lib/ur_robot_driver/start_ursim.sh
[0.318s] -- Up-to-date: /home/t_b/ros2_ws/src/UR-MiR-mobile-manipulator/install/ur_robot_driver/share/ur_robot_driver/config
[0.319s] -- Up-to-date: /home/t_b/ros2_ws/src/UR-MiR-mobile-manipulator/install/ur_robot_driver/share/ur_robot_driver/config/ur30_update_rate.yaml
[0.319s] -- Up-to-date: /home/t_b/ros2_ws/src/UR-MiR-mobile-manipulator/install/ur_robot_driver/share/ur_robot_driver/config/ur5_update_rate.yaml
[0.319s] -- Up-to-date: /home/t_b/ros2_ws/src/UR-MiR-mobile-manipulator/install/ur_robot_driver/share/ur_robot_driver/config/ur15_update_rate.yaml
[0.319s] -- Up-to-date: /home/t_b/ros2_ws/src/UR-MiR-mobile-manipulator/install/ur_robot_driver/share/ur_robot_driver/config/ur12e_update_rate.yaml
[0.319s] -- Up-to-date: /home/t_b/ros2_ws/src/UR-MiR-mobile-manipulator/install/ur_robot_driver/share/ur_robot_driver/config/ur8long_update_rate.yaml
[0.319s] -- Up-to-date: /home/t_b/ros2_ws/src/UR-MiR-mobile-manipulator/install/ur_robot_driver/share/ur_robot_driver/config/ur10_update_rate.yaml
[0.319s] -- Up-to-date: /home/t_b/ros2_ws/src/UR-MiR-mobile-manipulator/install/ur_robot_driver/share/ur_robot_driver/config/ur_controllers.yaml
[0.319s] -- Up-to-date: /home/t_b/ros2_ws/src/UR-MiR-mobile-manipulator/install/ur_robot_driver/share/ur_robot_driver/config/ur16e_update_rate.yaml
[0.319s] -- Up-to-date: /home/t_b/ros2_ws/src/UR-MiR-mobile-manipulator/install/ur_robot_driver/share/ur_robot_driver/config/ur5e_update_rate.yaml
[0.319s] -- Up-to-date: /home/t_b/ros2_ws/src/UR-MiR-mobile-manipulator/install/ur_robot_driver/share/ur_robot_driver/config/ur3_update_rate.yaml
[0.319s] -- Up-to-date: /home/t_b/ros2_ws/src/UR-MiR-mobile-manipulator/install/ur_robot_driver/share/ur_robot_driver/config/ur7e_update_rate.yaml
[0.319s] -- Up-to-date: /home/t_b/ros2_ws/src/UR-MiR-mobile-manipulator/install/ur_robot_driver/share/ur_robot_driver/config/test_velocity_goal_publishers_config.yaml
[0.319s] -- Up-to-date: /home/t_b/ros2_ws/src/UR-MiR-mobile-manipulator/install/ur_robot_driver/share/ur_robot_driver/config/ur18_update_rate.yaml
[0.319s] -- Up-to-date: /home/t_b/ros2_ws/src/UR-MiR-mobile-manipulator/install/ur_robot_driver/share/ur_robot_driver/config/test_goal_publishers_config.yaml
[0.319s] -- Up-to-date: /home/t_b/ros2_ws/src/UR-MiR-mobile-manipulator/install/ur_robot_driver/share/ur_robot_driver/config/ur3e_update_rate.yaml
[0.319s] -- Up-to-date: /home/t_b/ros2_ws/src/UR-MiR-mobile-manipulator/install/ur_robot_driver/share/ur_robot_driver/config/ur10e_update_rate.yaml
[0.319s] -- Up-to-date: /home/t_b/ros2_ws/src/UR-MiR-mobile-manipulator/install/ur_robot_driver/share/ur_robot_driver/config/ur20_update_rate.yaml
[0.319s] -- Up-to-date: /home/t_b/ros2_ws/src/UR-MiR-mobile-manipulator/install/ur_robot_driver/share/ur_robot_driver/launch
[0.319s] -- Up-to-date: /home/t_b/ros2_ws/src/UR-MiR-mobile-manipulator/install/ur_robot_driver/share/ur_robot_driver/launch/ur15.launch.py
[0.319s] -- Up-to-date: /home/t_b/ros2_ws/src/UR-MiR-mobile-manipulator/install/ur_robot_driver/share/ur_robot_driver/launch/ur12e.launch.py
[0.319s] -- Up-to-date: /home/t_b/ros2_ws/src/UR-MiR-mobile-manipulator/install/ur_robot_driver/share/ur_robot_driver/launch/ur20.launch.py
[0.319s] -- Up-to-date: /home/t_b/ros2_ws/src/UR-MiR-mobile-manipulator/install/ur_robot_driver/share/ur_robot_driver/launch/test_joint_trajectory_controller.launch.py
[0.319s] -- Up-to-date: /home/t_b/ros2_ws/src/UR-MiR-mobile-manipulator/install/ur_robot_driver/share/ur_robot_driver/launch/ur10.launch.py
[0.319s] -- Up-to-date: /home/t_b/ros2_ws/src/UR-MiR-mobile-manipulator/install/ur_robot_driver/share/ur_robot_driver/launch/ur5.launch.py
[0.319s] -- Up-to-date: /home/t_b/ros2_ws/src/UR-MiR-mobile-manipulator/install/ur_robot_driver/share/ur_robot_driver/launch/ur3.launch.py
[0.319s] -- Up-to-date: /home/t_b/ros2_ws/src/UR-MiR-mobile-manipulator/install/ur_robot_driver/share/ur_robot_driver/launch/ur5e.launch.py
[0.319s] -- Up-to-date: /home/t_b/ros2_ws/src/UR-MiR-mobile-manipulator/install/ur_robot_driver/share/ur_robot_driver/launch/ur30.launch.py
[0.319s] -- Up-to-date: /home/t_b/ros2_ws/src/UR-MiR-mobile-manipulator/install/ur_robot_driver/share/ur_robot_driver/launch/ur3e.launch.py
[0.319s] -- Up-to-date: /home/t_b/ros2_ws/src/UR-MiR-mobile-manipulator/install/ur_robot_driver/share/ur_robot_driver/launch/ur16e.launch.py
[0.319s] -- Up-to-date: /home/t_b/ros2_ws/src/UR-MiR-mobile-manipulator/install/ur_robot_driver/share/ur_robot_driver/launch/ur_control.launch.py
[0.319s] -- Up-to-date: /home/t_b/ros2_ws/src/UR-MiR-mobile-manipulator/install/ur_robot_driver/share/ur_robot_driver/launch/ur7e.launch.py
[0.319s] -- Up-to-date: /home/t_b/ros2_ws/src/UR-MiR-mobile-manipulator/install/ur_robot_driver/share/ur_robot_driver/launch/test_scaled_joint_trajectory_controller.launch.py
[0.320s] -- Up-to-date: /home/t_b/ros2_ws/src/UR-MiR-mobile-manipulator/install/ur_robot_driver/share/ur_robot_driver/launch/ur_dashboard_client.launch.py
[0.320s] -- Up-to-date: /home/t_b/ros2_ws/src/UR-MiR-mobile-manipulator/install/ur_robot_driver/share/ur_robot_driver/launch/ur8long.launch.py
[0.320s] -- Up-to-date: /home/t_b/ros2_ws/src/UR-MiR-mobile-manipulator/install/ur_robot_driver/share/ur_robot_driver/launch/ur10e.launch.py
[0.320s] -- Up-to-date: /home/t_b/ros2_ws/src/UR-MiR-mobile-manipulator/install/ur_robot_driver/share/ur_robot_driver/launch/ur18.launch.py
[0.320s] -- Up-to-date: /home/t_b/ros2_ws/src/UR-MiR-mobile-manipulator/install/ur_robot_driver/share/ur_robot_driver/launch/test_forward_velocity_controller.launch.py
[0.320s] -- Up-to-date: /home/t_b/ros2_ws/src/UR-MiR-mobile-manipulator/install/ur_robot_driver/share/ament_index/resource_index/package_run_dependencies/ur_robot_driver
[0.320s] -- Up-to-date: /home/t_b/ros2_ws/src/UR-MiR-mobile-manipulator/install/ur_robot_driver/share/ament_index/resource_index/parent_prefix_path/ur_robot_driver
[0.320s] -- Up-to-date: /home/t_b/ros2_ws/src/UR-MiR-mobile-manipulator/install/ur_robot_driver/share/ur_robot_driver/environment/ament_prefix_path.sh
[0.320s] -- Up-to-date: /home/t_b/ros2_ws/src/UR-MiR-mobile-manipulator/install/ur_robot_driver/share/ur_robot_driver/environment/ament_prefix_path.dsv
[0.320s] -- Up-to-date: /home/t_b/ros2_ws/src/UR-MiR-mobile-manipulator/install/ur_robot_driver/share/ur_robot_driver/environment/path.sh
[0.320s] -- Up-to-date: /home/t_b/ros2_ws/src/UR-MiR-mobile-manipulator/install/ur_robot_driver/share/ur_robot_driver/environment/path.dsv
[0.320s] -- Up-to-date: /home/t_b/ros2_ws/src/UR-MiR-mobile-manipulator/install/ur_robot_driver/share/ur_robot_driver/local_setup.bash
[0.320s] -- Up-to-date: /home/t_b/ros2_ws/src/UR-MiR-mobile-manipulator/install/ur_robot_driver/share/ur_robot_driver/local_setup.sh
[0.320s] -- Up-to-date: /home/t_b/ros2_ws/src/UR-MiR-mobile-manipulator/install/ur_robot_driver/share/ur_robot_driver/local_setup.zsh
[0.320s] -- Up-to-date: /home/t_b/ros2_ws/src/UR-MiR-mobile-manipulator/install/ur_robot_driver/share/ur_robot_driver/local_setup.dsv
[0.320s] -- Installing: /home/t_b/ros2_ws/src/UR-MiR-mobile-manipulator/install/ur_robot_driver/share/ur_robot_driver/package.dsv
[0.320s] -- Up-to-date: /home/t_b/ros2_ws/src/UR-MiR-mobile-manipulator/install/ur_robot_driver/share/ament_index/resource_index/packages/ur_robot_driver
[0.320s] -- Up-to-date: /home/t_b/ros2_ws/src/UR-MiR-mobile-manipulator/install/ur_robot_driver/share/ament_index/resource_index/hardware_interface__pluginlib__plugin/ur_robot_driver
[0.320s] -- Up-to-date: /home/t_b/ros2_ws/src/UR-MiR-mobile-manipulator/install/ur_robot_driver/share/ur_robot_driver/cmake/ament_cmake_export_include_directories-extras.cmake
[0.320s] -- Up-to-date: /home/t_b/ros2_ws/src/UR-MiR-mobile-manipulator/install/ur_robot_driver/share/ur_robot_driver/cmake/ament_cmake_export_libraries-extras.cmake
[0.320s] -- Up-to-date: /home/t_b/ros2_ws/src/UR-MiR-mobile-manipulator/install/ur_robot_driver/share/ur_robot_driver/cmake/ament_cmake_export_dependencies-extras.cmake
[0.320s] -- Up-to-date: /home/t_b/ros2_ws/src/UR-MiR-mobile-manipulator/install/ur_robot_driver/share/ur_robot_driver/cmake/ur_robot_driverConfig.cmake
[0.320s] -- Up-to-date: /home/t_b/ros2_ws/src/UR-MiR-mobile-manipulator/install/ur_robot_driver/share/ur_robot_driver/cmake/ur_robot_driverConfig-version.cmake
[0.320s] -- Up-to-date: /home/t_b/ros2_ws/src/UR-MiR-mobile-manipulator/install/ur_robot_driver/share/ur_robot_driver/package.xml
[0.321s] Invoked command in '/home/t_b/ros2_ws/src/UR-MiR-mobile-manipulator/build/ur_robot_driver' returned '0': CMAKE_PREFIX_PATH=/home/t_b/ros2_ws/src/UR-MiR-mobile-manipulator/install/ur_controllers:/home/t_b/ros2_ws/src/UR-MiR-mobile-manipulator/install/ur_description:/home/t_b/ros2_ws/src/UR-MiR-mobile-manipulator/install/ur_dashboard_msgs:/home/t_b/ros2_ws/src/UR-MiR-mobile-manipulator/install/ur:/home/t_b/ros2_ws/src/UR-MiR-mobile-manipulator/install/ur_calibration:/home/t_b/ros2_ws/src/UR-MiR-mobile-manipulator/install/ur_robot_driver:/home/t_b/ros2_ws/src/UR-MiR-mobile-manipulator/install/ur_moveit_config:/home/t_b/ros2_ws/src/UR-MiR-mobile-manipulator/install/ur_bringup:/home/t_b/ros2_ws/src/UR-MiR-mobile-manipulator/install/ros2_aruco_interfaces:/home/t_b/ros2_ws/src/UR-MiR-mobile-manipulator/install/robotiq_description:/home/t_b/ros2_ws/src/UR-MiR-mobile-manipulator/install/realsense2_description:/home/t_b/ros2_ws/src/UR-MiR-mobile-manipulator/install/mir_robot:/home/t_b/ros2_ws/src/UR-MiR-mobile-manipulator/install/mir_navigation:/home/t_b/ros2_ws/src/UR-MiR-mobile-manipulator/install/mir_msgs:/home/t_b/ros2_ws/src/UR-MiR-mobile-manipulator/install/mir_gazebo:/home/t_b/ros2_ws/src/UR-MiR-mobile-manipulator/install/mir_description:/home/t_b/ros2_ws/src/UR-MiR-mobile-manipulator/install/mir_bringup:/home/t_b/ros2_ws/src/UR-MiR-mobile-manipulator/install/hello_moveit_ur:/home/t_b/pp_ros2_ws/install/rosbot:/home/t_b/pp_ros2_ws/install/rosbot_localization:/home/t_b/pp_ros2_ws/install/rosbot_joy:/home/t_b/pp_ros2_ws/install/open_manipulator_x_moveit:/home/t_b/pp_ros2_ws/install/rosbot_description:/home/t_b/pp_ros2_ws/install/open_manipulator_x_joy:/home/t_b/pp_ros2_ws/install/open_manipulator_x_description:/home/t_b/pp_ros2_ws/install/mecanum_drive_controller:/home/t_b/pp_ros2_ws/install/husarion_gz_worlds:/home/t_b/pp_ros2_ws/install/husarion_components_description:/home/t_b/pp_ros2_ws/install/dynamixel_hardware_interface:/home/t_b/swaraj/piper_ros/install/mtc_tutorial:/home/t_b/swaraj/piper_ros/install/moveit_task_constructor_visualization:/home/t_b/swaraj/piper_ros/install/moveit_task_constructor_demo:/home/t_b/swaraj/piper_ros/install/moveit_task_constructor_capabilities:/home/t_b/swaraj/piper_ros/install/moveit_task_constructor_core:/home/t_b/swaraj/piper_ros/install/rviz_marker_tools:/home/t_b/swaraj/piper_ros/install/posha_sim:/home/t_b/swaraj/piper_ros/install/piper_with_gripper_moveit:/home/t_b/swaraj/piper_ros/install/piper_no_gripper_moveit:/home/t_b/swaraj/piper_ros/install/piper_mujoco:/home/t_b/swaraj/piper_ros/install/piper_msgs:/home/t_b/swaraj/piper_ros/install/piper_humble:/home/t_b/swaraj/piper_ros/install/piper_gazebo:/home/t_b/swaraj/piper_ros/install/piper_description:/home/t_b/swaraj/piper_ros/install/moveit_task_constructor_msgs:/home/t_b/swaraj/piper_ros/install/hello_moveit:/home/t_b/gz_ros2_control_ws/install/ign_ros2_control_demos:/home/t_b/gz_ros2_control_ws/install/ign_ros2_control:/home/t_b/gz_ros2_control_ws/install/gz_ros2_control_tests:/home/t_b/gz_ros2_control_ws/install/gz_ros2_control_demos:/home/t_b/gz_ros2_control_ws/install/gz_ros2_control:/home/t_b/stonefish_ros/install/tour_interfaces:/home/t_b/stonefish_ros/install/stonefish_ros2:/home/t_b/ros2_ws/src/UR-MiR-mobile-manipulator/install/ros2_aruco:/home/t_b/ros2_ws/src/UR-MiR-mobile-manipulator/install/point_cloud_functions:/home/t_b/ros2_ws/src/UR-MiR-mobile-manipulator/install/mir_restapi:/home/t_b/ros2_ws/src/UR-MiR-mobile-manipulator/install/mir_driver:/home/t_b/pp_ros2_ws/install/rosbot_gazebo:/home/t_b/pp_ros2_ws/install/rosbot_controller:/home/t_b/pp_ros2_ws/install/rosbot_utils:/home/t_b/swaraj/piper_ros/install/piper:/home/t_b/leader_follower/install/apf:/home/t_b/amogh_app/amogh_ws/install/pursuers:/home/t_b/stonefish_ros/install/codes:/home/t_b/stonefish_ros/install/software_stack:/opt/ros/humble LD_LIBRARY_PATH=/home/t_b/ros2_ws/src/UR-MiR-mobile-manipulator/install/ur_controllers/lib:/home/t_b/ros2_ws/src/UR-MiR-mobile-manipulator/install/ur_dashboard_msgs/lib:/home/t_b/ros2_ws/src/UR-MiR-mobile-manipulator/install/ur_robot_driver/lib:/home/t_b/ros2_ws/src/UR-MiR-mobile-manipulator/install/ros2_aruco_interfaces/lib:/home/t_b/ros2_ws/src/UR-MiR-mobile-manipulator/install/mir_msgs/lib:/home/t_b/pp_ros2_ws/install/mecanum_drive_controller/lib:/home/t_b/pp_ros2_ws/install/dynamixel_hardware_interface/lib:/home/t_b/swaraj/piper_ros/install/moveit_task_constructor_visualization/lib:/home/t_b/swaraj/piper_ros/install/moveit_task_constructor_demo/lib:/home/t_b/swaraj/piper_ros/install/moveit_task_constructor_capabilities/lib:/home/t_b/swaraj/piper_ros/install/moveit_task_constructor_core/lib:/home/t_b/swaraj/piper_ros/install/rviz_marker_tools/lib:/home/t_b/swaraj/piper_ros/install/piper_msgs/lib:/home/t_b/swaraj/piper_ros/install/moveit_task_constructor_msgs/lib:/home/t_b/gz_ros2_control_ws/install/gz_ros2_control_demos/lib:/home/t_b/gz_ros2_control_ws/install/gz_ros2_control/lib:/home/t_b/stonefish_ros/install/tour_interfaces/lib:/home/t_b/stonefish_ros/install/stonefish_ros2/lib:/opt/ros/humble/opt/rviz_ogre_vendor/lib:/opt/ros/humble/lib/x86_64-linux-gnu:/opt/ros/humble/lib /usr/bin/cmake --install /home/t_b/ros2_ws/src/UR-MiR-mobile-manipulator/build/ur_robot_driver
