[0.012s] Invoking command in '/home/t_b/ros2_ws/src/UR-MiR-mobile-manipulator/build/mir_navigation': AMENT_PREFIX_PATH=/home/t_b/ros2_ws/src/UR-MiR-mobile-manipulator/install/mir_driver:/home/t_b/ros2_ws/src/UR-MiR-mobile-manipulator/install/mir_msgs:/home/t_b/ros2_ws/src/UR-MiR-mobile-manipulator/install/mir_description:${AMENT_PREFIX_PATH} CMAKE_PREFIX_PATH=/home/t_b/ros2_ws/src/UR-MiR-mobile-manipulator/install/mir_msgs:/home/t_b/ros2_ws/src/UR-MiR-mobile-manipulator/install/mir_description:/home/t_b/pp_ros2_ws/install/rosbot:/home/t_b/pp_ros2_ws/install/rosbot_localization:/home/t_b/pp_ros2_ws/install/rosbot_joy:/home/t_b/pp_ros2_ws/install/open_manipulator_x_moveit:/home/t_b/pp_ros2_ws/install/rosbot_description:/home/t_b/pp_ros2_ws/install/open_manipulator_x_joy:/home/t_b/pp_ros2_ws/install/open_manipulator_x_description:/home/t_b/pp_ros2_ws/install/mecanum_drive_controller:/home/t_b/pp_ros2_ws/install/husarion_gz_worlds:/home/t_b/pp_ros2_ws/install/husarion_components_description:/home/t_b/pp_ros2_ws/install/dynamixel_hardware_interface:/home/t_b/swaraj/piper_ros/install/mtc_tutorial:/home/t_b/swaraj/piper_ros/install/moveit_task_constructor_visualization:/home/t_b/swaraj/piper_ros/install/moveit_task_constructor_demo:/home/t_b/swaraj/piper_ros/install/moveit_task_constructor_capabilities:/home/t_b/swaraj/piper_ros/install/moveit_task_constructor_core:/home/t_b/swaraj/piper_ros/install/rviz_marker_tools:/home/t_b/swaraj/piper_ros/install/posha_sim:/home/t_b/swaraj/piper_ros/install/piper_with_gripper_moveit:/home/t_b/swaraj/piper_ros/install/piper_no_gripper_moveit:/home/t_b/swaraj/piper_ros/install/piper_mujoco:/home/t_b/swaraj/piper_ros/install/piper_msgs:/home/t_b/swaraj/piper_ros/install/piper_humble:/home/t_b/swaraj/piper_ros/install/piper_gazebo:/home/t_b/swaraj/piper_ros/install/piper_description:/home/t_b/swaraj/piper_ros/install/moveit_task_constructor_msgs:/home/t_b/swaraj/piper_ros/install/hello_moveit:/home/t_b/gz_ros2_control_ws/install/ign_ros2_control_demos:/home/t_b/gz_ros2_control_ws/install/ign_ros2_control:/home/t_b/gz_ros2_control_ws/install/gz_ros2_control_tests:/home/t_b/gz_ros2_control_ws/install/gz_ros2_control_demos:/home/t_b/gz_ros2_control_ws/install/gz_ros2_control:/home/t_b/stonefish_ros/install/tour_interfaces:/home/t_b/stonefish_ros/install/stonefish_ros2:/home/t_b/pp_ros2_ws/install/rosbot_gazebo:/home/t_b/pp_ros2_ws/install/rosbot_controller:/home/t_b/pp_ros2_ws/install/rosbot_utils:/home/t_b/swaraj/piper_ros/install/piper:/home/t_b/leader_follower/install/apf:/home/t_b/amogh_app/amogh_ws/install/pursuers:/home/t_b/stonefish_ros/install/codes:/home/t_b/stonefish_ros/install/software_stack:/opt/ros/humble LD_LIBRARY_PATH=/home/t_b/ros2_ws/src/UR-MiR-mobile-manipulator/install/mir_msgs/lib:${LD_LIBRARY_PATH} PYTHONPATH=/home/t_b/ros2_ws/src/UR-MiR-mobile-manipulator/install/mir_driver/lib/python3.10/site-packages:/home/t_b/ros2_ws/src/UR-MiR-mobile-manipulator/install/mir_msgs/local/lib/python3.10/dist-packages:${PYTHONPATH} /usr/bin/cmake /home/t_b/ros2_ws/src/UR-MiR-mobile-manipulator/mir_robot/mir_navigation -DCMAKE_INSTALL_PREFIX=/home/t_b/ros2_ws/src/UR-MiR-mobile-manipulator/install/mir_navigation
[0.071s] -- The C compiler identification is GNU 11.4.0
[0.111s] -- The CXX compiler identification is GNU 11.4.0
[0.116s] -- Detecting C compiler ABI info
[0.179s] -- Detecting C compiler ABI info - done
[0.188s] -- Check for working C compiler: /usr/bin/cc - skipped
[0.188s] -- Detecting C compile features
[0.189s] -- Detecting C compile features - done
[0.192s] -- Detecting CXX compiler ABI info
[0.258s] -- Detecting CXX compiler ABI info - done
[0.267s] -- Check for working CXX compiler: /usr/bin/c++ - skipped
[0.267s] -- Detecting CXX compile features
[0.267s] -- Detecting CXX compile features - done
[0.274s] -- Found ament_cmake: 1.3.14 (/opt/ros/humble/share/ament_cmake/cmake)
[0.450s] -- Found Python3: /usr/bin/python3 (found version "3.10.12") found components: Interpreter 
[0.568s] -- Found navigation2: 1.1.20 (/opt/ros/humble/share/navigation2/cmake)
[0.574s] -- Found slam_toolbox: 2.6.10 (/opt/ros/humble/share/slam_toolbox/cmake)
[0.653s] -- Found rosidl_generator_c: 3.1.8 (/opt/ros/humble/share/rosidl_generator_c/cmake)
[0.665s] -- Found rosidl_adapter: 3.1.8 (/opt/ros/humble/share/rosidl_adapter/cmake)
[0.676s] -- Found rosidl_generator_cpp: 3.1.8 (/opt/ros/humble/share/rosidl_generator_cpp/cmake)
[0.699s] -- Using all available rosidl_typesupport_c: rosidl_typesupport_fastrtps_c;rosidl_typesupport_introspection_c
[0.741s] -- Using all available rosidl_typesupport_cpp: rosidl_typesupport_fastrtps_cpp;rosidl_typesupport_introspection_cpp
[1.128s] -- Found rmw_implementation_cmake: 6.1.2 (/opt/ros/humble/share/rmw_implementation_cmake/cmake)
[1.137s] -- Found rmw_cyclonedds_cpp: 1.3.4 (/opt/ros/humble/share/rmw_cyclonedds_cpp/cmake)
[1.188s] -- Using RMW implementation 'rmw_cyclonedds_cpp' as default
[1.210s] -- Looking for pthread.h
[1.312s] -- Looking for pthread.h - found
[1.313s] -- Performing Test CMAKE_HAVE_LIBC_PTHREAD
[1.499s] -- Performing Test CMAKE_HAVE_LIBC_PTHREAD - Success
[1.500s] -- Found Threads: TRUE  
[1.864s] -- Found eigen3_cmake_module: 0.1.1 (/opt/ros/humble/share/eigen3_cmake_module/cmake)
[1.865s] -- Found Eigen3: TRUE (found version "3.4.0") 
[1.865s] -- Ensuring Eigen3 include directory is part of orocos-kdl CMake target
[1.933s] -- Setting assimp_DIR to: '/opt/ros/humble/share/rviz_assimp_vendor/cmake/../../../opt/rviz_assimp_vendor/lib/cmake/assimp-4.1'
[1.950s] -- Setting OGRE_DIR to: '/opt/ros/humble/share/rviz_ogre_vendor/cmake/../../../opt/rviz_ogre_vendor/lib/OGRE/cmake'
[1.952s] -- Found OGRE
[1.952s] --   static     : OFF
[1.952s] --   components : HLMS;MeshLodGenerator;Overlay;Paging;Property;RTShaderSystem;Terrain;Volume
[1.952s] --   plugins    : Plugin_BSPSceneManager;Plugin_OctreeSceneManager;Plugin_PCZSceneManager;Plugin_ParticleFX;RenderSystem_GL;RenderSystem_GL3Plus;Codec_STBI
[1.952s] --   media      : /opt/ros/humble/opt/rviz_ogre_vendor/share/OGRE/Media
[1.952s] -- OGRE_LIBRARIES: OgreHLMS;OgreMeshLodGenerator;OgreOverlay;OgrePaging;OgreProperty;OgreRTShaderSystem;OgreTerrain;OgreVolume;OgreMain
[1.953s] -- OGRE_LIBRARY_DIRS: /opt/ros/humble/opt/rviz_ogre_vendor/lib
[1.953s] -- OGRE_PLUGINS: Plugin_BSPSceneManager;Plugin_OctreeSceneManager;Plugin_PCZSceneManager;Plugin_ParticleFX;RenderSystem_GL;RenderSystem_GL3Plus;Codec_STBI
[1.953s] -- OGRE_PLUGIN_DIR: /opt/ros/humble/opt/rviz_ogre_vendor/lib/OGRE
[1.953s] -- rviz_ogre_vendor::OgreOverlay for IMPORTED_LOCATION_RELEASE: /opt/ros/humble/opt/rviz_ogre_vendor/lib/libOgreOverlay.so
[1.953s] -- rviz_ogre_vendor::OgreOverlay for IMPORTED_LOCATION_DEBUG: /opt/ros/humble/opt/rviz_ogre_vendor/lib/libOgreOverlay.so
[1.954s] -- rviz_ogre_vendor::OgreMain for IMPORTED_LOCATION_RELEASE: /opt/ros/humble/opt/rviz_ogre_vendor/lib/libOgreMain.so
[1.954s] -- rviz_ogre_vendor::OgreMain for IMPORTED_LOCATION_DEBUG: /opt/ros/humble/opt/rviz_ogre_vendor/lib/libOgreMain.so
[1.992s] -- Found ZLIB: /usr/lib/x86_64-linux-gnu/libz.so (found version "1.2.11") 
[2.003s] -- Found OpenGL: /usr/lib/x86_64-linux-gnu/libOpenGL.so   
[2.504s] -- Found X11: /usr/include   
[2.505s] -- Looking for XOpenDisplay in /usr/lib/x86_64-linux-gnu/libX11.so;/usr/lib/x86_64-linux-gnu/libXext.so
[2.956s] -- Looking for XOpenDisplay in /usr/lib/x86_64-linux-gnu/libX11.so;/usr/lib/x86_64-linux-gnu/libXext.so - found
[2.956s] -- Looking for gethostbyname
[3.417s] -- Looking for gethostbyname - found
[3.417s] -- Looking for connect
[3.597s] -- Looking for connect - found
[3.598s] -- Looking for remove
[3.986s] -- Looking for remove - found
[3.986s] -- Looking for shmat
[4.304s] -- Looking for shmat - found
[4.304s] -- Looking for IceConnectionNumber in ICE
[4.727s] -- Looking for IceConnectionNumber in ICE - found
[5.043s] -- library: /usr/lib/x86_64-linux-gnu/libcurl.so
[5.149s] -- Found ament_lint_auto: 0.12.15 (/opt/ros/humble/share/ament_lint_auto/cmake)
[5.217s] -- Added test 'copyright' to check source files copyright and LICENSE
[5.218s] -- Added test 'flake8' to check Python code syntax and style conventions
[5.219s] -- Added test 'lint_cmake' to check CMake code style
[5.219s] -- Added test 'pep257' to check Python code against some of the docstring style conventions in PEP 257
[5.220s] -- Added test 'xmllint' to check XML markup files
[5.222s] -- Configuring done
[5.225s] -- Generating done
[5.226s] -- Build files have been written to: /home/t_b/ros2_ws/src/UR-MiR-mobile-manipulator/build/mir_navigation
[5.235s] Invoked command in '/home/t_b/ros2_ws/src/UR-MiR-mobile-manipulator/build/mir_navigation' returned '0': AMENT_PREFIX_PATH=/home/t_b/ros2_ws/src/UR-MiR-mobile-manipulator/install/mir_driver:/home/t_b/ros2_ws/src/UR-MiR-mobile-manipulator/install/mir_msgs:/home/t_b/ros2_ws/src/UR-MiR-mobile-manipulator/install/mir_description:${AMENT_PREFIX_PATH} CMAKE_PREFIX_PATH=/home/t_b/ros2_ws/src/UR-MiR-mobile-manipulator/install/mir_msgs:/home/t_b/ros2_ws/src/UR-MiR-mobile-manipulator/install/mir_description:/home/t_b/pp_ros2_ws/install/rosbot:/home/t_b/pp_ros2_ws/install/rosbot_localization:/home/t_b/pp_ros2_ws/install/rosbot_joy:/home/t_b/pp_ros2_ws/install/open_manipulator_x_moveit:/home/t_b/pp_ros2_ws/install/rosbot_description:/home/t_b/pp_ros2_ws/install/open_manipulator_x_joy:/home/t_b/pp_ros2_ws/install/open_manipulator_x_description:/home/t_b/pp_ros2_ws/install/mecanum_drive_controller:/home/t_b/pp_ros2_ws/install/husarion_gz_worlds:/home/t_b/pp_ros2_ws/install/husarion_components_description:/home/t_b/pp_ros2_ws/install/dynamixel_hardware_interface:/home/t_b/swaraj/piper_ros/install/mtc_tutorial:/home/t_b/swaraj/piper_ros/install/moveit_task_constructor_visualization:/home/t_b/swaraj/piper_ros/install/moveit_task_constructor_demo:/home/t_b/swaraj/piper_ros/install/moveit_task_constructor_capabilities:/home/t_b/swaraj/piper_ros/install/moveit_task_constructor_core:/home/t_b/swaraj/piper_ros/install/rviz_marker_tools:/home/t_b/swaraj/piper_ros/install/posha_sim:/home/t_b/swaraj/piper_ros/install/piper_with_gripper_moveit:/home/t_b/swaraj/piper_ros/install/piper_no_gripper_moveit:/home/t_b/swaraj/piper_ros/install/piper_mujoco:/home/t_b/swaraj/piper_ros/install/piper_msgs:/home/t_b/swaraj/piper_ros/install/piper_humble:/home/t_b/swaraj/piper_ros/install/piper_gazebo:/home/t_b/swaraj/piper_ros/install/piper_description:/home/t_b/swaraj/piper_ros/install/moveit_task_constructor_msgs:/home/t_b/swaraj/piper_ros/install/hello_moveit:/home/t_b/gz_ros2_control_ws/install/ign_ros2_control_demos:/home/t_b/gz_ros2_control_ws/install/ign_ros2_control:/home/t_b/gz_ros2_control_ws/install/gz_ros2_control_tests:/home/t_b/gz_ros2_control_ws/install/gz_ros2_control_demos:/home/t_b/gz_ros2_control_ws/install/gz_ros2_control:/home/t_b/stonefish_ros/install/tour_interfaces:/home/t_b/stonefish_ros/install/stonefish_ros2:/home/t_b/pp_ros2_ws/install/rosbot_gazebo:/home/t_b/pp_ros2_ws/install/rosbot_controller:/home/t_b/pp_ros2_ws/install/rosbot_utils:/home/t_b/swaraj/piper_ros/install/piper:/home/t_b/leader_follower/install/apf:/home/t_b/amogh_app/amogh_ws/install/pursuers:/home/t_b/stonefish_ros/install/codes:/home/t_b/stonefish_ros/install/software_stack:/opt/ros/humble LD_LIBRARY_PATH=/home/t_b/ros2_ws/src/UR-MiR-mobile-manipulator/install/mir_msgs/lib:${LD_LIBRARY_PATH} PYTHONPATH=/home/t_b/ros2_ws/src/UR-MiR-mobile-manipulator/install/mir_driver/lib/python3.10/site-packages:/home/t_b/ros2_ws/src/UR-MiR-mobile-manipulator/install/mir_msgs/local/lib/python3.10/dist-packages:${PYTHONPATH} /usr/bin/cmake /home/t_b/ros2_ws/src/UR-MiR-mobile-manipulator/mir_robot/mir_navigation -DCMAKE_INSTALL_PREFIX=/home/t_b/ros2_ws/src/UR-MiR-mobile-manipulator/install/mir_navigation
[5.236s] Invoking command in '/home/t_b/ros2_ws/src/UR-MiR-mobile-manipulator/build/mir_navigation': AMENT_PREFIX_PATH=/home/t_b/ros2_ws/src/UR-MiR-mobile-manipulator/install/mir_driver:/home/t_b/ros2_ws/src/UR-MiR-mobile-manipulator/install/mir_msgs:/home/t_b/ros2_ws/src/UR-MiR-mobile-manipulator/install/mir_description:${AMENT_PREFIX_PATH} CMAKE_PREFIX_PATH=/home/t_b/ros2_ws/src/UR-MiR-mobile-manipulator/install/mir_msgs:/home/t_b/ros2_ws/src/UR-MiR-mobile-manipulator/install/mir_description:/home/t_b/pp_ros2_ws/install/rosbot:/home/t_b/pp_ros2_ws/install/rosbot_localization:/home/t_b/pp_ros2_ws/install/rosbot_joy:/home/t_b/pp_ros2_ws/install/open_manipulator_x_moveit:/home/t_b/pp_ros2_ws/install/rosbot_description:/home/t_b/pp_ros2_ws/install/open_manipulator_x_joy:/home/t_b/pp_ros2_ws/install/open_manipulator_x_description:/home/t_b/pp_ros2_ws/install/mecanum_drive_controller:/home/t_b/pp_ros2_ws/install/husarion_gz_worlds:/home/t_b/pp_ros2_ws/install/husarion_components_description:/home/t_b/pp_ros2_ws/install/dynamixel_hardware_interface:/home/t_b/swaraj/piper_ros/install/mtc_tutorial:/home/t_b/swaraj/piper_ros/install/moveit_task_constructor_visualization:/home/t_b/swaraj/piper_ros/install/moveit_task_constructor_demo:/home/t_b/swaraj/piper_ros/install/moveit_task_constructor_capabilities:/home/t_b/swaraj/piper_ros/install/moveit_task_constructor_core:/home/t_b/swaraj/piper_ros/install/rviz_marker_tools:/home/t_b/swaraj/piper_ros/install/posha_sim:/home/t_b/swaraj/piper_ros/install/piper_with_gripper_moveit:/home/t_b/swaraj/piper_ros/install/piper_no_gripper_moveit:/home/t_b/swaraj/piper_ros/install/piper_mujoco:/home/t_b/swaraj/piper_ros/install/piper_msgs:/home/t_b/swaraj/piper_ros/install/piper_humble:/home/t_b/swaraj/piper_ros/install/piper_gazebo:/home/t_b/swaraj/piper_ros/install/piper_description:/home/t_b/swaraj/piper_ros/install/moveit_task_constructor_msgs:/home/t_b/swaraj/piper_ros/install/hello_moveit:/home/t_b/gz_ros2_control_ws/install/ign_ros2_control_demos:/home/t_b/gz_ros2_control_ws/install/ign_ros2_control:/home/t_b/gz_ros2_control_ws/install/gz_ros2_control_tests:/home/t_b/gz_ros2_control_ws/install/gz_ros2_control_demos:/home/t_b/gz_ros2_control_ws/install/gz_ros2_control:/home/t_b/stonefish_ros/install/tour_interfaces:/home/t_b/stonefish_ros/install/stonefish_ros2:/home/t_b/pp_ros2_ws/install/rosbot_gazebo:/home/t_b/pp_ros2_ws/install/rosbot_controller:/home/t_b/pp_ros2_ws/install/rosbot_utils:/home/t_b/swaraj/piper_ros/install/piper:/home/t_b/leader_follower/install/apf:/home/t_b/amogh_app/amogh_ws/install/pursuers:/home/t_b/stonefish_ros/install/codes:/home/t_b/stonefish_ros/install/software_stack:/opt/ros/humble LD_LIBRARY_PATH=/home/t_b/ros2_ws/src/UR-MiR-mobile-manipulator/install/mir_msgs/lib:${LD_LIBRARY_PATH} PYTHONPATH=/home/t_b/ros2_ws/src/UR-MiR-mobile-manipulator/install/mir_driver/lib/python3.10/site-packages:/home/t_b/ros2_ws/src/UR-MiR-mobile-manipulator/install/mir_msgs/local/lib/python3.10/dist-packages:${PYTHONPATH} /usr/bin/cmake --build /home/t_b/ros2_ws/src/UR-MiR-mobile-manipulator/build/mir_navigation -- -j16 -l16
[5.267s] Invoked command in '/home/t_b/ros2_ws/src/UR-MiR-mobile-manipulator/build/mir_navigation' returned '0': AMENT_PREFIX_PATH=/home/t_b/ros2_ws/src/UR-MiR-mobile-manipulator/install/mir_driver:/home/t_b/ros2_ws/src/UR-MiR-mobile-manipulator/install/mir_msgs:/home/t_b/ros2_ws/src/UR-MiR-mobile-manipulator/install/mir_description:${AMENT_PREFIX_PATH} CMAKE_PREFIX_PATH=/home/t_b/ros2_ws/src/UR-MiR-mobile-manipulator/install/mir_msgs:/home/t_b/ros2_ws/src/UR-MiR-mobile-manipulator/install/mir_description:/home/t_b/pp_ros2_ws/install/rosbot:/home/t_b/pp_ros2_ws/install/rosbot_localization:/home/t_b/pp_ros2_ws/install/rosbot_joy:/home/t_b/pp_ros2_ws/install/open_manipulator_x_moveit:/home/t_b/pp_ros2_ws/install/rosbot_description:/home/t_b/pp_ros2_ws/install/open_manipulator_x_joy:/home/t_b/pp_ros2_ws/install/open_manipulator_x_description:/home/t_b/pp_ros2_ws/install/mecanum_drive_controller:/home/t_b/pp_ros2_ws/install/husarion_gz_worlds:/home/t_b/pp_ros2_ws/install/husarion_components_description:/home/t_b/pp_ros2_ws/install/dynamixel_hardware_interface:/home/t_b/swaraj/piper_ros/install/mtc_tutorial:/home/t_b/swaraj/piper_ros/install/moveit_task_constructor_visualization:/home/t_b/swaraj/piper_ros/install/moveit_task_constructor_demo:/home/t_b/swaraj/piper_ros/install/moveit_task_constructor_capabilities:/home/t_b/swaraj/piper_ros/install/moveit_task_constructor_core:/home/t_b/swaraj/piper_ros/install/rviz_marker_tools:/home/t_b/swaraj/piper_ros/install/posha_sim:/home/t_b/swaraj/piper_ros/install/piper_with_gripper_moveit:/home/t_b/swaraj/piper_ros/install/piper_no_gripper_moveit:/home/t_b/swaraj/piper_ros/install/piper_mujoco:/home/t_b/swaraj/piper_ros/install/piper_msgs:/home/t_b/swaraj/piper_ros/install/piper_humble:/home/t_b/swaraj/piper_ros/install/piper_gazebo:/home/t_b/swaraj/piper_ros/install/piper_description:/home/t_b/swaraj/piper_ros/install/moveit_task_constructor_msgs:/home/t_b/swaraj/piper_ros/install/hello_moveit:/home/t_b/gz_ros2_control_ws/install/ign_ros2_control_demos:/home/t_b/gz_ros2_control_ws/install/ign_ros2_control:/home/t_b/gz_ros2_control_ws/install/gz_ros2_control_tests:/home/t_b/gz_ros2_control_ws/install/gz_ros2_control_demos:/home/t_b/gz_ros2_control_ws/install/gz_ros2_control:/home/t_b/stonefish_ros/install/tour_interfaces:/home/t_b/stonefish_ros/install/stonefish_ros2:/home/t_b/pp_ros2_ws/install/rosbot_gazebo:/home/t_b/pp_ros2_ws/install/rosbot_controller:/home/t_b/pp_ros2_ws/install/rosbot_utils:/home/t_b/swaraj/piper_ros/install/piper:/home/t_b/leader_follower/install/apf:/home/t_b/amogh_app/amogh_ws/install/pursuers:/home/t_b/stonefish_ros/install/codes:/home/t_b/stonefish_ros/install/software_stack:/opt/ros/humble LD_LIBRARY_PATH=/home/t_b/ros2_ws/src/UR-MiR-mobile-manipulator/install/mir_msgs/lib:${LD_LIBRARY_PATH} PYTHONPATH=/home/t_b/ros2_ws/src/UR-MiR-mobile-manipulator/install/mir_driver/lib/python3.10/site-packages:/home/t_b/ros2_ws/src/UR-MiR-mobile-manipulator/install/mir_msgs/local/lib/python3.10/dist-packages:${PYTHONPATH} /usr/bin/cmake --build /home/t_b/ros2_ws/src/UR-MiR-mobile-manipulator/build/mir_navigation -- -j16 -l16
[5.267s] Invoking command in '/home/t_b/ros2_ws/src/UR-MiR-mobile-manipulator/build/mir_navigation': AMENT_PREFIX_PATH=/home/t_b/ros2_ws/src/UR-MiR-mobile-manipulator/install/mir_driver:/home/t_b/ros2_ws/src/UR-MiR-mobile-manipulator/install/mir_msgs:/home/t_b/ros2_ws/src/UR-MiR-mobile-manipulator/install/mir_description:${AMENT_PREFIX_PATH} CMAKE_PREFIX_PATH=/home/t_b/ros2_ws/src/UR-MiR-mobile-manipulator/install/mir_msgs:/home/t_b/ros2_ws/src/UR-MiR-mobile-manipulator/install/mir_description:/home/t_b/pp_ros2_ws/install/rosbot:/home/t_b/pp_ros2_ws/install/rosbot_localization:/home/t_b/pp_ros2_ws/install/rosbot_joy:/home/t_b/pp_ros2_ws/install/open_manipulator_x_moveit:/home/t_b/pp_ros2_ws/install/rosbot_description:/home/t_b/pp_ros2_ws/install/open_manipulator_x_joy:/home/t_b/pp_ros2_ws/install/open_manipulator_x_description:/home/t_b/pp_ros2_ws/install/mecanum_drive_controller:/home/t_b/pp_ros2_ws/install/husarion_gz_worlds:/home/t_b/pp_ros2_ws/install/husarion_components_description:/home/t_b/pp_ros2_ws/install/dynamixel_hardware_interface:/home/t_b/swaraj/piper_ros/install/mtc_tutorial:/home/t_b/swaraj/piper_ros/install/moveit_task_constructor_visualization:/home/t_b/swaraj/piper_ros/install/moveit_task_constructor_demo:/home/t_b/swaraj/piper_ros/install/moveit_task_constructor_capabilities:/home/t_b/swaraj/piper_ros/install/moveit_task_constructor_core:/home/t_b/swaraj/piper_ros/install/rviz_marker_tools:/home/t_b/swaraj/piper_ros/install/posha_sim:/home/t_b/swaraj/piper_ros/install/piper_with_gripper_moveit:/home/t_b/swaraj/piper_ros/install/piper_no_gripper_moveit:/home/t_b/swaraj/piper_ros/install/piper_mujoco:/home/t_b/swaraj/piper_ros/install/piper_msgs:/home/t_b/swaraj/piper_ros/install/piper_humble:/home/t_b/swaraj/piper_ros/install/piper_gazebo:/home/t_b/swaraj/piper_ros/install/piper_description:/home/t_b/swaraj/piper_ros/install/moveit_task_constructor_msgs:/home/t_b/swaraj/piper_ros/install/hello_moveit:/home/t_b/gz_ros2_control_ws/install/ign_ros2_control_demos:/home/t_b/gz_ros2_control_ws/install/ign_ros2_control:/home/t_b/gz_ros2_control_ws/install/gz_ros2_control_tests:/home/t_b/gz_ros2_control_ws/install/gz_ros2_control_demos:/home/t_b/gz_ros2_control_ws/install/gz_ros2_control:/home/t_b/stonefish_ros/install/tour_interfaces:/home/t_b/stonefish_ros/install/stonefish_ros2:/home/t_b/pp_ros2_ws/install/rosbot_gazebo:/home/t_b/pp_ros2_ws/install/rosbot_controller:/home/t_b/pp_ros2_ws/install/rosbot_utils:/home/t_b/swaraj/piper_ros/install/piper:/home/t_b/leader_follower/install/apf:/home/t_b/amogh_app/amogh_ws/install/pursuers:/home/t_b/stonefish_ros/install/codes:/home/t_b/stonefish_ros/install/software_stack:/opt/ros/humble LD_LIBRARY_PATH=/home/t_b/ros2_ws/src/UR-MiR-mobile-manipulator/install/mir_msgs/lib:${LD_LIBRARY_PATH} PYTHONPATH=/home/t_b/ros2_ws/src/UR-MiR-mobile-manipulator/install/mir_driver/lib/python3.10/site-packages:/home/t_b/ros2_ws/src/UR-MiR-mobile-manipulator/install/mir_msgs/local/lib/python3.10/dist-packages:${PYTHONPATH} /usr/bin/cmake --install /home/t_b/ros2_ws/src/UR-MiR-mobile-manipulator/build/mir_navigation
[5.272s] -- Install configuration: ""
[5.272s] -- Installing: /home/t_b/ros2_ws/src/UR-MiR-mobile-manipulator/install/mir_navigation/share/mir_navigation/config
[5.272s] -- Installing: /home/t_b/ros2_ws/src/UR-MiR-mobile-manipulator/install/mir_navigation/share/mir_navigation/config/mir_nav_params_namespaced.yaml
[5.272s] -- Installing: /home/t_b/ros2_ws/src/UR-MiR-mobile-manipulator/install/mir_navigation/share/mir_navigation/config/mir_mapping_async_sim_namespaced.yaml
[5.272s] -- Installing: /home/t_b/ros2_ws/src/UR-MiR-mobile-manipulator/install/mir_navigation/share/mir_navigation/config/mir_mapping_async_namespaced.yaml
[5.272s] -- Installing: /home/t_b/ros2_ws/src/UR-MiR-mobile-manipulator/install/mir_navigation/share/mir_navigation/config/mir_nav_params.yaml
[5.272s] -- Installing: /home/t_b/ros2_ws/src/UR-MiR-mobile-manipulator/install/mir_navigation/share/mir_navigation/config/mir_mapping_async.yaml
[5.272s] -- Installing: /home/t_b/ros2_ws/src/UR-MiR-mobile-manipulator/install/mir_navigation/share/mir_navigation/config/mir_mapping_async_sim.yaml
[5.272s] -- Installing: /home/t_b/ros2_ws/src/UR-MiR-mobile-manipulator/install/mir_navigation/share/mir_navigation/launch
[5.273s] -- Installing: /home/t_b/ros2_ws/src/UR-MiR-mobile-manipulator/install/mir_navigation/share/mir_navigation/launch/mir_nav_launch.py
[5.273s] -- Installing: /home/t_b/ros2_ws/src/UR-MiR-mobile-manipulator/install/mir_navigation/share/mir_navigation/launch/mir_mapping_launch.py
[5.273s] -- Installing: /home/t_b/ros2_ws/src/UR-MiR-mobile-manipulator/install/mir_navigation/share/mir_navigation/launch/include
[5.273s] -- Installing: /home/t_b/ros2_ws/src/UR-MiR-mobile-manipulator/install/mir_navigation/share/mir_navigation/launch/include/mapping.py
[5.273s] -- Installing: /home/t_b/ros2_ws/src/UR-MiR-mobile-manipulator/install/mir_navigation/share/mir_navigation/launch/include/navigation.py
[5.273s] -- Installing: /home/t_b/ros2_ws/src/UR-MiR-mobile-manipulator/install/mir_navigation/share/mir_navigation/launch/include/amcl.py
[5.273s] -- Installing: /home/t_b/ros2_ws/src/UR-MiR-mobile-manipulator/install/mir_navigation/share/mir_navigation/rviz
[5.273s] -- Installing: /home/t_b/ros2_ws/src/UR-MiR-mobile-manipulator/install/mir_navigation/share/mir_navigation/rviz/mir_nav.rviz
[5.273s] -- Installing: /home/t_b/ros2_ws/src/UR-MiR-mobile-manipulator/install/mir_navigation/share/mir_navigation/rviz/mir_visu.rviz
[5.273s] -- Installing: /home/t_b/ros2_ws/src/UR-MiR-mobile-manipulator/install/mir_navigation/share/mir_navigation/rviz/mir_mapping_nav.rviz
[5.273s] -- Installing: /home/t_b/ros2_ws/src/UR-MiR-mobile-manipulator/install/mir_navigation/share/mir_navigation/rviz/mir_mapping.rviz
[5.273s] -- Installing: /home/t_b/ros2_ws/src/UR-MiR-mobile-manipulator/install/mir_navigation/share/mir_navigation/maps
[5.273s] -- Installing: /home/t_b/ros2_ws/src/UR-MiR-mobile-manipulator/install/mir_navigation/share/mir_navigation/maps/maze.pgm
[5.273s] -- Installing: /home/t_b/ros2_ws/src/UR-MiR-mobile-manipulator/install/mir_navigation/share/mir_navigation/maps/maze.posegraph
[5.288s] -- Installing: /home/t_b/ros2_ws/src/UR-MiR-mobile-manipulator/install/mir_navigation/share/mir_navigation/maps/maze.data
[5.288s] -- Installing: /home/t_b/ros2_ws/src/UR-MiR-mobile-manipulator/install/mir_navigation/share/mir_navigation/maps/maze.yaml
[5.288s] -- Installing: /home/t_b/ros2_ws/src/UR-MiR-mobile-manipulator/install/mir_navigation/share/mir_navigation/behavior_trees
[5.288s] -- Installing: /home/t_b/ros2_ws/src/UR-MiR-mobile-manipulator/install/mir_navigation/share/mir_navigation/behavior_trees/navigate_to_pose_w_replanning_and_recovery.xml
[5.288s] -- Installing: /home/t_b/ros2_ws/src/UR-MiR-mobile-manipulator/install/mir_navigation/share/ament_index/resource_index/package_run_dependencies/mir_navigation
[5.288s] -- Installing: /home/t_b/ros2_ws/src/UR-MiR-mobile-manipulator/install/mir_navigation/share/ament_index/resource_index/parent_prefix_path/mir_navigation
[5.288s] -- Installing: /home/t_b/ros2_ws/src/UR-MiR-mobile-manipulator/install/mir_navigation/share/mir_navigation/environment/ament_prefix_path.sh
[5.288s] -- Installing: /home/t_b/ros2_ws/src/UR-MiR-mobile-manipulator/install/mir_navigation/share/mir_navigation/environment/ament_prefix_path.dsv
[5.288s] -- Installing: /home/t_b/ros2_ws/src/UR-MiR-mobile-manipulator/install/mir_navigation/share/mir_navigation/environment/path.sh
[5.289s] -- Installing: /home/t_b/ros2_ws/src/UR-MiR-mobile-manipulator/install/mir_navigation/share/mir_navigation/environment/path.dsv
[5.289s] -- Installing: /home/t_b/ros2_ws/src/UR-MiR-mobile-manipulator/install/mir_navigation/share/mir_navigation/local_setup.bash
[5.289s] -- Installing: /home/t_b/ros2_ws/src/UR-MiR-mobile-manipulator/install/mir_navigation/share/mir_navigation/local_setup.sh
[5.289s] -- Installing: /home/t_b/ros2_ws/src/UR-MiR-mobile-manipulator/install/mir_navigation/share/mir_navigation/local_setup.zsh
[5.289s] -- Installing: /home/t_b/ros2_ws/src/UR-MiR-mobile-manipulator/install/mir_navigation/share/mir_navigation/local_setup.dsv
[5.289s] -- Installing: /home/t_b/ros2_ws/src/UR-MiR-mobile-manipulator/install/mir_navigation/share/mir_navigation/package.dsv
[5.289s] -- Installing: /home/t_b/ros2_ws/src/UR-MiR-mobile-manipulator/install/mir_navigation/share/ament_index/resource_index/packages/mir_navigation
[5.289s] -- Installing: /home/t_b/ros2_ws/src/UR-MiR-mobile-manipulator/install/mir_navigation/share/mir_navigation/cmake/mir_navigationConfig.cmake
[5.289s] -- Installing: /home/t_b/ros2_ws/src/UR-MiR-mobile-manipulator/install/mir_navigation/share/mir_navigation/cmake/mir_navigationConfig-version.cmake
[5.289s] -- Installing: /home/t_b/ros2_ws/src/UR-MiR-mobile-manipulator/install/mir_navigation/share/mir_navigation/package.xml
[5.290s] Invoked command in '/home/t_b/ros2_ws/src/UR-MiR-mobile-manipulator/build/mir_navigation' returned '0': AMENT_PREFIX_PATH=/home/t_b/ros2_ws/src/UR-MiR-mobile-manipulator/install/mir_driver:/home/t_b/ros2_ws/src/UR-MiR-mobile-manipulator/install/mir_msgs:/home/t_b/ros2_ws/src/UR-MiR-mobile-manipulator/install/mir_description:${AMENT_PREFIX_PATH} CMAKE_PREFIX_PATH=/home/t_b/ros2_ws/src/UR-MiR-mobile-manipulator/install/mir_msgs:/home/t_b/ros2_ws/src/UR-MiR-mobile-manipulator/install/mir_description:/home/t_b/pp_ros2_ws/install/rosbot:/home/t_b/pp_ros2_ws/install/rosbot_localization:/home/t_b/pp_ros2_ws/install/rosbot_joy:/home/t_b/pp_ros2_ws/install/open_manipulator_x_moveit:/home/t_b/pp_ros2_ws/install/rosbot_description:/home/t_b/pp_ros2_ws/install/open_manipulator_x_joy:/home/t_b/pp_ros2_ws/install/open_manipulator_x_description:/home/t_b/pp_ros2_ws/install/mecanum_drive_controller:/home/t_b/pp_ros2_ws/install/husarion_gz_worlds:/home/t_b/pp_ros2_ws/install/husarion_components_description:/home/t_b/pp_ros2_ws/install/dynamixel_hardware_interface:/home/t_b/swaraj/piper_ros/install/mtc_tutorial:/home/t_b/swaraj/piper_ros/install/moveit_task_constructor_visualization:/home/t_b/swaraj/piper_ros/install/moveit_task_constructor_demo:/home/t_b/swaraj/piper_ros/install/moveit_task_constructor_capabilities:/home/t_b/swaraj/piper_ros/install/moveit_task_constructor_core:/home/t_b/swaraj/piper_ros/install/rviz_marker_tools:/home/t_b/swaraj/piper_ros/install/posha_sim:/home/t_b/swaraj/piper_ros/install/piper_with_gripper_moveit:/home/t_b/swaraj/piper_ros/install/piper_no_gripper_moveit:/home/t_b/swaraj/piper_ros/install/piper_mujoco:/home/t_b/swaraj/piper_ros/install/piper_msgs:/home/t_b/swaraj/piper_ros/install/piper_humble:/home/t_b/swaraj/piper_ros/install/piper_gazebo:/home/t_b/swaraj/piper_ros/install/piper_description:/home/t_b/swaraj/piper_ros/install/moveit_task_constructor_msgs:/home/t_b/swaraj/piper_ros/install/hello_moveit:/home/t_b/gz_ros2_control_ws/install/ign_ros2_control_demos:/home/t_b/gz_ros2_control_ws/install/ign_ros2_control:/home/t_b/gz_ros2_control_ws/install/gz_ros2_control_tests:/home/t_b/gz_ros2_control_ws/install/gz_ros2_control_demos:/home/t_b/gz_ros2_control_ws/install/gz_ros2_control:/home/t_b/stonefish_ros/install/tour_interfaces:/home/t_b/stonefish_ros/install/stonefish_ros2:/home/t_b/pp_ros2_ws/install/rosbot_gazebo:/home/t_b/pp_ros2_ws/install/rosbot_controller:/home/t_b/pp_ros2_ws/install/rosbot_utils:/home/t_b/swaraj/piper_ros/install/piper:/home/t_b/leader_follower/install/apf:/home/t_b/amogh_app/amogh_ws/install/pursuers:/home/t_b/stonefish_ros/install/codes:/home/t_b/stonefish_ros/install/software_stack:/opt/ros/humble LD_LIBRARY_PATH=/home/t_b/ros2_ws/src/UR-MiR-mobile-manipulator/install/mir_msgs/lib:${LD_LIBRARY_PATH} PYTHONPATH=/home/t_b/ros2_ws/src/UR-MiR-mobile-manipulator/install/mir_driver/lib/python3.10/site-packages:/home/t_b/ros2_ws/src/UR-MiR-mobile-manipulator/install/mir_msgs/local/lib/python3.10/dist-packages:${PYTHONPATH} /usr/bin/cmake --install /home/t_b/ros2_ws/src/UR-MiR-mobile-manipulator/build/mir_navigation
