[0.016s] Invoking command in '/home/t_b/ros2_ws/src/UR-MiR-mobile-manipulator/build/ur_robot_driver': CMAKE_PREFIX_PATH=/home/t_b/ros2_ws/src/UR-MiR-mobile-manipulator/install/ur_controllers:/home/t_b/ros2_ws/src/UR-MiR-mobile-manipulator/install/ur_description:/home/t_b/ros2_ws/src/UR-MiR-mobile-manipulator/install/ur_dashboard_msgs:/home/t_b/ros2_ws/src/UR-MiR-mobile-manipulator/install/ur:/home/t_b/ros2_ws/src/UR-MiR-mobile-manipulator/install/ur_calibration:/home/t_b/ros2_ws/src/UR-MiR-mobile-manipulator/install/ur_robot_driver:/home/t_b/ros2_ws/src/UR-MiR-mobile-manipulator/install/ur_moveit_config:/home/t_b/ros2_ws/src/UR-MiR-mobile-manipulator/install/ur_bringup:/home/t_b/ros2_ws/src/UR-MiR-mobile-manipulator/install/ros2_aruco_interfaces:/home/t_b/ros2_ws/src/UR-MiR-mobile-manipulator/install/robotiq_description:/home/t_b/ros2_ws/src/UR-MiR-mobile-manipulator/install/realsense2_description:/home/t_b/ros2_ws/src/UR-MiR-mobile-manipulator/install/mir_robot:/home/t_b/ros2_ws/src/UR-MiR-mobile-manipulator/install/mir_navigation:/home/t_b/ros2_ws/src/UR-MiR-mobile-manipulator/install/mir_msgs:/home/t_b/ros2_ws/src/UR-MiR-mobile-manipulator/install/mir_gazebo:/home/t_b/ros2_ws/src/UR-MiR-mobile-manipulator/install/mir_description:/home/t_b/ros2_ws/src/UR-MiR-mobile-manipulator/install/mir_bringup:/home/t_b/ros2_ws/src/UR-MiR-mobile-manipulator/install/hello_moveit_ur:/home/t_b/pp_ros2_ws/install/rosbot:/home/t_b/pp_ros2_ws/install/rosbot_localization:/home/t_b/pp_ros2_ws/install/rosbot_joy:/home/t_b/pp_ros2_ws/install/open_manipulator_x_moveit:/home/t_b/pp_ros2_ws/install/rosbot_description:/home/t_b/pp_ros2_ws/install/open_manipulator_x_joy:/home/t_b/pp_ros2_ws/install/open_manipulator_x_description:/home/t_b/pp_ros2_ws/install/mecanum_drive_controller:/home/t_b/pp_ros2_ws/install/husarion_gz_worlds:/home/t_b/pp_ros2_ws/install/husarion_components_description:/home/t_b/pp_ros2_ws/install/dynamixel_hardware_interface:/home/t_b/swaraj/piper_ros/install/mtc_tutorial:/home/t_b/swaraj/piper_ros/install/moveit_task_constructor_visualization:/home/t_b/swaraj/piper_ros/install/moveit_task_constructor_demo:/home/t_b/swaraj/piper_ros/install/moveit_task_constructor_capabilities:/home/t_b/swaraj/piper_ros/install/moveit_task_constructor_core:/home/t_b/swaraj/piper_ros/install/rviz_marker_tools:/home/t_b/swaraj/piper_ros/install/posha_sim:/home/t_b/swaraj/piper_ros/install/piper_with_gripper_moveit:/home/t_b/swaraj/piper_ros/install/piper_no_gripper_moveit:/home/t_b/swaraj/piper_ros/install/piper_mujoco:/home/t_b/swaraj/piper_ros/install/piper_msgs:/home/t_b/swaraj/piper_ros/install/piper_humble:/home/t_b/swaraj/piper_ros/install/piper_gazebo:/home/t_b/swaraj/piper_ros/install/piper_description:/home/t_b/swaraj/piper_ros/install/moveit_task_constructor_msgs:/home/t_b/swaraj/piper_ros/install/hello_moveit:/home/t_b/gz_ros2_control_ws/install/ign_ros2_control_demos:/home/t_b/gz_ros2_control_ws/install/ign_ros2_control:/home/t_b/gz_ros2_control_ws/install/gz_ros2_control_tests:/home/t_b/gz_ros2_control_ws/install/gz_ros2_control_demos:/home/t_b/gz_ros2_control_ws/install/gz_ros2_control:/home/t_b/stonefish_ros/install/tour_interfaces:/home/t_b/stonefish_ros/install/stonefish_ros2:/home/t_b/ros2_ws/src/UR-MiR-mobile-manipulator/install/ros2_aruco:/home/t_b/ros2_ws/src/UR-MiR-mobile-manipulator/install/point_cloud_functions:/home/t_b/ros2_ws/src/UR-MiR-mobile-manipulator/install/mir_restapi:/home/t_b/ros2_ws/src/UR-MiR-mobile-manipulator/install/mir_driver:/home/t_b/pp_ros2_ws/install/rosbot_gazebo:/home/t_b/pp_ros2_ws/install/rosbot_controller:/home/t_b/pp_ros2_ws/install/rosbot_utils:/home/t_b/swaraj/piper_ros/install/piper:/home/t_b/leader_follower/install/apf:/home/t_b/amogh_app/amogh_ws/install/pursuers:/home/t_b/stonefish_ros/install/codes:/home/t_b/stonefish_ros/install/software_stack:/opt/ros/humble LD_LIBRARY_PATH=/home/t_b/ros2_ws/src/UR-MiR-mobile-manipulator/install/ur_controllers/lib:/home/t_b/ros2_ws/src/UR-MiR-mobile-manipulator/install/ur_dashboard_msgs/lib:/home/t_b/ros2_ws/src/UR-MiR-mobile-manipulator/install/ur_robot_driver/lib:/home/t_b/ros2_ws/src/UR-MiR-mobile-manipulator/install/ros2_aruco_interfaces/lib:/home/t_b/ros2_ws/src/UR-MiR-mobile-manipulator/install/mir_msgs/lib:/home/t_b/pp_ros2_ws/install/mecanum_drive_controller/lib:/home/t_b/pp_ros2_ws/install/dynamixel_hardware_interface/lib:/home/t_b/swaraj/piper_ros/install/moveit_task_constructor_visualization/lib:/home/t_b/swaraj/piper_ros/install/moveit_task_constructor_demo/lib:/home/t_b/swaraj/piper_ros/install/moveit_task_constructor_capabilities/lib:/home/t_b/swaraj/piper_ros/install/moveit_task_constructor_core/lib:/home/t_b/swaraj/piper_ros/install/rviz_marker_tools/lib:/home/t_b/swaraj/piper_ros/install/piper_msgs/lib:/home/t_b/swaraj/piper_ros/install/moveit_task_constructor_msgs/lib:/home/t_b/gz_ros2_control_ws/install/gz_ros2_control_demos/lib:/home/t_b/gz_ros2_control_ws/install/gz_ros2_control/lib:/home/t_b/stonefish_ros/install/tour_interfaces/lib:/home/t_b/stonefish_ros/install/stonefish_ros2/lib:/opt/ros/humble/opt/rviz_ogre_vendor/lib:/opt/ros/humble/lib/x86_64-linux-gnu:/opt/ros/humble/lib /usr/bin/cmake /home/t_b/ros2_ws/src/UR-MiR-mobile-manipulator/Universal_Robots_ROS2_Driver/ur_robot_driver -DCMAKE_INSTALL_PREFIX=/home/t_b/ros2_ws/src/UR-MiR-mobile-manipulator/install/ur_robot_driver
[0.073s] -- The C compiler identification is GNU 11.4.0
[0.111s] -- The CXX compiler identification is GNU 11.4.0
[0.115s] -- Detecting C compiler ABI info
[0.176s] -- Detecting C compiler ABI info - done
[0.181s] -- Check for working C compiler: /usr/bin/cc - skipped
[0.181s] -- Detecting C compile features
[0.182s] -- Detecting C compile features - done
[0.183s] -- Detecting CXX compiler ABI info
[0.238s] -- Detecting CXX compiler ABI info - done
[0.243s] -- Check for working CXX compiler: /usr/bin/c++ - skipped
[0.243s] -- Detecting CXX compile features
[0.243s] -- Detecting CXX compile features - done
[0.243s] [0mur_robot_driver: You did not request a specific build type: selecting 'RelWithDebInfo'.[0m
[0.247s] -- Found ament_cmake: 1.3.14 (/opt/ros/humble/share/ament_cmake/cmake)
[0.372s] -- Found Python3: /usr/bin/python3 (found version "3.10.12") found components: Interpreter 
[0.472s] -- Found controller_manager: 2.53.1 (/opt/ros/humble/share/controller_manager/cmake)
[0.533s] -- Found rosidl_generator_c: 3.1.8 (/opt/ros/humble/share/rosidl_generator_c/cmake)
[0.540s] -- Found rosidl_adapter: 3.1.8 (/opt/ros/humble/share/rosidl_adapter/cmake)
[0.550s] -- Found rosidl_generator_cpp: 3.1.8 (/opt/ros/humble/share/rosidl_generator_cpp/cmake)
[0.564s] -- Using all available rosidl_typesupport_c: rosidl_typesupport_fastrtps_c;rosidl_typesupport_introspection_c
[0.582s] -- Using all available rosidl_typesupport_cpp: rosidl_typesupport_fastrtps_cpp;rosidl_typesupport_introspection_cpp
[0.759s] -- Found rmw_implementation_cmake: 6.1.2 (/opt/ros/humble/share/rmw_implementation_cmake/cmake)
[0.764s] -- Found rmw_cyclonedds_cpp: 1.3.4 (/opt/ros/humble/share/rmw_cyclonedds_cpp/cmake)
[0.791s] -- Using RMW implementation 'rmw_cyclonedds_cpp' as default
[0.803s] -- Looking for pthread.h
[0.898s] -- Looking for pthread.h - found
[0.898s] -- Performing Test CMAKE_HAVE_LIBC_PTHREAD
[0.997s] -- Performing Test CMAKE_HAVE_LIBC_PTHREAD - Success
[0.998s] -- Found Threads: TRUE  
[1.070s] -- Found rclpy: 3.3.21 (/opt/ros/humble/share/rclpy/cmake)
[1.073s] -- Found std_srvs: 4.9.1 (/opt/ros/humble/share/std_srvs/cmake)
[1.081s] -- Found tf2_geometry_msgs: 0.25.20 (/opt/ros/humble/share/tf2_geometry_msgs/cmake)
[1.100s] -- Found eigen3_cmake_module: 0.1.1 (/opt/ros/humble/share/eigen3_cmake_module/cmake)
[1.101s] -- Found Eigen3: TRUE (found version "3.4.0") 
[1.102s] -- Ensuring Eigen3 include directory is part of orocos-kdl CMake target
[1.154s] -- Found ur_dashboard_msgs: 2.13.1 (/home/t_b/ros2_ws/src/UR-MiR-mobile-manipulator/install/ur_dashboard_msgs/share/ur_dashboard_msgs/cmake)
[1.167s] -- Found ur_msgs: 2.5.0 (/opt/ros/humble/share/ur_msgs/cmake)
[1.363s] -- Found ur_controllers: 2.13.1 (/home/t_b/ros2_ws/src/UR-MiR-mobile-manipulator/install/ur_controllers/share/ur_controllers/cmake)
[1.451s] -- Found ur_description: 2.1.3 (/home/t_b/ros2_ws/src/UR-MiR-mobile-manipulator/install/ur_description/share/ur_description/cmake)
[1.456s] -- Found launch_testing_ament_cmake: 1.0.14 (/opt/ros/humble/share/launch_testing_ament_cmake/cmake)
[1.459s] -- Found python_cmake_module: 0.10.0 (/opt/ros/humble/share/python_cmake_module/cmake)
[1.476s] -- Found PythonInterp: /usr/bin/python3 (found suitable version "3.10.12", minimum required is "3.6") 
[1.481s] -- Found PythonLibs: /usr/lib/x86_64-linux-gnu/libpython3.10.so (found suitable version "3.10.12", minimum required is "3.5") 
[1.481s] -- Using PYTHON_EXECUTABLE: /usr/bin/python3
[1.481s] -- Using PYTHON_INCLUDE_DIRS: /usr/include/python3.10
[1.481s] -- Using PYTHON_LIBRARIES: /usr/lib/x86_64-linux-gnu/libpython3.10.so
[1.500s] -- Found PythonExtra: .so  
[1.501s] -- Configuring done
[1.532s] -- Generating done
[1.546s] -- Build files have been written to: /home/t_b/ros2_ws/src/UR-MiR-mobile-manipulator/build/ur_robot_driver
[1.554s] Invoked command in '/home/t_b/ros2_ws/src/UR-MiR-mobile-manipulator/build/ur_robot_driver' returned '0': CMAKE_PREFIX_PATH=/home/t_b/ros2_ws/src/UR-MiR-mobile-manipulator/install/ur_controllers:/home/t_b/ros2_ws/src/UR-MiR-mobile-manipulator/install/ur_description:/home/t_b/ros2_ws/src/UR-MiR-mobile-manipulator/install/ur_dashboard_msgs:/home/t_b/ros2_ws/src/UR-MiR-mobile-manipulator/install/ur:/home/t_b/ros2_ws/src/UR-MiR-mobile-manipulator/install/ur_calibration:/home/t_b/ros2_ws/src/UR-MiR-mobile-manipulator/install/ur_robot_driver:/home/t_b/ros2_ws/src/UR-MiR-mobile-manipulator/install/ur_moveit_config:/home/t_b/ros2_ws/src/UR-MiR-mobile-manipulator/install/ur_bringup:/home/t_b/ros2_ws/src/UR-MiR-mobile-manipulator/install/ros2_aruco_interfaces:/home/t_b/ros2_ws/src/UR-MiR-mobile-manipulator/install/robotiq_description:/home/t_b/ros2_ws/src/UR-MiR-mobile-manipulator/install/realsense2_description:/home/t_b/ros2_ws/src/UR-MiR-mobile-manipulator/install/mir_robot:/home/t_b/ros2_ws/src/UR-MiR-mobile-manipulator/install/mir_navigation:/home/t_b/ros2_ws/src/UR-MiR-mobile-manipulator/install/mir_msgs:/home/t_b/ros2_ws/src/UR-MiR-mobile-manipulator/install/mir_gazebo:/home/t_b/ros2_ws/src/UR-MiR-mobile-manipulator/install/mir_description:/home/t_b/ros2_ws/src/UR-MiR-mobile-manipulator/install/mir_bringup:/home/t_b/ros2_ws/src/UR-MiR-mobile-manipulator/install/hello_moveit_ur:/home/t_b/pp_ros2_ws/install/rosbot:/home/t_b/pp_ros2_ws/install/rosbot_localization:/home/t_b/pp_ros2_ws/install/rosbot_joy:/home/t_b/pp_ros2_ws/install/open_manipulator_x_moveit:/home/t_b/pp_ros2_ws/install/rosbot_description:/home/t_b/pp_ros2_ws/install/open_manipulator_x_joy:/home/t_b/pp_ros2_ws/install/open_manipulator_x_description:/home/t_b/pp_ros2_ws/install/mecanum_drive_controller:/home/t_b/pp_ros2_ws/install/husarion_gz_worlds:/home/t_b/pp_ros2_ws/install/husarion_components_description:/home/t_b/pp_ros2_ws/install/dynamixel_hardware_interface:/home/t_b/swaraj/piper_ros/install/mtc_tutorial:/home/t_b/swaraj/piper_ros/install/moveit_task_constructor_visualization:/home/t_b/swaraj/piper_ros/install/moveit_task_constructor_demo:/home/t_b/swaraj/piper_ros/install/moveit_task_constructor_capabilities:/home/t_b/swaraj/piper_ros/install/moveit_task_constructor_core:/home/t_b/swaraj/piper_ros/install/rviz_marker_tools:/home/t_b/swaraj/piper_ros/install/posha_sim:/home/t_b/swaraj/piper_ros/install/piper_with_gripper_moveit:/home/t_b/swaraj/piper_ros/install/piper_no_gripper_moveit:/home/t_b/swaraj/piper_ros/install/piper_mujoco:/home/t_b/swaraj/piper_ros/install/piper_msgs:/home/t_b/swaraj/piper_ros/install/piper_humble:/home/t_b/swaraj/piper_ros/install/piper_gazebo:/home/t_b/swaraj/piper_ros/install/piper_description:/home/t_b/swaraj/piper_ros/install/moveit_task_constructor_msgs:/home/t_b/swaraj/piper_ros/install/hello_moveit:/home/t_b/gz_ros2_control_ws/install/ign_ros2_control_demos:/home/t_b/gz_ros2_control_ws/install/ign_ros2_control:/home/t_b/gz_ros2_control_ws/install/gz_ros2_control_tests:/home/t_b/gz_ros2_control_ws/install/gz_ros2_control_demos:/home/t_b/gz_ros2_control_ws/install/gz_ros2_control:/home/t_b/stonefish_ros/install/tour_interfaces:/home/t_b/stonefish_ros/install/stonefish_ros2:/home/t_b/ros2_ws/src/UR-MiR-mobile-manipulator/install/ros2_aruco:/home/t_b/ros2_ws/src/UR-MiR-mobile-manipulator/install/point_cloud_functions:/home/t_b/ros2_ws/src/UR-MiR-mobile-manipulator/install/mir_restapi:/home/t_b/ros2_ws/src/UR-MiR-mobile-manipulator/install/mir_driver:/home/t_b/pp_ros2_ws/install/rosbot_gazebo:/home/t_b/pp_ros2_ws/install/rosbot_controller:/home/t_b/pp_ros2_ws/install/rosbot_utils:/home/t_b/swaraj/piper_ros/install/piper:/home/t_b/leader_follower/install/apf:/home/t_b/amogh_app/amogh_ws/install/pursuers:/home/t_b/stonefish_ros/install/codes:/home/t_b/stonefish_ros/install/software_stack:/opt/ros/humble LD_LIBRARY_PATH=/home/t_b/ros2_ws/src/UR-MiR-mobile-manipulator/install/ur_controllers/lib:/home/t_b/ros2_ws/src/UR-MiR-mobile-manipulator/install/ur_dashboard_msgs/lib:/home/t_b/ros2_ws/src/UR-MiR-mobile-manipulator/install/ur_robot_driver/lib:/home/t_b/ros2_ws/src/UR-MiR-mobile-manipulator/install/ros2_aruco_interfaces/lib:/home/t_b/ros2_ws/src/UR-MiR-mobile-manipulator/install/mir_msgs/lib:/home/t_b/pp_ros2_ws/install/mecanum_drive_controller/lib:/home/t_b/pp_ros2_ws/install/dynamixel_hardware_interface/lib:/home/t_b/swaraj/piper_ros/install/moveit_task_constructor_visualization/lib:/home/t_b/swaraj/piper_ros/install/moveit_task_constructor_demo/lib:/home/t_b/swaraj/piper_ros/install/moveit_task_constructor_capabilities/lib:/home/t_b/swaraj/piper_ros/install/moveit_task_constructor_core/lib:/home/t_b/swaraj/piper_ros/install/rviz_marker_tools/lib:/home/t_b/swaraj/piper_ros/install/piper_msgs/lib:/home/t_b/swaraj/piper_ros/install/moveit_task_constructor_msgs/lib:/home/t_b/gz_ros2_control_ws/install/gz_ros2_control_demos/lib:/home/t_b/gz_ros2_control_ws/install/gz_ros2_control/lib:/home/t_b/stonefish_ros/install/tour_interfaces/lib:/home/t_b/stonefish_ros/install/stonefish_ros2/lib:/opt/ros/humble/opt/rviz_ogre_vendor/lib:/opt/ros/humble/lib/x86_64-linux-gnu:/opt/ros/humble/lib /usr/bin/cmake /home/t_b/ros2_ws/src/UR-MiR-mobile-manipulator/Universal_Robots_ROS2_Driver/ur_robot_driver -DCMAKE_INSTALL_PREFIX=/home/t_b/ros2_ws/src/UR-MiR-mobile-manipulator/install/ur_robot_driver
[1.555s] Invoking command in '/home/t_b/ros2_ws/src/UR-MiR-mobile-manipulator/build/ur_robot_driver': CMAKE_PREFIX_PATH=/home/t_b/ros2_ws/src/UR-MiR-mobile-manipulator/install/ur_controllers:/home/t_b/ros2_ws/src/UR-MiR-mobile-manipulator/install/ur_description:/home/t_b/ros2_ws/src/UR-MiR-mobile-manipulator/install/ur_dashboard_msgs:/home/t_b/ros2_ws/src/UR-MiR-mobile-manipulator/install/ur:/home/t_b/ros2_ws/src/UR-MiR-mobile-manipulator/install/ur_calibration:/home/t_b/ros2_ws/src/UR-MiR-mobile-manipulator/install/ur_robot_driver:/home/t_b/ros2_ws/src/UR-MiR-mobile-manipulator/install/ur_moveit_config:/home/t_b/ros2_ws/src/UR-MiR-mobile-manipulator/install/ur_bringup:/home/t_b/ros2_ws/src/UR-MiR-mobile-manipulator/install/ros2_aruco_interfaces:/home/t_b/ros2_ws/src/UR-MiR-mobile-manipulator/install/robotiq_description:/home/t_b/ros2_ws/src/UR-MiR-mobile-manipulator/install/realsense2_description:/home/t_b/ros2_ws/src/UR-MiR-mobile-manipulator/install/mir_robot:/home/t_b/ros2_ws/src/UR-MiR-mobile-manipulator/install/mir_navigation:/home/t_b/ros2_ws/src/UR-MiR-mobile-manipulator/install/mir_msgs:/home/t_b/ros2_ws/src/UR-MiR-mobile-manipulator/install/mir_gazebo:/home/t_b/ros2_ws/src/UR-MiR-mobile-manipulator/install/mir_description:/home/t_b/ros2_ws/src/UR-MiR-mobile-manipulator/install/mir_bringup:/home/t_b/ros2_ws/src/UR-MiR-mobile-manipulator/install/hello_moveit_ur:/home/t_b/pp_ros2_ws/install/rosbot:/home/t_b/pp_ros2_ws/install/rosbot_localization:/home/t_b/pp_ros2_ws/install/rosbot_joy:/home/t_b/pp_ros2_ws/install/open_manipulator_x_moveit:/home/t_b/pp_ros2_ws/install/rosbot_description:/home/t_b/pp_ros2_ws/install/open_manipulator_x_joy:/home/t_b/pp_ros2_ws/install/open_manipulator_x_description:/home/t_b/pp_ros2_ws/install/mecanum_drive_controller:/home/t_b/pp_ros2_ws/install/husarion_gz_worlds:/home/t_b/pp_ros2_ws/install/husarion_components_description:/home/t_b/pp_ros2_ws/install/dynamixel_hardware_interface:/home/t_b/swaraj/piper_ros/install/mtc_tutorial:/home/t_b/swaraj/piper_ros/install/moveit_task_constructor_visualization:/home/t_b/swaraj/piper_ros/install/moveit_task_constructor_demo:/home/t_b/swaraj/piper_ros/install/moveit_task_constructor_capabilities:/home/t_b/swaraj/piper_ros/install/moveit_task_constructor_core:/home/t_b/swaraj/piper_ros/install/rviz_marker_tools:/home/t_b/swaraj/piper_ros/install/posha_sim:/home/t_b/swaraj/piper_ros/install/piper_with_gripper_moveit:/home/t_b/swaraj/piper_ros/install/piper_no_gripper_moveit:/home/t_b/swaraj/piper_ros/install/piper_mujoco:/home/t_b/swaraj/piper_ros/install/piper_msgs:/home/t_b/swaraj/piper_ros/install/piper_humble:/home/t_b/swaraj/piper_ros/install/piper_gazebo:/home/t_b/swaraj/piper_ros/install/piper_description:/home/t_b/swaraj/piper_ros/install/moveit_task_constructor_msgs:/home/t_b/swaraj/piper_ros/install/hello_moveit:/home/t_b/gz_ros2_control_ws/install/ign_ros2_control_demos:/home/t_b/gz_ros2_control_ws/install/ign_ros2_control:/home/t_b/gz_ros2_control_ws/install/gz_ros2_control_tests:/home/t_b/gz_ros2_control_ws/install/gz_ros2_control_demos:/home/t_b/gz_ros2_control_ws/install/gz_ros2_control:/home/t_b/stonefish_ros/install/tour_interfaces:/home/t_b/stonefish_ros/install/stonefish_ros2:/home/t_b/ros2_ws/src/UR-MiR-mobile-manipulator/install/ros2_aruco:/home/t_b/ros2_ws/src/UR-MiR-mobile-manipulator/install/point_cloud_functions:/home/t_b/ros2_ws/src/UR-MiR-mobile-manipulator/install/mir_restapi:/home/t_b/ros2_ws/src/UR-MiR-mobile-manipulator/install/mir_driver:/home/t_b/pp_ros2_ws/install/rosbot_gazebo:/home/t_b/pp_ros2_ws/install/rosbot_controller:/home/t_b/pp_ros2_ws/install/rosbot_utils:/home/t_b/swaraj/piper_ros/install/piper:/home/t_b/leader_follower/install/apf:/home/t_b/amogh_app/amogh_ws/install/pursuers:/home/t_b/stonefish_ros/install/codes:/home/t_b/stonefish_ros/install/software_stack:/opt/ros/humble LD_LIBRARY_PATH=/home/t_b/ros2_ws/src/UR-MiR-mobile-manipulator/install/ur_controllers/lib:/home/t_b/ros2_ws/src/UR-MiR-mobile-manipulator/install/ur_dashboard_msgs/lib:/home/t_b/ros2_ws/src/UR-MiR-mobile-manipulator/install/ur_robot_driver/lib:/home/t_b/ros2_ws/src/UR-MiR-mobile-manipulator/install/ros2_aruco_interfaces/lib:/home/t_b/ros2_ws/src/UR-MiR-mobile-manipulator/install/mir_msgs/lib:/home/t_b/pp_ros2_ws/install/mecanum_drive_controller/lib:/home/t_b/pp_ros2_ws/install/dynamixel_hardware_interface/lib:/home/t_b/swaraj/piper_ros/install/moveit_task_constructor_visualization/lib:/home/t_b/swaraj/piper_ros/install/moveit_task_constructor_demo/lib:/home/t_b/swaraj/piper_ros/install/moveit_task_constructor_capabilities/lib:/home/t_b/swaraj/piper_ros/install/moveit_task_constructor_core/lib:/home/t_b/swaraj/piper_ros/install/rviz_marker_tools/lib:/home/t_b/swaraj/piper_ros/install/piper_msgs/lib:/home/t_b/swaraj/piper_ros/install/moveit_task_constructor_msgs/lib:/home/t_b/gz_ros2_control_ws/install/gz_ros2_control_demos/lib:/home/t_b/gz_ros2_control_ws/install/gz_ros2_control/lib:/home/t_b/stonefish_ros/install/tour_interfaces/lib:/home/t_b/stonefish_ros/install/stonefish_ros2/lib:/opt/ros/humble/opt/rviz_ogre_vendor/lib:/opt/ros/humble/lib/x86_64-linux-gnu:/opt/ros/humble/lib /usr/bin/cmake --build /home/t_b/ros2_ws/src/UR-MiR-mobile-manipulator/build/ur_robot_driver -- -j16 -l16
[1.620s] [  4%] [32mBuilding CXX object CMakeFiles/trajectory_until_node.dir/src/trajectory_until_node.cpp.o[0m
[1.620s] [  9%] [32mBuilding CXX object CMakeFiles/controller_stopper_node.dir/src/controller_stopper_node.cpp.o[0m
[1.620s] [ 13%] [32mBuilding CXX object CMakeFiles/urscript_interface.dir/src/urscript_interface.cpp.o[0m
[1.621s] [ 18%] [32mBuilding CXX object CMakeFiles/ur_robot_driver_plugin.dir/src/dashboard_client_ros.cpp.o[0m
[1.622s] [ 22%] [32mBuilding CXX object CMakeFiles/ur_ros2_control_node.dir/src/ur_ros2_control_node.cpp.o[0m
[1.622s] [ 27%] [32mBuilding CXX object CMakeFiles/dashboard_client.dir/src/dashboard_client_ros.cpp.o[0m
[1.622s] [ 31%] [32mBuilding CXX object CMakeFiles/dashboard_client.dir/src/dashboard_client_node.cpp.o[0m
[1.624s] [ 36%] [32mBuilding CXX object CMakeFiles/ur_robot_driver_plugin.dir/src/hardware_interface.cpp.o[0m
[1.626s] [ 40%] [32mBuilding CXX object CMakeFiles/robot_state_helper.dir/src/robot_state_helper.cpp.o[0m
[1.626s] [ 45%] [32mBuilding CXX object CMakeFiles/robot_state_helper.dir/src/robot_state_helper_node.cpp.o[0m
[1.626s] [ 50%] [32mBuilding CXX object CMakeFiles/dashboard_client.dir/src/urcl_log_handler.cpp.o[0m
[1.626s] [ 54%] [32mBuilding CXX object CMakeFiles/robot_state_helper.dir/src/urcl_log_handler.cpp.o[0m
[1.626s] [ 63%] [32mBuilding CXX object CMakeFiles/controller_stopper_node.dir/src/controller_stopper.cpp.o[0m
[1.627s] [ 63%] [32mBuilding CXX object CMakeFiles/ur_robot_driver_plugin.dir/src/urcl_log_handler.cpp.o[0m
[1.627s] [ 68%] [32mBuilding CXX object CMakeFiles/ur_robot_driver_plugin.dir/src/robot_state_helper.cpp.o[0m
[1.631s] [ 68%] Built target ament_cmake_python_copy_ur_robot_driver
[1.962s] running egg_info
[1.962s] creating ur_robot_driver.egg-info
[1.962s] writing ur_robot_driver.egg-info/PKG-INFO
[1.962s] writing dependency_links to ur_robot_driver.egg-info/dependency_links.txt
[1.963s] writing top-level names to ur_robot_driver.egg-info/top_level.txt
[1.963s] writing manifest file 'ur_robot_driver.egg-info/SOURCES.txt'
[1.965s] reading manifest file 'ur_robot_driver.egg-info/SOURCES.txt'
[1.965s] writing manifest file 'ur_robot_driver.egg-info/SOURCES.txt'
[2.007s] [ 68%] Built target ament_cmake_python_build_ur_robot_driver_egg
[8.536s] [ 72%] [32m[1mLinking CXX executable ur_ros2_control_node[0m
[8.729s] [ 72%] Built target ur_ros2_control_node
[14.435s] [ 77%] [32m[1mLinking CXX executable trajectory_until_node[0m
[14.716s] [ 77%] Built target trajectory_until_node
[14.843s] [ 81%] [32m[1mLinking CXX executable urscript_interface[0m
[15.106s] [ 81%] Built target urscript_interface
[16.965s] [ 86%] [32m[1mLinking CXX executable controller_stopper_node[0m
[17.198s] [ 86%] Built target controller_stopper_node
[24.895s] [ 90%] [32m[1mLinking CXX executable robot_state_helper[0m
[25.261s] [ 90%] Built target robot_state_helper
[32.879s] [ 95%] [32m[1mLinking CXX executable dashboard_client[0m
[33.269s] [ 95%] Built target dashboard_client
[34.995s] [100%] [32m[1mLinking CXX shared library libur_robot_driver_plugin.so[0m
[35.645s] [100%] Built target ur_robot_driver_plugin
[35.661s] Invoked command in '/home/t_b/ros2_ws/src/UR-MiR-mobile-manipulator/build/ur_robot_driver' returned '0': CMAKE_PREFIX_PATH=/home/t_b/ros2_ws/src/UR-MiR-mobile-manipulator/install/ur_controllers:/home/t_b/ros2_ws/src/UR-MiR-mobile-manipulator/install/ur_description:/home/t_b/ros2_ws/src/UR-MiR-mobile-manipulator/install/ur_dashboard_msgs:/home/t_b/ros2_ws/src/UR-MiR-mobile-manipulator/install/ur:/home/t_b/ros2_ws/src/UR-MiR-mobile-manipulator/install/ur_calibration:/home/t_b/ros2_ws/src/UR-MiR-mobile-manipulator/install/ur_robot_driver:/home/t_b/ros2_ws/src/UR-MiR-mobile-manipulator/install/ur_moveit_config:/home/t_b/ros2_ws/src/UR-MiR-mobile-manipulator/install/ur_bringup:/home/t_b/ros2_ws/src/UR-MiR-mobile-manipulator/install/ros2_aruco_interfaces:/home/t_b/ros2_ws/src/UR-MiR-mobile-manipulator/install/robotiq_description:/home/t_b/ros2_ws/src/UR-MiR-mobile-manipulator/install/realsense2_description:/home/t_b/ros2_ws/src/UR-MiR-mobile-manipulator/install/mir_robot:/home/t_b/ros2_ws/src/UR-MiR-mobile-manipulator/install/mir_navigation:/home/t_b/ros2_ws/src/UR-MiR-mobile-manipulator/install/mir_msgs:/home/t_b/ros2_ws/src/UR-MiR-mobile-manipulator/install/mir_gazebo:/home/t_b/ros2_ws/src/UR-MiR-mobile-manipulator/install/mir_description:/home/t_b/ros2_ws/src/UR-MiR-mobile-manipulator/install/mir_bringup:/home/t_b/ros2_ws/src/UR-MiR-mobile-manipulator/install/hello_moveit_ur:/home/t_b/pp_ros2_ws/install/rosbot:/home/t_b/pp_ros2_ws/install/rosbot_localization:/home/t_b/pp_ros2_ws/install/rosbot_joy:/home/t_b/pp_ros2_ws/install/open_manipulator_x_moveit:/home/t_b/pp_ros2_ws/install/rosbot_description:/home/t_b/pp_ros2_ws/install/open_manipulator_x_joy:/home/t_b/pp_ros2_ws/install/open_manipulator_x_description:/home/t_b/pp_ros2_ws/install/mecanum_drive_controller:/home/t_b/pp_ros2_ws/install/husarion_gz_worlds:/home/t_b/pp_ros2_ws/install/husarion_components_description:/home/t_b/pp_ros2_ws/install/dynamixel_hardware_interface:/home/t_b/swaraj/piper_ros/install/mtc_tutorial:/home/t_b/swaraj/piper_ros/install/moveit_task_constructor_visualization:/home/t_b/swaraj/piper_ros/install/moveit_task_constructor_demo:/home/t_b/swaraj/piper_ros/install/moveit_task_constructor_capabilities:/home/t_b/swaraj/piper_ros/install/moveit_task_constructor_core:/home/t_b/swaraj/piper_ros/install/rviz_marker_tools:/home/t_b/swaraj/piper_ros/install/posha_sim:/home/t_b/swaraj/piper_ros/install/piper_with_gripper_moveit:/home/t_b/swaraj/piper_ros/install/piper_no_gripper_moveit:/home/t_b/swaraj/piper_ros/install/piper_mujoco:/home/t_b/swaraj/piper_ros/install/piper_msgs:/home/t_b/swaraj/piper_ros/install/piper_humble:/home/t_b/swaraj/piper_ros/install/piper_gazebo:/home/t_b/swaraj/piper_ros/install/piper_description:/home/t_b/swaraj/piper_ros/install/moveit_task_constructor_msgs:/home/t_b/swaraj/piper_ros/install/hello_moveit:/home/t_b/gz_ros2_control_ws/install/ign_ros2_control_demos:/home/t_b/gz_ros2_control_ws/install/ign_ros2_control:/home/t_b/gz_ros2_control_ws/install/gz_ros2_control_tests:/home/t_b/gz_ros2_control_ws/install/gz_ros2_control_demos:/home/t_b/gz_ros2_control_ws/install/gz_ros2_control:/home/t_b/stonefish_ros/install/tour_interfaces:/home/t_b/stonefish_ros/install/stonefish_ros2:/home/t_b/ros2_ws/src/UR-MiR-mobile-manipulator/install/ros2_aruco:/home/t_b/ros2_ws/src/UR-MiR-mobile-manipulator/install/point_cloud_functions:/home/t_b/ros2_ws/src/UR-MiR-mobile-manipulator/install/mir_restapi:/home/t_b/ros2_ws/src/UR-MiR-mobile-manipulator/install/mir_driver:/home/t_b/pp_ros2_ws/install/rosbot_gazebo:/home/t_b/pp_ros2_ws/install/rosbot_controller:/home/t_b/pp_ros2_ws/install/rosbot_utils:/home/t_b/swaraj/piper_ros/install/piper:/home/t_b/leader_follower/install/apf:/home/t_b/amogh_app/amogh_ws/install/pursuers:/home/t_b/stonefish_ros/install/codes:/home/t_b/stonefish_ros/install/software_stack:/opt/ros/humble LD_LIBRARY_PATH=/home/t_b/ros2_ws/src/UR-MiR-mobile-manipulator/install/ur_controllers/lib:/home/t_b/ros2_ws/src/UR-MiR-mobile-manipulator/install/ur_dashboard_msgs/lib:/home/t_b/ros2_ws/src/UR-MiR-mobile-manipulator/install/ur_robot_driver/lib:/home/t_b/ros2_ws/src/UR-MiR-mobile-manipulator/install/ros2_aruco_interfaces/lib:/home/t_b/ros2_ws/src/UR-MiR-mobile-manipulator/install/mir_msgs/lib:/home/t_b/pp_ros2_ws/install/mecanum_drive_controller/lib:/home/t_b/pp_ros2_ws/install/dynamixel_hardware_interface/lib:/home/t_b/swaraj/piper_ros/install/moveit_task_constructor_visualization/lib:/home/t_b/swaraj/piper_ros/install/moveit_task_constructor_demo/lib:/home/t_b/swaraj/piper_ros/install/moveit_task_constructor_capabilities/lib:/home/t_b/swaraj/piper_ros/install/moveit_task_constructor_core/lib:/home/t_b/swaraj/piper_ros/install/rviz_marker_tools/lib:/home/t_b/swaraj/piper_ros/install/piper_msgs/lib:/home/t_b/swaraj/piper_ros/install/moveit_task_constructor_msgs/lib:/home/t_b/gz_ros2_control_ws/install/gz_ros2_control_demos/lib:/home/t_b/gz_ros2_control_ws/install/gz_ros2_control/lib:/home/t_b/stonefish_ros/install/tour_interfaces/lib:/home/t_b/stonefish_ros/install/stonefish_ros2/lib:/opt/ros/humble/opt/rviz_ogre_vendor/lib:/opt/ros/humble/lib/x86_64-linux-gnu:/opt/ros/humble/lib /usr/bin/cmake --build /home/t_b/ros2_ws/src/UR-MiR-mobile-manipulator/build/ur_robot_driver -- -j16 -l16
[35.669s] Invoking command in '/home/t_b/ros2_ws/src/UR-MiR-mobile-manipulator/build/ur_robot_driver': CMAKE_PREFIX_PATH=/home/t_b/ros2_ws/src/UR-MiR-mobile-manipulator/install/ur_controllers:/home/t_b/ros2_ws/src/UR-MiR-mobile-manipulator/install/ur_description:/home/t_b/ros2_ws/src/UR-MiR-mobile-manipulator/install/ur_dashboard_msgs:/home/t_b/ros2_ws/src/UR-MiR-mobile-manipulator/install/ur:/home/t_b/ros2_ws/src/UR-MiR-mobile-manipulator/install/ur_calibration:/home/t_b/ros2_ws/src/UR-MiR-mobile-manipulator/install/ur_robot_driver:/home/t_b/ros2_ws/src/UR-MiR-mobile-manipulator/install/ur_moveit_config:/home/t_b/ros2_ws/src/UR-MiR-mobile-manipulator/install/ur_bringup:/home/t_b/ros2_ws/src/UR-MiR-mobile-manipulator/install/ros2_aruco_interfaces:/home/t_b/ros2_ws/src/UR-MiR-mobile-manipulator/install/robotiq_description:/home/t_b/ros2_ws/src/UR-MiR-mobile-manipulator/install/realsense2_description:/home/t_b/ros2_ws/src/UR-MiR-mobile-manipulator/install/mir_robot:/home/t_b/ros2_ws/src/UR-MiR-mobile-manipulator/install/mir_navigation:/home/t_b/ros2_ws/src/UR-MiR-mobile-manipulator/install/mir_msgs:/home/t_b/ros2_ws/src/UR-MiR-mobile-manipulator/install/mir_gazebo:/home/t_b/ros2_ws/src/UR-MiR-mobile-manipulator/install/mir_description:/home/t_b/ros2_ws/src/UR-MiR-mobile-manipulator/install/mir_bringup:/home/t_b/ros2_ws/src/UR-MiR-mobile-manipulator/install/hello_moveit_ur:/home/t_b/pp_ros2_ws/install/rosbot:/home/t_b/pp_ros2_ws/install/rosbot_localization:/home/t_b/pp_ros2_ws/install/rosbot_joy:/home/t_b/pp_ros2_ws/install/open_manipulator_x_moveit:/home/t_b/pp_ros2_ws/install/rosbot_description:/home/t_b/pp_ros2_ws/install/open_manipulator_x_joy:/home/t_b/pp_ros2_ws/install/open_manipulator_x_description:/home/t_b/pp_ros2_ws/install/mecanum_drive_controller:/home/t_b/pp_ros2_ws/install/husarion_gz_worlds:/home/t_b/pp_ros2_ws/install/husarion_components_description:/home/t_b/pp_ros2_ws/install/dynamixel_hardware_interface:/home/t_b/swaraj/piper_ros/install/mtc_tutorial:/home/t_b/swaraj/piper_ros/install/moveit_task_constructor_visualization:/home/t_b/swaraj/piper_ros/install/moveit_task_constructor_demo:/home/t_b/swaraj/piper_ros/install/moveit_task_constructor_capabilities:/home/t_b/swaraj/piper_ros/install/moveit_task_constructor_core:/home/t_b/swaraj/piper_ros/install/rviz_marker_tools:/home/t_b/swaraj/piper_ros/install/posha_sim:/home/t_b/swaraj/piper_ros/install/piper_with_gripper_moveit:/home/t_b/swaraj/piper_ros/install/piper_no_gripper_moveit:/home/t_b/swaraj/piper_ros/install/piper_mujoco:/home/t_b/swaraj/piper_ros/install/piper_msgs:/home/t_b/swaraj/piper_ros/install/piper_humble:/home/t_b/swaraj/piper_ros/install/piper_gazebo:/home/t_b/swaraj/piper_ros/install/piper_description:/home/t_b/swaraj/piper_ros/install/moveit_task_constructor_msgs:/home/t_b/swaraj/piper_ros/install/hello_moveit:/home/t_b/gz_ros2_control_ws/install/ign_ros2_control_demos:/home/t_b/gz_ros2_control_ws/install/ign_ros2_control:/home/t_b/gz_ros2_control_ws/install/gz_ros2_control_tests:/home/t_b/gz_ros2_control_ws/install/gz_ros2_control_demos:/home/t_b/gz_ros2_control_ws/install/gz_ros2_control:/home/t_b/stonefish_ros/install/tour_interfaces:/home/t_b/stonefish_ros/install/stonefish_ros2:/home/t_b/ros2_ws/src/UR-MiR-mobile-manipulator/install/ros2_aruco:/home/t_b/ros2_ws/src/UR-MiR-mobile-manipulator/install/point_cloud_functions:/home/t_b/ros2_ws/src/UR-MiR-mobile-manipulator/install/mir_restapi:/home/t_b/ros2_ws/src/UR-MiR-mobile-manipulator/install/mir_driver:/home/t_b/pp_ros2_ws/install/rosbot_gazebo:/home/t_b/pp_ros2_ws/install/rosbot_controller:/home/t_b/pp_ros2_ws/install/rosbot_utils:/home/t_b/swaraj/piper_ros/install/piper:/home/t_b/leader_follower/install/apf:/home/t_b/amogh_app/amogh_ws/install/pursuers:/home/t_b/stonefish_ros/install/codes:/home/t_b/stonefish_ros/install/software_stack:/opt/ros/humble LD_LIBRARY_PATH=/home/t_b/ros2_ws/src/UR-MiR-mobile-manipulator/install/ur_controllers/lib:/home/t_b/ros2_ws/src/UR-MiR-mobile-manipulator/install/ur_dashboard_msgs/lib:/home/t_b/ros2_ws/src/UR-MiR-mobile-manipulator/install/ur_robot_driver/lib:/home/t_b/ros2_ws/src/UR-MiR-mobile-manipulator/install/ros2_aruco_interfaces/lib:/home/t_b/ros2_ws/src/UR-MiR-mobile-manipulator/install/mir_msgs/lib:/home/t_b/pp_ros2_ws/install/mecanum_drive_controller/lib:/home/t_b/pp_ros2_ws/install/dynamixel_hardware_interface/lib:/home/t_b/swaraj/piper_ros/install/moveit_task_constructor_visualization/lib:/home/t_b/swaraj/piper_ros/install/moveit_task_constructor_demo/lib:/home/t_b/swaraj/piper_ros/install/moveit_task_constructor_capabilities/lib:/home/t_b/swaraj/piper_ros/install/moveit_task_constructor_core/lib:/home/t_b/swaraj/piper_ros/install/rviz_marker_tools/lib:/home/t_b/swaraj/piper_ros/install/piper_msgs/lib:/home/t_b/swaraj/piper_ros/install/moveit_task_constructor_msgs/lib:/home/t_b/gz_ros2_control_ws/install/gz_ros2_control_demos/lib:/home/t_b/gz_ros2_control_ws/install/gz_ros2_control/lib:/home/t_b/stonefish_ros/install/tour_interfaces/lib:/home/t_b/stonefish_ros/install/stonefish_ros2/lib:/opt/ros/humble/opt/rviz_ogre_vendor/lib:/opt/ros/humble/lib/x86_64-linux-gnu:/opt/ros/humble/lib /usr/bin/cmake --install /home/t_b/ros2_ws/src/UR-MiR-mobile-manipulator/build/ur_robot_driver
[35.680s] -- Install configuration: "RelWithDebInfo"
[35.680s] -- Installing: /home/t_b/ros2_ws/src/UR-MiR-mobile-manipulator/install/ur_robot_driver/share/ur_robot_driver/hardware_interface_plugin.xml
[35.680s] -- Installing: /home/t_b/ros2_ws/src/UR-MiR-mobile-manipulator/install/ur_robot_driver/lib/ur_robot_driver/controller_stopper_node
[35.687s] -- Set runtime path of "/home/t_b/ros2_ws/src/UR-MiR-mobile-manipulator/install/ur_robot_driver/lib/ur_robot_driver/controller_stopper_node" to ""
[35.687s] -- Installing: /home/t_b/ros2_ws/src/UR-MiR-mobile-manipulator/install/ur_robot_driver/lib/ur_robot_driver/dashboard_client
[35.700s] -- Set runtime path of "/home/t_b/ros2_ws/src/UR-MiR-mobile-manipulator/install/ur_robot_driver/lib/ur_robot_driver/dashboard_client" to ""
[35.700s] -- Installing: /home/t_b/ros2_ws/src/UR-MiR-mobile-manipulator/install/ur_robot_driver/lib/ur_robot_driver/robot_state_helper
[35.711s] -- Set runtime path of "/home/t_b/ros2_ws/src/UR-MiR-mobile-manipulator/install/ur_robot_driver/lib/ur_robot_driver/robot_state_helper" to ""
[35.712s] -- Installing: /home/t_b/ros2_ws/src/UR-MiR-mobile-manipulator/install/ur_robot_driver/lib/ur_robot_driver/trajectory_until_node
[35.714s] -- Set runtime path of "/home/t_b/ros2_ws/src/UR-MiR-mobile-manipulator/install/ur_robot_driver/lib/ur_robot_driver/trajectory_until_node" to ""
[35.714s] -- Installing: /home/t_b/ros2_ws/src/UR-MiR-mobile-manipulator/install/ur_robot_driver/lib/ur_robot_driver/ur_ros2_control_node
[35.715s] -- Set runtime path of "/home/t_b/ros2_ws/src/UR-MiR-mobile-manipulator/install/ur_robot_driver/lib/ur_robot_driver/ur_ros2_control_node" to ""
[35.715s] -- Installing: /home/t_b/ros2_ws/src/UR-MiR-mobile-manipulator/install/ur_robot_driver/lib/ur_robot_driver/urscript_interface
[35.720s] -- Set runtime path of "/home/t_b/ros2_ws/src/UR-MiR-mobile-manipulator/install/ur_robot_driver/lib/ur_robot_driver/urscript_interface" to ""
[35.720s] -- Installing: /home/t_b/ros2_ws/src/UR-MiR-mobile-manipulator/install/ur_robot_driver/lib/libur_robot_driver_plugin.so
[35.756s] -- Set runtime path of "/home/t_b/ros2_ws/src/UR-MiR-mobile-manipulator/install/ur_robot_driver/lib/libur_robot_driver_plugin.so" to ""
[35.756s] -- Installing: /home/t_b/ros2_ws/src/UR-MiR-mobile-manipulator/install/ur_robot_driver/include
[35.757s] -- Installing: /home/t_b/ros2_ws/src/UR-MiR-mobile-manipulator/install/ur_robot_driver/include/ur_robot_driver
[35.757s] -- Installing: /home/t_b/ros2_ws/src/UR-MiR-mobile-manipulator/install/ur_robot_driver/include/ur_robot_driver/urcl_log_handler.hpp
[35.757s] -- Installing: /home/t_b/ros2_ws/src/UR-MiR-mobile-manipulator/install/ur_robot_driver/include/ur_robot_driver/hardware_interface.hpp
[35.757s] -- Installing: /home/t_b/ros2_ws/src/UR-MiR-mobile-manipulator/install/ur_robot_driver/include/ur_robot_driver/robot_state_helper.hpp
[35.757s] -- Installing: /home/t_b/ros2_ws/src/UR-MiR-mobile-manipulator/install/ur_robot_driver/include/ur_robot_driver/trajectory_until_node.hpp
[35.757s] -- Installing: /home/t_b/ros2_ws/src/UR-MiR-mobile-manipulator/install/ur_robot_driver/include/ur_robot_driver/controller_stopper.hpp
[35.758s] -- Installing: /home/t_b/ros2_ws/src/UR-MiR-mobile-manipulator/install/ur_robot_driver/include/ur_robot_driver/dashboard_client_ros.hpp
[35.758s] -- Installing: /home/t_b/ros2_ws/src/UR-MiR-mobile-manipulator/install/ur_robot_driver/share/ur_robot_driver/environment/library_path.sh
[35.758s] -- Installing: /home/t_b/ros2_ws/src/UR-MiR-mobile-manipulator/install/ur_robot_driver/share/ur_robot_driver/environment/library_path.dsv
[35.758s] -- Installing: /home/t_b/ros2_ws/src/UR-MiR-mobile-manipulator/install/ur_robot_driver/share/ur_robot_driver/resources
[35.758s] -- Installing: /home/t_b/ros2_ws/src/UR-MiR-mobile-manipulator/install/ur_robot_driver/share/ur_robot_driver/resources/rtde_input_recipe.txt
[35.758s] -- Installing: /home/t_b/ros2_ws/src/UR-MiR-mobile-manipulator/install/ur_robot_driver/share/ur_robot_driver/resources/rs485-1.0.urcap
[35.759s] -- Installing: /home/t_b/ros2_ws/src/UR-MiR-mobile-manipulator/install/ur_robot_driver/share/ur_robot_driver/resources/rtde_output_recipe.txt
[35.759s] -- Installing: /home/t_b/ros2_ws/src/UR-MiR-mobile-manipulator/install/ur_robot_driver/share/ur_robot_driver/resources/externalcontrol-1.0.5.urcap
[35.759s] -- Installing: /home/t_b/ros2_ws/src/UR-MiR-mobile-manipulator/install/ur_robot_driver/share/ur_robot_driver/resources/ros_control.urscript
[35.760s] -- Up-to-date: /home/t_b/ros2_ws/src/UR-MiR-mobile-manipulator/install/ur_robot_driver/include
[35.760s] -- Up-to-date: /home/t_b/ros2_ws/src/UR-MiR-mobile-manipulator/install/ur_robot_driver/include/ur_robot_driver
[35.760s] -- Up-to-date: /home/t_b/ros2_ws/src/UR-MiR-mobile-manipulator/install/ur_robot_driver/include/ur_robot_driver/urcl_log_handler.hpp
[35.760s] -- Up-to-date: /home/t_b/ros2_ws/src/UR-MiR-mobile-manipulator/install/ur_robot_driver/include/ur_robot_driver/hardware_interface.hpp
[35.760s] -- Up-to-date: /home/t_b/ros2_ws/src/UR-MiR-mobile-manipulator/install/ur_robot_driver/include/ur_robot_driver/robot_state_helper.hpp
[35.760s] -- Up-to-date: /home/t_b/ros2_ws/src/UR-MiR-mobile-manipulator/install/ur_robot_driver/include/ur_robot_driver/trajectory_until_node.hpp
[35.760s] -- Up-to-date: /home/t_b/ros2_ws/src/UR-MiR-mobile-manipulator/install/ur_robot_driver/include/ur_robot_driver/controller_stopper.hpp
[35.760s] -- Up-to-date: /home/t_b/ros2_ws/src/UR-MiR-mobile-manipulator/install/ur_robot_driver/include/ur_robot_driver/dashboard_client_ros.hpp
[35.760s] -- Installing: /home/t_b/ros2_ws/src/UR-MiR-mobile-manipulator/install/ur_robot_driver/share/ur_robot_driver/environment/pythonpath.sh
[35.760s] -- Installing: /home/t_b/ros2_ws/src/UR-MiR-mobile-manipulator/install/ur_robot_driver/share/ur_robot_driver/environment/pythonpath.dsv
[35.760s] -- Installing: /home/t_b/ros2_ws/src/UR-MiR-mobile-manipulator/install/ur_robot_driver/local/lib/python3.10/dist-packages/ur_robot_driver-2.13.1-py3.10.egg-info
[35.760s] -- Installing: /home/t_b/ros2_ws/src/UR-MiR-mobile-manipulator/install/ur_robot_driver/local/lib/python3.10/dist-packages/ur_robot_driver-2.13.1-py3.10.egg-info/SOURCES.txt
[35.761s] -- Installing: /home/t_b/ros2_ws/src/UR-MiR-mobile-manipulator/install/ur_robot_driver/local/lib/python3.10/dist-packages/ur_robot_driver-2.13.1-py3.10.egg-info/dependency_links.txt
[35.761s] -- Installing: /home/t_b/ros2_ws/src/UR-MiR-mobile-manipulator/install/ur_robot_driver/local/lib/python3.10/dist-packages/ur_robot_driver-2.13.1-py3.10.egg-info/PKG-INFO
[35.761s] -- Installing: /home/t_b/ros2_ws/src/UR-MiR-mobile-manipulator/install/ur_robot_driver/local/lib/python3.10/dist-packages/ur_robot_driver-2.13.1-py3.10.egg-info/top_level.txt
[35.761s] -- Installing: /home/t_b/ros2_ws/src/UR-MiR-mobile-manipulator/install/ur_robot_driver/local/lib/python3.10/dist-packages/ur_robot_driver
[35.761s] -- Installing: /home/t_b/ros2_ws/src/UR-MiR-mobile-manipulator/install/ur_robot_driver/local/lib/python3.10/dist-packages/ur_robot_driver/__init__.py
[35.803s] Listing '/home/t_b/ros2_ws/src/UR-MiR-mobile-manipulator/install/ur_robot_driver/local/lib/python3.10/dist-packages/ur_robot_driver'...
[35.803s] Compiling '/home/t_b/ros2_ws/src/UR-MiR-mobile-manipulator/install/ur_robot_driver/local/lib/python3.10/dist-packages/ur_robot_driver/__init__.py'...
[35.806s] -- Installing: /home/t_b/ros2_ws/src/UR-MiR-mobile-manipulator/install/ur_robot_driver/lib/ur_robot_driver/tool_communication.py
[35.807s] -- Installing: /home/t_b/ros2_ws/src/UR-MiR-mobile-manipulator/install/ur_robot_driver/lib/ur_robot_driver/example_move.py
[35.807s] -- Installing: /home/t_b/ros2_ws/src/UR-MiR-mobile-manipulator/install/ur_robot_driver/lib/ur_robot_driver/start_ursim.sh
[35.807s] -- Installing: /home/t_b/ros2_ws/src/UR-MiR-mobile-manipulator/install/ur_robot_driver/lib/ur_robot_driver/examples.py
[35.807s] -- Installing: /home/t_b/ros2_ws/src/UR-MiR-mobile-manipulator/install/ur_robot_driver/lib/ur_robot_driver/force_mode.py
[35.807s] -- Installing: /home/t_b/ros2_ws/src/UR-MiR-mobile-manipulator/install/ur_robot_driver/lib/ur_robot_driver/move_until_example.py
[35.807s] -- Installing: /home/t_b/ros2_ws/src/UR-MiR-mobile-manipulator/install/ur_robot_driver/bin/wait_dashboard_server.sh
[35.807s] -- Up-to-date: /home/t_b/ros2_ws/src/UR-MiR-mobile-manipulator/install/ur_robot_driver/lib/ur_robot_driver/start_ursim.sh
[35.807s] -- Installing: /home/t_b/ros2_ws/src/UR-MiR-mobile-manipulator/install/ur_robot_driver/share/ur_robot_driver/config
[35.807s] -- Installing: /home/t_b/ros2_ws/src/UR-MiR-mobile-manipulator/install/ur_robot_driver/share/ur_robot_driver/config/ur30_update_rate.yaml
[35.808s] -- Installing: /home/t_b/ros2_ws/src/UR-MiR-mobile-manipulator/install/ur_robot_driver/share/ur_robot_driver/config/ur5_update_rate.yaml
[35.808s] -- Installing: /home/t_b/ros2_ws/src/UR-MiR-mobile-manipulator/install/ur_robot_driver/share/ur_robot_driver/config/ur15_update_rate.yaml
[35.808s] -- Installing: /home/t_b/ros2_ws/src/UR-MiR-mobile-manipulator/install/ur_robot_driver/share/ur_robot_driver/config/ur12e_update_rate.yaml
[35.808s] -- Installing: /home/t_b/ros2_ws/src/UR-MiR-mobile-manipulator/install/ur_robot_driver/share/ur_robot_driver/config/ur8long_update_rate.yaml
[35.808s] -- Installing: /home/t_b/ros2_ws/src/UR-MiR-mobile-manipulator/install/ur_robot_driver/share/ur_robot_driver/config/ur10_update_rate.yaml
[35.808s] -- Installing: /home/t_b/ros2_ws/src/UR-MiR-mobile-manipulator/install/ur_robot_driver/share/ur_robot_driver/config/ur_controllers.yaml
[35.808s] -- Installing: /home/t_b/ros2_ws/src/UR-MiR-mobile-manipulator/install/ur_robot_driver/share/ur_robot_driver/config/ur16e_update_rate.yaml
[35.808s] -- Installing: /home/t_b/ros2_ws/src/UR-MiR-mobile-manipulator/install/ur_robot_driver/share/ur_robot_driver/config/ur5e_update_rate.yaml
[35.808s] -- Installing: /home/t_b/ros2_ws/src/UR-MiR-mobile-manipulator/install/ur_robot_driver/share/ur_robot_driver/config/ur3_update_rate.yaml
[35.809s] -- Installing: /home/t_b/ros2_ws/src/UR-MiR-mobile-manipulator/install/ur_robot_driver/share/ur_robot_driver/config/ur7e_update_rate.yaml
[35.809s] -- Installing: /home/t_b/ros2_ws/src/UR-MiR-mobile-manipulator/install/ur_robot_driver/share/ur_robot_driver/config/test_velocity_goal_publishers_config.yaml
[35.809s] -- Installing: /home/t_b/ros2_ws/src/UR-MiR-mobile-manipulator/install/ur_robot_driver/share/ur_robot_driver/config/ur18_update_rate.yaml
[35.809s] -- Installing: /home/t_b/ros2_ws/src/UR-MiR-mobile-manipulator/install/ur_robot_driver/share/ur_robot_driver/config/test_goal_publishers_config.yaml
[35.809s] -- Installing: /home/t_b/ros2_ws/src/UR-MiR-mobile-manipulator/install/ur_robot_driver/share/ur_robot_driver/config/ur3e_update_rate.yaml
[35.809s] -- Installing: /home/t_b/ros2_ws/src/UR-MiR-mobile-manipulator/install/ur_robot_driver/share/ur_robot_driver/config/ur10e_update_rate.yaml
[35.810s] -- Installing: /home/t_b/ros2_ws/src/UR-MiR-mobile-manipulator/install/ur_robot_driver/share/ur_robot_driver/config/ur20_update_rate.yaml
[35.810s] -- Installing: /home/t_b/ros2_ws/src/UR-MiR-mobile-manipulator/install/ur_robot_driver/share/ur_robot_driver/launch
[35.810s] -- Installing: /home/t_b/ros2_ws/src/UR-MiR-mobile-manipulator/install/ur_robot_driver/share/ur_robot_driver/launch/ur15.launch.py
[35.810s] -- Installing: /home/t_b/ros2_ws/src/UR-MiR-mobile-manipulator/install/ur_robot_driver/share/ur_robot_driver/launch/ur12e.launch.py
[35.810s] -- Installing: /home/t_b/ros2_ws/src/UR-MiR-mobile-manipulator/install/ur_robot_driver/share/ur_robot_driver/launch/ur20.launch.py
[35.810s] -- Installing: /home/t_b/ros2_ws/src/UR-MiR-mobile-manipulator/install/ur_robot_driver/share/ur_robot_driver/launch/test_joint_trajectory_controller.launch.py
[35.810s] -- Installing: /home/t_b/ros2_ws/src/UR-MiR-mobile-manipulator/install/ur_robot_driver/share/ur_robot_driver/launch/ur10.launch.py
[35.811s] -- Installing: /home/t_b/ros2_ws/src/UR-MiR-mobile-manipulator/install/ur_robot_driver/share/ur_robot_driver/launch/ur5.launch.py
[35.811s] -- Installing: /home/t_b/ros2_ws/src/UR-MiR-mobile-manipulator/install/ur_robot_driver/share/ur_robot_driver/launch/ur3.launch.py
[35.811s] -- Installing: /home/t_b/ros2_ws/src/UR-MiR-mobile-manipulator/install/ur_robot_driver/share/ur_robot_driver/launch/ur5e.launch.py
[35.811s] -- Installing: /home/t_b/ros2_ws/src/UR-MiR-mobile-manipulator/install/ur_robot_driver/share/ur_robot_driver/launch/ur30.launch.py
[35.811s] -- Installing: /home/t_b/ros2_ws/src/UR-MiR-mobile-manipulator/install/ur_robot_driver/share/ur_robot_driver/launch/ur3e.launch.py
[35.811s] -- Installing: /home/t_b/ros2_ws/src/UR-MiR-mobile-manipulator/install/ur_robot_driver/share/ur_robot_driver/launch/ur16e.launch.py
[35.811s] -- Installing: /home/t_b/ros2_ws/src/UR-MiR-mobile-manipulator/install/ur_robot_driver/share/ur_robot_driver/launch/ur_control.launch.py
[35.811s] -- Installing: /home/t_b/ros2_ws/src/UR-MiR-mobile-manipulator/install/ur_robot_driver/share/ur_robot_driver/launch/ur7e.launch.py
[35.812s] -- Installing: /home/t_b/ros2_ws/src/UR-MiR-mobile-manipulator/install/ur_robot_driver/share/ur_robot_driver/launch/test_scaled_joint_trajectory_controller.launch.py
[35.812s] -- Installing: /home/t_b/ros2_ws/src/UR-MiR-mobile-manipulator/install/ur_robot_driver/share/ur_robot_driver/launch/ur_dashboard_client.launch.py
[35.812s] -- Installing: /home/t_b/ros2_ws/src/UR-MiR-mobile-manipulator/install/ur_robot_driver/share/ur_robot_driver/launch/ur8long.launch.py
[35.812s] -- Installing: /home/t_b/ros2_ws/src/UR-MiR-mobile-manipulator/install/ur_robot_driver/share/ur_robot_driver/launch/ur10e.launch.py
[35.812s] -- Installing: /home/t_b/ros2_ws/src/UR-MiR-mobile-manipulator/install/ur_robot_driver/share/ur_robot_driver/launch/ur18.launch.py
[35.812s] -- Installing: /home/t_b/ros2_ws/src/UR-MiR-mobile-manipulator/install/ur_robot_driver/share/ur_robot_driver/launch/test_forward_velocity_controller.launch.py
[35.812s] -- Installing: /home/t_b/ros2_ws/src/UR-MiR-mobile-manipulator/install/ur_robot_driver/share/ament_index/resource_index/package_run_dependencies/ur_robot_driver
[35.812s] -- Installing: /home/t_b/ros2_ws/src/UR-MiR-mobile-manipulator/install/ur_robot_driver/share/ament_index/resource_index/parent_prefix_path/ur_robot_driver
[35.813s] -- Installing: /home/t_b/ros2_ws/src/UR-MiR-mobile-manipulator/install/ur_robot_driver/share/ur_robot_driver/environment/ament_prefix_path.sh
[35.813s] -- Installing: /home/t_b/ros2_ws/src/UR-MiR-mobile-manipulator/install/ur_robot_driver/share/ur_robot_driver/environment/ament_prefix_path.dsv
[35.813s] -- Installing: /home/t_b/ros2_ws/src/UR-MiR-mobile-manipulator/install/ur_robot_driver/share/ur_robot_driver/environment/path.sh
[35.813s] -- Installing: /home/t_b/ros2_ws/src/UR-MiR-mobile-manipulator/install/ur_robot_driver/share/ur_robot_driver/environment/path.dsv
[35.813s] -- Installing: /home/t_b/ros2_ws/src/UR-MiR-mobile-manipulator/install/ur_robot_driver/share/ur_robot_driver/local_setup.bash
[35.813s] -- Installing: /home/t_b/ros2_ws/src/UR-MiR-mobile-manipulator/install/ur_robot_driver/share/ur_robot_driver/local_setup.sh
[35.813s] -- Installing: /home/t_b/ros2_ws/src/UR-MiR-mobile-manipulator/install/ur_robot_driver/share/ur_robot_driver/local_setup.zsh
[35.813s] -- Installing: /home/t_b/ros2_ws/src/UR-MiR-mobile-manipulator/install/ur_robot_driver/share/ur_robot_driver/local_setup.dsv
[35.813s] -- Installing: /home/t_b/ros2_ws/src/UR-MiR-mobile-manipulator/install/ur_robot_driver/share/ur_robot_driver/package.dsv
[35.813s] -- Installing: /home/t_b/ros2_ws/src/UR-MiR-mobile-manipulator/install/ur_robot_driver/share/ament_index/resource_index/packages/ur_robot_driver
[35.813s] -- Installing: /home/t_b/ros2_ws/src/UR-MiR-mobile-manipulator/install/ur_robot_driver/share/ament_index/resource_index/hardware_interface__pluginlib__plugin/ur_robot_driver
[35.813s] -- Installing: /home/t_b/ros2_ws/src/UR-MiR-mobile-manipulator/install/ur_robot_driver/share/ur_robot_driver/cmake/ament_cmake_export_include_directories-extras.cmake
[35.813s] -- Installing: /home/t_b/ros2_ws/src/UR-MiR-mobile-manipulator/install/ur_robot_driver/share/ur_robot_driver/cmake/ament_cmake_export_libraries-extras.cmake
[35.814s] -- Installing: /home/t_b/ros2_ws/src/UR-MiR-mobile-manipulator/install/ur_robot_driver/share/ur_robot_driver/cmake/ament_cmake_export_dependencies-extras.cmake
[35.814s] -- Installing: /home/t_b/ros2_ws/src/UR-MiR-mobile-manipulator/install/ur_robot_driver/share/ur_robot_driver/cmake/ur_robot_driverConfig.cmake
[35.814s] -- Installing: /home/t_b/ros2_ws/src/UR-MiR-mobile-manipulator/install/ur_robot_driver/share/ur_robot_driver/cmake/ur_robot_driverConfig-version.cmake
[35.814s] -- Installing: /home/t_b/ros2_ws/src/UR-MiR-mobile-manipulator/install/ur_robot_driver/share/ur_robot_driver/package.xml
[35.817s] Invoked command in '/home/t_b/ros2_ws/src/UR-MiR-mobile-manipulator/build/ur_robot_driver' returned '0': CMAKE_PREFIX_PATH=/home/t_b/ros2_ws/src/UR-MiR-mobile-manipulator/install/ur_controllers:/home/t_b/ros2_ws/src/UR-MiR-mobile-manipulator/install/ur_description:/home/t_b/ros2_ws/src/UR-MiR-mobile-manipulator/install/ur_dashboard_msgs:/home/t_b/ros2_ws/src/UR-MiR-mobile-manipulator/install/ur:/home/t_b/ros2_ws/src/UR-MiR-mobile-manipulator/install/ur_calibration:/home/t_b/ros2_ws/src/UR-MiR-mobile-manipulator/install/ur_robot_driver:/home/t_b/ros2_ws/src/UR-MiR-mobile-manipulator/install/ur_moveit_config:/home/t_b/ros2_ws/src/UR-MiR-mobile-manipulator/install/ur_bringup:/home/t_b/ros2_ws/src/UR-MiR-mobile-manipulator/install/ros2_aruco_interfaces:/home/t_b/ros2_ws/src/UR-MiR-mobile-manipulator/install/robotiq_description:/home/t_b/ros2_ws/src/UR-MiR-mobile-manipulator/install/realsense2_description:/home/t_b/ros2_ws/src/UR-MiR-mobile-manipulator/install/mir_robot:/home/t_b/ros2_ws/src/UR-MiR-mobile-manipulator/install/mir_navigation:/home/t_b/ros2_ws/src/UR-MiR-mobile-manipulator/install/mir_msgs:/home/t_b/ros2_ws/src/UR-MiR-mobile-manipulator/install/mir_gazebo:/home/t_b/ros2_ws/src/UR-MiR-mobile-manipulator/install/mir_description:/home/t_b/ros2_ws/src/UR-MiR-mobile-manipulator/install/mir_bringup:/home/t_b/ros2_ws/src/UR-MiR-mobile-manipulator/install/hello_moveit_ur:/home/t_b/pp_ros2_ws/install/rosbot:/home/t_b/pp_ros2_ws/install/rosbot_localization:/home/t_b/pp_ros2_ws/install/rosbot_joy:/home/t_b/pp_ros2_ws/install/open_manipulator_x_moveit:/home/t_b/pp_ros2_ws/install/rosbot_description:/home/t_b/pp_ros2_ws/install/open_manipulator_x_joy:/home/t_b/pp_ros2_ws/install/open_manipulator_x_description:/home/t_b/pp_ros2_ws/install/mecanum_drive_controller:/home/t_b/pp_ros2_ws/install/husarion_gz_worlds:/home/t_b/pp_ros2_ws/install/husarion_components_description:/home/t_b/pp_ros2_ws/install/dynamixel_hardware_interface:/home/t_b/swaraj/piper_ros/install/mtc_tutorial:/home/t_b/swaraj/piper_ros/install/moveit_task_constructor_visualization:/home/t_b/swaraj/piper_ros/install/moveit_task_constructor_demo:/home/t_b/swaraj/piper_ros/install/moveit_task_constructor_capabilities:/home/t_b/swaraj/piper_ros/install/moveit_task_constructor_core:/home/t_b/swaraj/piper_ros/install/rviz_marker_tools:/home/t_b/swaraj/piper_ros/install/posha_sim:/home/t_b/swaraj/piper_ros/install/piper_with_gripper_moveit:/home/t_b/swaraj/piper_ros/install/piper_no_gripper_moveit:/home/t_b/swaraj/piper_ros/install/piper_mujoco:/home/t_b/swaraj/piper_ros/install/piper_msgs:/home/t_b/swaraj/piper_ros/install/piper_humble:/home/t_b/swaraj/piper_ros/install/piper_gazebo:/home/t_b/swaraj/piper_ros/install/piper_description:/home/t_b/swaraj/piper_ros/install/moveit_task_constructor_msgs:/home/t_b/swaraj/piper_ros/install/hello_moveit:/home/t_b/gz_ros2_control_ws/install/ign_ros2_control_demos:/home/t_b/gz_ros2_control_ws/install/ign_ros2_control:/home/t_b/gz_ros2_control_ws/install/gz_ros2_control_tests:/home/t_b/gz_ros2_control_ws/install/gz_ros2_control_demos:/home/t_b/gz_ros2_control_ws/install/gz_ros2_control:/home/t_b/stonefish_ros/install/tour_interfaces:/home/t_b/stonefish_ros/install/stonefish_ros2:/home/t_b/ros2_ws/src/UR-MiR-mobile-manipulator/install/ros2_aruco:/home/t_b/ros2_ws/src/UR-MiR-mobile-manipulator/install/point_cloud_functions:/home/t_b/ros2_ws/src/UR-MiR-mobile-manipulator/install/mir_restapi:/home/t_b/ros2_ws/src/UR-MiR-mobile-manipulator/install/mir_driver:/home/t_b/pp_ros2_ws/install/rosbot_gazebo:/home/t_b/pp_ros2_ws/install/rosbot_controller:/home/t_b/pp_ros2_ws/install/rosbot_utils:/home/t_b/swaraj/piper_ros/install/piper:/home/t_b/leader_follower/install/apf:/home/t_b/amogh_app/amogh_ws/install/pursuers:/home/t_b/stonefish_ros/install/codes:/home/t_b/stonefish_ros/install/software_stack:/opt/ros/humble LD_LIBRARY_PATH=/home/t_b/ros2_ws/src/UR-MiR-mobile-manipulator/install/ur_controllers/lib:/home/t_b/ros2_ws/src/UR-MiR-mobile-manipulator/install/ur_dashboard_msgs/lib:/home/t_b/ros2_ws/src/UR-MiR-mobile-manipulator/install/ur_robot_driver/lib:/home/t_b/ros2_ws/src/UR-MiR-mobile-manipulator/install/ros2_aruco_interfaces/lib:/home/t_b/ros2_ws/src/UR-MiR-mobile-manipulator/install/mir_msgs/lib:/home/t_b/pp_ros2_ws/install/mecanum_drive_controller/lib:/home/t_b/pp_ros2_ws/install/dynamixel_hardware_interface/lib:/home/t_b/swaraj/piper_ros/install/moveit_task_constructor_visualization/lib:/home/t_b/swaraj/piper_ros/install/moveit_task_constructor_demo/lib:/home/t_b/swaraj/piper_ros/install/moveit_task_constructor_capabilities/lib:/home/t_b/swaraj/piper_ros/install/moveit_task_constructor_core/lib:/home/t_b/swaraj/piper_ros/install/rviz_marker_tools/lib:/home/t_b/swaraj/piper_ros/install/piper_msgs/lib:/home/t_b/swaraj/piper_ros/install/moveit_task_constructor_msgs/lib:/home/t_b/gz_ros2_control_ws/install/gz_ros2_control_demos/lib:/home/t_b/gz_ros2_control_ws/install/gz_ros2_control/lib:/home/t_b/stonefish_ros/install/tour_interfaces/lib:/home/t_b/stonefish_ros/install/stonefish_ros2/lib:/opt/ros/humble/opt/rviz_ogre_vendor/lib:/opt/ros/humble/lib/x86_64-linux-gnu:/opt/ros/humble/lib /usr/bin/cmake --install /home/t_b/ros2_ws/src/UR-MiR-mobile-manipulator/build/ur_robot_driver
