[0.043s] Invoking command in '/home/t_b/ros2_ws/src/UR-MiR-mobile-manipulator/build/ur_description': CMAKE_PREFIX_PATH=${CMAKE_PREFIX_PATH}:/home/t_b/ros2_ws/src/UR-MiR-mobile-manipulator/install/ros2_aruco:/home/t_b/ros2_ws/src/UR-MiR-mobile-manipulator/install/point_cloud_functions:/home/t_b/ros2_ws/src/UR-MiR-mobile-manipulator/install/mir_restapi:/home/t_b/ros2_ws/src/UR-MiR-mobile-manipulator/install/mir_driver:/home/t_b/pp_ros2_ws/install/rosbot_gazebo:/home/t_b/pp_ros2_ws/install/rosbot_controller:/home/t_b/pp_ros2_ws/install/rosbot_utils:/home/t_b/swaraj/piper_ros/install/piper:/home/t_b/leader_follower/install/apf:/home/t_b/amogh_app/amogh_ws/install/pursuers:/home/t_b/stonefish_ros/install/codes:/home/t_b/stonefish_ros/install/software_stack:/opt/ros/humble /usr/bin/cmake /home/t_b/ros2_ws/src/UR-MiR-mobile-manipulator/Universal_Robots_ROS2_Description -DCMAKE_INSTALL_PREFIX=/home/t_b/ros2_ws/src/UR-MiR-mobile-manipulator/install/ur_description
[0.451s] -- The C compiler identification is GNU 11.4.0
[0.451s] -- The CXX compiler identification is GNU 11.4.0
[0.451s] -- Detecting C compiler ABI info
[0.451s] -- Detecting C compiler ABI info - done
[0.451s] -- Check for working C compiler: /usr/bin/cc - skipped
[0.451s] -- Detecting C compile features
[0.451s] -- Detecting C compile features - done
[0.451s] -- Detecting CXX compiler ABI info
[0.451s] -- Detecting CXX compiler ABI info - done
[0.451s] -- Check for working CXX compiler: /usr/bin/c++ - skipped
[0.451s] -- Detecting CXX compile features
[0.451s] -- Detecting CXX compile features - done
[0.451s] -- Found ament_cmake: 1.3.14 (/opt/ros/humble/share/ament_cmake/cmake)
[0.451s] -- Found Python3: /usr/bin/python3 (found version "3.10.12") found components: Interpreter 
[0.486s] -- Found ament_cmake_pytest: 1.3.14 (/opt/ros/humble/share/ament_cmake_pytest/cmake)
[1.857s] -- Configuring done
[1.860s] -- Generating done
[1.862s] -- Build files have been written to: /home/t_b/ros2_ws/src/UR-MiR-mobile-manipulator/build/ur_description
[1.866s] Invoked command in '/home/t_b/ros2_ws/src/UR-MiR-mobile-manipulator/build/ur_description' returned '0': CMAKE_PREFIX_PATH=${CMAKE_PREFIX_PATH}:/home/t_b/ros2_ws/src/UR-MiR-mobile-manipulator/install/ros2_aruco:/home/t_b/ros2_ws/src/UR-MiR-mobile-manipulator/install/point_cloud_functions:/home/t_b/ros2_ws/src/UR-MiR-mobile-manipulator/install/mir_restapi:/home/t_b/ros2_ws/src/UR-MiR-mobile-manipulator/install/mir_driver:/home/t_b/pp_ros2_ws/install/rosbot_gazebo:/home/t_b/pp_ros2_ws/install/rosbot_controller:/home/t_b/pp_ros2_ws/install/rosbot_utils:/home/t_b/swaraj/piper_ros/install/piper:/home/t_b/leader_follower/install/apf:/home/t_b/amogh_app/amogh_ws/install/pursuers:/home/t_b/stonefish_ros/install/codes:/home/t_b/stonefish_ros/install/software_stack:/opt/ros/humble /usr/bin/cmake /home/t_b/ros2_ws/src/UR-MiR-mobile-manipulator/Universal_Robots_ROS2_Description -DCMAKE_INSTALL_PREFIX=/home/t_b/ros2_ws/src/UR-MiR-mobile-manipulator/install/ur_description
[1.868s] Invoking command in '/home/t_b/ros2_ws/src/UR-MiR-mobile-manipulator/build/ur_description': CMAKE_PREFIX_PATH=${CMAKE_PREFIX_PATH}:/home/t_b/ros2_ws/src/UR-MiR-mobile-manipulator/install/ros2_aruco:/home/t_b/ros2_ws/src/UR-MiR-mobile-manipulator/install/point_cloud_functions:/home/t_b/ros2_ws/src/UR-MiR-mobile-manipulator/install/mir_restapi:/home/t_b/ros2_ws/src/UR-MiR-mobile-manipulator/install/mir_driver:/home/t_b/pp_ros2_ws/install/rosbot_gazebo:/home/t_b/pp_ros2_ws/install/rosbot_controller:/home/t_b/pp_ros2_ws/install/rosbot_utils:/home/t_b/swaraj/piper_ros/install/piper:/home/t_b/leader_follower/install/apf:/home/t_b/amogh_app/amogh_ws/install/pursuers:/home/t_b/stonefish_ros/install/codes:/home/t_b/stonefish_ros/install/software_stack:/opt/ros/humble /usr/bin/cmake --build /home/t_b/ros2_ws/src/UR-MiR-mobile-manipulator/build/ur_description -- -j16 -l16
[1.898s] Invoked command in '/home/t_b/ros2_ws/src/UR-MiR-mobile-manipulator/build/ur_description' returned '0': CMAKE_PREFIX_PATH=${CMAKE_PREFIX_PATH}:/home/t_b/ros2_ws/src/UR-MiR-mobile-manipulator/install/ros2_aruco:/home/t_b/ros2_ws/src/UR-MiR-mobile-manipulator/install/point_cloud_functions:/home/t_b/ros2_ws/src/UR-MiR-mobile-manipulator/install/mir_restapi:/home/t_b/ros2_ws/src/UR-MiR-mobile-manipulator/install/mir_driver:/home/t_b/pp_ros2_ws/install/rosbot_gazebo:/home/t_b/pp_ros2_ws/install/rosbot_controller:/home/t_b/pp_ros2_ws/install/rosbot_utils:/home/t_b/swaraj/piper_ros/install/piper:/home/t_b/leader_follower/install/apf:/home/t_b/amogh_app/amogh_ws/install/pursuers:/home/t_b/stonefish_ros/install/codes:/home/t_b/stonefish_ros/install/software_stack:/opt/ros/humble /usr/bin/cmake --build /home/t_b/ros2_ws/src/UR-MiR-mobile-manipulator/build/ur_description -- -j16 -l16
[1.900s] Invoking command in '/home/t_b/ros2_ws/src/UR-MiR-mobile-manipulator/build/ur_description': CMAKE_PREFIX_PATH=${CMAKE_PREFIX_PATH}:/home/t_b/ros2_ws/src/UR-MiR-mobile-manipulator/install/ros2_aruco:/home/t_b/ros2_ws/src/UR-MiR-mobile-manipulator/install/point_cloud_functions:/home/t_b/ros2_ws/src/UR-MiR-mobile-manipulator/install/mir_restapi:/home/t_b/ros2_ws/src/UR-MiR-mobile-manipulator/install/mir_driver:/home/t_b/pp_ros2_ws/install/rosbot_gazebo:/home/t_b/pp_ros2_ws/install/rosbot_controller:/home/t_b/pp_ros2_ws/install/rosbot_utils:/home/t_b/swaraj/piper_ros/install/piper:/home/t_b/leader_follower/install/apf:/home/t_b/amogh_app/amogh_ws/install/pursuers:/home/t_b/stonefish_ros/install/codes:/home/t_b/stonefish_ros/install/software_stack:/opt/ros/humble /usr/bin/cmake --install /home/t_b/ros2_ws/src/UR-MiR-mobile-manipulator/build/ur_description
[1.907s] -- Install configuration: ""
[1.907s] -- Installing: /home/t_b/ros2_ws/src/UR-MiR-mobile-manipulator/install/ur_description/share/ur_description/config
[1.908s] -- Installing: /home/t_b/ros2_ws/src/UR-MiR-mobile-manipulator/install/ur_description/share/ur_description/config/ur10e
[1.908s] -- Installing: /home/t_b/ros2_ws/src/UR-MiR-mobile-manipulator/install/ur_description/share/ur_description/config/ur10e/physical_parameters.yaml
[1.908s] -- Installing: /home/t_b/ros2_ws/src/UR-MiR-mobile-manipulator/install/ur_description/share/ur_description/config/ur10e/joint_limits.yaml
[1.908s] -- Installing: /home/t_b/ros2_ws/src/UR-MiR-mobile-manipulator/install/ur_description/share/ur_description/config/ur10e/visual_parameters.yaml
[1.908s] -- Installing: /home/t_b/ros2_ws/src/UR-MiR-mobile-manipulator/install/ur_description/share/ur_description/config/ur10e/default_kinematics.yaml
[1.908s] -- Installing: /home/t_b/ros2_ws/src/UR-MiR-mobile-manipulator/install/ur_description/share/ur_description/config/ur5e
[1.908s] -- Installing: /home/t_b/ros2_ws/src/UR-MiR-mobile-manipulator/install/ur_description/share/ur_description/config/ur5e/physical_parameters.yaml
[1.909s] -- Installing: /home/t_b/ros2_ws/src/UR-MiR-mobile-manipulator/install/ur_description/share/ur_description/config/ur5e/joint_limits.yaml
[1.909s] -- Installing: /home/t_b/ros2_ws/src/UR-MiR-mobile-manipulator/install/ur_description/share/ur_description/config/ur5e/visual_parameters.yaml
[1.909s] -- Installing: /home/t_b/ros2_ws/src/UR-MiR-mobile-manipulator/install/ur_description/share/ur_description/config/ur5e/default_kinematics.yaml
[1.909s] -- Installing: /home/t_b/ros2_ws/src/UR-MiR-mobile-manipulator/install/ur_description/share/ur_description/config/ur5
[1.909s] -- Installing: /home/t_b/ros2_ws/src/UR-MiR-mobile-manipulator/install/ur_description/share/ur_description/config/ur5/physical_parameters.yaml
[1.909s] -- Installing: /home/t_b/ros2_ws/src/UR-MiR-mobile-manipulator/install/ur_description/share/ur_description/config/ur5/joint_limits.yaml
[1.909s] -- Installing: /home/t_b/ros2_ws/src/UR-MiR-mobile-manipulator/install/ur_description/share/ur_description/config/ur5/visual_parameters.yaml
[1.909s] -- Installing: /home/t_b/ros2_ws/src/UR-MiR-mobile-manipulator/install/ur_description/share/ur_description/config/ur5/default_kinematics.yaml
[1.910s] -- Installing: /home/t_b/ros2_ws/src/UR-MiR-mobile-manipulator/install/ur_description/share/ur_description/config/initial_positions.yaml
[1.910s] -- Installing: /home/t_b/ros2_ws/src/UR-MiR-mobile-manipulator/install/ur_description/share/ur_description/config/ur3e
[1.910s] -- Installing: /home/t_b/ros2_ws/src/UR-MiR-mobile-manipulator/install/ur_description/share/ur_description/config/ur3e/physical_parameters.yaml
[1.910s] -- Installing: /home/t_b/ros2_ws/src/UR-MiR-mobile-manipulator/install/ur_description/share/ur_description/config/ur3e/joint_limits.yaml
[1.910s] -- Installing: /home/t_b/ros2_ws/src/UR-MiR-mobile-manipulator/install/ur_description/share/ur_description/config/ur3e/visual_parameters.yaml
[1.911s] -- Installing: /home/t_b/ros2_ws/src/UR-MiR-mobile-manipulator/install/ur_description/share/ur_description/config/ur3e/default_kinematics.yaml
[1.911s] -- Installing: /home/t_b/ros2_ws/src/UR-MiR-mobile-manipulator/install/ur_description/share/ur_description/config/ur10
[1.911s] -- Installing: /home/t_b/ros2_ws/src/UR-MiR-mobile-manipulator/install/ur_description/share/ur_description/config/ur10/physical_parameters.yaml
[1.912s] -- Installing: /home/t_b/ros2_ws/src/UR-MiR-mobile-manipulator/install/ur_description/share/ur_description/config/ur10/joint_limits.yaml
[1.912s] -- Installing: /home/t_b/ros2_ws/src/UR-MiR-mobile-manipulator/install/ur_description/share/ur_description/config/ur10/visual_parameters.yaml
[1.912s] -- Installing: /home/t_b/ros2_ws/src/UR-MiR-mobile-manipulator/install/ur_description/share/ur_description/config/ur10/default_kinematics.yaml
[1.913s] -- Installing: /home/t_b/ros2_ws/src/UR-MiR-mobile-manipulator/install/ur_description/share/ur_description/config/ur3
[1.913s] -- Installing: /home/t_b/ros2_ws/src/UR-MiR-mobile-manipulator/install/ur_description/share/ur_description/config/ur3/physical_parameters.yaml
[1.913s] -- Installing: /home/t_b/ros2_ws/src/UR-MiR-mobile-manipulator/install/ur_description/share/ur_description/config/ur3/joint_limits.yaml
[1.913s] -- Installing: /home/t_b/ros2_ws/src/UR-MiR-mobile-manipulator/install/ur_description/share/ur_description/config/ur3/visual_parameters.yaml
[1.913s] -- Installing: /home/t_b/ros2_ws/src/UR-MiR-mobile-manipulator/install/ur_description/share/ur_description/config/ur3/default_kinematics.yaml
[1.913s] -- Installing: /home/t_b/ros2_ws/src/UR-MiR-mobile-manipulator/install/ur_description/share/ur_description/config/ur16e
[1.913s] -- Installing: /home/t_b/ros2_ws/src/UR-MiR-mobile-manipulator/install/ur_description/share/ur_description/config/ur16e/physical_parameters.yaml
[1.913s] -- Installing: /home/t_b/ros2_ws/src/UR-MiR-mobile-manipulator/install/ur_description/share/ur_description/config/ur16e/joint_limits.yaml
[1.914s] -- Installing: /home/t_b/ros2_ws/src/UR-MiR-mobile-manipulator/install/ur_description/share/ur_description/config/ur16e/visual_parameters.yaml
[1.914s] -- Installing: /home/t_b/ros2_ws/src/UR-MiR-mobile-manipulator/install/ur_description/share/ur_description/config/ur16e/default_kinematics.yaml
[1.914s] -- Installing: /home/t_b/ros2_ws/src/UR-MiR-mobile-manipulator/install/ur_description/share/ur_description/config/ur20
[1.914s] -- Installing: /home/t_b/ros2_ws/src/UR-MiR-mobile-manipulator/install/ur_description/share/ur_description/config/ur20/physical_parameters.yaml
[1.914s] -- Installing: /home/t_b/ros2_ws/src/UR-MiR-mobile-manipulator/install/ur_description/share/ur_description/config/ur20/joint_limits.yaml
[1.914s] -- Installing: /home/t_b/ros2_ws/src/UR-MiR-mobile-manipulator/install/ur_description/share/ur_description/config/ur20/visual_parameters.yaml
[1.914s] -- Installing: /home/t_b/ros2_ws/src/UR-MiR-mobile-manipulator/install/ur_description/share/ur_description/config/ur20/default_kinematics.yaml
[1.914s] -- Installing: /home/t_b/ros2_ws/src/UR-MiR-mobile-manipulator/install/ur_description/share/ur_description/launch
[1.915s] -- Installing: /home/t_b/ros2_ws/src/UR-MiR-mobile-manipulator/install/ur_description/share/ur_description/launch/view_ur.launch.py
[1.915s] -- Installing: /home/t_b/ros2_ws/src/UR-MiR-mobile-manipulator/install/ur_description/share/ur_description/meshes
[1.915s] -- Installing: /home/t_b/ros2_ws/src/UR-MiR-mobile-manipulator/install/ur_description/share/ur_description/meshes/ur10e
[1.915s] -- Installing: /home/t_b/ros2_ws/src/UR-MiR-mobile-manipulator/install/ur_description/share/ur_description/meshes/ur10e/collision
[1.915s] -- Installing: /home/t_b/ros2_ws/src/UR-MiR-mobile-manipulator/install/ur_description/share/ur_description/meshes/ur10e/collision/forearm.stl
[1.915s] -- Installing: /home/t_b/ros2_ws/src/UR-MiR-mobile-manipulator/install/ur_description/share/ur_description/meshes/ur10e/collision/upperarm.stl
[1.918s] -- Installing: /home/t_b/ros2_ws/src/UR-MiR-mobile-manipulator/install/ur_description/share/ur_description/meshes/ur10e/collision/base.stl
[1.920s] -- Installing: /home/t_b/ros2_ws/src/UR-MiR-mobile-manipulator/install/ur_description/share/ur_description/meshes/ur10e/collision/wrist1.stl
[1.920s] -- Installing: /home/t_b/ros2_ws/src/UR-MiR-mobile-manipulator/install/ur_description/share/ur_description/meshes/ur10e/collision/shoulder.stl
[1.921s] -- Installing: /home/t_b/ros2_ws/src/UR-MiR-mobile-manipulator/install/ur_description/share/ur_description/meshes/ur10e/collision/wrist3.stl
[1.921s] -- Installing: /home/t_b/ros2_ws/src/UR-MiR-mobile-manipulator/install/ur_description/share/ur_description/meshes/ur10e/collision/wrist2.stl
[1.922s] -- Installing: /home/t_b/ros2_ws/src/UR-MiR-mobile-manipulator/install/ur_description/share/ur_description/meshes/ur10e/visual
[1.922s] -- Installing: /home/t_b/ros2_ws/src/UR-MiR-mobile-manipulator/install/ur_description/share/ur_description/meshes/ur10e/visual/base.dae
[1.923s] -- Installing: /home/t_b/ros2_ws/src/UR-MiR-mobile-manipulator/install/ur_description/share/ur_description/meshes/ur10e/visual/forearm.dae
[1.927s] -- Installing: /home/t_b/ros2_ws/src/UR-MiR-mobile-manipulator/install/ur_description/share/ur_description/meshes/ur10e/visual/shoulder.dae
[1.933s] -- Installing: /home/t_b/ros2_ws/src/UR-MiR-mobile-manipulator/install/ur_description/share/ur_description/meshes/ur10e/visual/wrist3.dae
[1.933s] -- Installing: /home/t_b/ros2_ws/src/UR-MiR-mobile-manipulator/install/ur_description/share/ur_description/meshes/ur10e/visual/wrist1.dae
[1.936s] -- Installing: /home/t_b/ros2_ws/src/UR-MiR-mobile-manipulator/install/ur_description/share/ur_description/meshes/ur10e/visual/upperarm.dae
[1.944s] -- Installing: /home/t_b/ros2_ws/src/UR-MiR-mobile-manipulator/install/ur_description/share/ur_description/meshes/ur10e/visual/wrist2.dae
[1.947s] -- Installing: /home/t_b/ros2_ws/src/UR-MiR-mobile-manipulator/install/ur_description/share/ur_description/meshes/ur5e
[1.947s] -- Installing: /home/t_b/ros2_ws/src/UR-MiR-mobile-manipulator/install/ur_description/share/ur_description/meshes/ur5e/collision
[1.947s] -- Installing: /home/t_b/ros2_ws/src/UR-MiR-mobile-manipulator/install/ur_description/share/ur_description/meshes/ur5e/collision/forearm.stl
[1.948s] -- Installing: /home/t_b/ros2_ws/src/UR-MiR-mobile-manipulator/install/ur_description/share/ur_description/meshes/ur5e/collision/upperarm.stl
[1.949s] -- Installing: /home/t_b/ros2_ws/src/UR-MiR-mobile-manipulator/install/ur_description/share/ur_description/meshes/ur5e/collision/base.stl
[1.950s] -- Installing: /home/t_b/ros2_ws/src/UR-MiR-mobile-manipulator/install/ur_description/share/ur_description/meshes/ur5e/collision/wrist1.stl
[1.950s] -- Installing: /home/t_b/ros2_ws/src/UR-MiR-mobile-manipulator/install/ur_description/share/ur_description/meshes/ur5e/collision/shoulder.stl
[1.951s] -- Installing: /home/t_b/ros2_ws/src/UR-MiR-mobile-manipulator/install/ur_description/share/ur_description/meshes/ur5e/collision/wrist3.stl
[1.951s] -- Installing: /home/t_b/ros2_ws/src/UR-MiR-mobile-manipulator/install/ur_description/share/ur_description/meshes/ur5e/collision/wrist2.stl
[1.951s] -- Installing: /home/t_b/ros2_ws/src/UR-MiR-mobile-manipulator/install/ur_description/share/ur_description/meshes/ur5e/visual
[1.951s] -- Installing: /home/t_b/ros2_ws/src/UR-MiR-mobile-manipulator/install/ur_description/share/ur_description/meshes/ur5e/visual/base.dae
[1.952s] -- Installing: /home/t_b/ros2_ws/src/UR-MiR-mobile-manipulator/install/ur_description/share/ur_description/meshes/ur5e/visual/forearm.dae
[1.955s] -- Installing: /home/t_b/ros2_ws/src/UR-MiR-mobile-manipulator/install/ur_description/share/ur_description/meshes/ur5e/visual/shoulder.dae
[1.960s] -- Installing: /home/t_b/ros2_ws/src/UR-MiR-mobile-manipulator/install/ur_description/share/ur_description/meshes/ur5e/visual/wrist3.dae
[1.960s] -- Installing: /home/t_b/ros2_ws/src/UR-MiR-mobile-manipulator/install/ur_description/share/ur_description/meshes/ur5e/visual/wrist1.dae
[1.963s] -- Installing: /home/t_b/ros2_ws/src/UR-MiR-mobile-manipulator/install/ur_description/share/ur_description/meshes/ur5e/visual/upperarm.dae
[1.971s] -- Installing: /home/t_b/ros2_ws/src/UR-MiR-mobile-manipulator/install/ur_description/share/ur_description/meshes/ur5e/visual/wrist2.dae
[1.976s] -- Installing: /home/t_b/ros2_ws/src/UR-MiR-mobile-manipulator/install/ur_description/share/ur_description/meshes/ur5
[1.976s] -- Installing: /home/t_b/ros2_ws/src/UR-MiR-mobile-manipulator/install/ur_description/share/ur_description/meshes/ur5/collision
[1.976s] -- Installing: /home/t_b/ros2_ws/src/UR-MiR-mobile-manipulator/install/ur_description/share/ur_description/meshes/ur5/collision/forearm.stl
[1.976s] -- Installing: /home/t_b/ros2_ws/src/UR-MiR-mobile-manipulator/install/ur_description/share/ur_description/meshes/ur5/collision/upperarm.stl
[1.977s] -- Installing: /home/t_b/ros2_ws/src/UR-MiR-mobile-manipulator/install/ur_description/share/ur_description/meshes/ur5/collision/base.stl
[1.977s] -- Installing: /home/t_b/ros2_ws/src/UR-MiR-mobile-manipulator/install/ur_description/share/ur_description/meshes/ur5/collision/wrist1.stl
[1.977s] -- Installing: /home/t_b/ros2_ws/src/UR-MiR-mobile-manipulator/install/ur_description/share/ur_description/meshes/ur5/collision/shoulder.stl
[1.978s] -- Installing: /home/t_b/ros2_ws/src/UR-MiR-mobile-manipulator/install/ur_description/share/ur_description/meshes/ur5/collision/wrist3.stl
[1.978s] -- Installing: /home/t_b/ros2_ws/src/UR-MiR-mobile-manipulator/install/ur_description/share/ur_description/meshes/ur5/collision/wrist2.stl
[1.978s] -- Installing: /home/t_b/ros2_ws/src/UR-MiR-mobile-manipulator/install/ur_description/share/ur_description/meshes/ur5/visual
[1.978s] -- Installing: /home/t_b/ros2_ws/src/UR-MiR-mobile-manipulator/install/ur_description/share/ur_description/meshes/ur5/visual/base.dae
[1.979s] -- Installing: /home/t_b/ros2_ws/src/UR-MiR-mobile-manipulator/install/ur_description/share/ur_description/meshes/ur5/visual/forearm.dae
[1.982s] -- Installing: /home/t_b/ros2_ws/src/UR-MiR-mobile-manipulator/install/ur_description/share/ur_description/meshes/ur5/visual/shoulder.dae
[1.984s] -- Installing: /home/t_b/ros2_ws/src/UR-MiR-mobile-manipulator/install/ur_description/share/ur_description/meshes/ur5/visual/wrist3.dae
[1.984s] -- Installing: /home/t_b/ros2_ws/src/UR-MiR-mobile-manipulator/install/ur_description/share/ur_description/meshes/ur5/visual/wrist1.dae
[1.989s] -- Installing: /home/t_b/ros2_ws/src/UR-MiR-mobile-manipulator/install/ur_description/share/ur_description/meshes/ur5/visual/upperarm.dae
[1.993s] -- Installing: /home/t_b/ros2_ws/src/UR-MiR-mobile-manipulator/install/ur_description/share/ur_description/meshes/ur5/visual/wrist2.dae
[1.995s] -- Installing: /home/t_b/ros2_ws/src/UR-MiR-mobile-manipulator/install/ur_description/share/ur_description/meshes/ur3e
[1.995s] -- Installing: /home/t_b/ros2_ws/src/UR-MiR-mobile-manipulator/install/ur_description/share/ur_description/meshes/ur3e/collision
[1.995s] -- Installing: /home/t_b/ros2_ws/src/UR-MiR-mobile-manipulator/install/ur_description/share/ur_description/meshes/ur3e/collision/forearm.stl
[1.995s] -- Installing: /home/t_b/ros2_ws/src/UR-MiR-mobile-manipulator/install/ur_description/share/ur_description/meshes/ur3e/collision/upperarm.stl
[1.996s] -- Installing: /home/t_b/ros2_ws/src/UR-MiR-mobile-manipulator/install/ur_description/share/ur_description/meshes/ur3e/collision/base.stl
[1.996s] -- Installing: /home/t_b/ros2_ws/src/UR-MiR-mobile-manipulator/install/ur_description/share/ur_description/meshes/ur3e/collision/wrist1.stl
[1.997s] -- Installing: /home/t_b/ros2_ws/src/UR-MiR-mobile-manipulator/install/ur_description/share/ur_description/meshes/ur3e/collision/shoulder.stl
[1.997s] -- Installing: /home/t_b/ros2_ws/src/UR-MiR-mobile-manipulator/install/ur_description/share/ur_description/meshes/ur3e/collision/wrist3.stl
[1.997s] -- Installing: /home/t_b/ros2_ws/src/UR-MiR-mobile-manipulator/install/ur_description/share/ur_description/meshes/ur3e/collision/wrist2.stl
[1.998s] -- Installing: /home/t_b/ros2_ws/src/UR-MiR-mobile-manipulator/install/ur_description/share/ur_description/meshes/ur3e/visual
[1.998s] -- Installing: /home/t_b/ros2_ws/src/UR-MiR-mobile-manipulator/install/ur_description/share/ur_description/meshes/ur3e/visual/base.dae
[1.999s] -- Installing: /home/t_b/ros2_ws/src/UR-MiR-mobile-manipulator/install/ur_description/share/ur_description/meshes/ur3e/visual/forearm.dae
[2.001s] -- Installing: /home/t_b/ros2_ws/src/UR-MiR-mobile-manipulator/install/ur_description/share/ur_description/meshes/ur3e/visual/shoulder.dae
[2.005s] -- Installing: /home/t_b/ros2_ws/src/UR-MiR-mobile-manipulator/install/ur_description/share/ur_description/meshes/ur3e/visual/wrist3.dae
[2.005s] -- Installing: /home/t_b/ros2_ws/src/UR-MiR-mobile-manipulator/install/ur_description/share/ur_description/meshes/ur3e/visual/wrist1.dae
[2.007s] -- Installing: /home/t_b/ros2_ws/src/UR-MiR-mobile-manipulator/install/ur_description/share/ur_description/meshes/ur3e/visual/upperarm.dae
[2.014s] -- Installing: /home/t_b/ros2_ws/src/UR-MiR-mobile-manipulator/install/ur_description/share/ur_description/meshes/ur3e/visual/wrist2.dae
[2.016s] -- Installing: /home/t_b/ros2_ws/src/UR-MiR-mobile-manipulator/install/ur_description/share/ur_description/meshes/ur10
[2.016s] -- Installing: /home/t_b/ros2_ws/src/UR-MiR-mobile-manipulator/install/ur_description/share/ur_description/meshes/ur10/collision
[2.017s] -- Installing: /home/t_b/ros2_ws/src/UR-MiR-mobile-manipulator/install/ur_description/share/ur_description/meshes/ur10/collision/forearm.stl
[2.017s] -- Installing: /home/t_b/ros2_ws/src/UR-MiR-mobile-manipulator/install/ur_description/share/ur_description/meshes/ur10/collision/upperarm.stl
[2.017s] -- Installing: /home/t_b/ros2_ws/src/UR-MiR-mobile-manipulator/install/ur_description/share/ur_description/meshes/ur10/collision/base.stl
[2.017s] -- Installing: /home/t_b/ros2_ws/src/UR-MiR-mobile-manipulator/install/ur_description/share/ur_description/meshes/ur10/collision/wrist1.stl
[2.018s] -- Installing: /home/t_b/ros2_ws/src/UR-MiR-mobile-manipulator/install/ur_description/share/ur_description/meshes/ur10/collision/shoulder.stl
[2.018s] -- Installing: /home/t_b/ros2_ws/src/UR-MiR-mobile-manipulator/install/ur_description/share/ur_description/meshes/ur10/collision/wrist3.stl
[2.018s] -- Installing: /home/t_b/ros2_ws/src/UR-MiR-mobile-manipulator/install/ur_description/share/ur_description/meshes/ur10/collision/wrist2.stl
[2.018s] -- Installing: /home/t_b/ros2_ws/src/UR-MiR-mobile-manipulator/install/ur_description/share/ur_description/meshes/ur10/visual
[2.018s] -- Installing: /home/t_b/ros2_ws/src/UR-MiR-mobile-manipulator/install/ur_description/share/ur_description/meshes/ur10/visual/base.dae
[2.018s] -- Installing: /home/t_b/ros2_ws/src/UR-MiR-mobile-manipulator/install/ur_description/share/ur_description/meshes/ur10/visual/forearm.dae
[2.021s] -- Installing: /home/t_b/ros2_ws/src/UR-MiR-mobile-manipulator/install/ur_description/share/ur_description/meshes/ur10/visual/shoulder.dae
[2.023s] -- Installing: /home/t_b/ros2_ws/src/UR-MiR-mobile-manipulator/install/ur_description/share/ur_description/meshes/ur10/visual/wrist3.dae
[2.024s] -- Installing: /home/t_b/ros2_ws/src/UR-MiR-mobile-manipulator/install/ur_description/share/ur_description/meshes/ur10/visual/wrist1.dae
[2.028s] -- Installing: /home/t_b/ros2_ws/src/UR-MiR-mobile-manipulator/install/ur_description/share/ur_description/meshes/ur10/visual/upperarm.dae
[2.031s] -- Installing: /home/t_b/ros2_ws/src/UR-MiR-mobile-manipulator/install/ur_description/share/ur_description/meshes/ur10/visual/wrist2.dae
[2.038s] -- Installing: /home/t_b/ros2_ws/src/UR-MiR-mobile-manipulator/install/ur_description/share/ur_description/meshes/ur3
[2.038s] -- Installing: /home/t_b/ros2_ws/src/UR-MiR-mobile-manipulator/install/ur_description/share/ur_description/meshes/ur3/collision
[2.038s] -- Installing: /home/t_b/ros2_ws/src/UR-MiR-mobile-manipulator/install/ur_description/share/ur_description/meshes/ur3/collision/forearm.stl
[2.040s] -- Installing: /home/t_b/ros2_ws/src/UR-MiR-mobile-manipulator/install/ur_description/share/ur_description/meshes/ur3/collision/upperarm.stl
[2.043s] -- Installing: /home/t_b/ros2_ws/src/UR-MiR-mobile-manipulator/install/ur_description/share/ur_description/meshes/ur3/collision/base.stl
[2.044s] -- Installing: /home/t_b/ros2_ws/src/UR-MiR-mobile-manipulator/install/ur_description/share/ur_description/meshes/ur3/collision/wrist1.stl
[2.047s] -- Installing: /home/t_b/ros2_ws/src/UR-MiR-mobile-manipulator/install/ur_description/share/ur_description/meshes/ur3/collision/shoulder.stl
[2.048s] -- Installing: /home/t_b/ros2_ws/src/UR-MiR-mobile-manipulator/install/ur_description/share/ur_description/meshes/ur3/collision/wrist3.stl
[2.049s] -- Installing: /home/t_b/ros2_ws/src/UR-MiR-mobile-manipulator/install/ur_description/share/ur_description/meshes/ur3/collision/wrist2.stl
[2.049s] -- Installing: /home/t_b/ros2_ws/src/UR-MiR-mobile-manipulator/install/ur_description/share/ur_description/meshes/ur3/visual
[2.050s] -- Installing: /home/t_b/ros2_ws/src/UR-MiR-mobile-manipulator/install/ur_description/share/ur_description/meshes/ur3/visual/base.dae
[2.054s] -- Installing: /home/t_b/ros2_ws/src/UR-MiR-mobile-manipulator/install/ur_description/share/ur_description/meshes/ur3/visual/forearm.dae
[2.056s] -- Installing: /home/t_b/ros2_ws/src/UR-MiR-mobile-manipulator/install/ur_description/share/ur_description/meshes/ur3/visual/shoulder.dae
[2.061s] -- Installing: /home/t_b/ros2_ws/src/UR-MiR-mobile-manipulator/install/ur_description/share/ur_description/meshes/ur3/visual/wrist3.dae
[2.062s] -- Installing: /home/t_b/ros2_ws/src/UR-MiR-mobile-manipulator/install/ur_description/share/ur_description/meshes/ur3/visual/wrist1.dae
[2.066s] -- Installing: /home/t_b/ros2_ws/src/UR-MiR-mobile-manipulator/install/ur_description/share/ur_description/meshes/ur3/visual/upperarm.dae
[2.070s] -- Installing: /home/t_b/ros2_ws/src/UR-MiR-mobile-manipulator/install/ur_description/share/ur_description/meshes/ur3/visual/wrist2.dae
[2.072s] -- Installing: /home/t_b/ros2_ws/src/UR-MiR-mobile-manipulator/install/ur_description/share/ur_description/meshes/ur16e
[2.073s] -- Installing: /home/t_b/ros2_ws/src/UR-MiR-mobile-manipulator/install/ur_description/share/ur_description/meshes/ur16e/collision
[2.073s] -- Installing: /home/t_b/ros2_ws/src/UR-MiR-mobile-manipulator/install/ur_description/share/ur_description/meshes/ur16e/collision/forearm.stl
[2.074s] -- Installing: /home/t_b/ros2_ws/src/UR-MiR-mobile-manipulator/install/ur_description/share/ur_description/meshes/ur16e/collision/upperarm.stl
[2.075s] -- Installing: /home/t_b/ros2_ws/src/UR-MiR-mobile-manipulator/install/ur_description/share/ur_description/meshes/ur16e/visual
[2.075s] -- Installing: /home/t_b/ros2_ws/src/UR-MiR-mobile-manipulator/install/ur_description/share/ur_description/meshes/ur16e/visual/forearm.dae
[2.077s] -- Installing: /home/t_b/ros2_ws/src/UR-MiR-mobile-manipulator/install/ur_description/share/ur_description/meshes/ur16e/visual/upperarm.dae
[2.084s] -- Installing: /home/t_b/ros2_ws/src/UR-MiR-mobile-manipulator/install/ur_description/share/ur_description/meshes/ur20
[2.084s] -- Installing: /home/t_b/ros2_ws/src/UR-MiR-mobile-manipulator/install/ur_description/share/ur_description/meshes/ur20/collision
[2.084s] -- Installing: /home/t_b/ros2_ws/src/UR-MiR-mobile-manipulator/install/ur_description/share/ur_description/meshes/ur20/collision/forearm.stl
[2.084s] -- Installing: /home/t_b/ros2_ws/src/UR-MiR-mobile-manipulator/install/ur_description/share/ur_description/meshes/ur20/collision/upperarm.stl
[2.084s] -- Installing: /home/t_b/ros2_ws/src/UR-MiR-mobile-manipulator/install/ur_description/share/ur_description/meshes/ur20/collision/base.stl
[2.087s] -- Installing: /home/t_b/ros2_ws/src/UR-MiR-mobile-manipulator/install/ur_description/share/ur_description/meshes/ur20/collision/wrist1.stl
[2.087s] -- Installing: /home/t_b/ros2_ws/src/UR-MiR-mobile-manipulator/install/ur_description/share/ur_description/meshes/ur20/collision/shoulder.stl
[2.088s] -- Installing: /home/t_b/ros2_ws/src/UR-MiR-mobile-manipulator/install/ur_description/share/ur_description/meshes/ur20/collision/wrist3.stl
[2.088s] -- Installing: /home/t_b/ros2_ws/src/UR-MiR-mobile-manipulator/install/ur_description/share/ur_description/meshes/ur20/collision/wrist2.stl
[2.090s] -- Installing: /home/t_b/ros2_ws/src/UR-MiR-mobile-manipulator/install/ur_description/share/ur_description/meshes/ur20/LICENSE.txt
[2.091s] -- Installing: /home/t_b/ros2_ws/src/UR-MiR-mobile-manipulator/install/ur_description/share/ur_description/meshes/ur20/visual
[2.091s] -- Installing: /home/t_b/ros2_ws/src/UR-MiR-mobile-manipulator/install/ur_description/share/ur_description/meshes/ur20/visual/base.dae
[2.091s] -- Installing: /home/t_b/ros2_ws/src/UR-MiR-mobile-manipulator/install/ur_description/share/ur_description/meshes/ur20/visual/forearm.dae
[2.093s] -- Installing: /home/t_b/ros2_ws/src/UR-MiR-mobile-manipulator/install/ur_description/share/ur_description/meshes/ur20/visual/shoulder.dae
[2.095s] -- Installing: /home/t_b/ros2_ws/src/UR-MiR-mobile-manipulator/install/ur_description/share/ur_description/meshes/ur20/visual/wrist3.dae
[2.096s] -- Installing: /home/t_b/ros2_ws/src/UR-MiR-mobile-manipulator/install/ur_description/share/ur_description/meshes/ur20/visual/wrist1.dae
[2.097s] -- Installing: /home/t_b/ros2_ws/src/UR-MiR-mobile-manipulator/install/ur_description/share/ur_description/meshes/ur20/visual/upperarm.dae
[2.098s] -- Installing: /home/t_b/ros2_ws/src/UR-MiR-mobile-manipulator/install/ur_description/share/ur_description/meshes/ur20/visual/wrist2.dae
[2.099s] -- Installing: /home/t_b/ros2_ws/src/UR-MiR-mobile-manipulator/install/ur_description/share/ur_description/meshes/ur20/visual/UR20_DIFF_8bit_2K.png
[2.103s] -- Installing: /home/t_b/ros2_ws/src/UR-MiR-mobile-manipulator/install/ur_description/share/ur_description/rviz
[2.103s] -- Installing: /home/t_b/ros2_ws/src/UR-MiR-mobile-manipulator/install/ur_description/share/ur_description/rviz/view_robot.rviz
[2.103s] -- Installing: /home/t_b/ros2_ws/src/UR-MiR-mobile-manipulator/install/ur_description/share/ur_description/urdf
[2.103s] -- Installing: /home/t_b/ros2_ws/src/UR-MiR-mobile-manipulator/install/ur_description/share/ur_description/urdf/ur.ros2_control.xacro
[2.103s] -- Installing: /home/t_b/ros2_ws/src/UR-MiR-mobile-manipulator/install/ur_description/share/ur_description/urdf/inc
[2.103s] -- Installing: /home/t_b/ros2_ws/src/UR-MiR-mobile-manipulator/install/ur_description/share/ur_description/urdf/inc/ur_transmissions.xacro
[2.104s] -- Installing: /home/t_b/ros2_ws/src/UR-MiR-mobile-manipulator/install/ur_description/share/ur_description/urdf/inc/ur_common.xacro
[2.104s] -- Installing: /home/t_b/ros2_ws/src/UR-MiR-mobile-manipulator/install/ur_description/share/ur_description/urdf/ur.urdf.xacro
[2.104s] -- Installing: /home/t_b/ros2_ws/src/UR-MiR-mobile-manipulator/install/ur_description/share/ur_description/urdf/ur_macro.xacro
[2.104s] -- Installing: /home/t_b/ros2_ws/src/UR-MiR-mobile-manipulator/install/ur_description/share/ur_description/urdf/robot.urdf
[2.104s] -- Installing: /home/t_b/ros2_ws/src/UR-MiR-mobile-manipulator/install/ur_description/share/ur_description/test
[2.105s] -- Installing: /home/t_b/ros2_ws/src/UR-MiR-mobile-manipulator/install/ur_description/share/ur_description/test/test_view_ur_launch.py
[2.105s] -- Installing: /home/t_b/ros2_ws/src/UR-MiR-mobile-manipulator/install/ur_description/share/ur_description/test/test_ur_urdf_xacro.py
[2.105s] -- Installing: /home/t_b/ros2_ws/src/UR-MiR-mobile-manipulator/install/ur_description/share/ament_index/resource_index/package_run_dependencies/ur_description
[2.105s] -- Installing: /home/t_b/ros2_ws/src/UR-MiR-mobile-manipulator/install/ur_description/share/ament_index/resource_index/parent_prefix_path/ur_description
[2.105s] -- Installing: /home/t_b/ros2_ws/src/UR-MiR-mobile-manipulator/install/ur_description/share/ur_description/environment/ament_prefix_path.sh
[2.105s] -- Installing: /home/t_b/ros2_ws/src/UR-MiR-mobile-manipulator/install/ur_description/share/ur_description/environment/ament_prefix_path.dsv
[2.105s] -- Installing: /home/t_b/ros2_ws/src/UR-MiR-mobile-manipulator/install/ur_description/share/ur_description/environment/path.sh
[2.106s] -- Installing: /home/t_b/ros2_ws/src/UR-MiR-mobile-manipulator/install/ur_description/share/ur_description/environment/path.dsv
[2.106s] -- Installing: /home/t_b/ros2_ws/src/UR-MiR-mobile-manipulator/install/ur_description/share/ur_description/local_setup.bash
[2.107s] -- Installing: /home/t_b/ros2_ws/src/UR-MiR-mobile-manipulator/install/ur_description/share/ur_description/local_setup.sh
[2.107s] -- Installing: /home/t_b/ros2_ws/src/UR-MiR-mobile-manipulator/install/ur_description/share/ur_description/local_setup.zsh
[2.107s] -- Installing: /home/t_b/ros2_ws/src/UR-MiR-mobile-manipulator/install/ur_description/share/ur_description/local_setup.dsv
[2.107s] -- Installing: /home/t_b/ros2_ws/src/UR-MiR-mobile-manipulator/install/ur_description/share/ur_description/package.dsv
[2.107s] -- Installing: /home/t_b/ros2_ws/src/UR-MiR-mobile-manipulator/install/ur_description/share/ament_index/resource_index/packages/ur_description
[2.107s] -- Installing: /home/t_b/ros2_ws/src/UR-MiR-mobile-manipulator/install/ur_description/share/ur_description/cmake/ur_descriptionConfig.cmake
[2.107s] -- Installing: /home/t_b/ros2_ws/src/UR-MiR-mobile-manipulator/install/ur_description/share/ur_description/cmake/ur_descriptionConfig-version.cmake
[2.108s] -- Installing: /home/t_b/ros2_ws/src/UR-MiR-mobile-manipulator/install/ur_description/share/ur_description/package.xml
[2.109s] Invoked command in '/home/t_b/ros2_ws/src/UR-MiR-mobile-manipulator/build/ur_description' returned '0': CMAKE_PREFIX_PATH=${CMAKE_PREFIX_PATH}:/home/t_b/ros2_ws/src/UR-MiR-mobile-manipulator/install/ros2_aruco:/home/t_b/ros2_ws/src/UR-MiR-mobile-manipulator/install/point_cloud_functions:/home/t_b/ros2_ws/src/UR-MiR-mobile-manipulator/install/mir_restapi:/home/t_b/ros2_ws/src/UR-MiR-mobile-manipulator/install/mir_driver:/home/t_b/pp_ros2_ws/install/rosbot_gazebo:/home/t_b/pp_ros2_ws/install/rosbot_controller:/home/t_b/pp_ros2_ws/install/rosbot_utils:/home/t_b/swaraj/piper_ros/install/piper:/home/t_b/leader_follower/install/apf:/home/t_b/amogh_app/amogh_ws/install/pursuers:/home/t_b/stonefish_ros/install/codes:/home/t_b/stonefish_ros/install/software_stack:/opt/ros/humble /usr/bin/cmake --install /home/t_b/ros2_ws/src/UR-MiR-mobile-manipulator/build/ur_description
