[0.725s] Invoking command in '/home/t_b/ros2_ws/src/UR-MiR-mobile-manipulator/mir_robot/mir_restapi': PYTHONPATH=/home/t_b/ros2_ws/src/UR-MiR-mobile-manipulator/build/mir_restapi/prefix_override:/usr/lib/python3/dist-packages/colcon_core/task/python/colcon_distutils_commands:/home/t_b/ros2_ws/src/UR-MiR-mobile-manipulator/install/mir_restapi/lib/python3.10/site-packages:${PYTHONPATH} /usr/bin/python3 -W ignore:setup.py install is deprecated -W ignore:easy_install command is deprecated setup.py egg_info --egg-base ../../build/mir_restapi build --build-base /home/t_b/ros2_ws/src/UR-MiR-mobile-manipulator/build/mir_restapi/build install --record /home/t_b/ros2_ws/src/UR-MiR-mobile-manipulator/build/mir_restapi/install.log --single-version-externally-managed install_data
[0.917s] running egg_info
[0.918s] creating ../../build/mir_restapi/mir_restapi.egg-info
[0.918s] writing ../../build/mir_restapi/mir_restapi.egg-info/PKG-INFO
[0.918s] writing dependency_links to ../../build/mir_restapi/mir_restapi.egg-info/dependency_links.txt
[0.918s] writing entry points to ../../build/mir_restapi/mir_restapi.egg-info/entry_points.txt
[0.918s] writing requirements to ../../build/mir_restapi/mir_restapi.egg-info/requires.txt
[0.918s] writing top-level names to ../../build/mir_restapi/mir_restapi.egg-info/top_level.txt
[0.918s] writing manifest file '../../build/mir_restapi/mir_restapi.egg-info/SOURCES.txt'
[0.920s] reading manifest file '../../build/mir_restapi/mir_restapi.egg-info/SOURCES.txt'
[0.920s] adding license file 'LICENSE'
[0.921s] writing manifest file '../../build/mir_restapi/mir_restapi.egg-info/SOURCES.txt'
[0.921s] running build
[0.921s] running build_py
[0.921s] creating /home/t_b/ros2_ws/src/UR-MiR-mobile-manipulator/build/mir_restapi/build
[0.921s] creating /home/t_b/ros2_ws/src/UR-MiR-mobile-manipulator/build/mir_restapi/build/lib
[0.921s] creating /home/t_b/ros2_ws/src/UR-MiR-mobile-manipulator/build/mir_restapi/build/lib/mir_restapi
[0.921s] copying mir_restapi/mir_restapi_lib.py -> /home/t_b/ros2_ws/src/UR-MiR-mobile-manipulator/build/mir_restapi/build/lib/mir_restapi
[0.921s] copying mir_restapi/__init__.py -> /home/t_b/ros2_ws/src/UR-MiR-mobile-manipulator/build/mir_restapi/build/lib/mir_restapi
[0.922s] copying mir_restapi/mir_restapi_sync_time.py -> /home/t_b/ros2_ws/src/UR-MiR-mobile-manipulator/build/mir_restapi/build/lib/mir_restapi
[0.922s] copying mir_restapi/mir_restapi_server.py -> /home/t_b/ros2_ws/src/UR-MiR-mobile-manipulator/build/mir_restapi/build/lib/mir_restapi
[0.922s] running install
[0.922s] running install_lib
[0.923s] creating /home/t_b/ros2_ws/src/UR-MiR-mobile-manipulator/install/mir_restapi/lib/python3.10/site-packages/mir_restapi
[0.923s] copying /home/t_b/ros2_ws/src/UR-MiR-mobile-manipulator/build/mir_restapi/build/lib/mir_restapi/mir_restapi_lib.py -> /home/t_b/ros2_ws/src/UR-MiR-mobile-manipulator/install/mir_restapi/lib/python3.10/site-packages/mir_restapi
[0.923s] copying /home/t_b/ros2_ws/src/UR-MiR-mobile-manipulator/build/mir_restapi/build/lib/mir_restapi/__init__.py -> /home/t_b/ros2_ws/src/UR-MiR-mobile-manipulator/install/mir_restapi/lib/python3.10/site-packages/mir_restapi
[0.923s] copying /home/t_b/ros2_ws/src/UR-MiR-mobile-manipulator/build/mir_restapi/build/lib/mir_restapi/mir_restapi_sync_time.py -> /home/t_b/ros2_ws/src/UR-MiR-mobile-manipulator/install/mir_restapi/lib/python3.10/site-packages/mir_restapi
[0.923s] copying /home/t_b/ros2_ws/src/UR-MiR-mobile-manipulator/build/mir_restapi/build/lib/mir_restapi/mir_restapi_server.py -> /home/t_b/ros2_ws/src/UR-MiR-mobile-manipulator/install/mir_restapi/lib/python3.10/site-packages/mir_restapi
[0.924s] byte-compiling /home/t_b/ros2_ws/src/UR-MiR-mobile-manipulator/install/mir_restapi/lib/python3.10/site-packages/mir_restapi/mir_restapi_lib.py to mir_restapi_lib.cpython-310.pyc
[0.926s] byte-compiling /home/t_b/ros2_ws/src/UR-MiR-mobile-manipulator/install/mir_restapi/lib/python3.10/site-packages/mir_restapi/__init__.py to __init__.cpython-310.pyc
[0.926s] byte-compiling /home/t_b/ros2_ws/src/UR-MiR-mobile-manipulator/install/mir_restapi/lib/python3.10/site-packages/mir_restapi/mir_restapi_sync_time.py to mir_restapi_sync_time.cpython-310.pyc
[0.926s] byte-compiling /home/t_b/ros2_ws/src/UR-MiR-mobile-manipulator/install/mir_restapi/lib/python3.10/site-packages/mir_restapi/mir_restapi_server.py to mir_restapi_server.cpython-310.pyc
[0.928s] running install_data
[0.928s] creating /home/t_b/ros2_ws/src/UR-MiR-mobile-manipulator/install/mir_restapi/share/ament_index
[0.928s] creating /home/t_b/ros2_ws/src/UR-MiR-mobile-manipulator/install/mir_restapi/share/ament_index/resource_index
[0.928s] creating /home/t_b/ros2_ws/src/UR-MiR-mobile-manipulator/install/mir_restapi/share/ament_index/resource_index/packages
[0.928s] copying resource/mir_restapi -> /home/t_b/ros2_ws/src/UR-MiR-mobile-manipulator/install/mir_restapi/share/ament_index/resource_index/packages
[0.928s] copying package.xml -> /home/t_b/ros2_ws/src/UR-MiR-mobile-manipulator/install/mir_restapi/share/mir_restapi
[0.928s] creating /home/t_b/ros2_ws/src/UR-MiR-mobile-manipulator/install/mir_restapi/share/mir_restapi/launch
[0.928s] running install_egg_info
[0.930s] Copying ../../build/mir_restapi/mir_restapi.egg-info to /home/t_b/ros2_ws/src/UR-MiR-mobile-manipulator/install/mir_restapi/lib/python3.10/site-packages/mir_restapi-0.0.0-py3.10.egg-info
[0.931s] running install_scripts
[0.947s] Installing mir_restapi_server script to /home/t_b/ros2_ws/src/UR-MiR-mobile-manipulator/install/mir_restapi/lib/mir_restapi
[0.948s] Installing mir_restapi_sync_time script to /home/t_b/ros2_ws/src/UR-MiR-mobile-manipulator/install/mir_restapi/lib/mir_restapi
[0.948s] writing list of installed files to '/home/t_b/ros2_ws/src/UR-MiR-mobile-manipulator/build/mir_restapi/install.log'
[0.971s] Invoked command in '/home/t_b/ros2_ws/src/UR-MiR-mobile-manipulator/mir_robot/mir_restapi' returned '0': PYTHONPATH=/home/t_b/ros2_ws/src/UR-MiR-mobile-manipulator/build/mir_restapi/prefix_override:/usr/lib/python3/dist-packages/colcon_core/task/python/colcon_distutils_commands:/home/t_b/ros2_ws/src/UR-MiR-mobile-manipulator/install/mir_restapi/lib/python3.10/site-packages:${PYTHONPATH} /usr/bin/python3 -W ignore:setup.py install is deprecated -W ignore:easy_install command is deprecated setup.py egg_info --egg-base ../../build/mir_restapi build --build-base /home/t_b/ros2_ws/src/UR-MiR-mobile-manipulator/build/mir_restapi/build install --record /home/t_b/ros2_ws/src/UR-MiR-mobile-manipulator/build/mir_restapi/install.log --single-version-externally-managed install_data
