[0.460s] Invoking command in '/home/t_b/ros2_ws/src/UR-MiR-mobile-manipulator/build/robotiq_description': CMAKE_PREFIX_PATH=${CMAKE_PREFIX_PATH}:/home/t_b/ros2_ws/src/UR-MiR-mobile-manipulator/install/ros2_aruco:/home/t_b/ros2_ws/src/UR-MiR-mobile-manipulator/install/point_cloud_functions:/home/t_b/ros2_ws/src/UR-MiR-mobile-manipulator/install/mir_restapi:/home/t_b/ros2_ws/src/UR-MiR-mobile-manipulator/install/mir_driver:/home/t_b/pp_ros2_ws/install/rosbot_gazebo:/home/t_b/pp_ros2_ws/install/rosbot_controller:/home/t_b/pp_ros2_ws/install/rosbot_utils:/home/t_b/swaraj/piper_ros/install/piper:/home/t_b/leader_follower/install/apf:/home/t_b/amogh_app/amogh_ws/install/pursuers:/home/t_b/stonefish_ros/install/codes:/home/t_b/stonefish_ros/install/software_stack:/opt/ros/humble /usr/bin/cmake /home/t_b/ros2_ws/src/UR-MiR-mobile-manipulator/robotiq_description -DCMAKE_INSTALL_PREFIX=/home/t_b/ros2_ws/src/UR-MiR-mobile-manipulator/install/robotiq_description
[0.505s] -- The C compiler identification is GNU 11.4.0
[0.552s] -- The CXX compiler identification is GNU 11.4.0
[0.559s] -- Detecting C compiler ABI info
[0.618s] -- Detecting C compiler ABI info - done
[0.626s] -- Check for working C compiler: /usr/bin/cc - skipped
[0.626s] -- Detecting C compile features
[0.626s] -- Detecting C compile features - done
[0.629s] -- Detecting CXX compiler ABI info
[0.689s] -- Detecting CXX compiler ABI info - done
[0.694s] -- Check for working CXX compiler: /usr/bin/c++ - skipped
[0.694s] -- Detecting CXX compile features
[0.694s] -- Detecting CXX compile features - done
[0.698s] -- Found ament_cmake: 1.3.14 (/opt/ros/humble/share/ament_cmake/cmake)
[0.868s] -- Found Python3: /usr/bin/python3 (found version "3.10.12") found components: Interpreter 
[1.022s] -- Found ament_lint_auto: 0.12.15 (/opt/ros/humble/share/ament_lint_auto/cmake)
[1.142s] -- Added test 'copyright' to check source files copyright and LICENSE
[1.145s] -- Added test 'lint_cmake' to check CMake code style
[1.146s] -- Added test 'xmllint' to check XML markup files
[1.148s] -- Configuring done
[1.150s] -- Generating done
[1.151s] -- Build files have been written to: /home/t_b/ros2_ws/src/UR-MiR-mobile-manipulator/build/robotiq_description
[1.154s] Invoked command in '/home/t_b/ros2_ws/src/UR-MiR-mobile-manipulator/build/robotiq_description' returned '0': CMAKE_PREFIX_PATH=${CMAKE_PREFIX_PATH}:/home/t_b/ros2_ws/src/UR-MiR-mobile-manipulator/install/ros2_aruco:/home/t_b/ros2_ws/src/UR-MiR-mobile-manipulator/install/point_cloud_functions:/home/t_b/ros2_ws/src/UR-MiR-mobile-manipulator/install/mir_restapi:/home/t_b/ros2_ws/src/UR-MiR-mobile-manipulator/install/mir_driver:/home/t_b/pp_ros2_ws/install/rosbot_gazebo:/home/t_b/pp_ros2_ws/install/rosbot_controller:/home/t_b/pp_ros2_ws/install/rosbot_utils:/home/t_b/swaraj/piper_ros/install/piper:/home/t_b/leader_follower/install/apf:/home/t_b/amogh_app/amogh_ws/install/pursuers:/home/t_b/stonefish_ros/install/codes:/home/t_b/stonefish_ros/install/software_stack:/opt/ros/humble /usr/bin/cmake /home/t_b/ros2_ws/src/UR-MiR-mobile-manipulator/robotiq_description -DCMAKE_INSTALL_PREFIX=/home/t_b/ros2_ws/src/UR-MiR-mobile-manipulator/install/robotiq_description
[1.155s] Invoking command in '/home/t_b/ros2_ws/src/UR-MiR-mobile-manipulator/build/robotiq_description': CMAKE_PREFIX_PATH=${CMAKE_PREFIX_PATH}:/home/t_b/ros2_ws/src/UR-MiR-mobile-manipulator/install/ros2_aruco:/home/t_b/ros2_ws/src/UR-MiR-mobile-manipulator/install/point_cloud_functions:/home/t_b/ros2_ws/src/UR-MiR-mobile-manipulator/install/mir_restapi:/home/t_b/ros2_ws/src/UR-MiR-mobile-manipulator/install/mir_driver:/home/t_b/pp_ros2_ws/install/rosbot_gazebo:/home/t_b/pp_ros2_ws/install/rosbot_controller:/home/t_b/pp_ros2_ws/install/rosbot_utils:/home/t_b/swaraj/piper_ros/install/piper:/home/t_b/leader_follower/install/apf:/home/t_b/amogh_app/amogh_ws/install/pursuers:/home/t_b/stonefish_ros/install/codes:/home/t_b/stonefish_ros/install/software_stack:/opt/ros/humble /usr/bin/cmake --build /home/t_b/ros2_ws/src/UR-MiR-mobile-manipulator/build/robotiq_description -- -j16 -l16
[1.185s] Invoked command in '/home/t_b/ros2_ws/src/UR-MiR-mobile-manipulator/build/robotiq_description' returned '0': CMAKE_PREFIX_PATH=${CMAKE_PREFIX_PATH}:/home/t_b/ros2_ws/src/UR-MiR-mobile-manipulator/install/ros2_aruco:/home/t_b/ros2_ws/src/UR-MiR-mobile-manipulator/install/point_cloud_functions:/home/t_b/ros2_ws/src/UR-MiR-mobile-manipulator/install/mir_restapi:/home/t_b/ros2_ws/src/UR-MiR-mobile-manipulator/install/mir_driver:/home/t_b/pp_ros2_ws/install/rosbot_gazebo:/home/t_b/pp_ros2_ws/install/rosbot_controller:/home/t_b/pp_ros2_ws/install/rosbot_utils:/home/t_b/swaraj/piper_ros/install/piper:/home/t_b/leader_follower/install/apf:/home/t_b/amogh_app/amogh_ws/install/pursuers:/home/t_b/stonefish_ros/install/codes:/home/t_b/stonefish_ros/install/software_stack:/opt/ros/humble /usr/bin/cmake --build /home/t_b/ros2_ws/src/UR-MiR-mobile-manipulator/build/robotiq_description -- -j16 -l16
[1.186s] Invoking command in '/home/t_b/ros2_ws/src/UR-MiR-mobile-manipulator/build/robotiq_description': CMAKE_PREFIX_PATH=${CMAKE_PREFIX_PATH}:/home/t_b/ros2_ws/src/UR-MiR-mobile-manipulator/install/ros2_aruco:/home/t_b/ros2_ws/src/UR-MiR-mobile-manipulator/install/point_cloud_functions:/home/t_b/ros2_ws/src/UR-MiR-mobile-manipulator/install/mir_restapi:/home/t_b/ros2_ws/src/UR-MiR-mobile-manipulator/install/mir_driver:/home/t_b/pp_ros2_ws/install/rosbot_gazebo:/home/t_b/pp_ros2_ws/install/rosbot_controller:/home/t_b/pp_ros2_ws/install/rosbot_utils:/home/t_b/swaraj/piper_ros/install/piper:/home/t_b/leader_follower/install/apf:/home/t_b/amogh_app/amogh_ws/install/pursuers:/home/t_b/stonefish_ros/install/codes:/home/t_b/stonefish_ros/install/software_stack:/opt/ros/humble /usr/bin/cmake --install /home/t_b/ros2_ws/src/UR-MiR-mobile-manipulator/build/robotiq_description
[1.192s] -- Install configuration: ""
[1.192s] -- Installing: /home/t_b/ros2_ws/src/UR-MiR-mobile-manipulator/install/robotiq_description/share/robotiq_description/urdf
[1.192s] -- Installing: /home/t_b/ros2_ws/src/UR-MiR-mobile-manipulator/install/robotiq_description/share/robotiq_description/urdf/robotiq_85_gripper.xacro
[1.192s] -- Installing: /home/t_b/ros2_ws/src/UR-MiR-mobile-manipulator/install/robotiq_description/share/robotiq_description/urdf/robotiq_85_gripper.urdf.xacro
[1.192s] -- Installing: /home/t_b/ros2_ws/src/UR-MiR-mobile-manipulator/install/robotiq_description/share/robotiq_description/urdf/robotiq_85_gripper_sim_base.urdf.xacro
[1.193s] -- Installing: /home/t_b/ros2_ws/src/UR-MiR-mobile-manipulator/install/robotiq_description/share/robotiq_description/urdf/robotiq_85_gripper.transmission.xacro
[1.193s] -- Installing: /home/t_b/ros2_ws/src/UR-MiR-mobile-manipulator/install/robotiq_description/share/robotiq_description/meshes
[1.193s] -- Installing: /home/t_b/ros2_ws/src/UR-MiR-mobile-manipulator/install/robotiq_description/share/robotiq_description/meshes/collision
[1.193s] -- Installing: /home/t_b/ros2_ws/src/UR-MiR-mobile-manipulator/install/robotiq_description/share/robotiq_description/meshes/collision/robotiq_85_finger_link.stl
[1.194s] -- Installing: /home/t_b/ros2_ws/src/UR-MiR-mobile-manipulator/install/robotiq_description/share/robotiq_description/meshes/collision/robotiq_85_finger_tip_link.stl
[1.195s] -- Installing: /home/t_b/ros2_ws/src/UR-MiR-mobile-manipulator/install/robotiq_description/share/robotiq_description/meshes/collision/robotiq_85_base_link.stl
[1.210s] -- Installing: /home/t_b/ros2_ws/src/UR-MiR-mobile-manipulator/install/robotiq_description/share/robotiq_description/meshes/collision/robotiq_85_inner_knuckle_link.stl
[1.211s] -- Installing: /home/t_b/ros2_ws/src/UR-MiR-mobile-manipulator/install/robotiq_description/share/robotiq_description/meshes/collision/robotiq_85_knuckle_link.stl
[1.212s] -- Installing: /home/t_b/ros2_ws/src/UR-MiR-mobile-manipulator/install/robotiq_description/share/robotiq_description/meshes/robotiq_85_coupler.stl
[1.216s] -- Installing: /home/t_b/ros2_ws/src/UR-MiR-mobile-manipulator/install/robotiq_description/share/robotiq_description/meshes/visual
[1.216s] -- Installing: /home/t_b/ros2_ws/src/UR-MiR-mobile-manipulator/install/robotiq_description/share/robotiq_description/meshes/visual/robotiq_85_base_link.dae
[1.235s] -- Installing: /home/t_b/ros2_ws/src/UR-MiR-mobile-manipulator/install/robotiq_description/share/robotiq_description/meshes/visual/robotiq_85_finger_tip_link.dae
[1.238s] -- Installing: /home/t_b/ros2_ws/src/UR-MiR-mobile-manipulator/install/robotiq_description/share/robotiq_description/meshes/visual/robotiq_85_finger_link.dae
[1.241s] -- Installing: /home/t_b/ros2_ws/src/UR-MiR-mobile-manipulator/install/robotiq_description/share/robotiq_description/meshes/visual/robotiq_85_inner_knuckle_link.dae
[1.243s] -- Installing: /home/t_b/ros2_ws/src/UR-MiR-mobile-manipulator/install/robotiq_description/share/robotiq_description/meshes/visual/robotiq_85_knuckle_link.dae
[1.246s] -- Installing: /home/t_b/ros2_ws/src/UR-MiR-mobile-manipulator/install/robotiq_description/share/ament_index/resource_index/package_run_dependencies/robotiq_description
[1.247s] -- Installing: /home/t_b/ros2_ws/src/UR-MiR-mobile-manipulator/install/robotiq_description/share/ament_index/resource_index/parent_prefix_path/robotiq_description
[1.247s] -- Installing: /home/t_b/ros2_ws/src/UR-MiR-mobile-manipulator/install/robotiq_description/share/robotiq_description/environment/ament_prefix_path.sh
[1.247s] -- Installing: /home/t_b/ros2_ws/src/UR-MiR-mobile-manipulator/install/robotiq_description/share/robotiq_description/environment/ament_prefix_path.dsv
[1.247s] -- Installing: /home/t_b/ros2_ws/src/UR-MiR-mobile-manipulator/install/robotiq_description/share/robotiq_description/environment/path.sh
[1.247s] -- Installing: /home/t_b/ros2_ws/src/UR-MiR-mobile-manipulator/install/robotiq_description/share/robotiq_description/environment/path.dsv
[1.247s] -- Installing: /home/t_b/ros2_ws/src/UR-MiR-mobile-manipulator/install/robotiq_description/share/robotiq_description/local_setup.bash
[1.247s] -- Installing: /home/t_b/ros2_ws/src/UR-MiR-mobile-manipulator/install/robotiq_description/share/robotiq_description/local_setup.sh
[1.247s] -- Installing: /home/t_b/ros2_ws/src/UR-MiR-mobile-manipulator/install/robotiq_description/share/robotiq_description/local_setup.zsh
[1.247s] -- Installing: /home/t_b/ros2_ws/src/UR-MiR-mobile-manipulator/install/robotiq_description/share/robotiq_description/local_setup.dsv
[1.247s] -- Installing: /home/t_b/ros2_ws/src/UR-MiR-mobile-manipulator/install/robotiq_description/share/robotiq_description/package.dsv
[1.247s] -- Installing: /home/t_b/ros2_ws/src/UR-MiR-mobile-manipulator/install/robotiq_description/share/ament_index/resource_index/packages/robotiq_description
[1.247s] -- Installing: /home/t_b/ros2_ws/src/UR-MiR-mobile-manipulator/install/robotiq_description/share/robotiq_description/cmake/robotiq_descriptionConfig.cmake
[1.247s] -- Installing: /home/t_b/ros2_ws/src/UR-MiR-mobile-manipulator/install/robotiq_description/share/robotiq_description/cmake/robotiq_descriptionConfig-version.cmake
[1.247s] -- Installing: /home/t_b/ros2_ws/src/UR-MiR-mobile-manipulator/install/robotiq_description/share/robotiq_description/package.xml
[1.249s] Invoked command in '/home/t_b/ros2_ws/src/UR-MiR-mobile-manipulator/build/robotiq_description' returned '0': CMAKE_PREFIX_PATH=${CMAKE_PREFIX_PATH}:/home/t_b/ros2_ws/src/UR-MiR-mobile-manipulator/install/ros2_aruco:/home/t_b/ros2_ws/src/UR-MiR-mobile-manipulator/install/point_cloud_functions:/home/t_b/ros2_ws/src/UR-MiR-mobile-manipulator/install/mir_restapi:/home/t_b/ros2_ws/src/UR-MiR-mobile-manipulator/install/mir_driver:/home/t_b/pp_ros2_ws/install/rosbot_gazebo:/home/t_b/pp_ros2_ws/install/rosbot_controller:/home/t_b/pp_ros2_ws/install/rosbot_utils:/home/t_b/swaraj/piper_ros/install/piper:/home/t_b/leader_follower/install/apf:/home/t_b/amogh_app/amogh_ws/install/pursuers:/home/t_b/stonefish_ros/install/codes:/home/t_b/stonefish_ros/install/software_stack:/opt/ros/humble /usr/bin/cmake --install /home/t_b/ros2_ws/src/UR-MiR-mobile-manipulator/build/robotiq_description
