[0.413s] Invoking command in '/home/t_b/ros2_ws/src/UR-MiR-mobile-manipulator/build/realsense2_description': CMAKE_PREFIX_PATH=${CMAKE_PREFIX_PATH}:/home/t_b/ros2_ws/src/UR-MiR-mobile-manipulator/install/ros2_aruco:/home/t_b/ros2_ws/src/UR-MiR-mobile-manipulator/install/point_cloud_functions:/home/t_b/ros2_ws/src/UR-MiR-mobile-manipulator/install/mir_restapi:/home/t_b/ros2_ws/src/UR-MiR-mobile-manipulator/install/mir_driver:/home/t_b/pp_ros2_ws/install/rosbot_gazebo:/home/t_b/pp_ros2_ws/install/rosbot_controller:/home/t_b/pp_ros2_ws/install/rosbot_utils:/home/t_b/swaraj/piper_ros/install/piper:/home/t_b/leader_follower/install/apf:/home/t_b/amogh_app/amogh_ws/install/pursuers:/home/t_b/stonefish_ros/install/codes:/home/t_b/stonefish_ros/install/software_stack:/opt/ros/humble /usr/bin/cmake --build /home/t_b/ros2_ws/src/UR-MiR-mobile-manipulator/build/realsense2_description -- -j16 -l16
[0.560s] Invoked command in '/home/t_b/ros2_ws/src/UR-MiR-mobile-manipulator/build/realsense2_description' returned '0': CMAKE_PREFIX_PATH=${CMAKE_PREFIX_PATH}:/home/t_b/ros2_ws/src/UR-MiR-mobile-manipulator/install/ros2_aruco:/home/t_b/ros2_ws/src/UR-MiR-mobile-manipulator/install/point_cloud_functions:/home/t_b/ros2_ws/src/UR-MiR-mobile-manipulator/install/mir_restapi:/home/t_b/ros2_ws/src/UR-MiR-mobile-manipulator/install/mir_driver:/home/t_b/pp_ros2_ws/install/rosbot_gazebo:/home/t_b/pp_ros2_ws/install/rosbot_controller:/home/t_b/pp_ros2_ws/install/rosbot_utils:/home/t_b/swaraj/piper_ros/install/piper:/home/t_b/leader_follower/install/apf:/home/t_b/amogh_app/amogh_ws/install/pursuers:/home/t_b/stonefish_ros/install/codes:/home/t_b/stonefish_ros/install/software_stack:/opt/ros/humble /usr/bin/cmake --build /home/t_b/ros2_ws/src/UR-MiR-mobile-manipulator/build/realsense2_description -- -j16 -l16
[0.560s] Invoking command in '/home/t_b/ros2_ws/src/UR-MiR-mobile-manipulator/build/realsense2_description': CMAKE_PREFIX_PATH=${CMAKE_PREFIX_PATH}:/home/t_b/ros2_ws/src/UR-MiR-mobile-manipulator/install/ros2_aruco:/home/t_b/ros2_ws/src/UR-MiR-mobile-manipulator/install/point_cloud_functions:/home/t_b/ros2_ws/src/UR-MiR-mobile-manipulator/install/mir_restapi:/home/t_b/ros2_ws/src/UR-MiR-mobile-manipulator/install/mir_driver:/home/t_b/pp_ros2_ws/install/rosbot_gazebo:/home/t_b/pp_ros2_ws/install/rosbot_controller:/home/t_b/pp_ros2_ws/install/rosbot_utils:/home/t_b/swaraj/piper_ros/install/piper:/home/t_b/leader_follower/install/apf:/home/t_b/amogh_app/amogh_ws/install/pursuers:/home/t_b/stonefish_ros/install/codes:/home/t_b/stonefish_ros/install/software_stack:/opt/ros/humble /usr/bin/cmake --install /home/t_b/ros2_ws/src/UR-MiR-mobile-manipulator/build/realsense2_description
[0.563s] -- Install configuration: ""
[0.563s] -- Up-to-date: /home/t_b/ros2_ws/src/UR-MiR-mobile-manipulator/install/realsense2_description/share/realsense2_description/launch
[0.563s] -- Up-to-date: /home/t_b/ros2_ws/src/UR-MiR-mobile-manipulator/install/realsense2_description/share/realsense2_description/launch/launch_utils.py
[0.563s] -- Up-to-date: /home/t_b/ros2_ws/src/UR-MiR-mobile-manipulator/install/realsense2_description/share/realsense2_description/launch/view_model.launch.py
[0.563s] -- Up-to-date: /home/t_b/ros2_ws/src/UR-MiR-mobile-manipulator/install/realsense2_description/share/realsense2_description/meshes
[0.563s] -- Up-to-date: /home/t_b/ros2_ws/src/UR-MiR-mobile-manipulator/install/realsense2_description/share/realsense2_description/meshes/d405.stl
[0.563s] -- Up-to-date: /home/t_b/ros2_ws/src/UR-MiR-mobile-manipulator/install/realsense2_description/share/realsense2_description/meshes/d415.stl
[0.563s] -- Up-to-date: /home/t_b/ros2_ws/src/UR-MiR-mobile-manipulator/install/realsense2_description/share/realsense2_description/meshes/d455.stl
[0.563s] -- Up-to-date: /home/t_b/ros2_ws/src/UR-MiR-mobile-manipulator/install/realsense2_description/share/realsense2_description/meshes/plug.stl
[0.564s] -- Up-to-date: /home/t_b/ros2_ws/src/UR-MiR-mobile-manipulator/install/realsense2_description/share/realsense2_description/meshes/plug_collision.stl
[0.564s] -- Up-to-date: /home/t_b/ros2_ws/src/UR-MiR-mobile-manipulator/install/realsense2_description/share/realsense2_description/meshes/l515.dae
[0.564s] -- Up-to-date: /home/t_b/ros2_ws/src/UR-MiR-mobile-manipulator/install/realsense2_description/share/realsense2_description/meshes/d435.dae
[0.564s] -- Up-to-date: /home/t_b/ros2_ws/src/UR-MiR-mobile-manipulator/install/realsense2_description/share/realsense2_description/rviz
[0.564s] -- Up-to-date: /home/t_b/ros2_ws/src/UR-MiR-mobile-manipulator/install/realsense2_description/share/realsense2_description/rviz/urdf.rviz
[0.564s] -- Up-to-date: /home/t_b/ros2_ws/src/UR-MiR-mobile-manipulator/install/realsense2_description/share/realsense2_description/urdf
[0.564s] -- Up-to-date: /home/t_b/ros2_ws/src/UR-MiR-mobile-manipulator/install/realsense2_description/share/realsense2_description/urdf/test_d405_camera.urdf.xacro
[0.564s] -- Up-to-date: /home/t_b/ros2_ws/src/UR-MiR-mobile-manipulator/install/realsense2_description/share/realsense2_description/urdf/_d435i.urdf.xacro
[0.564s] -- Up-to-date: /home/t_b/ros2_ws/src/UR-MiR-mobile-manipulator/install/realsense2_description/share/realsense2_description/urdf/_usb_plug.urdf.xacro
[0.564s] -- Up-to-date: /home/t_b/ros2_ws/src/UR-MiR-mobile-manipulator/install/realsense2_description/share/realsense2_description/urdf/test_d435_multiple_cameras.urdf.xacro
[0.564s] -- Up-to-date: /home/t_b/ros2_ws/src/UR-MiR-mobile-manipulator/install/realsense2_description/share/realsense2_description/urdf/_materials.urdf.xacro
[0.564s] -- Up-to-date: /home/t_b/ros2_ws/src/UR-MiR-mobile-manipulator/install/realsense2_description/share/realsense2_description/urdf/_d435i_imu_modules.urdf.xacro
[0.564s] -- Up-to-date: /home/t_b/ros2_ws/src/UR-MiR-mobile-manipulator/install/realsense2_description/share/realsense2_description/urdf/_d435.urdf.xacro
[0.564s] -- Up-to-date: /home/t_b/ros2_ws/src/UR-MiR-mobile-manipulator/install/realsense2_description/share/realsense2_description/urdf/_r410.urdf.xacro
[0.564s] -- Up-to-date: /home/t_b/ros2_ws/src/UR-MiR-mobile-manipulator/install/realsense2_description/share/realsense2_description/urdf/_r430.urdf.xacro
[0.564s] -- Up-to-date: /home/t_b/ros2_ws/src/UR-MiR-mobile-manipulator/install/realsense2_description/share/realsense2_description/urdf/test_d415_camera.urdf.xacro
[0.564s] -- Up-to-date: /home/t_b/ros2_ws/src/UR-MiR-mobile-manipulator/install/realsense2_description/share/realsense2_description/urdf/test_d455_camera.urdf.xacro
[0.564s] -- Up-to-date: /home/t_b/ros2_ws/src/UR-MiR-mobile-manipulator/install/realsense2_description/share/realsense2_description/urdf/test_d435_camera.urdf.xacro
[0.564s] -- Up-to-date: /home/t_b/ros2_ws/src/UR-MiR-mobile-manipulator/install/realsense2_description/share/realsense2_description/urdf/test_r410_camera.urdf.xacro
[0.565s] -- Up-to-date: /home/t_b/ros2_ws/src/UR-MiR-mobile-manipulator/install/realsense2_description/share/realsense2_description/urdf/_d405.urdf.xacro
[0.565s] -- Up-to-date: /home/t_b/ros2_ws/src/UR-MiR-mobile-manipulator/install/realsense2_description/share/realsense2_description/urdf/_d455.urdf.xacro
[0.565s] -- Up-to-date: /home/t_b/ros2_ws/src/UR-MiR-mobile-manipulator/install/realsense2_description/share/realsense2_description/urdf/test_r430_camera.urdf.xacro
[0.565s] -- Up-to-date: /home/t_b/ros2_ws/src/UR-MiR-mobile-manipulator/install/realsense2_description/share/realsense2_description/urdf/test_d435i_camera.urdf.xacro
[0.565s] -- Up-to-date: /home/t_b/ros2_ws/src/UR-MiR-mobile-manipulator/install/realsense2_description/share/realsense2_description/urdf/_d435i_gazebo.xacro
[0.565s] -- Up-to-date: /home/t_b/ros2_ws/src/UR-MiR-mobile-manipulator/install/realsense2_description/share/realsense2_description/urdf/_d415.urdf.xacro
[0.565s] -- Up-to-date: /home/t_b/ros2_ws/src/UR-MiR-mobile-manipulator/install/realsense2_description/share/ament_index/resource_index/package_run_dependencies/realsense2_description
[0.565s] -- Up-to-date: /home/t_b/ros2_ws/src/UR-MiR-mobile-manipulator/install/realsense2_description/share/ament_index/resource_index/parent_prefix_path/realsense2_description
[0.565s] -- Up-to-date: /home/t_b/ros2_ws/src/UR-MiR-mobile-manipulator/install/realsense2_description/share/realsense2_description/environment/ament_prefix_path.sh
[0.565s] -- Up-to-date: /home/t_b/ros2_ws/src/UR-MiR-mobile-manipulator/install/realsense2_description/share/realsense2_description/environment/ament_prefix_path.dsv
[0.565s] -- Up-to-date: /home/t_b/ros2_ws/src/UR-MiR-mobile-manipulator/install/realsense2_description/share/realsense2_description/environment/path.sh
[0.565s] -- Up-to-date: /home/t_b/ros2_ws/src/UR-MiR-mobile-manipulator/install/realsense2_description/share/realsense2_description/environment/path.dsv
[0.565s] -- Up-to-date: /home/t_b/ros2_ws/src/UR-MiR-mobile-manipulator/install/realsense2_description/share/realsense2_description/local_setup.bash
[0.565s] -- Up-to-date: /home/t_b/ros2_ws/src/UR-MiR-mobile-manipulator/install/realsense2_description/share/realsense2_description/local_setup.sh
[0.565s] -- Up-to-date: /home/t_b/ros2_ws/src/UR-MiR-mobile-manipulator/install/realsense2_description/share/realsense2_description/local_setup.zsh
[0.565s] -- Up-to-date: /home/t_b/ros2_ws/src/UR-MiR-mobile-manipulator/install/realsense2_description/share/realsense2_description/local_setup.dsv
[0.565s] -- Installing: /home/t_b/ros2_ws/src/UR-MiR-mobile-manipulator/install/realsense2_description/share/realsense2_description/package.dsv
[0.566s] -- Up-to-date: /home/t_b/ros2_ws/src/UR-MiR-mobile-manipulator/install/realsense2_description/share/ament_index/resource_index/packages/realsense2_description
[0.566s] -- Up-to-date: /home/t_b/ros2_ws/src/UR-MiR-mobile-manipulator/install/realsense2_description/share/realsense2_description/cmake/realsense2_descriptionConfig.cmake
[0.566s] -- Up-to-date: /home/t_b/ros2_ws/src/UR-MiR-mobile-manipulator/install/realsense2_description/share/realsense2_description/cmake/realsense2_descriptionConfig-version.cmake
[0.566s] -- Up-to-date: /home/t_b/ros2_ws/src/UR-MiR-mobile-manipulator/install/realsense2_description/share/realsense2_description/package.xml
[0.620s] Invoked command in '/home/t_b/ros2_ws/src/UR-MiR-mobile-manipulator/build/realsense2_description' returned '0': CMAKE_PREFIX_PATH=${CMAKE_PREFIX_PATH}:/home/t_b/ros2_ws/src/UR-MiR-mobile-manipulator/install/ros2_aruco:/home/t_b/ros2_ws/src/UR-MiR-mobile-manipulator/install/point_cloud_functions:/home/t_b/ros2_ws/src/UR-MiR-mobile-manipulator/install/mir_restapi:/home/t_b/ros2_ws/src/UR-MiR-mobile-manipulator/install/mir_driver:/home/t_b/pp_ros2_ws/install/rosbot_gazebo:/home/t_b/pp_ros2_ws/install/rosbot_controller:/home/t_b/pp_ros2_ws/install/rosbot_utils:/home/t_b/swaraj/piper_ros/install/piper:/home/t_b/leader_follower/install/apf:/home/t_b/amogh_app/amogh_ws/install/pursuers:/home/t_b/stonefish_ros/install/codes:/home/t_b/stonefish_ros/install/software_stack:/opt/ros/humble /usr/bin/cmake --install /home/t_b/ros2_ws/src/UR-MiR-mobile-manipulator/build/realsense2_description
