[0.009s] Invoking command in '/home/t_b/ros2_ws/src/UR-MiR-mobile-manipulator/build/ur_controllers': AMENT_PREFIX_PATH=/home/t_b/ros2_ws/src/UR-MiR-mobile-manipulator/install/ur_dashboard_msgs:${AMENT_PREFIX_PATH} CMAKE_PREFIX_PATH=/home/t_b/ros2_ws/src/UR-MiR-mobile-manipulator/install/ur_dashboard_msgs:/home/t_b/pp_ros2_ws/install/rosbot:/home/t_b/pp_ros2_ws/install/rosbot_localization:/home/t_b/pp_ros2_ws/install/rosbot_joy:/home/t_b/pp_ros2_ws/install/open_manipulator_x_moveit:/home/t_b/pp_ros2_ws/install/rosbot_description:/home/t_b/pp_ros2_ws/install/open_manipulator_x_joy:/home/t_b/pp_ros2_ws/install/open_manipulator_x_description:/home/t_b/pp_ros2_ws/install/mecanum_drive_controller:/home/t_b/pp_ros2_ws/install/husarion_gz_worlds:/home/t_b/pp_ros2_ws/install/husarion_components_description:/home/t_b/pp_ros2_ws/install/dynamixel_hardware_interface:/home/t_b/swaraj/piper_ros/install/mtc_tutorial:/home/t_b/swaraj/piper_ros/install/moveit_task_constructor_visualization:/home/t_b/swaraj/piper_ros/install/moveit_task_constructor_demo:/home/t_b/swaraj/piper_ros/install/moveit_task_constructor_capabilities:/home/t_b/swaraj/piper_ros/install/moveit_task_constructor_core:/home/t_b/swaraj/piper_ros/install/rviz_marker_tools:/home/t_b/swaraj/piper_ros/install/posha_sim:/home/t_b/swaraj/piper_ros/install/piper_with_gripper_moveit:/home/t_b/swaraj/piper_ros/install/piper_no_gripper_moveit:/home/t_b/swaraj/piper_ros/install/piper_mujoco:/home/t_b/swaraj/piper_ros/install/piper_msgs:/home/t_b/swaraj/piper_ros/install/piper_humble:/home/t_b/swaraj/piper_ros/install/piper_gazebo:/home/t_b/swaraj/piper_ros/install/piper_description:/home/t_b/swaraj/piper_ros/install/moveit_task_constructor_msgs:/home/t_b/swaraj/piper_ros/install/hello_moveit:/home/t_b/gz_ros2_control_ws/install/ign_ros2_control_demos:/home/t_b/gz_ros2_control_ws/install/ign_ros2_control:/home/t_b/gz_ros2_control_ws/install/gz_ros2_control_tests:/home/t_b/gz_ros2_control_ws/install/gz_ros2_control_demos:/home/t_b/gz_ros2_control_ws/install/gz_ros2_control:/home/t_b/stonefish_ros/install/tour_interfaces:/home/t_b/stonefish_ros/install/stonefish_ros2:/home/t_b/pp_ros2_ws/install/rosbot_gazebo:/home/t_b/pp_ros2_ws/install/rosbot_controller:/home/t_b/pp_ros2_ws/install/rosbot_utils:/home/t_b/swaraj/piper_ros/install/piper:/home/t_b/leader_follower/install/apf:/home/t_b/amogh_app/amogh_ws/install/pursuers:/home/t_b/stonefish_ros/install/codes:/home/t_b/stonefish_ros/install/software_stack:/opt/ros/humble LD_LIBRARY_PATH=/home/t_b/ros2_ws/src/UR-MiR-mobile-manipulator/install/ur_dashboard_msgs/lib:${LD_LIBRARY_PATH} PYTHONPATH=/home/t_b/ros2_ws/src/UR-MiR-mobile-manipulator/install/ur_dashboard_msgs/local/lib/python3.10/dist-packages:${PYTHONPATH} /usr/bin/cmake /home/t_b/ros2_ws/src/UR-MiR-mobile-manipulator/Universal_Robots_ROS2_Driver/ur_controllers -DCMAKE_INSTALL_PREFIX=/home/t_b/ros2_ws/src/UR-MiR-mobile-manipulator/install/ur_controllers
[0.057s] -- The C compiler identification is GNU 11.4.0
[0.105s] -- The CXX compiler identification is GNU 11.4.0
[0.109s] -- Detecting C compiler ABI info
[0.166s] -- Detecting C compiler ABI info - done
[0.170s] -- Check for working C compiler: /usr/bin/cc - skipped
[0.170s] -- Detecting C compile features
[0.170s] -- Detecting C compile features - done
[0.172s] -- Detecting CXX compiler ABI info
[0.237s] -- Detecting CXX compiler ABI info - done
[0.242s] -- Check for working CXX compiler: /usr/bin/c++ - skipped
[0.242s] -- Detecting CXX compile features
[0.242s] -- Detecting CXX compile features - done
[0.245s] -- Found ament_cmake: 1.3.14 (/opt/ros/humble/share/ament_cmake/cmake)
[0.358s] -- Found Python3: /usr/bin/python3 (found version "3.10.12") found components: Interpreter 
[0.435s] -- Found angles: 1.15.0 (/opt/ros/humble/share/angles/cmake)
[0.438s] -- Found controller_interface: 2.53.1 (/opt/ros/humble/share/controller_interface/cmake)
[0.480s] -- Found rosidl_generator_c: 3.1.8 (/opt/ros/humble/share/rosidl_generator_c/cmake)
[0.485s] -- Found rosidl_adapter: 3.1.8 (/opt/ros/humble/share/rosidl_adapter/cmake)
[0.493s] -- Found rosidl_generator_cpp: 3.1.8 (/opt/ros/humble/share/rosidl_generator_cpp/cmake)
[0.503s] -- Using all available rosidl_typesupport_c: rosidl_typesupport_fastrtps_c;rosidl_typesupport_introspection_c
[0.517s] -- Using all available rosidl_typesupport_cpp: rosidl_typesupport_fastrtps_cpp;rosidl_typesupport_introspection_cpp
[0.667s] -- Found rmw_implementation_cmake: 6.1.2 (/opt/ros/humble/share/rmw_implementation_cmake/cmake)
[0.671s] -- Found rmw_cyclonedds_cpp: 1.3.4 (/opt/ros/humble/share/rmw_cyclonedds_cpp/cmake)
[0.691s] -- Using RMW implementation 'rmw_cyclonedds_cpp' as default
[0.700s] -- Looking for pthread.h
[0.761s] -- Looking for pthread.h - found
[0.761s] -- Performing Test CMAKE_HAVE_LIBC_PTHREAD
[0.827s] -- Performing Test CMAKE_HAVE_LIBC_PTHREAD - Success
[0.828s] -- Found Threads: TRUE  
[0.866s] -- Found joint_trajectory_controller: 2.52.1 (/opt/ros/humble/share/joint_trajectory_controller/cmake)
[0.930s] -- Found std_srvs: 4.9.1 (/opt/ros/humble/share/std_srvs/cmake)
[0.937s] -- Found tf2_geometry_msgs: 0.25.20 (/opt/ros/humble/share/tf2_geometry_msgs/cmake)
[0.946s] -- Found eigen3_cmake_module: 0.1.1 (/opt/ros/humble/share/eigen3_cmake_module/cmake)
[0.947s] -- Found Eigen3: TRUE (found version "3.4.0") 
[0.947s] -- Ensuring Eigen3 include directory is part of orocos-kdl CMake target
[0.987s] -- Found ur_dashboard_msgs: 2.13.1 (/home/t_b/ros2_ws/src/UR-MiR-mobile-manipulator/install/ur_dashboard_msgs/share/ur_dashboard_msgs/cmake)
[0.998s] -- Found ur_msgs: 2.5.0 (/opt/ros/humble/share/ur_msgs/cmake)
[1.032s] -- Found ament_cmake_gmock: 1.3.14 (/opt/ros/humble/share/ament_cmake_gmock/cmake)
[1.034s] -- Found controller_manager: 2.53.1 (/opt/ros/humble/share/controller_manager/cmake)
[1.049s] -- Found ros2_control_test_assets: 2.53.1 (/opt/ros/humble/share/ros2_control_test_assets/cmake)
[1.051s] -- Found gmock sources under '/opt/ros/humble/src/gmock_vendor': C++ tests using 'Google Mock' will be built
[1.057s] -- Found ament_cmake_gtest: 1.3.14 (/opt/ros/humble/share/ament_cmake_gtest/cmake)
[1.058s] -- Found gtest sources under '/opt/ros/humble/src/gtest_vendor': C++ tests using 'Google Test' will be built
[1.111s] -- Configuring done
[1.143s] -- Generating done
[1.156s] -- Build files have been written to: /home/t_b/ros2_ws/src/UR-MiR-mobile-manipulator/build/ur_controllers
[1.165s] Invoked command in '/home/t_b/ros2_ws/src/UR-MiR-mobile-manipulator/build/ur_controllers' returned '0': AMENT_PREFIX_PATH=/home/t_b/ros2_ws/src/UR-MiR-mobile-manipulator/install/ur_dashboard_msgs:${AMENT_PREFIX_PATH} CMAKE_PREFIX_PATH=/home/t_b/ros2_ws/src/UR-MiR-mobile-manipulator/install/ur_dashboard_msgs:/home/t_b/pp_ros2_ws/install/rosbot:/home/t_b/pp_ros2_ws/install/rosbot_localization:/home/t_b/pp_ros2_ws/install/rosbot_joy:/home/t_b/pp_ros2_ws/install/open_manipulator_x_moveit:/home/t_b/pp_ros2_ws/install/rosbot_description:/home/t_b/pp_ros2_ws/install/open_manipulator_x_joy:/home/t_b/pp_ros2_ws/install/open_manipulator_x_description:/home/t_b/pp_ros2_ws/install/mecanum_drive_controller:/home/t_b/pp_ros2_ws/install/husarion_gz_worlds:/home/t_b/pp_ros2_ws/install/husarion_components_description:/home/t_b/pp_ros2_ws/install/dynamixel_hardware_interface:/home/t_b/swaraj/piper_ros/install/mtc_tutorial:/home/t_b/swaraj/piper_ros/install/moveit_task_constructor_visualization:/home/t_b/swaraj/piper_ros/install/moveit_task_constructor_demo:/home/t_b/swaraj/piper_ros/install/moveit_task_constructor_capabilities:/home/t_b/swaraj/piper_ros/install/moveit_task_constructor_core:/home/t_b/swaraj/piper_ros/install/rviz_marker_tools:/home/t_b/swaraj/piper_ros/install/posha_sim:/home/t_b/swaraj/piper_ros/install/piper_with_gripper_moveit:/home/t_b/swaraj/piper_ros/install/piper_no_gripper_moveit:/home/t_b/swaraj/piper_ros/install/piper_mujoco:/home/t_b/swaraj/piper_ros/install/piper_msgs:/home/t_b/swaraj/piper_ros/install/piper_humble:/home/t_b/swaraj/piper_ros/install/piper_gazebo:/home/t_b/swaraj/piper_ros/install/piper_description:/home/t_b/swaraj/piper_ros/install/moveit_task_constructor_msgs:/home/t_b/swaraj/piper_ros/install/hello_moveit:/home/t_b/gz_ros2_control_ws/install/ign_ros2_control_demos:/home/t_b/gz_ros2_control_ws/install/ign_ros2_control:/home/t_b/gz_ros2_control_ws/install/gz_ros2_control_tests:/home/t_b/gz_ros2_control_ws/install/gz_ros2_control_demos:/home/t_b/gz_ros2_control_ws/install/gz_ros2_control:/home/t_b/stonefish_ros/install/tour_interfaces:/home/t_b/stonefish_ros/install/stonefish_ros2:/home/t_b/pp_ros2_ws/install/rosbot_gazebo:/home/t_b/pp_ros2_ws/install/rosbot_controller:/home/t_b/pp_ros2_ws/install/rosbot_utils:/home/t_b/swaraj/piper_ros/install/piper:/home/t_b/leader_follower/install/apf:/home/t_b/amogh_app/amogh_ws/install/pursuers:/home/t_b/stonefish_ros/install/codes:/home/t_b/stonefish_ros/install/software_stack:/opt/ros/humble LD_LIBRARY_PATH=/home/t_b/ros2_ws/src/UR-MiR-mobile-manipulator/install/ur_dashboard_msgs/lib:${LD_LIBRARY_PATH} PYTHONPATH=/home/t_b/ros2_ws/src/UR-MiR-mobile-manipulator/install/ur_dashboard_msgs/local/lib/python3.10/dist-packages:${PYTHONPATH} /usr/bin/cmake /home/t_b/ros2_ws/src/UR-MiR-mobile-manipulator/Universal_Robots_ROS2_Driver/ur_controllers -DCMAKE_INSTALL_PREFIX=/home/t_b/ros2_ws/src/UR-MiR-mobile-manipulator/install/ur_controllers
[1.166s] Invoking command in '/home/t_b/ros2_ws/src/UR-MiR-mobile-manipulator/build/ur_controllers': AMENT_PREFIX_PATH=/home/t_b/ros2_ws/src/UR-MiR-mobile-manipulator/install/ur_dashboard_msgs:${AMENT_PREFIX_PATH} CMAKE_PREFIX_PATH=/home/t_b/ros2_ws/src/UR-MiR-mobile-manipulator/install/ur_dashboard_msgs:/home/t_b/pp_ros2_ws/install/rosbot:/home/t_b/pp_ros2_ws/install/rosbot_localization:/home/t_b/pp_ros2_ws/install/rosbot_joy:/home/t_b/pp_ros2_ws/install/open_manipulator_x_moveit:/home/t_b/pp_ros2_ws/install/rosbot_description:/home/t_b/pp_ros2_ws/install/open_manipulator_x_joy:/home/t_b/pp_ros2_ws/install/open_manipulator_x_description:/home/t_b/pp_ros2_ws/install/mecanum_drive_controller:/home/t_b/pp_ros2_ws/install/husarion_gz_worlds:/home/t_b/pp_ros2_ws/install/husarion_components_description:/home/t_b/pp_ros2_ws/install/dynamixel_hardware_interface:/home/t_b/swaraj/piper_ros/install/mtc_tutorial:/home/t_b/swaraj/piper_ros/install/moveit_task_constructor_visualization:/home/t_b/swaraj/piper_ros/install/moveit_task_constructor_demo:/home/t_b/swaraj/piper_ros/install/moveit_task_constructor_capabilities:/home/t_b/swaraj/piper_ros/install/moveit_task_constructor_core:/home/t_b/swaraj/piper_ros/install/rviz_marker_tools:/home/t_b/swaraj/piper_ros/install/posha_sim:/home/t_b/swaraj/piper_ros/install/piper_with_gripper_moveit:/home/t_b/swaraj/piper_ros/install/piper_no_gripper_moveit:/home/t_b/swaraj/piper_ros/install/piper_mujoco:/home/t_b/swaraj/piper_ros/install/piper_msgs:/home/t_b/swaraj/piper_ros/install/piper_humble:/home/t_b/swaraj/piper_ros/install/piper_gazebo:/home/t_b/swaraj/piper_ros/install/piper_description:/home/t_b/swaraj/piper_ros/install/moveit_task_constructor_msgs:/home/t_b/swaraj/piper_ros/install/hello_moveit:/home/t_b/gz_ros2_control_ws/install/ign_ros2_control_demos:/home/t_b/gz_ros2_control_ws/install/ign_ros2_control:/home/t_b/gz_ros2_control_ws/install/gz_ros2_control_tests:/home/t_b/gz_ros2_control_ws/install/gz_ros2_control_demos:/home/t_b/gz_ros2_control_ws/install/gz_ros2_control:/home/t_b/stonefish_ros/install/tour_interfaces:/home/t_b/stonefish_ros/install/stonefish_ros2:/home/t_b/pp_ros2_ws/install/rosbot_gazebo:/home/t_b/pp_ros2_ws/install/rosbot_controller:/home/t_b/pp_ros2_ws/install/rosbot_utils:/home/t_b/swaraj/piper_ros/install/piper:/home/t_b/leader_follower/install/apf:/home/t_b/amogh_app/amogh_ws/install/pursuers:/home/t_b/stonefish_ros/install/codes:/home/t_b/stonefish_ros/install/software_stack:/opt/ros/humble LD_LIBRARY_PATH=/home/t_b/ros2_ws/src/UR-MiR-mobile-manipulator/install/ur_dashboard_msgs/lib:${LD_LIBRARY_PATH} PYTHONPATH=/home/t_b/ros2_ws/src/UR-MiR-mobile-manipulator/install/ur_dashboard_msgs/local/lib/python3.10/dist-packages:${PYTHONPATH} /usr/bin/cmake --build /home/t_b/ros2_ws/src/UR-MiR-mobile-manipulator/build/ur_controllers -- -j16 -l16
[1.206s] [  4%] [34m[1mRunning `/opt/ros/humble/bin/generate_parameter_library_cpp /home/t_b/ros2_ws/src/UR-MiR-mobile-manipulator/build/ur_controllers/include/ur_controllers/freedrive_mode_controller_parameters.hpp /home/t_b/ros2_ws/src/UR-MiR-mobile-manipulator/Universal_Robots_ROS2_Driver/ur_controllers/src/freedrive_mode_controller_parameters.yaml `[0m
[1.206s] [  4%] [34m[1mRunning `/opt/ros/humble/bin/generate_parameter_library_cpp /home/t_b/ros2_ws/src/UR-MiR-mobile-manipulator/build/ur_controllers/include/ur_controllers/friction_model_controller_parameters.hpp /home/t_b/ros2_ws/src/UR-MiR-mobile-manipulator/Universal_Robots_ROS2_Driver/ur_controllers/src/friction_model_controller_parameters.yaml `[0m
[1.206s] [  6%] [34m[1mRunning `/opt/ros/humble/bin/generate_parameter_library_cpp /home/t_b/ros2_ws/src/UR-MiR-mobile-manipulator/build/ur_controllers/include/ur_controllers/ur_configuration_controller_parameters.hpp /home/t_b/ros2_ws/src/UR-MiR-mobile-manipulator/Universal_Robots_ROS2_Driver/ur_controllers/src/ur_configuration_controller_parameters.yaml `[0m
[1.207s] [  9%] [34m[1mRunning `/opt/ros/humble/bin/generate_parameter_library_cpp /home/t_b/ros2_ws/src/UR-MiR-mobile-manipulator/build/ur_controllers/include/ur_controllers/force_mode_controller_parameters.hpp /home/t_b/ros2_ws/src/UR-MiR-mobile-manipulator/Universal_Robots_ROS2_Driver/ur_controllers/src/force_mode_controller_parameters.yaml `[0m
[1.207s] [ 11%] [34m[1mRunning `/opt/ros/humble/bin/generate_parameter_library_cpp /home/t_b/ros2_ws/src/UR-MiR-mobile-manipulator/build/ur_controllers/include/ur_controllers/gpio_controller_parameters.hpp /home/t_b/ros2_ws/src/UR-MiR-mobile-manipulator/Universal_Robots_ROS2_Driver/ur_controllers/src/gpio_controller_parameters.yaml `[0m
[1.207s] [ 13%] [32mBuilding CXX object gmock/CMakeFiles/gmock_main.dir/src/gmock_main.cc.o[0m
[1.209s] [ 16%] [34m[1mRunning `/opt/ros/humble/bin/generate_parameter_library_cpp /home/t_b/ros2_ws/src/UR-MiR-mobile-manipulator/build/ur_controllers/include/ur_controllers/tool_contact_controller_parameters.hpp /home/t_b/ros2_ws/src/UR-MiR-mobile-manipulator/Universal_Robots_ROS2_Driver/ur_controllers/src/tool_contact_controller_parameters.yaml `[0m
[1.209s] [ 18%] [34m[1mRunning `/opt/ros/humble/bin/generate_parameter_library_cpp /home/t_b/ros2_ws/src/UR-MiR-mobile-manipulator/build/ur_controllers/include/ur_controllers/speed_scaling_state_broadcaster_parameters.hpp /home/t_b/ros2_ws/src/UR-MiR-mobile-manipulator/Universal_Robots_ROS2_Driver/ur_controllers/src/speed_scaling_state_broadcaster_parameters.yaml `[0m
[1.210s] [ 20%] [34m[1mRunning `/opt/ros/humble/bin/generate_parameter_library_cpp /home/t_b/ros2_ws/src/UR-MiR-mobile-manipulator/build/ur_controllers/include/ur_controllers/passthrough_trajectory_controller_parameters.hpp /home/t_b/ros2_ws/src/UR-MiR-mobile-manipulator/Universal_Robots_ROS2_Driver/ur_controllers/src/passthrough_trajectory_controller_parameters.yaml `[0m
[1.210s] [ 23%] [34m[1mRunning `/opt/ros/humble/bin/generate_parameter_library_cpp /home/t_b/ros2_ws/src/UR-MiR-mobile-manipulator/build/ur_controllers/include/ur_controllers/scaled_joint_trajectory_controller_parameters.hpp /home/t_b/ros2_ws/src/UR-MiR-mobile-manipulator/Universal_Robots_ROS2_Driver/ur_controllers/src/scaled_joint_trajectory_controller_parameters.yaml `[0m
[1.212s] [ 27%] [32mBuilding CXX object gmock/CMakeFiles/gmock.dir/opt/ros/humble/src/gtest_vendor/src/gtest-all.cc.o[0m
[1.212s] [ 27%] [32mBuilding CXX object gmock/CMakeFiles/gmock.dir/src/gmock-all.cc.o[0m
[1.318s] [ 30%] [34m[1mCreating deprecated header file /home/t_b/ros2_ws/src/UR-MiR-mobile-manipulator/build/ur_controllers/include/force_mode_controller_parameters.hpp[0m
[1.334s] [ 30%] Built target force_mode_controller_parameters
[1.335s] [ 32%] [34m[1mCreating deprecated header file /home/t_b/ros2_ws/src/UR-MiR-mobile-manipulator/build/ur_controllers/include/freedrive_mode_controller_parameters.hpp[0m
[1.336s] [ 34%] [34m[1mCreating deprecated header file /home/t_b/ros2_ws/src/UR-MiR-mobile-manipulator/build/ur_controllers/include/gpio_controller_parameters.hpp[0m
[1.348s] [ 34%] Built target freedrive_mode_controller_parameters
[1.349s] [ 34%] Built target gpio_controller_parameters
[1.354s] [ 37%] [34m[1mCreating deprecated header file /home/t_b/ros2_ws/src/UR-MiR-mobile-manipulator/build/ur_controllers/include/scaled_joint_trajectory_controller_parameters.hpp[0m
[1.361s] [ 39%] [34m[1mCreating deprecated header file /home/t_b/ros2_ws/src/UR-MiR-mobile-manipulator/build/ur_controllers/include/ur_configuration_controller_parameters.hpp[0m
[1.367s] [ 39%] Built target scaled_joint_trajectory_controller_parameters
[1.374s] [ 39%] Built target ur_configuration_controller_parameters
[1.376s] [ 41%] [34m[1mCreating deprecated header file /home/t_b/ros2_ws/src/UR-MiR-mobile-manipulator/build/ur_controllers/include/speed_scaling_state_broadcaster_parameters.hpp[0m
[1.385s] [ 44%] [34m[1mCreating deprecated header file /home/t_b/ros2_ws/src/UR-MiR-mobile-manipulator/build/ur_controllers/include/friction_model_controller_parameters.hpp[0m
[1.389s] [ 44%] Built target speed_scaling_state_broadcaster_parameters
[1.391s] [ 46%] [34m[1mCreating deprecated header file /home/t_b/ros2_ws/src/UR-MiR-mobile-manipulator/build/ur_controllers/include/tool_contact_controller_parameters.hpp[0m
[1.395s] [ 48%] [34m[1mCreating deprecated header file /home/t_b/ros2_ws/src/UR-MiR-mobile-manipulator/build/ur_controllers/include/passthrough_trajectory_controller_parameters.hpp[0m
[1.396s] [ 48%] Built target friction_model_controller_parameters
[1.401s] [ 48%] Built target tool_contact_controller_parameters
[1.408s] [ 48%] Built target passthrough_trajectory_controller_parameters
[1.425s] [ 53%] [32mBuilding CXX object CMakeFiles/ur_controllers.dir/src/scaled_joint_trajectory_controller.cpp.o[0m
[1.425s] [ 53%] [32mBuilding CXX object CMakeFiles/ur_controllers.dir/src/friction_model_controller.cpp.o[0m
[1.426s] [ 62%] [32mBuilding CXX object CMakeFiles/ur_controllers.dir/src/passthrough_trajectory_controller.cpp.o[0m
[1.426s] [ 62%] [32mBuilding CXX object CMakeFiles/ur_controllers.dir/src/tool_contact_controller.cpp.o[0m
[1.426s] [ 62%] [32mBuilding CXX object CMakeFiles/ur_controllers.dir/src/force_mode_controller.cpp.o[0m
[1.426s] [ 62%] [32mBuilding CXX object CMakeFiles/ur_controllers.dir/src/speed_scaling_state_broadcaster.cpp.o[0m
[1.426s] [ 65%] [32mBuilding CXX object CMakeFiles/ur_controllers.dir/src/ur_configuration_controller.cpp.o[0m
[1.426s] [ 67%] [32mBuilding CXX object CMakeFiles/ur_controllers.dir/src/gpio_controller.cpp.o[0m
[1.426s] [ 69%] [32mBuilding CXX object CMakeFiles/ur_controllers.dir/src/freedrive_mode_controller.cpp.o[0m
[2.021s] [ 72%] [32m[1mLinking CXX static library libgmock_main.a[0m
[2.070s] [ 72%] Built target gmock_main
[4.188s] [ 74%] [32m[1mLinking CXX static library libgmock.a[0m
[4.288s] [ 74%] Built target gmock
[8.428s] [ 76%] [32m[1mLinking CXX shared library libur_controllers.so[0m
[9.435s] [ 76%] Built target ur_controllers
[9.451s] [ 79%] [32mBuilding CXX object CMakeFiles/test_load_friction_model_controller.dir/test/test_load_friction_model_controller.cpp.o[0m
[9.451s] [ 81%] [32mBuilding CXX object CMakeFiles/test_load_scaled_joint_trajectory_controller.dir/test/test_load_scaled_joint_trajectory_controller.cpp.o[0m
[9.452s] [ 83%] [32mBuilding CXX object CMakeFiles/test_scaled_joint_trajectory_controller_sampling.dir/test/test_scaled_joint_trajectory_controller_sampling.cpp.o[0m
[9.453s] [ 86%] [32mBuilding CXX object CMakeFiles/test_load_force_mode_controller.dir/test/test_load_force_mode_controller.cpp.o[0m
[9.458s] [ 88%] [32mBuilding CXX object CMakeFiles/test_load_freedrive_mode_controller.dir/test/test_load_freedrive_mode_controller.cpp.o[0m
[12.937s] [ 90%] [32m[1mLinking CXX executable test_load_friction_model_controller[0m
[12.965s] [ 93%] [32m[1mLinking CXX executable test_load_freedrive_mode_controller[0m
[12.974s] [ 95%] [32m[1mLinking CXX executable test_load_scaled_joint_trajectory_controller[0m
[12.999s] [ 97%] [32m[1mLinking CXX executable test_load_force_mode_controller[0m
[13.260s] [ 97%] Built target test_load_friction_model_controller
[13.265s] [ 97%] Built target test_load_freedrive_mode_controller
[13.282s] [ 97%] Built target test_load_scaled_joint_trajectory_controller
[13.289s] [ 97%] Built target test_load_force_mode_controller
[14.373s] [100%] [32m[1mLinking CXX executable test_scaled_joint_trajectory_controller_sampling[0m
[15.012s] [100%] Built target test_scaled_joint_trajectory_controller_sampling
[15.021s] Invoked command in '/home/t_b/ros2_ws/src/UR-MiR-mobile-manipulator/build/ur_controllers' returned '0': AMENT_PREFIX_PATH=/home/t_b/ros2_ws/src/UR-MiR-mobile-manipulator/install/ur_dashboard_msgs:${AMENT_PREFIX_PATH} CMAKE_PREFIX_PATH=/home/t_b/ros2_ws/src/UR-MiR-mobile-manipulator/install/ur_dashboard_msgs:/home/t_b/pp_ros2_ws/install/rosbot:/home/t_b/pp_ros2_ws/install/rosbot_localization:/home/t_b/pp_ros2_ws/install/rosbot_joy:/home/t_b/pp_ros2_ws/install/open_manipulator_x_moveit:/home/t_b/pp_ros2_ws/install/rosbot_description:/home/t_b/pp_ros2_ws/install/open_manipulator_x_joy:/home/t_b/pp_ros2_ws/install/open_manipulator_x_description:/home/t_b/pp_ros2_ws/install/mecanum_drive_controller:/home/t_b/pp_ros2_ws/install/husarion_gz_worlds:/home/t_b/pp_ros2_ws/install/husarion_components_description:/home/t_b/pp_ros2_ws/install/dynamixel_hardware_interface:/home/t_b/swaraj/piper_ros/install/mtc_tutorial:/home/t_b/swaraj/piper_ros/install/moveit_task_constructor_visualization:/home/t_b/swaraj/piper_ros/install/moveit_task_constructor_demo:/home/t_b/swaraj/piper_ros/install/moveit_task_constructor_capabilities:/home/t_b/swaraj/piper_ros/install/moveit_task_constructor_core:/home/t_b/swaraj/piper_ros/install/rviz_marker_tools:/home/t_b/swaraj/piper_ros/install/posha_sim:/home/t_b/swaraj/piper_ros/install/piper_with_gripper_moveit:/home/t_b/swaraj/piper_ros/install/piper_no_gripper_moveit:/home/t_b/swaraj/piper_ros/install/piper_mujoco:/home/t_b/swaraj/piper_ros/install/piper_msgs:/home/t_b/swaraj/piper_ros/install/piper_humble:/home/t_b/swaraj/piper_ros/install/piper_gazebo:/home/t_b/swaraj/piper_ros/install/piper_description:/home/t_b/swaraj/piper_ros/install/moveit_task_constructor_msgs:/home/t_b/swaraj/piper_ros/install/hello_moveit:/home/t_b/gz_ros2_control_ws/install/ign_ros2_control_demos:/home/t_b/gz_ros2_control_ws/install/ign_ros2_control:/home/t_b/gz_ros2_control_ws/install/gz_ros2_control_tests:/home/t_b/gz_ros2_control_ws/install/gz_ros2_control_demos:/home/t_b/gz_ros2_control_ws/install/gz_ros2_control:/home/t_b/stonefish_ros/install/tour_interfaces:/home/t_b/stonefish_ros/install/stonefish_ros2:/home/t_b/pp_ros2_ws/install/rosbot_gazebo:/home/t_b/pp_ros2_ws/install/rosbot_controller:/home/t_b/pp_ros2_ws/install/rosbot_utils:/home/t_b/swaraj/piper_ros/install/piper:/home/t_b/leader_follower/install/apf:/home/t_b/amogh_app/amogh_ws/install/pursuers:/home/t_b/stonefish_ros/install/codes:/home/t_b/stonefish_ros/install/software_stack:/opt/ros/humble LD_LIBRARY_PATH=/home/t_b/ros2_ws/src/UR-MiR-mobile-manipulator/install/ur_dashboard_msgs/lib:${LD_LIBRARY_PATH} PYTHONPATH=/home/t_b/ros2_ws/src/UR-MiR-mobile-manipulator/install/ur_dashboard_msgs/local/lib/python3.10/dist-packages:${PYTHONPATH} /usr/bin/cmake --build /home/t_b/ros2_ws/src/UR-MiR-mobile-manipulator/build/ur_controllers -- -j16 -l16
[15.022s] Invoking command in '/home/t_b/ros2_ws/src/UR-MiR-mobile-manipulator/build/ur_controllers': AMENT_PREFIX_PATH=/home/t_b/ros2_ws/src/UR-MiR-mobile-manipulator/install/ur_dashboard_msgs:${AMENT_PREFIX_PATH} CMAKE_PREFIX_PATH=/home/t_b/ros2_ws/src/UR-MiR-mobile-manipulator/install/ur_dashboard_msgs:/home/t_b/pp_ros2_ws/install/rosbot:/home/t_b/pp_ros2_ws/install/rosbot_localization:/home/t_b/pp_ros2_ws/install/rosbot_joy:/home/t_b/pp_ros2_ws/install/open_manipulator_x_moveit:/home/t_b/pp_ros2_ws/install/rosbot_description:/home/t_b/pp_ros2_ws/install/open_manipulator_x_joy:/home/t_b/pp_ros2_ws/install/open_manipulator_x_description:/home/t_b/pp_ros2_ws/install/mecanum_drive_controller:/home/t_b/pp_ros2_ws/install/husarion_gz_worlds:/home/t_b/pp_ros2_ws/install/husarion_components_description:/home/t_b/pp_ros2_ws/install/dynamixel_hardware_interface:/home/t_b/swaraj/piper_ros/install/mtc_tutorial:/home/t_b/swaraj/piper_ros/install/moveit_task_constructor_visualization:/home/t_b/swaraj/piper_ros/install/moveit_task_constructor_demo:/home/t_b/swaraj/piper_ros/install/moveit_task_constructor_capabilities:/home/t_b/swaraj/piper_ros/install/moveit_task_constructor_core:/home/t_b/swaraj/piper_ros/install/rviz_marker_tools:/home/t_b/swaraj/piper_ros/install/posha_sim:/home/t_b/swaraj/piper_ros/install/piper_with_gripper_moveit:/home/t_b/swaraj/piper_ros/install/piper_no_gripper_moveit:/home/t_b/swaraj/piper_ros/install/piper_mujoco:/home/t_b/swaraj/piper_ros/install/piper_msgs:/home/t_b/swaraj/piper_ros/install/piper_humble:/home/t_b/swaraj/piper_ros/install/piper_gazebo:/home/t_b/swaraj/piper_ros/install/piper_description:/home/t_b/swaraj/piper_ros/install/moveit_task_constructor_msgs:/home/t_b/swaraj/piper_ros/install/hello_moveit:/home/t_b/gz_ros2_control_ws/install/ign_ros2_control_demos:/home/t_b/gz_ros2_control_ws/install/ign_ros2_control:/home/t_b/gz_ros2_control_ws/install/gz_ros2_control_tests:/home/t_b/gz_ros2_control_ws/install/gz_ros2_control_demos:/home/t_b/gz_ros2_control_ws/install/gz_ros2_control:/home/t_b/stonefish_ros/install/tour_interfaces:/home/t_b/stonefish_ros/install/stonefish_ros2:/home/t_b/pp_ros2_ws/install/rosbot_gazebo:/home/t_b/pp_ros2_ws/install/rosbot_controller:/home/t_b/pp_ros2_ws/install/rosbot_utils:/home/t_b/swaraj/piper_ros/install/piper:/home/t_b/leader_follower/install/apf:/home/t_b/amogh_app/amogh_ws/install/pursuers:/home/t_b/stonefish_ros/install/codes:/home/t_b/stonefish_ros/install/software_stack:/opt/ros/humble LD_LIBRARY_PATH=/home/t_b/ros2_ws/src/UR-MiR-mobile-manipulator/install/ur_dashboard_msgs/lib:${LD_LIBRARY_PATH} PYTHONPATH=/home/t_b/ros2_ws/src/UR-MiR-mobile-manipulator/install/ur_dashboard_msgs/local/lib/python3.10/dist-packages:${PYTHONPATH} /usr/bin/cmake --install /home/t_b/ros2_ws/src/UR-MiR-mobile-manipulator/build/ur_controllers
[15.030s] -- Install configuration: ""
[15.030s] -- Installing: /home/t_b/ros2_ws/src/UR-MiR-mobile-manipulator/install/ur_controllers/include/ur_controllers
[15.030s] -- Installing: /home/t_b/ros2_ws/src/UR-MiR-mobile-manipulator/install/ur_controllers/include/ur_controllers/friction_model_controller_parameters.hpp
[15.030s] -- Installing: /home/t_b/ros2_ws/src/UR-MiR-mobile-manipulator/install/ur_controllers/include/ur_controllers/scaled_joint_trajectory_controller_parameters.hpp
[15.030s] -- Installing: /home/t_b/ros2_ws/src/UR-MiR-mobile-manipulator/install/ur_controllers/include/ur_controllers/gpio_controller_parameters.hpp
[15.030s] -- Installing: /home/t_b/ros2_ws/src/UR-MiR-mobile-manipulator/install/ur_controllers/include/ur_controllers/force_mode_controller_parameters.hpp
[15.030s] -- Installing: /home/t_b/ros2_ws/src/UR-MiR-mobile-manipulator/install/ur_controllers/include/ur_controllers/speed_scaling_state_broadcaster_parameters.hpp
[15.030s] -- Installing: /home/t_b/ros2_ws/src/UR-MiR-mobile-manipulator/install/ur_controllers/include/ur_controllers/passthrough_trajectory_controller_parameters.hpp
[15.030s] -- Installing: /home/t_b/ros2_ws/src/UR-MiR-mobile-manipulator/install/ur_controllers/include/ur_controllers/freedrive_mode_controller_parameters.hpp
[15.031s] -- Installing: /home/t_b/ros2_ws/src/UR-MiR-mobile-manipulator/install/ur_controllers/include/ur_controllers/ur_configuration_controller_parameters.hpp
[15.031s] -- Installing: /home/t_b/ros2_ws/src/UR-MiR-mobile-manipulator/install/ur_controllers/include/ur_controllers/tool_contact_controller_parameters.hpp
[15.031s] -- Up-to-date: /home/t_b/ros2_ws/src/UR-MiR-mobile-manipulator/install/ur_controllers/include/ur_controllers
[15.031s] -- Up-to-date: /home/t_b/ros2_ws/src/UR-MiR-mobile-manipulator/install/ur_controllers/include/ur_controllers/friction_model_controller_parameters.hpp
[15.031s] -- Up-to-date: /home/t_b/ros2_ws/src/UR-MiR-mobile-manipulator/install/ur_controllers/include/ur_controllers/scaled_joint_trajectory_controller_parameters.hpp
[15.031s] -- Up-to-date: /home/t_b/ros2_ws/src/UR-MiR-mobile-manipulator/install/ur_controllers/include/ur_controllers/gpio_controller_parameters.hpp
[15.031s] -- Up-to-date: /home/t_b/ros2_ws/src/UR-MiR-mobile-manipulator/install/ur_controllers/include/ur_controllers/force_mode_controller_parameters.hpp
[15.031s] -- Up-to-date: /home/t_b/ros2_ws/src/UR-MiR-mobile-manipulator/install/ur_controllers/include/ur_controllers/speed_scaling_state_broadcaster_parameters.hpp
[15.031s] -- Up-to-date: /home/t_b/ros2_ws/src/UR-MiR-mobile-manipulator/install/ur_controllers/include/ur_controllers/passthrough_trajectory_controller_parameters.hpp
[15.031s] -- Up-to-date: /home/t_b/ros2_ws/src/UR-MiR-mobile-manipulator/install/ur_controllers/include/ur_controllers/freedrive_mode_controller_parameters.hpp
[15.031s] -- Up-to-date: /home/t_b/ros2_ws/src/UR-MiR-mobile-manipulator/install/ur_controllers/include/ur_controllers/ur_configuration_controller_parameters.hpp
[15.031s] -- Up-to-date: /home/t_b/ros2_ws/src/UR-MiR-mobile-manipulator/install/ur_controllers/include/ur_controllers/tool_contact_controller_parameters.hpp
[15.031s] -- Up-to-date: /home/t_b/ros2_ws/src/UR-MiR-mobile-manipulator/install/ur_controllers/include/ur_controllers
[15.031s] -- Up-to-date: /home/t_b/ros2_ws/src/UR-MiR-mobile-manipulator/install/ur_controllers/include/ur_controllers/friction_model_controller_parameters.hpp
[15.032s] -- Up-to-date: /home/t_b/ros2_ws/src/UR-MiR-mobile-manipulator/install/ur_controllers/include/ur_controllers/scaled_joint_trajectory_controller_parameters.hpp
[15.032s] -- Up-to-date: /home/t_b/ros2_ws/src/UR-MiR-mobile-manipulator/install/ur_controllers/include/ur_controllers/gpio_controller_parameters.hpp
[15.032s] -- Up-to-date: /home/t_b/ros2_ws/src/UR-MiR-mobile-manipulator/install/ur_controllers/include/ur_controllers/force_mode_controller_parameters.hpp
[15.032s] -- Up-to-date: /home/t_b/ros2_ws/src/UR-MiR-mobile-manipulator/install/ur_controllers/include/ur_controllers/speed_scaling_state_broadcaster_parameters.hpp
[15.032s] -- Up-to-date: /home/t_b/ros2_ws/src/UR-MiR-mobile-manipulator/install/ur_controllers/include/ur_controllers/passthrough_trajectory_controller_parameters.hpp
[15.032s] -- Up-to-date: /home/t_b/ros2_ws/src/UR-MiR-mobile-manipulator/install/ur_controllers/include/ur_controllers/freedrive_mode_controller_parameters.hpp
[15.032s] -- Up-to-date: /home/t_b/ros2_ws/src/UR-MiR-mobile-manipulator/install/ur_controllers/include/ur_controllers/ur_configuration_controller_parameters.hpp
[15.032s] -- Up-to-date: /home/t_b/ros2_ws/src/UR-MiR-mobile-manipulator/install/ur_controllers/include/ur_controllers/tool_contact_controller_parameters.hpp
[15.032s] -- Up-to-date: /home/t_b/ros2_ws/src/UR-MiR-mobile-manipulator/install/ur_controllers/include/ur_controllers
[15.032s] -- Up-to-date: /home/t_b/ros2_ws/src/UR-MiR-mobile-manipulator/install/ur_controllers/include/ur_controllers/friction_model_controller_parameters.hpp
[15.032s] -- Up-to-date: /home/t_b/ros2_ws/src/UR-MiR-mobile-manipulator/install/ur_controllers/include/ur_controllers/scaled_joint_trajectory_controller_parameters.hpp
[15.032s] -- Up-to-date: /home/t_b/ros2_ws/src/UR-MiR-mobile-manipulator/install/ur_controllers/include/ur_controllers/gpio_controller_parameters.hpp
[15.032s] -- Up-to-date: /home/t_b/ros2_ws/src/UR-MiR-mobile-manipulator/install/ur_controllers/include/ur_controllers/force_mode_controller_parameters.hpp
[15.032s] -- Up-to-date: /home/t_b/ros2_ws/src/UR-MiR-mobile-manipulator/install/ur_controllers/include/ur_controllers/speed_scaling_state_broadcaster_parameters.hpp
[15.032s] -- Up-to-date: /home/t_b/ros2_ws/src/UR-MiR-mobile-manipulator/install/ur_controllers/include/ur_controllers/passthrough_trajectory_controller_parameters.hpp
[15.032s] -- Up-to-date: /home/t_b/ros2_ws/src/UR-MiR-mobile-manipulator/install/ur_controllers/include/ur_controllers/freedrive_mode_controller_parameters.hpp
[15.032s] -- Up-to-date: /home/t_b/ros2_ws/src/UR-MiR-mobile-manipulator/install/ur_controllers/include/ur_controllers/ur_configuration_controller_parameters.hpp
[15.032s] -- Up-to-date: /home/t_b/ros2_ws/src/UR-MiR-mobile-manipulator/install/ur_controllers/include/ur_controllers/tool_contact_controller_parameters.hpp
[15.032s] -- Up-to-date: /home/t_b/ros2_ws/src/UR-MiR-mobile-manipulator/install/ur_controllers/include/ur_controllers
[15.032s] -- Up-to-date: /home/t_b/ros2_ws/src/UR-MiR-mobile-manipulator/install/ur_controllers/include/ur_controllers/friction_model_controller_parameters.hpp
[15.032s] -- Up-to-date: /home/t_b/ros2_ws/src/UR-MiR-mobile-manipulator/install/ur_controllers/include/ur_controllers/scaled_joint_trajectory_controller_parameters.hpp
[15.033s] -- Up-to-date: /home/t_b/ros2_ws/src/UR-MiR-mobile-manipulator/install/ur_controllers/include/ur_controllers/gpio_controller_parameters.hpp
[15.033s] -- Up-to-date: /home/t_b/ros2_ws/src/UR-MiR-mobile-manipulator/install/ur_controllers/include/ur_controllers/force_mode_controller_parameters.hpp
[15.033s] -- Up-to-date: /home/t_b/ros2_ws/src/UR-MiR-mobile-manipulator/install/ur_controllers/include/ur_controllers/speed_scaling_state_broadcaster_parameters.hpp
[15.033s] -- Up-to-date: /home/t_b/ros2_ws/src/UR-MiR-mobile-manipulator/install/ur_controllers/include/ur_controllers/passthrough_trajectory_controller_parameters.hpp
[15.033s] -- Up-to-date: /home/t_b/ros2_ws/src/UR-MiR-mobile-manipulator/install/ur_controllers/include/ur_controllers/freedrive_mode_controller_parameters.hpp
[15.033s] -- Up-to-date: /home/t_b/ros2_ws/src/UR-MiR-mobile-manipulator/install/ur_controllers/include/ur_controllers/ur_configuration_controller_parameters.hpp
[15.033s] -- Up-to-date: /home/t_b/ros2_ws/src/UR-MiR-mobile-manipulator/install/ur_controllers/include/ur_controllers/tool_contact_controller_parameters.hpp
[15.033s] -- Up-to-date: /home/t_b/ros2_ws/src/UR-MiR-mobile-manipulator/install/ur_controllers/include/ur_controllers
[15.033s] -- Up-to-date: /home/t_b/ros2_ws/src/UR-MiR-mobile-manipulator/install/ur_controllers/include/ur_controllers/friction_model_controller_parameters.hpp
[15.033s] -- Up-to-date: /home/t_b/ros2_ws/src/UR-MiR-mobile-manipulator/install/ur_controllers/include/ur_controllers/scaled_joint_trajectory_controller_parameters.hpp
[15.033s] -- Up-to-date: /home/t_b/ros2_ws/src/UR-MiR-mobile-manipulator/install/ur_controllers/include/ur_controllers/gpio_controller_parameters.hpp
[15.033s] -- Up-to-date: /home/t_b/ros2_ws/src/UR-MiR-mobile-manipulator/install/ur_controllers/include/ur_controllers/force_mode_controller_parameters.hpp
[15.033s] -- Up-to-date: /home/t_b/ros2_ws/src/UR-MiR-mobile-manipulator/install/ur_controllers/include/ur_controllers/speed_scaling_state_broadcaster_parameters.hpp
[15.033s] -- Up-to-date: /home/t_b/ros2_ws/src/UR-MiR-mobile-manipulator/install/ur_controllers/include/ur_controllers/passthrough_trajectory_controller_parameters.hpp
[15.033s] -- Up-to-date: /home/t_b/ros2_ws/src/UR-MiR-mobile-manipulator/install/ur_controllers/include/ur_controllers/freedrive_mode_controller_parameters.hpp
[15.033s] -- Up-to-date: /home/t_b/ros2_ws/src/UR-MiR-mobile-manipulator/install/ur_controllers/include/ur_controllers/ur_configuration_controller_parameters.hpp
[15.033s] -- Up-to-date: /home/t_b/ros2_ws/src/UR-MiR-mobile-manipulator/install/ur_controllers/include/ur_controllers/tool_contact_controller_parameters.hpp
[15.033s] -- Up-to-date: /home/t_b/ros2_ws/src/UR-MiR-mobile-manipulator/install/ur_controllers/include/ur_controllers
[15.033s] -- Up-to-date: /home/t_b/ros2_ws/src/UR-MiR-mobile-manipulator/install/ur_controllers/include/ur_controllers/friction_model_controller_parameters.hpp
[15.033s] -- Up-to-date: /home/t_b/ros2_ws/src/UR-MiR-mobile-manipulator/install/ur_controllers/include/ur_controllers/scaled_joint_trajectory_controller_parameters.hpp
[15.033s] -- Up-to-date: /home/t_b/ros2_ws/src/UR-MiR-mobile-manipulator/install/ur_controllers/include/ur_controllers/gpio_controller_parameters.hpp
[15.033s] -- Up-to-date: /home/t_b/ros2_ws/src/UR-MiR-mobile-manipulator/install/ur_controllers/include/ur_controllers/force_mode_controller_parameters.hpp
[15.033s] -- Up-to-date: /home/t_b/ros2_ws/src/UR-MiR-mobile-manipulator/install/ur_controllers/include/ur_controllers/speed_scaling_state_broadcaster_parameters.hpp
[15.034s] -- Up-to-date: /home/t_b/ros2_ws/src/UR-MiR-mobile-manipulator/install/ur_controllers/include/ur_controllers/passthrough_trajectory_controller_parameters.hpp
[15.034s] -- Up-to-date: /home/t_b/ros2_ws/src/UR-MiR-mobile-manipulator/install/ur_controllers/include/ur_controllers/freedrive_mode_controller_parameters.hpp
[15.034s] -- Up-to-date: /home/t_b/ros2_ws/src/UR-MiR-mobile-manipulator/install/ur_controllers/include/ur_controllers/ur_configuration_controller_parameters.hpp
[15.034s] -- Up-to-date: /home/t_b/ros2_ws/src/UR-MiR-mobile-manipulator/install/ur_controllers/include/ur_controllers/tool_contact_controller_parameters.hpp
[15.034s] -- Up-to-date: /home/t_b/ros2_ws/src/UR-MiR-mobile-manipulator/install/ur_controllers/include/ur_controllers
[15.034s] -- Up-to-date: /home/t_b/ros2_ws/src/UR-MiR-mobile-manipulator/install/ur_controllers/include/ur_controllers/friction_model_controller_parameters.hpp
[15.034s] -- Up-to-date: /home/t_b/ros2_ws/src/UR-MiR-mobile-manipulator/install/ur_controllers/include/ur_controllers/scaled_joint_trajectory_controller_parameters.hpp
[15.034s] -- Up-to-date: /home/t_b/ros2_ws/src/UR-MiR-mobile-manipulator/install/ur_controllers/include/ur_controllers/gpio_controller_parameters.hpp
[15.034s] -- Up-to-date: /home/t_b/ros2_ws/src/UR-MiR-mobile-manipulator/install/ur_controllers/include/ur_controllers/force_mode_controller_parameters.hpp
[15.034s] -- Up-to-date: /home/t_b/ros2_ws/src/UR-MiR-mobile-manipulator/install/ur_controllers/include/ur_controllers/speed_scaling_state_broadcaster_parameters.hpp
[15.034s] -- Up-to-date: /home/t_b/ros2_ws/src/UR-MiR-mobile-manipulator/install/ur_controllers/include/ur_controllers/passthrough_trajectory_controller_parameters.hpp
[15.034s] -- Up-to-date: /home/t_b/ros2_ws/src/UR-MiR-mobile-manipulator/install/ur_controllers/include/ur_controllers/freedrive_mode_controller_parameters.hpp
[15.034s] -- Up-to-date: /home/t_b/ros2_ws/src/UR-MiR-mobile-manipulator/install/ur_controllers/include/ur_controllers/ur_configuration_controller_parameters.hpp
[15.034s] -- Up-to-date: /home/t_b/ros2_ws/src/UR-MiR-mobile-manipulator/install/ur_controllers/include/ur_controllers/tool_contact_controller_parameters.hpp
[15.034s] -- Up-to-date: /home/t_b/ros2_ws/src/UR-MiR-mobile-manipulator/install/ur_controllers/include/ur_controllers
[15.034s] -- Up-to-date: /home/t_b/ros2_ws/src/UR-MiR-mobile-manipulator/install/ur_controllers/include/ur_controllers/friction_model_controller_parameters.hpp
[15.034s] -- Up-to-date: /home/t_b/ros2_ws/src/UR-MiR-mobile-manipulator/install/ur_controllers/include/ur_controllers/scaled_joint_trajectory_controller_parameters.hpp
[15.034s] -- Up-to-date: /home/t_b/ros2_ws/src/UR-MiR-mobile-manipulator/install/ur_controllers/include/ur_controllers/gpio_controller_parameters.hpp
[15.034s] -- Up-to-date: /home/t_b/ros2_ws/src/UR-MiR-mobile-manipulator/install/ur_controllers/include/ur_controllers/force_mode_controller_parameters.hpp
[15.034s] -- Up-to-date: /home/t_b/ros2_ws/src/UR-MiR-mobile-manipulator/install/ur_controllers/include/ur_controllers/speed_scaling_state_broadcaster_parameters.hpp
[15.034s] -- Up-to-date: /home/t_b/ros2_ws/src/UR-MiR-mobile-manipulator/install/ur_controllers/include/ur_controllers/passthrough_trajectory_controller_parameters.hpp
[15.034s] -- Up-to-date: /home/t_b/ros2_ws/src/UR-MiR-mobile-manipulator/install/ur_controllers/include/ur_controllers/freedrive_mode_controller_parameters.hpp
[15.034s] -- Up-to-date: /home/t_b/ros2_ws/src/UR-MiR-mobile-manipulator/install/ur_controllers/include/ur_controllers/ur_configuration_controller_parameters.hpp
[15.035s] -- Up-to-date: /home/t_b/ros2_ws/src/UR-MiR-mobile-manipulator/install/ur_controllers/include/ur_controllers/tool_contact_controller_parameters.hpp
[15.035s] -- Installing: /home/t_b/ros2_ws/src/UR-MiR-mobile-manipulator/install/ur_controllers/share/ur_controllers/controller_plugins.xml
[15.035s] -- Installing: /home/t_b/ros2_ws/src/UR-MiR-mobile-manipulator/install/ur_controllers/lib/libur_controllers.so
[15.045s] -- Set runtime path of "/home/t_b/ros2_ws/src/UR-MiR-mobile-manipulator/install/ur_controllers/lib/libur_controllers.so" to ""
[15.045s] -- Up-to-date: /home/t_b/ros2_ws/src/UR-MiR-mobile-manipulator/install/ur_controllers/include
[15.045s] -- Up-to-date: /home/t_b/ros2_ws/src/UR-MiR-mobile-manipulator/install/ur_controllers/include/ur_controllers
[15.045s] -- Installing: /home/t_b/ros2_ws/src/UR-MiR-mobile-manipulator/install/ur_controllers/include/ur_controllers/passthrough_trajectory_controller.hpp
[15.045s] -- Installing: /home/t_b/ros2_ws/src/UR-MiR-mobile-manipulator/install/ur_controllers/include/ur_controllers/ur_configuration_controller.hpp
[15.046s] -- Installing: /home/t_b/ros2_ws/src/UR-MiR-mobile-manipulator/install/ur_controllers/include/ur_controllers/friction_model_controller.hpp
[15.046s] -- Installing: /home/t_b/ros2_ws/src/UR-MiR-mobile-manipulator/install/ur_controllers/include/ur_controllers/tool_contact_controller.hpp
[15.046s] -- Installing: /home/t_b/ros2_ws/src/UR-MiR-mobile-manipulator/install/ur_controllers/include/ur_controllers/freedrive_mode_controller.hpp
[15.046s] -- Installing: /home/t_b/ros2_ws/src/UR-MiR-mobile-manipulator/install/ur_controllers/include/ur_controllers/gpio_controller.hpp
[15.046s] -- Installing: /home/t_b/ros2_ws/src/UR-MiR-mobile-manipulator/install/ur_controllers/include/ur_controllers/force_mode_controller.hpp
[15.046s] -- Installing: /home/t_b/ros2_ws/src/UR-MiR-mobile-manipulator/install/ur_controllers/include/ur_controllers/scaled_joint_trajectory_controller.hpp
[15.046s] -- Installing: /home/t_b/ros2_ws/src/UR-MiR-mobile-manipulator/install/ur_controllers/include/ur_controllers/speed_scaling_state_broadcaster.hpp
[15.046s] -- Up-to-date: /home/t_b/ros2_ws/src/UR-MiR-mobile-manipulator/install/ur_controllers/share/ur_controllers/controller_plugins.xml
[15.046s] -- Installing: /home/t_b/ros2_ws/src/UR-MiR-mobile-manipulator/install/ur_controllers/share/ur_controllers/environment/library_path.sh
[15.046s] -- Installing: /home/t_b/ros2_ws/src/UR-MiR-mobile-manipulator/install/ur_controllers/share/ur_controllers/environment/library_path.dsv
[15.047s] -- Installing: /home/t_b/ros2_ws/src/UR-MiR-mobile-manipulator/install/ur_controllers/share/ament_index/resource_index/package_run_dependencies/ur_controllers
[15.047s] -- Installing: /home/t_b/ros2_ws/src/UR-MiR-mobile-manipulator/install/ur_controllers/share/ament_index/resource_index/parent_prefix_path/ur_controllers
[15.047s] -- Installing: /home/t_b/ros2_ws/src/UR-MiR-mobile-manipulator/install/ur_controllers/share/ur_controllers/environment/ament_prefix_path.sh
[15.047s] -- Installing: /home/t_b/ros2_ws/src/UR-MiR-mobile-manipulator/install/ur_controllers/share/ur_controllers/environment/ament_prefix_path.dsv
[15.047s] -- Installing: /home/t_b/ros2_ws/src/UR-MiR-mobile-manipulator/install/ur_controllers/share/ur_controllers/environment/path.sh
[15.047s] -- Installing: /home/t_b/ros2_ws/src/UR-MiR-mobile-manipulator/install/ur_controllers/share/ur_controllers/environment/path.dsv
[15.047s] -- Installing: /home/t_b/ros2_ws/src/UR-MiR-mobile-manipulator/install/ur_controllers/share/ur_controllers/local_setup.bash
[15.047s] -- Installing: /home/t_b/ros2_ws/src/UR-MiR-mobile-manipulator/install/ur_controllers/share/ur_controllers/local_setup.sh
[15.047s] -- Installing: /home/t_b/ros2_ws/src/UR-MiR-mobile-manipulator/install/ur_controllers/share/ur_controllers/local_setup.zsh
[15.047s] -- Installing: /home/t_b/ros2_ws/src/UR-MiR-mobile-manipulator/install/ur_controllers/share/ur_controllers/local_setup.dsv
[15.047s] -- Installing: /home/t_b/ros2_ws/src/UR-MiR-mobile-manipulator/install/ur_controllers/share/ur_controllers/package.dsv
[15.047s] -- Installing: /home/t_b/ros2_ws/src/UR-MiR-mobile-manipulator/install/ur_controllers/share/ament_index/resource_index/packages/ur_controllers
[15.047s] -- Installing: /home/t_b/ros2_ws/src/UR-MiR-mobile-manipulator/install/ur_controllers/share/ament_index/resource_index/controller_interface__pluginlib__plugin/ur_controllers
[15.048s] -- Installing: /home/t_b/ros2_ws/src/UR-MiR-mobile-manipulator/install/ur_controllers/share/ur_controllers/cmake/ament_cmake_export_dependencies-extras.cmake
[15.048s] -- Installing: /home/t_b/ros2_ws/src/UR-MiR-mobile-manipulator/install/ur_controllers/share/ur_controllers/cmake/ament_cmake_export_include_directories-extras.cmake
[15.048s] -- Installing: /home/t_b/ros2_ws/src/UR-MiR-mobile-manipulator/install/ur_controllers/share/ur_controllers/cmake/ament_cmake_export_libraries-extras.cmake
[15.048s] -- Installing: /home/t_b/ros2_ws/src/UR-MiR-mobile-manipulator/install/ur_controllers/share/ur_controllers/cmake/ur_controllersConfig.cmake
[15.048s] -- Installing: /home/t_b/ros2_ws/src/UR-MiR-mobile-manipulator/install/ur_controllers/share/ur_controllers/cmake/ur_controllersConfig-version.cmake
[15.048s] -- Installing: /home/t_b/ros2_ws/src/UR-MiR-mobile-manipulator/install/ur_controllers/share/ur_controllers/package.xml
[15.050s] Invoked command in '/home/t_b/ros2_ws/src/UR-MiR-mobile-manipulator/build/ur_controllers' returned '0': AMENT_PREFIX_PATH=/home/t_b/ros2_ws/src/UR-MiR-mobile-manipulator/install/ur_dashboard_msgs:${AMENT_PREFIX_PATH} CMAKE_PREFIX_PATH=/home/t_b/ros2_ws/src/UR-MiR-mobile-manipulator/install/ur_dashboard_msgs:/home/t_b/pp_ros2_ws/install/rosbot:/home/t_b/pp_ros2_ws/install/rosbot_localization:/home/t_b/pp_ros2_ws/install/rosbot_joy:/home/t_b/pp_ros2_ws/install/open_manipulator_x_moveit:/home/t_b/pp_ros2_ws/install/rosbot_description:/home/t_b/pp_ros2_ws/install/open_manipulator_x_joy:/home/t_b/pp_ros2_ws/install/open_manipulator_x_description:/home/t_b/pp_ros2_ws/install/mecanum_drive_controller:/home/t_b/pp_ros2_ws/install/husarion_gz_worlds:/home/t_b/pp_ros2_ws/install/husarion_components_description:/home/t_b/pp_ros2_ws/install/dynamixel_hardware_interface:/home/t_b/swaraj/piper_ros/install/mtc_tutorial:/home/t_b/swaraj/piper_ros/install/moveit_task_constructor_visualization:/home/t_b/swaraj/piper_ros/install/moveit_task_constructor_demo:/home/t_b/swaraj/piper_ros/install/moveit_task_constructor_capabilities:/home/t_b/swaraj/piper_ros/install/moveit_task_constructor_core:/home/t_b/swaraj/piper_ros/install/rviz_marker_tools:/home/t_b/swaraj/piper_ros/install/posha_sim:/home/t_b/swaraj/piper_ros/install/piper_with_gripper_moveit:/home/t_b/swaraj/piper_ros/install/piper_no_gripper_moveit:/home/t_b/swaraj/piper_ros/install/piper_mujoco:/home/t_b/swaraj/piper_ros/install/piper_msgs:/home/t_b/swaraj/piper_ros/install/piper_humble:/home/t_b/swaraj/piper_ros/install/piper_gazebo:/home/t_b/swaraj/piper_ros/install/piper_description:/home/t_b/swaraj/piper_ros/install/moveit_task_constructor_msgs:/home/t_b/swaraj/piper_ros/install/hello_moveit:/home/t_b/gz_ros2_control_ws/install/ign_ros2_control_demos:/home/t_b/gz_ros2_control_ws/install/ign_ros2_control:/home/t_b/gz_ros2_control_ws/install/gz_ros2_control_tests:/home/t_b/gz_ros2_control_ws/install/gz_ros2_control_demos:/home/t_b/gz_ros2_control_ws/install/gz_ros2_control:/home/t_b/stonefish_ros/install/tour_interfaces:/home/t_b/stonefish_ros/install/stonefish_ros2:/home/t_b/pp_ros2_ws/install/rosbot_gazebo:/home/t_b/pp_ros2_ws/install/rosbot_controller:/home/t_b/pp_ros2_ws/install/rosbot_utils:/home/t_b/swaraj/piper_ros/install/piper:/home/t_b/leader_follower/install/apf:/home/t_b/amogh_app/amogh_ws/install/pursuers:/home/t_b/stonefish_ros/install/codes:/home/t_b/stonefish_ros/install/software_stack:/opt/ros/humble LD_LIBRARY_PATH=/home/t_b/ros2_ws/src/UR-MiR-mobile-manipulator/install/ur_dashboard_msgs/lib:${LD_LIBRARY_PATH} PYTHONPATH=/home/t_b/ros2_ws/src/UR-MiR-mobile-manipulator/install/ur_dashboard_msgs/local/lib/python3.10/dist-packages:${PYTHONPATH} /usr/bin/cmake --install /home/t_b/ros2_ws/src/UR-MiR-mobile-manipulator/build/ur_controllers
