[1.006s] Invoking command in '/home/t_b/ros2_ws/src/UR-MiR-mobile-manipulator/point_cloud_functions': PYTHONPATH=/home/t_b/ros2_ws/src/UR-MiR-mobile-manipulator/build/point_cloud_functions/prefix_override:/usr/lib/python3/dist-packages/colcon_core/task/python/colcon_distutils_commands:/home/t_b/ros2_ws/src/UR-MiR-mobile-manipulator/install/point_cloud_functions/lib/python3.10/site-packages:${PYTHONPATH} /usr/bin/python3 -W ignore:setup.py install is deprecated -W ignore:easy_install command is deprecated setup.py egg_info --egg-base ../build/point_cloud_functions build --build-base /home/t_b/ros2_ws/src/UR-MiR-mobile-manipulator/build/point_cloud_functions/build install --record /home/t_b/ros2_ws/src/UR-MiR-mobile-manipulator/build/point_cloud_functions/install.log --single-version-externally-managed install_data
[1.278s] running egg_info
[1.278s] writing ../build/point_cloud_functions/point_cloud_functions.egg-info/PKG-INFO
[1.278s] writing dependency_links to ../build/point_cloud_functions/point_cloud_functions.egg-info/dependency_links.txt
[1.278s] writing entry points to ../build/point_cloud_functions/point_cloud_functions.egg-info/entry_points.txt
[1.278s] writing requirements to ../build/point_cloud_functions/point_cloud_functions.egg-info/requires.txt
[1.279s] writing top-level names to ../build/point_cloud_functions/point_cloud_functions.egg-info/top_level.txt
[1.280s] reading manifest file '../build/point_cloud_functions/point_cloud_functions.egg-info/SOURCES.txt'
[1.281s] writing manifest file '../build/point_cloud_functions/point_cloud_functions.egg-info/SOURCES.txt'
[1.281s] running build
[1.281s] running build_py
[1.281s] running install
[1.281s] running install_lib
[1.282s] running install_data
[1.282s] running install_egg_info
[1.284s] removing '/home/t_b/ros2_ws/src/UR-MiR-mobile-manipulator/install/point_cloud_functions/lib/python3.10/site-packages/point_cloud_functions-0.0.0-py3.10.egg-info' (and everything under it)
[1.284s] Copying ../build/point_cloud_functions/point_cloud_functions.egg-info to /home/t_b/ros2_ws/src/UR-MiR-mobile-manipulator/install/point_cloud_functions/lib/python3.10/site-packages/point_cloud_functions-0.0.0-py3.10.egg-info
[1.284s] running install_scripts
[1.301s] Installing point_cloud_reader script to /home/t_b/ros2_ws/src/UR-MiR-mobile-manipulator/install/point_cloud_functions/lib/point_cloud_functions
[1.301s] writing list of installed files to '/home/t_b/ros2_ws/src/UR-MiR-mobile-manipulator/build/point_cloud_functions/install.log'
[1.319s] Invoked command in '/home/t_b/ros2_ws/src/UR-MiR-mobile-manipulator/point_cloud_functions' returned '0': PYTHONPATH=/home/t_b/ros2_ws/src/UR-MiR-mobile-manipulator/build/point_cloud_functions/prefix_override:/usr/lib/python3/dist-packages/colcon_core/task/python/colcon_distutils_commands:/home/t_b/ros2_ws/src/UR-MiR-mobile-manipulator/install/point_cloud_functions/lib/python3.10/site-packages:${PYTHONPATH} /usr/bin/python3 -W ignore:setup.py install is deprecated -W ignore:easy_install command is deprecated setup.py egg_info --egg-base ../build/point_cloud_functions build --build-base /home/t_b/ros2_ws/src/UR-MiR-mobile-manipulator/build/point_cloud_functions/build install --record /home/t_b/ros2_ws/src/UR-MiR-mobile-manipulator/build/point_cloud_functions/install.log --single-version-externally-managed install_data
