[0.986s] Invoking command in '/home/t_b/ros2_ws/src/UR-MiR-mobile-manipulator/mir_robot/mir_restapi': PYTHONPATH=/home/t_b/ros2_ws/src/UR-MiR-mobile-manipulator/build/mir_restapi/prefix_override:/usr/lib/python3/dist-packages/colcon_core/task/python/colcon_distutils_commands:/home/t_b/ros2_ws/src/UR-MiR-mobile-manipulator/install/mir_restapi/lib/python3.10/site-packages:${PYTHONPATH} /usr/bin/python3 -W ignore:setup.py install is deprecated -W ignore:easy_install command is deprecated setup.py egg_info --egg-base ../../build/mir_restapi build --build-base /home/t_b/ros2_ws/src/UR-MiR-mobile-manipulator/build/mir_restapi/build install --record /home/t_b/ros2_ws/src/UR-MiR-mobile-manipulator/build/mir_restapi/install.log --single-version-externally-managed install_data
[1.154s] running egg_info
[1.155s] writing ../../build/mir_restapi/mir_restapi.egg-info/PKG-INFO
[1.155s] writing dependency_links to ../../build/mir_restapi/mir_restapi.egg-info/dependency_links.txt
[1.155s] writing entry points to ../../build/mir_restapi/mir_restapi.egg-info/entry_points.txt
[1.155s] writing requirements to ../../build/mir_restapi/mir_restapi.egg-info/requires.txt
[1.155s] writing top-level names to ../../build/mir_restapi/mir_restapi.egg-info/top_level.txt
[1.156s] reading manifest file '../../build/mir_restapi/mir_restapi.egg-info/SOURCES.txt'
[1.156s] adding license file 'LICENSE'
[1.157s] writing manifest file '../../build/mir_restapi/mir_restapi.egg-info/SOURCES.txt'
[1.157s] running build
[1.157s] running build_py
[1.157s] running install
[1.157s] running install_lib
[1.158s] running install_data
[1.158s] running install_egg_info
[1.159s] removing '/home/t_b/ros2_ws/src/UR-MiR-mobile-manipulator/install/mir_restapi/lib/python3.10/site-packages/mir_restapi-0.0.0-py3.10.egg-info' (and everything under it)
[1.159s] Copying ../../build/mir_restapi/mir_restapi.egg-info to /home/t_b/ros2_ws/src/UR-MiR-mobile-manipulator/install/mir_restapi/lib/python3.10/site-packages/mir_restapi-0.0.0-py3.10.egg-info
[1.159s] running install_scripts
[1.173s] Installing mir_restapi_server script to /home/t_b/ros2_ws/src/UR-MiR-mobile-manipulator/install/mir_restapi/lib/mir_restapi
[1.173s] Installing mir_restapi_sync_time script to /home/t_b/ros2_ws/src/UR-MiR-mobile-manipulator/install/mir_restapi/lib/mir_restapi
[1.173s] writing list of installed files to '/home/t_b/ros2_ws/src/UR-MiR-mobile-manipulator/build/mir_restapi/install.log'
[1.192s] Invoked command in '/home/t_b/ros2_ws/src/UR-MiR-mobile-manipulator/mir_robot/mir_restapi' returned '0': PYTHONPATH=/home/t_b/ros2_ws/src/UR-MiR-mobile-manipulator/build/mir_restapi/prefix_override:/usr/lib/python3/dist-packages/colcon_core/task/python/colcon_distutils_commands:/home/t_b/ros2_ws/src/UR-MiR-mobile-manipulator/install/mir_restapi/lib/python3.10/site-packages:${PYTHONPATH} /usr/bin/python3 -W ignore:setup.py install is deprecated -W ignore:easy_install command is deprecated setup.py egg_info --egg-base ../../build/mir_restapi build --build-base /home/t_b/ros2_ws/src/UR-MiR-mobile-manipulator/build/mir_restapi/build install --record /home/t_b/ros2_ws/src/UR-MiR-mobile-manipulator/build/mir_restapi/install.log --single-version-externally-managed install_data
