[0.401s] Invoking command in '/home/t_b/ros2_ws/src/UR-MiR-mobile-manipulator/build/realsense2_description': CMAKE_PREFIX_PATH=${CMAKE_PREFIX_PATH}:/home/t_b/ros2_ws/src/UR-MiR-mobile-manipulator/install/ros2_aruco:/home/t_b/ros2_ws/src/UR-MiR-mobile-manipulator/install/point_cloud_functions:/home/t_b/ros2_ws/src/UR-MiR-mobile-manipulator/install/mir_restapi:/home/t_b/ros2_ws/src/UR-MiR-mobile-manipulator/install/mir_driver:/home/t_b/pp_ros2_ws/install/rosbot_gazebo:/home/t_b/pp_ros2_ws/install/rosbot_controller:/home/t_b/pp_ros2_ws/install/rosbot_utils:/home/t_b/swaraj/piper_ros/install/piper:/home/t_b/leader_follower/install/apf:/home/t_b/amogh_app/amogh_ws/install/pursuers:/home/t_b/stonefish_ros/install/codes:/home/t_b/stonefish_ros/install/software_stack:/opt/ros/humble /usr/bin/cmake /home/t_b/ros2_ws/src/UR-MiR-mobile-manipulator/realsense2_description -DCMAKE_INSTALL_PREFIX=/home/t_b/ros2_ws/src/UR-MiR-mobile-manipulator/install/realsense2_description
[0.450s] -- The C compiler identification is GNU 11.4.0
[0.499s] -- The CXX compiler identification is GNU 11.4.0
[0.504s] -- Detecting C compiler ABI info
[0.560s] -- Detecting C compiler ABI info - done
[0.568s] -- Check for working C compiler: /usr/bin/cc - skipped
[0.568s] -- Detecting C compile features
[0.569s] -- Detecting C compile features - done
[0.572s] -- Detecting CXX compiler ABI info
[0.638s] -- Detecting CXX compiler ABI info - done
[0.646s] -- Check for working CXX compiler: /usr/bin/c++ - skipped
[0.646s] -- Detecting CXX compile features
[0.647s] -- Detecting CXX compile features - done
[0.653s] -- Found ament_cmake: 1.3.14 (/opt/ros/humble/share/ament_cmake/cmake)
[0.828s] -- Found Python3: /usr/bin/python3 (found version "3.10.12") found components: Interpreter 
[0.995s] -- Configuring done
[0.996s] -- Generating done
[0.997s] -- Build files have been written to: /home/t_b/ros2_ws/src/UR-MiR-mobile-manipulator/build/realsense2_description
[1.000s] Invoked command in '/home/t_b/ros2_ws/src/UR-MiR-mobile-manipulator/build/realsense2_description' returned '0': CMAKE_PREFIX_PATH=${CMAKE_PREFIX_PATH}:/home/t_b/ros2_ws/src/UR-MiR-mobile-manipulator/install/ros2_aruco:/home/t_b/ros2_ws/src/UR-MiR-mobile-manipulator/install/point_cloud_functions:/home/t_b/ros2_ws/src/UR-MiR-mobile-manipulator/install/mir_restapi:/home/t_b/ros2_ws/src/UR-MiR-mobile-manipulator/install/mir_driver:/home/t_b/pp_ros2_ws/install/rosbot_gazebo:/home/t_b/pp_ros2_ws/install/rosbot_controller:/home/t_b/pp_ros2_ws/install/rosbot_utils:/home/t_b/swaraj/piper_ros/install/piper:/home/t_b/leader_follower/install/apf:/home/t_b/amogh_app/amogh_ws/install/pursuers:/home/t_b/stonefish_ros/install/codes:/home/t_b/stonefish_ros/install/software_stack:/opt/ros/humble /usr/bin/cmake /home/t_b/ros2_ws/src/UR-MiR-mobile-manipulator/realsense2_description -DCMAKE_INSTALL_PREFIX=/home/t_b/ros2_ws/src/UR-MiR-mobile-manipulator/install/realsense2_description
[1.002s] Invoking command in '/home/t_b/ros2_ws/src/UR-MiR-mobile-manipulator/build/realsense2_description': CMAKE_PREFIX_PATH=${CMAKE_PREFIX_PATH}:/home/t_b/ros2_ws/src/UR-MiR-mobile-manipulator/install/ros2_aruco:/home/t_b/ros2_ws/src/UR-MiR-mobile-manipulator/install/point_cloud_functions:/home/t_b/ros2_ws/src/UR-MiR-mobile-manipulator/install/mir_restapi:/home/t_b/ros2_ws/src/UR-MiR-mobile-manipulator/install/mir_driver:/home/t_b/pp_ros2_ws/install/rosbot_gazebo:/home/t_b/pp_ros2_ws/install/rosbot_controller:/home/t_b/pp_ros2_ws/install/rosbot_utils:/home/t_b/swaraj/piper_ros/install/piper:/home/t_b/leader_follower/install/apf:/home/t_b/amogh_app/amogh_ws/install/pursuers:/home/t_b/stonefish_ros/install/codes:/home/t_b/stonefish_ros/install/software_stack:/opt/ros/humble /usr/bin/cmake --build /home/t_b/ros2_ws/src/UR-MiR-mobile-manipulator/build/realsense2_description -- -j16 -l16
[1.034s] Invoked command in '/home/t_b/ros2_ws/src/UR-MiR-mobile-manipulator/build/realsense2_description' returned '0': CMAKE_PREFIX_PATH=${CMAKE_PREFIX_PATH}:/home/t_b/ros2_ws/src/UR-MiR-mobile-manipulator/install/ros2_aruco:/home/t_b/ros2_ws/src/UR-MiR-mobile-manipulator/install/point_cloud_functions:/home/t_b/ros2_ws/src/UR-MiR-mobile-manipulator/install/mir_restapi:/home/t_b/ros2_ws/src/UR-MiR-mobile-manipulator/install/mir_driver:/home/t_b/pp_ros2_ws/install/rosbot_gazebo:/home/t_b/pp_ros2_ws/install/rosbot_controller:/home/t_b/pp_ros2_ws/install/rosbot_utils:/home/t_b/swaraj/piper_ros/install/piper:/home/t_b/leader_follower/install/apf:/home/t_b/amogh_app/amogh_ws/install/pursuers:/home/t_b/stonefish_ros/install/codes:/home/t_b/stonefish_ros/install/software_stack:/opt/ros/humble /usr/bin/cmake --build /home/t_b/ros2_ws/src/UR-MiR-mobile-manipulator/build/realsense2_description -- -j16 -l16
[1.036s] Invoking command in '/home/t_b/ros2_ws/src/UR-MiR-mobile-manipulator/build/realsense2_description': CMAKE_PREFIX_PATH=${CMAKE_PREFIX_PATH}:/home/t_b/ros2_ws/src/UR-MiR-mobile-manipulator/install/ros2_aruco:/home/t_b/ros2_ws/src/UR-MiR-mobile-manipulator/install/point_cloud_functions:/home/t_b/ros2_ws/src/UR-MiR-mobile-manipulator/install/mir_restapi:/home/t_b/ros2_ws/src/UR-MiR-mobile-manipulator/install/mir_driver:/home/t_b/pp_ros2_ws/install/rosbot_gazebo:/home/t_b/pp_ros2_ws/install/rosbot_controller:/home/t_b/pp_ros2_ws/install/rosbot_utils:/home/t_b/swaraj/piper_ros/install/piper:/home/t_b/leader_follower/install/apf:/home/t_b/amogh_app/amogh_ws/install/pursuers:/home/t_b/stonefish_ros/install/codes:/home/t_b/stonefish_ros/install/software_stack:/opt/ros/humble /usr/bin/cmake --install /home/t_b/ros2_ws/src/UR-MiR-mobile-manipulator/build/realsense2_description
[1.041s] -- Install configuration: ""
[1.041s] -- Installing: /home/t_b/ros2_ws/src/UR-MiR-mobile-manipulator/install/realsense2_description/share/realsense2_description/launch
[1.041s] -- Installing: /home/t_b/ros2_ws/src/UR-MiR-mobile-manipulator/install/realsense2_description/share/realsense2_description/launch/launch_utils.py
[1.041s] -- Installing: /home/t_b/ros2_ws/src/UR-MiR-mobile-manipulator/install/realsense2_description/share/realsense2_description/launch/view_model.launch.py
[1.042s] -- Installing: /home/t_b/ros2_ws/src/UR-MiR-mobile-manipulator/install/realsense2_description/share/realsense2_description/meshes
[1.042s] -- Installing: /home/t_b/ros2_ws/src/UR-MiR-mobile-manipulator/install/realsense2_description/share/realsense2_description/meshes/d405.stl
[1.043s] -- Installing: /home/t_b/ros2_ws/src/UR-MiR-mobile-manipulator/install/realsense2_description/share/realsense2_description/meshes/d415.stl
[1.089s] -- Installing: /home/t_b/ros2_ws/src/UR-MiR-mobile-manipulator/install/realsense2_description/share/realsense2_description/meshes/d455.stl
[1.099s] -- Installing: /home/t_b/ros2_ws/src/UR-MiR-mobile-manipulator/install/realsense2_description/share/realsense2_description/meshes/plug.stl
[1.101s] -- Installing: /home/t_b/ros2_ws/src/UR-MiR-mobile-manipulator/install/realsense2_description/share/realsense2_description/meshes/plug_collision.stl
[1.102s] -- Installing: /home/t_b/ros2_ws/src/UR-MiR-mobile-manipulator/install/realsense2_description/share/realsense2_description/meshes/l515.dae
[1.167s] -- Installing: /home/t_b/ros2_ws/src/UR-MiR-mobile-manipulator/install/realsense2_description/share/realsense2_description/meshes/d435.dae
[1.186s] -- Installing: /home/t_b/ros2_ws/src/UR-MiR-mobile-manipulator/install/realsense2_description/share/realsense2_description/rviz
[1.186s] -- Installing: /home/t_b/ros2_ws/src/UR-MiR-mobile-manipulator/install/realsense2_description/share/realsense2_description/rviz/urdf.rviz
[1.186s] -- Installing: /home/t_b/ros2_ws/src/UR-MiR-mobile-manipulator/install/realsense2_description/share/realsense2_description/urdf
[1.186s] -- Installing: /home/t_b/ros2_ws/src/UR-MiR-mobile-manipulator/install/realsense2_description/share/realsense2_description/urdf/test_d405_camera.urdf.xacro
[1.187s] -- Installing: /home/t_b/ros2_ws/src/UR-MiR-mobile-manipulator/install/realsense2_description/share/realsense2_description/urdf/_d435i.urdf.xacro
[1.187s] -- Installing: /home/t_b/ros2_ws/src/UR-MiR-mobile-manipulator/install/realsense2_description/share/realsense2_description/urdf/_usb_plug.urdf.xacro
[1.187s] -- Installing: /home/t_b/ros2_ws/src/UR-MiR-mobile-manipulator/install/realsense2_description/share/realsense2_description/urdf/test_d435_multiple_cameras.urdf.xacro
[1.187s] -- Installing: /home/t_b/ros2_ws/src/UR-MiR-mobile-manipulator/install/realsense2_description/share/realsense2_description/urdf/_materials.urdf.xacro
[1.187s] -- Installing: /home/t_b/ros2_ws/src/UR-MiR-mobile-manipulator/install/realsense2_description/share/realsense2_description/urdf/_d435i_imu_modules.urdf.xacro
[1.187s] -- Installing: /home/t_b/ros2_ws/src/UR-MiR-mobile-manipulator/install/realsense2_description/share/realsense2_description/urdf/_d435.urdf.xacro
[1.188s] -- Installing: /home/t_b/ros2_ws/src/UR-MiR-mobile-manipulator/install/realsense2_description/share/realsense2_description/urdf/_r410.urdf.xacro
[1.188s] -- Installing: /home/t_b/ros2_ws/src/UR-MiR-mobile-manipulator/install/realsense2_description/share/realsense2_description/urdf/_r430.urdf.xacro
[1.188s] -- Installing: /home/t_b/ros2_ws/src/UR-MiR-mobile-manipulator/install/realsense2_description/share/realsense2_description/urdf/test_d415_camera.urdf.xacro
[1.188s] -- Installing: /home/t_b/ros2_ws/src/UR-MiR-mobile-manipulator/install/realsense2_description/share/realsense2_description/urdf/test_d455_camera.urdf.xacro
[1.188s] -- Installing: /home/t_b/ros2_ws/src/UR-MiR-mobile-manipulator/install/realsense2_description/share/realsense2_description/urdf/test_d435_camera.urdf.xacro
[1.189s] -- Installing: /home/t_b/ros2_ws/src/UR-MiR-mobile-manipulator/install/realsense2_description/share/realsense2_description/urdf/test_r410_camera.urdf.xacro
[1.189s] -- Installing: /home/t_b/ros2_ws/src/UR-MiR-mobile-manipulator/install/realsense2_description/share/realsense2_description/urdf/_d405.urdf.xacro
[1.189s] -- Installing: /home/t_b/ros2_ws/src/UR-MiR-mobile-manipulator/install/realsense2_description/share/realsense2_description/urdf/_d455.urdf.xacro
[1.189s] -- Installing: /home/t_b/ros2_ws/src/UR-MiR-mobile-manipulator/install/realsense2_description/share/realsense2_description/urdf/test_r430_camera.urdf.xacro
[1.189s] -- Installing: /home/t_b/ros2_ws/src/UR-MiR-mobile-manipulator/install/realsense2_description/share/realsense2_description/urdf/test_d435i_camera.urdf.xacro
[1.189s] -- Installing: /home/t_b/ros2_ws/src/UR-MiR-mobile-manipulator/install/realsense2_description/share/realsense2_description/urdf/_d435i_gazebo.xacro
[1.189s] -- Installing: /home/t_b/ros2_ws/src/UR-MiR-mobile-manipulator/install/realsense2_description/share/realsense2_description/urdf/_d415.urdf.xacro
[1.190s] -- Installing: /home/t_b/ros2_ws/src/UR-MiR-mobile-manipulator/install/realsense2_description/share/ament_index/resource_index/package_run_dependencies/realsense2_description
[1.190s] -- Installing: /home/t_b/ros2_ws/src/UR-MiR-mobile-manipulator/install/realsense2_description/share/ament_index/resource_index/parent_prefix_path/realsense2_description
[1.190s] -- Installing: /home/t_b/ros2_ws/src/UR-MiR-mobile-manipulator/install/realsense2_description/share/realsense2_description/environment/ament_prefix_path.sh
[1.190s] -- Installing: /home/t_b/ros2_ws/src/UR-MiR-mobile-manipulator/install/realsense2_description/share/realsense2_description/environment/ament_prefix_path.dsv
[1.190s] -- Installing: /home/t_b/ros2_ws/src/UR-MiR-mobile-manipulator/install/realsense2_description/share/realsense2_description/environment/path.sh
[1.190s] -- Installing: /home/t_b/ros2_ws/src/UR-MiR-mobile-manipulator/install/realsense2_description/share/realsense2_description/environment/path.dsv
[1.190s] -- Installing: /home/t_b/ros2_ws/src/UR-MiR-mobile-manipulator/install/realsense2_description/share/realsense2_description/local_setup.bash
[1.190s] -- Installing: /home/t_b/ros2_ws/src/UR-MiR-mobile-manipulator/install/realsense2_description/share/realsense2_description/local_setup.sh
[1.190s] -- Installing: /home/t_b/ros2_ws/src/UR-MiR-mobile-manipulator/install/realsense2_description/share/realsense2_description/local_setup.zsh
[1.190s] -- Installing: /home/t_b/ros2_ws/src/UR-MiR-mobile-manipulator/install/realsense2_description/share/realsense2_description/local_setup.dsv
[1.191s] -- Installing: /home/t_b/ros2_ws/src/UR-MiR-mobile-manipulator/install/realsense2_description/share/realsense2_description/package.dsv
[1.191s] -- Installing: /home/t_b/ros2_ws/src/UR-MiR-mobile-manipulator/install/realsense2_description/share/ament_index/resource_index/packages/realsense2_description
[1.192s] -- Installing: /home/t_b/ros2_ws/src/UR-MiR-mobile-manipulator/install/realsense2_description/share/realsense2_description/cmake/realsense2_descriptionConfig.cmake
[1.192s] -- Installing: /home/t_b/ros2_ws/src/UR-MiR-mobile-manipulator/install/realsense2_description/share/realsense2_description/cmake/realsense2_descriptionConfig-version.cmake
[1.192s] -- Installing: /home/t_b/ros2_ws/src/UR-MiR-mobile-manipulator/install/realsense2_description/share/realsense2_description/package.xml
[1.193s] Invoked command in '/home/t_b/ros2_ws/src/UR-MiR-mobile-manipulator/build/realsense2_description' returned '0': CMAKE_PREFIX_PATH=${CMAKE_PREFIX_PATH}:/home/t_b/ros2_ws/src/UR-MiR-mobile-manipulator/install/ros2_aruco:/home/t_b/ros2_ws/src/UR-MiR-mobile-manipulator/install/point_cloud_functions:/home/t_b/ros2_ws/src/UR-MiR-mobile-manipulator/install/mir_restapi:/home/t_b/ros2_ws/src/UR-MiR-mobile-manipulator/install/mir_driver:/home/t_b/pp_ros2_ws/install/rosbot_gazebo:/home/t_b/pp_ros2_ws/install/rosbot_controller:/home/t_b/pp_ros2_ws/install/rosbot_utils:/home/t_b/swaraj/piper_ros/install/piper:/home/t_b/leader_follower/install/apf:/home/t_b/amogh_app/amogh_ws/install/pursuers:/home/t_b/stonefish_ros/install/codes:/home/t_b/stonefish_ros/install/software_stack:/opt/ros/humble /usr/bin/cmake --install /home/t_b/ros2_ws/src/UR-MiR-mobile-manipulator/build/realsense2_description
