running egg_info
creating ../../build/mir_driver/mir_driver.egg-info
writing ../../build/mir_driver/mir_driver.egg-info/PKG-INFO
writing dependency_links to ../../build/mir_driver/mir_driver.egg-info/dependency_links.txt
writing entry points to ../../build/mir_driver/mir_driver.egg-info/entry_points.txt
writing requirements to ../../build/mir_driver/mir_driver.egg-info/requires.txt
writing top-level names to ../../build/mir_driver/mir_driver.egg-info/top_level.txt
writing manifest file '../../build/mir_driver/mir_driver.egg-info/SOURCES.txt'
reading manifest file '../../build/mir_driver/mir_driver.egg-info/SOURCES.txt'
writing manifest file '../../build/mir_driver/mir_driver.egg-info/SOURCES.txt'
running build
running build_py
creating /home/t_b/ros2_ws/src/UR-MiR-mobile-manipulator/build/mir_driver/build
creating /home/t_b/ros2_ws/src/UR-MiR-mobile-manipulator/build/mir_driver/build/lib
creating /home/t_b/ros2_ws/src/UR-MiR-mobile-manipulator/build/mir_driver/build/lib/mir_driver
copying mir_driver/tf_remove_child_frames.py -> /home/t_b/ros2_ws/src/UR-MiR-mobile-manipulator/build/mir_driver/build/lib/mir_driver
copying mir_driver/mir_bridge.py -> /home/t_b/ros2_ws/src/UR-MiR-mobile-manipulator/build/mir_driver/build/lib/mir_driver
copying mir_driver/__init__.py -> /home/t_b/ros2_ws/src/UR-MiR-mobile-manipulator/build/mir_driver/build/lib/mir_driver
copying mir_driver/fake_mir_joint_publisher.py -> /home/t_b/ros2_ws/src/UR-MiR-mobile-manipulator/build/mir_driver/build/lib/mir_driver
copying mir_driver/rosbridge.py -> /home/t_b/ros2_ws/src/UR-MiR-mobile-manipulator/build/mir_driver/build/lib/mir_driver
running install
running install_lib
creating /home/t_b/ros2_ws/src/UR-MiR-mobile-manipulator/install/mir_driver/lib/python3.10/site-packages/mir_driver
copying /home/t_b/ros2_ws/src/UR-MiR-mobile-manipulator/build/mir_driver/build/lib/mir_driver/tf_remove_child_frames.py -> /home/t_b/ros2_ws/src/UR-MiR-mobile-manipulator/install/mir_driver/lib/python3.10/site-packages/mir_driver
copying /home/t_b/ros2_ws/src/UR-MiR-mobile-manipulator/build/mir_driver/build/lib/mir_driver/mir_bridge.py -> /home/t_b/ros2_ws/src/UR-MiR-mobile-manipulator/install/mir_driver/lib/python3.10/site-packages/mir_driver
copying /home/t_b/ros2_ws/src/UR-MiR-mobile-manipulator/build/mir_driver/build/lib/mir_driver/__init__.py -> /home/t_b/ros2_ws/src/UR-MiR-mobile-manipulator/install/mir_driver/lib/python3.10/site-packages/mir_driver
copying /home/t_b/ros2_ws/src/UR-MiR-mobile-manipulator/build/mir_driver/build/lib/mir_driver/fake_mir_joint_publisher.py -> /home/t_b/ros2_ws/src/UR-MiR-mobile-manipulator/install/mir_driver/lib/python3.10/site-packages/mir_driver
copying /home/t_b/ros2_ws/src/UR-MiR-mobile-manipulator/build/mir_driver/build/lib/mir_driver/rosbridge.py -> /home/t_b/ros2_ws/src/UR-MiR-mobile-manipulator/install/mir_driver/lib/python3.10/site-packages/mir_driver
byte-compiling /home/t_b/ros2_ws/src/UR-MiR-mobile-manipulator/install/mir_driver/lib/python3.10/site-packages/mir_driver/tf_remove_child_frames.py to tf_remove_child_frames.cpython-310.pyc
byte-compiling /home/t_b/ros2_ws/src/UR-MiR-mobile-manipulator/install/mir_driver/lib/python3.10/site-packages/mir_driver/mir_bridge.py to mir_bridge.cpython-310.pyc
byte-compiling /home/t_b/ros2_ws/src/UR-MiR-mobile-manipulator/install/mir_driver/lib/python3.10/site-packages/mir_driver/__init__.py to __init__.cpython-310.pyc
byte-compiling /home/t_b/ros2_ws/src/UR-MiR-mobile-manipulator/install/mir_driver/lib/python3.10/site-packages/mir_driver/fake_mir_joint_publisher.py to fake_mir_joint_publisher.cpython-310.pyc
byte-compiling /home/t_b/ros2_ws/src/UR-MiR-mobile-manipulator/install/mir_driver/lib/python3.10/site-packages/mir_driver/rosbridge.py to rosbridge.cpython-310.pyc
running install_data
creating /home/t_b/ros2_ws/src/UR-MiR-mobile-manipulator/install/mir_driver/share/ament_index
creating /home/t_b/ros2_ws/src/UR-MiR-mobile-manipulator/install/mir_driver/share/ament_index/resource_index
creating /home/t_b/ros2_ws/src/UR-MiR-mobile-manipulator/install/mir_driver/share/ament_index/resource_index/packages
copying resource/mir_driver -> /home/t_b/ros2_ws/src/UR-MiR-mobile-manipulator/install/mir_driver/share/ament_index/resource_index/packages
copying package.xml -> /home/t_b/ros2_ws/src/UR-MiR-mobile-manipulator/install/mir_driver/share/mir_driver
creating /home/t_b/ros2_ws/src/UR-MiR-mobile-manipulator/install/mir_driver/share/mir_driver/launch
copying launch/additions_launch.py -> /home/t_b/ros2_ws/src/UR-MiR-mobile-manipulator/install/mir_driver/share/mir_driver/launch
copying launch/mir_headless_launch.py -> /home/t_b/ros2_ws/src/UR-MiR-mobile-manipulator/install/mir_driver/share/mir_driver/launch
copying launch/mir_launch.py -> /home/t_b/ros2_ws/src/UR-MiR-mobile-manipulator/install/mir_driver/share/mir_driver/launch
running install_egg_info
Copying ../../build/mir_driver/mir_driver.egg-info to /home/t_b/ros2_ws/src/UR-MiR-mobile-manipulator/install/mir_driver/lib/python3.10/site-packages/mir_driver-0.0.0-py3.10.egg-info
running install_scripts
Installing fake_mir_joint_publisher script to /home/t_b/ros2_ws/src/UR-MiR-mobile-manipulator/install/mir_driver/lib/mir_driver
Installing mir_bridge script to /home/t_b/ros2_ws/src/UR-MiR-mobile-manipulator/install/mir_driver/lib/mir_driver
Installing tf_remove_child_frames script to /home/t_b/ros2_ws/src/UR-MiR-mobile-manipulator/install/mir_driver/lib/mir_driver
Installing time_synchronizer script to /home/t_b/ros2_ws/src/UR-MiR-mobile-manipulator/install/mir_driver/lib/mir_driver
writing list of installed files to '/home/t_b/ros2_ws/src/UR-MiR-mobile-manipulator/build/mir_driver/install.log'
