[0.705s] Invoking command in '/home/t_b/ros2_ws/src/UR-MiR-mobile-manipulator/mir_robot/mir_driver': AMENT_PREFIX_PATH=/home/t_b/ros2_ws/src/UR-MiR-mobile-manipulator/install/mir_msgs:/home/t_b/ros2_ws/src/UR-MiR-mobile-manipulator/install/mir_description:${AMENT_PREFIX_PATH} CMAKE_PREFIX_PATH=/home/t_b/ros2_ws/src/UR-MiR-mobile-manipulator/install/mir_msgs:/home/t_b/ros2_ws/src/UR-MiR-mobile-manipulator/install/mir_description:${CMAKE_PREFIX_PATH} LD_LIBRARY_PATH=/home/t_b/ros2_ws/src/UR-MiR-mobile-manipulator/install/mir_msgs/lib:${LD_LIBRARY_PATH} PYTHONPATH=/home/t_b/ros2_ws/src/UR-MiR-mobile-manipulator/build/mir_driver/prefix_override:/usr/lib/python3/dist-packages/colcon_core/task/python/colcon_distutils_commands:/home/t_b/ros2_ws/src/UR-MiR-mobile-manipulator/install/mir_driver/lib/python3.10/site-packages:/home/t_b/ros2_ws/src/UR-MiR-mobile-manipulator/install/mir_msgs/local/lib/python3.10/dist-packages:${PYTHONPATH} /usr/bin/python3 -W ignore:setup.py install is deprecated -W ignore:easy_install command is deprecated setup.py egg_info --egg-base ../../build/mir_driver build --build-base /home/t_b/ros2_ws/src/UR-MiR-mobile-manipulator/build/mir_driver/build install --record /home/t_b/ros2_ws/src/UR-MiR-mobile-manipulator/build/mir_driver/install.log --single-version-externally-managed install_data
[0.901s] running egg_info
[0.902s] creating ../../build/mir_driver/mir_driver.egg-info
[0.902s] writing ../../build/mir_driver/mir_driver.egg-info/PKG-INFO
[0.902s] writing dependency_links to ../../build/mir_driver/mir_driver.egg-info/dependency_links.txt
[0.902s] writing entry points to ../../build/mir_driver/mir_driver.egg-info/entry_points.txt
[0.902s] writing requirements to ../../build/mir_driver/mir_driver.egg-info/requires.txt
[0.902s] writing top-level names to ../../build/mir_driver/mir_driver.egg-info/top_level.txt
[0.902s] writing manifest file '../../build/mir_driver/mir_driver.egg-info/SOURCES.txt'
[0.904s] reading manifest file '../../build/mir_driver/mir_driver.egg-info/SOURCES.txt'
[0.904s] writing manifest file '../../build/mir_driver/mir_driver.egg-info/SOURCES.txt'
[0.904s] running build
[0.904s] running build_py
[0.904s] creating /home/t_b/ros2_ws/src/UR-MiR-mobile-manipulator/build/mir_driver/build
[0.904s] creating /home/t_b/ros2_ws/src/UR-MiR-mobile-manipulator/build/mir_driver/build/lib
[0.904s] creating /home/t_b/ros2_ws/src/UR-MiR-mobile-manipulator/build/mir_driver/build/lib/mir_driver
[0.904s] copying mir_driver/tf_remove_child_frames.py -> /home/t_b/ros2_ws/src/UR-MiR-mobile-manipulator/build/mir_driver/build/lib/mir_driver
[0.905s] copying mir_driver/mir_bridge.py -> /home/t_b/ros2_ws/src/UR-MiR-mobile-manipulator/build/mir_driver/build/lib/mir_driver
[0.905s] copying mir_driver/__init__.py -> /home/t_b/ros2_ws/src/UR-MiR-mobile-manipulator/build/mir_driver/build/lib/mir_driver
[0.905s] copying mir_driver/fake_mir_joint_publisher.py -> /home/t_b/ros2_ws/src/UR-MiR-mobile-manipulator/build/mir_driver/build/lib/mir_driver
[0.905s] copying mir_driver/rosbridge.py -> /home/t_b/ros2_ws/src/UR-MiR-mobile-manipulator/build/mir_driver/build/lib/mir_driver
[0.905s] running install
[0.905s] running install_lib
[0.906s] creating /home/t_b/ros2_ws/src/UR-MiR-mobile-manipulator/install/mir_driver/lib/python3.10/site-packages/mir_driver
[0.906s] copying /home/t_b/ros2_ws/src/UR-MiR-mobile-manipulator/build/mir_driver/build/lib/mir_driver/tf_remove_child_frames.py -> /home/t_b/ros2_ws/src/UR-MiR-mobile-manipulator/install/mir_driver/lib/python3.10/site-packages/mir_driver
[0.906s] copying /home/t_b/ros2_ws/src/UR-MiR-mobile-manipulator/build/mir_driver/build/lib/mir_driver/mir_bridge.py -> /home/t_b/ros2_ws/src/UR-MiR-mobile-manipulator/install/mir_driver/lib/python3.10/site-packages/mir_driver
[0.906s] copying /home/t_b/ros2_ws/src/UR-MiR-mobile-manipulator/build/mir_driver/build/lib/mir_driver/__init__.py -> /home/t_b/ros2_ws/src/UR-MiR-mobile-manipulator/install/mir_driver/lib/python3.10/site-packages/mir_driver
[0.906s] copying /home/t_b/ros2_ws/src/UR-MiR-mobile-manipulator/build/mir_driver/build/lib/mir_driver/fake_mir_joint_publisher.py -> /home/t_b/ros2_ws/src/UR-MiR-mobile-manipulator/install/mir_driver/lib/python3.10/site-packages/mir_driver
[0.906s] copying /home/t_b/ros2_ws/src/UR-MiR-mobile-manipulator/build/mir_driver/build/lib/mir_driver/rosbridge.py -> /home/t_b/ros2_ws/src/UR-MiR-mobile-manipulator/install/mir_driver/lib/python3.10/site-packages/mir_driver
[0.907s] byte-compiling /home/t_b/ros2_ws/src/UR-MiR-mobile-manipulator/install/mir_driver/lib/python3.10/site-packages/mir_driver/tf_remove_child_frames.py to tf_remove_child_frames.cpython-310.pyc
[0.907s] byte-compiling /home/t_b/ros2_ws/src/UR-MiR-mobile-manipulator/install/mir_driver/lib/python3.10/site-packages/mir_driver/mir_bridge.py to mir_bridge.cpython-310.pyc
[0.908s] byte-compiling /home/t_b/ros2_ws/src/UR-MiR-mobile-manipulator/install/mir_driver/lib/python3.10/site-packages/mir_driver/__init__.py to __init__.cpython-310.pyc
[0.909s] byte-compiling /home/t_b/ros2_ws/src/UR-MiR-mobile-manipulator/install/mir_driver/lib/python3.10/site-packages/mir_driver/fake_mir_joint_publisher.py to fake_mir_joint_publisher.cpython-310.pyc
[0.909s] byte-compiling /home/t_b/ros2_ws/src/UR-MiR-mobile-manipulator/install/mir_driver/lib/python3.10/site-packages/mir_driver/rosbridge.py to rosbridge.cpython-310.pyc
[0.910s] running install_data
[0.910s] creating /home/t_b/ros2_ws/src/UR-MiR-mobile-manipulator/install/mir_driver/share/ament_index
[0.910s] creating /home/t_b/ros2_ws/src/UR-MiR-mobile-manipulator/install/mir_driver/share/ament_index/resource_index
[0.910s] creating /home/t_b/ros2_ws/src/UR-MiR-mobile-manipulator/install/mir_driver/share/ament_index/resource_index/packages
[0.910s] copying resource/mir_driver -> /home/t_b/ros2_ws/src/UR-MiR-mobile-manipulator/install/mir_driver/share/ament_index/resource_index/packages
[0.910s] copying package.xml -> /home/t_b/ros2_ws/src/UR-MiR-mobile-manipulator/install/mir_driver/share/mir_driver
[0.910s] creating /home/t_b/ros2_ws/src/UR-MiR-mobile-manipulator/install/mir_driver/share/mir_driver/launch
[0.910s] copying launch/additions_launch.py -> /home/t_b/ros2_ws/src/UR-MiR-mobile-manipulator/install/mir_driver/share/mir_driver/launch
[0.910s] copying launch/mir_headless_launch.py -> /home/t_b/ros2_ws/src/UR-MiR-mobile-manipulator/install/mir_driver/share/mir_driver/launch
[0.910s] copying launch/mir_launch.py -> /home/t_b/ros2_ws/src/UR-MiR-mobile-manipulator/install/mir_driver/share/mir_driver/launch
[0.910s] running install_egg_info
[0.912s] Copying ../../build/mir_driver/mir_driver.egg-info to /home/t_b/ros2_ws/src/UR-MiR-mobile-manipulator/install/mir_driver/lib/python3.10/site-packages/mir_driver-0.0.0-py3.10.egg-info
[0.912s] running install_scripts
[0.928s] Installing fake_mir_joint_publisher script to /home/t_b/ros2_ws/src/UR-MiR-mobile-manipulator/install/mir_driver/lib/mir_driver
[0.928s] Installing mir_bridge script to /home/t_b/ros2_ws/src/UR-MiR-mobile-manipulator/install/mir_driver/lib/mir_driver
[0.928s] Installing tf_remove_child_frames script to /home/t_b/ros2_ws/src/UR-MiR-mobile-manipulator/install/mir_driver/lib/mir_driver
[0.928s] Installing time_synchronizer script to /home/t_b/ros2_ws/src/UR-MiR-mobile-manipulator/install/mir_driver/lib/mir_driver
[0.929s] writing list of installed files to '/home/t_b/ros2_ws/src/UR-MiR-mobile-manipulator/build/mir_driver/install.log'
[0.948s] Invoked command in '/home/t_b/ros2_ws/src/UR-MiR-mobile-manipulator/mir_robot/mir_driver' returned '0': AMENT_PREFIX_PATH=/home/t_b/ros2_ws/src/UR-MiR-mobile-manipulator/install/mir_msgs:/home/t_b/ros2_ws/src/UR-MiR-mobile-manipulator/install/mir_description:${AMENT_PREFIX_PATH} CMAKE_PREFIX_PATH=/home/t_b/ros2_ws/src/UR-MiR-mobile-manipulator/install/mir_msgs:/home/t_b/ros2_ws/src/UR-MiR-mobile-manipulator/install/mir_description:${CMAKE_PREFIX_PATH} LD_LIBRARY_PATH=/home/t_b/ros2_ws/src/UR-MiR-mobile-manipulator/install/mir_msgs/lib:${LD_LIBRARY_PATH} PYTHONPATH=/home/t_b/ros2_ws/src/UR-MiR-mobile-manipulator/build/mir_driver/prefix_override:/usr/lib/python3/dist-packages/colcon_core/task/python/colcon_distutils_commands:/home/t_b/ros2_ws/src/UR-MiR-mobile-manipulator/install/mir_driver/lib/python3.10/site-packages:/home/t_b/ros2_ws/src/UR-MiR-mobile-manipulator/install/mir_msgs/local/lib/python3.10/dist-packages:${PYTHONPATH} /usr/bin/python3 -W ignore:setup.py install is deprecated -W ignore:easy_install command is deprecated setup.py egg_info --egg-base ../../build/mir_driver build --build-base /home/t_b/ros2_ws/src/UR-MiR-mobile-manipulator/build/mir_driver/build install --record /home/t_b/ros2_ws/src/UR-MiR-mobile-manipulator/build/mir_driver/install.log --single-version-externally-managed install_data
