/home/t_b/ros2_ws/src/UR-MiR-mobile-manipulator/install/ros2_aruco/lib/python3.10/site-packages/ros2_aruco/aruco_pose_to_moveit.py
/home/t_b/ros2_ws/src/UR-MiR-mobile-manipulator/install/ros2_aruco/lib/python3.10/site-packages/ros2_aruco/aruco_pose_to_manipulate.py
/home/t_b/ros2_ws/src/UR-MiR-mobile-manipulator/install/ros2_aruco/lib/python3.10/site-packages/ros2_aruco/__init__.py
/home/t_b/ros2_ws/src/UR-MiR-mobile-manipulator/install/ros2_aruco/lib/python3.10/site-packages/ros2_aruco/aruco_pose_to_nav_goal.py
/home/t_b/ros2_ws/src/UR-MiR-mobile-manipulator/install/ros2_aruco/lib/python3.10/site-packages/ros2_aruco/aruco_pose_nav2_goal.py
/home/t_b/ros2_ws/src/UR-MiR-mobile-manipulator/install/ros2_aruco/lib/python3.10/site-packages/ros2_aruco/aruco_node.py
/home/t_b/ros2_ws/src/UR-MiR-mobile-manipulator/install/ros2_aruco/lib/python3.10/site-packages/ros2_aruco/aruco_generate_marker.py
/home/t_b/ros2_ws/src/UR-MiR-mobile-manipulator/install/ros2_aruco/lib/python3.10/site-packages/ros2_aruco/__pycache__/aruco_pose_to_moveit.cpython-310.pyc
/home/t_b/ros2_ws/src/UR-MiR-mobile-manipulator/install/ros2_aruco/lib/python3.10/site-packages/ros2_aruco/__pycache__/aruco_pose_to_manipulate.cpython-310.pyc
/home/t_b/ros2_ws/src/UR-MiR-mobile-manipulator/install/ros2_aruco/lib/python3.10/site-packages/ros2_aruco/__pycache__/__init__.cpython-310.pyc
/home/t_b/ros2_ws/src/UR-MiR-mobile-manipulator/install/ros2_aruco/lib/python3.10/site-packages/ros2_aruco/__pycache__/aruco_pose_to_nav_goal.cpython-310.pyc
/home/t_b/ros2_ws/src/UR-MiR-mobile-manipulator/install/ros2_aruco/lib/python3.10/site-packages/ros2_aruco/__pycache__/aruco_pose_nav2_goal.cpython-310.pyc
/home/t_b/ros2_ws/src/UR-MiR-mobile-manipulator/install/ros2_aruco/lib/python3.10/site-packages/ros2_aruco/__pycache__/aruco_node.cpython-310.pyc
/home/t_b/ros2_ws/src/UR-MiR-mobile-manipulator/install/ros2_aruco/lib/python3.10/site-packages/ros2_aruco/__pycache__/aruco_generate_marker.cpython-310.pyc
/home/t_b/ros2_ws/src/UR-MiR-mobile-manipulator/install/ros2_aruco/share/ament_index/resource_index/packages/ros2_aruco
/home/t_b/ros2_ws/src/UR-MiR-mobile-manipulator/install/ros2_aruco/share/ros2_aruco/package.xml
/home/t_b/ros2_ws/src/UR-MiR-mobile-manipulator/install/ros2_aruco/share/ros2_aruco/launch/aruco_recognition.launch.py
/home/t_b/ros2_ws/src/UR-MiR-mobile-manipulator/install/ros2_aruco/share/ros2_aruco/config/aruco_parameters.yaml
/home/t_b/ros2_ws/src/UR-MiR-mobile-manipulator/install/ros2_aruco/lib/python3.10/site-packages/ros2_aruco-0.1.0-py3.10.egg-info/entry_points.txt
/home/t_b/ros2_ws/src/UR-MiR-mobile-manipulator/install/ros2_aruco/lib/python3.10/site-packages/ros2_aruco-0.1.0-py3.10.egg-info/SOURCES.txt
/home/t_b/ros2_ws/src/UR-MiR-mobile-manipulator/install/ros2_aruco/lib/python3.10/site-packages/ros2_aruco-0.1.0-py3.10.egg-info/zip-safe
/home/t_b/ros2_ws/src/UR-MiR-mobile-manipulator/install/ros2_aruco/lib/python3.10/site-packages/ros2_aruco-0.1.0-py3.10.egg-info/requires.txt
/home/t_b/ros2_ws/src/UR-MiR-mobile-manipulator/install/ros2_aruco/lib/python3.10/site-packages/ros2_aruco-0.1.0-py3.10.egg-info/dependency_links.txt
/home/t_b/ros2_ws/src/UR-MiR-mobile-manipulator/install/ros2_aruco/lib/python3.10/site-packages/ros2_aruco-0.1.0-py3.10.egg-info/PKG-INFO
/home/t_b/ros2_ws/src/UR-MiR-mobile-manipulator/install/ros2_aruco/lib/python3.10/site-packages/ros2_aruco-0.1.0-py3.10.egg-info/top_level.txt
/home/t_b/ros2_ws/src/UR-MiR-mobile-manipulator/install/ros2_aruco/lib/ros2_aruco/aruco_generate_marker
/home/t_b/ros2_ws/src/UR-MiR-mobile-manipulator/install/ros2_aruco/lib/ros2_aruco/aruco_node
/home/t_b/ros2_ws/src/UR-MiR-mobile-manipulator/install/ros2_aruco/lib/ros2_aruco/aruco_pose_to_manipulate
/home/t_b/ros2_ws/src/UR-MiR-mobile-manipulator/install/ros2_aruco/lib/ros2_aruco/aruco_pose_to_moveit
/home/t_b/ros2_ws/src/UR-MiR-mobile-manipulator/install/ros2_aruco/lib/ros2_aruco/aruco_pose_to_nav_goal
