[0.015s] Invoking command in '/home/t_b/ros2_ws/src/UR-MiR-mobile-manipulator/build/ur_robot_driver': AMENT_PREFIX_PATH=/home/t_b/ros2_ws/src/UR-MiR-mobile-manipulator/install/ur_controllers:/home/t_b/ros2_ws/src/UR-MiR-mobile-manipulator/install/ur_description:/home/t_b/ros2_ws/src/UR-MiR-mobile-manipulator/install/ur_dashboard_msgs:${AMENT_PREFIX_PATH} CMAKE_PREFIX_PATH=/home/t_b/ros2_ws/src/UR-MiR-mobile-manipulator/install/ur_controllers:/home/t_b/ros2_ws/src/UR-MiR-mobile-manipulator/install/ur_description:/home/t_b/ros2_ws/src/UR-MiR-mobile-manipulator/install/ur_dashboard_msgs:/home/t_b/pp_ros2_ws/install/rosbot:/home/t_b/pp_ros2_ws/install/rosbot_localization:/home/t_b/pp_ros2_ws/install/rosbot_joy:/home/t_b/pp_ros2_ws/install/open_manipulator_x_moveit:/home/t_b/pp_ros2_ws/install/rosbot_description:/home/t_b/pp_ros2_ws/install/open_manipulator_x_joy:/home/t_b/pp_ros2_ws/install/open_manipulator_x_description:/home/t_b/pp_ros2_ws/install/mecanum_drive_controller:/home/t_b/pp_ros2_ws/install/husarion_gz_worlds:/home/t_b/pp_ros2_ws/install/husarion_components_description:/home/t_b/pp_ros2_ws/install/dynamixel_hardware_interface:/home/t_b/swaraj/piper_ros/install/mtc_tutorial:/home/t_b/swaraj/piper_ros/install/moveit_task_constructor_visualization:/home/t_b/swaraj/piper_ros/install/moveit_task_constructor_demo:/home/t_b/swaraj/piper_ros/install/moveit_task_constructor_capabilities:/home/t_b/swaraj/piper_ros/install/moveit_task_constructor_core:/home/t_b/swaraj/piper_ros/install/rviz_marker_tools:/home/t_b/swaraj/piper_ros/install/posha_sim:/home/t_b/swaraj/piper_ros/install/piper_with_gripper_moveit:/home/t_b/swaraj/piper_ros/install/piper_no_gripper_moveit:/home/t_b/swaraj/piper_ros/install/piper_mujoco:/home/t_b/swaraj/piper_ros/install/piper_msgs:/home/t_b/swaraj/piper_ros/install/piper_humble:/home/t_b/swaraj/piper_ros/install/piper_gazebo:/home/t_b/swaraj/piper_ros/install/piper_description:/home/t_b/swaraj/piper_ros/install/moveit_task_constructor_msgs:/home/t_b/swaraj/piper_ros/install/hello_moveit:/home/t_b/gz_ros2_control_ws/install/ign_ros2_control_demos:/home/t_b/gz_ros2_control_ws/install/ign_ros2_control:/home/t_b/gz_ros2_control_ws/install/gz_ros2_control_tests:/home/t_b/gz_ros2_control_ws/install/gz_ros2_control_demos:/home/t_b/gz_ros2_control_ws/install/gz_ros2_control:/home/t_b/stonefish_ros/install/tour_interfaces:/home/t_b/stonefish_ros/install/stonefish_ros2:/home/t_b/pp_ros2_ws/install/rosbot_gazebo:/home/t_b/pp_ros2_ws/install/rosbot_controller:/home/t_b/pp_ros2_ws/install/rosbot_utils:/home/t_b/swaraj/piper_ros/install/piper:/home/t_b/leader_follower/install/apf:/home/t_b/amogh_app/amogh_ws/install/pursuers:/home/t_b/stonefish_ros/install/codes:/home/t_b/stonefish_ros/install/software_stack:/opt/ros/humble LD_LIBRARY_PATH=/home/t_b/ros2_ws/src/UR-MiR-mobile-manipulator/install/ur_controllers/lib:/home/t_b/ros2_ws/src/UR-MiR-mobile-manipulator/install/ur_dashboard_msgs/lib:${LD_LIBRARY_PATH} PYTHONPATH=/home/t_b/ros2_ws/src/UR-MiR-mobile-manipulator/install/ur_dashboard_msgs/local/lib/python3.10/dist-packages:${PYTHONPATH} /usr/bin/cmake /home/t_b/ros2_ws/src/UR-MiR-mobile-manipulator/Universal_Robots_ROS2_Driver/ur_robot_driver -DCMAKE_INSTALL_PREFIX=/home/t_b/ros2_ws/src/UR-MiR-mobile-manipulator/install/ur_robot_driver
[0.059s] -- The C compiler identification is GNU 11.4.0
[0.094s] -- The CXX compiler identification is GNU 11.4.0
[0.099s] -- Detecting C compiler ABI info
[0.158s] -- Detecting C compiler ABI info - done
[0.166s] -- Check for working C compiler: /usr/bin/cc - skipped
[0.167s] -- Detecting C compile features
[0.167s] -- Detecting C compile features - done
[0.170s] -- Detecting CXX compiler ABI info
[0.235s] -- Detecting CXX compiler ABI info - done
[0.239s] -- Check for working CXX compiler: /usr/bin/c++ - skipped
[0.240s] -- Detecting CXX compile features
[0.240s] -- Detecting CXX compile features - done
[0.240s] [0mur_robot_driver: You did not request a specific build type: selecting 'RelWithDebInfo'.[0m
[0.243s] -- Found ament_cmake: 1.3.14 (/opt/ros/humble/share/ament_cmake/cmake)
[0.373s] -- Found Python3: /usr/bin/python3 (found version "3.10.12") found components: Interpreter 
[0.464s] -- Found controller_manager: 2.53.1 (/opt/ros/humble/share/controller_manager/cmake)
[0.521s] -- Found rosidl_generator_c: 3.1.8 (/opt/ros/humble/share/rosidl_generator_c/cmake)
[0.529s] -- Found rosidl_adapter: 3.1.8 (/opt/ros/humble/share/rosidl_adapter/cmake)
[0.541s] -- Found rosidl_generator_cpp: 3.1.8 (/opt/ros/humble/share/rosidl_generator_cpp/cmake)
[0.556s] -- Using all available rosidl_typesupport_c: rosidl_typesupport_fastrtps_c;rosidl_typesupport_introspection_c
[0.576s] -- Using all available rosidl_typesupport_cpp: rosidl_typesupport_fastrtps_cpp;rosidl_typesupport_introspection_cpp
[0.759s] -- Found rmw_implementation_cmake: 6.1.2 (/opt/ros/humble/share/rmw_implementation_cmake/cmake)
[0.764s] -- Found rmw_cyclonedds_cpp: 1.3.4 (/opt/ros/humble/share/rmw_cyclonedds_cpp/cmake)
[0.795s] -- Using RMW implementation 'rmw_cyclonedds_cpp' as default
[0.807s] -- Looking for pthread.h
[0.884s] -- Looking for pthread.h - found
[0.884s] -- Performing Test CMAKE_HAVE_LIBC_PTHREAD
[0.982s] -- Performing Test CMAKE_HAVE_LIBC_PTHREAD - Success
[0.982s] -- Found Threads: TRUE  
[1.055s] -- Found rclpy: 3.3.21 (/opt/ros/humble/share/rclpy/cmake)
[1.057s] -- Found std_srvs: 4.9.1 (/opt/ros/humble/share/std_srvs/cmake)
[1.065s] -- Found tf2_geometry_msgs: 0.25.20 (/opt/ros/humble/share/tf2_geometry_msgs/cmake)
[1.081s] -- Found eigen3_cmake_module: 0.1.1 (/opt/ros/humble/share/eigen3_cmake_module/cmake)
[1.082s] -- Found Eigen3: TRUE (found version "3.4.0") 
[1.082s] -- Ensuring Eigen3 include directory is part of orocos-kdl CMake target
[1.132s] -- Found ur_dashboard_msgs: 2.13.1 (/home/t_b/ros2_ws/src/UR-MiR-mobile-manipulator/install/ur_dashboard_msgs/share/ur_dashboard_msgs/cmake)
[1.144s] -- Found ur_msgs: 2.5.0 (/opt/ros/humble/share/ur_msgs/cmake)
[1.320s] -- Found ur_controllers: 2.13.1 (/home/t_b/ros2_ws/src/UR-MiR-mobile-manipulator/install/ur_controllers/share/ur_controllers/cmake)
[1.403s] -- Found ur_description: 2.1.3 (/home/t_b/ros2_ws/src/UR-MiR-mobile-manipulator/install/ur_description/share/ur_description/cmake)
[1.407s] -- Found launch_testing_ament_cmake: 1.0.14 (/opt/ros/humble/share/launch_testing_ament_cmake/cmake)
[1.409s] -- Found python_cmake_module: 0.10.0 (/opt/ros/humble/share/python_cmake_module/cmake)
[1.428s] -- Found PythonInterp: /usr/bin/python3 (found suitable version "3.10.12", minimum required is "3.6") 
[1.432s] -- Found PythonLibs: /usr/lib/x86_64-linux-gnu/libpython3.10.so (found suitable version "3.10.12", minimum required is "3.5") 
[1.432s] -- Using PYTHON_EXECUTABLE: /usr/bin/python3
[1.432s] -- Using PYTHON_INCLUDE_DIRS: /usr/include/python3.10
[1.432s] -- Using PYTHON_LIBRARIES: /usr/lib/x86_64-linux-gnu/libpython3.10.so
[1.471s] -- Found PythonExtra: .so  
[1.473s] -- Configuring done
[1.521s] -- Generating done
[1.539s] -- Build files have been written to: /home/t_b/ros2_ws/src/UR-MiR-mobile-manipulator/build/ur_robot_driver
[1.549s] Invoked command in '/home/t_b/ros2_ws/src/UR-MiR-mobile-manipulator/build/ur_robot_driver' returned '0': AMENT_PREFIX_PATH=/home/t_b/ros2_ws/src/UR-MiR-mobile-manipulator/install/ur_controllers:/home/t_b/ros2_ws/src/UR-MiR-mobile-manipulator/install/ur_description:/home/t_b/ros2_ws/src/UR-MiR-mobile-manipulator/install/ur_dashboard_msgs:${AMENT_PREFIX_PATH} CMAKE_PREFIX_PATH=/home/t_b/ros2_ws/src/UR-MiR-mobile-manipulator/install/ur_controllers:/home/t_b/ros2_ws/src/UR-MiR-mobile-manipulator/install/ur_description:/home/t_b/ros2_ws/src/UR-MiR-mobile-manipulator/install/ur_dashboard_msgs:/home/t_b/pp_ros2_ws/install/rosbot:/home/t_b/pp_ros2_ws/install/rosbot_localization:/home/t_b/pp_ros2_ws/install/rosbot_joy:/home/t_b/pp_ros2_ws/install/open_manipulator_x_moveit:/home/t_b/pp_ros2_ws/install/rosbot_description:/home/t_b/pp_ros2_ws/install/open_manipulator_x_joy:/home/t_b/pp_ros2_ws/install/open_manipulator_x_description:/home/t_b/pp_ros2_ws/install/mecanum_drive_controller:/home/t_b/pp_ros2_ws/install/husarion_gz_worlds:/home/t_b/pp_ros2_ws/install/husarion_components_description:/home/t_b/pp_ros2_ws/install/dynamixel_hardware_interface:/home/t_b/swaraj/piper_ros/install/mtc_tutorial:/home/t_b/swaraj/piper_ros/install/moveit_task_constructor_visualization:/home/t_b/swaraj/piper_ros/install/moveit_task_constructor_demo:/home/t_b/swaraj/piper_ros/install/moveit_task_constructor_capabilities:/home/t_b/swaraj/piper_ros/install/moveit_task_constructor_core:/home/t_b/swaraj/piper_ros/install/rviz_marker_tools:/home/t_b/swaraj/piper_ros/install/posha_sim:/home/t_b/swaraj/piper_ros/install/piper_with_gripper_moveit:/home/t_b/swaraj/piper_ros/install/piper_no_gripper_moveit:/home/t_b/swaraj/piper_ros/install/piper_mujoco:/home/t_b/swaraj/piper_ros/install/piper_msgs:/home/t_b/swaraj/piper_ros/install/piper_humble:/home/t_b/swaraj/piper_ros/install/piper_gazebo:/home/t_b/swaraj/piper_ros/install/piper_description:/home/t_b/swaraj/piper_ros/install/moveit_task_constructor_msgs:/home/t_b/swaraj/piper_ros/install/hello_moveit:/home/t_b/gz_ros2_control_ws/install/ign_ros2_control_demos:/home/t_b/gz_ros2_control_ws/install/ign_ros2_control:/home/t_b/gz_ros2_control_ws/install/gz_ros2_control_tests:/home/t_b/gz_ros2_control_ws/install/gz_ros2_control_demos:/home/t_b/gz_ros2_control_ws/install/gz_ros2_control:/home/t_b/stonefish_ros/install/tour_interfaces:/home/t_b/stonefish_ros/install/stonefish_ros2:/home/t_b/pp_ros2_ws/install/rosbot_gazebo:/home/t_b/pp_ros2_ws/install/rosbot_controller:/home/t_b/pp_ros2_ws/install/rosbot_utils:/home/t_b/swaraj/piper_ros/install/piper:/home/t_b/leader_follower/install/apf:/home/t_b/amogh_app/amogh_ws/install/pursuers:/home/t_b/stonefish_ros/install/codes:/home/t_b/stonefish_ros/install/software_stack:/opt/ros/humble LD_LIBRARY_PATH=/home/t_b/ros2_ws/src/UR-MiR-mobile-manipulator/install/ur_controllers/lib:/home/t_b/ros2_ws/src/UR-MiR-mobile-manipulator/install/ur_dashboard_msgs/lib:${LD_LIBRARY_PATH} PYTHONPATH=/home/t_b/ros2_ws/src/UR-MiR-mobile-manipulator/install/ur_dashboard_msgs/local/lib/python3.10/dist-packages:${PYTHONPATH} /usr/bin/cmake /home/t_b/ros2_ws/src/UR-MiR-mobile-manipulator/Universal_Robots_ROS2_Driver/ur_robot_driver -DCMAKE_INSTALL_PREFIX=/home/t_b/ros2_ws/src/UR-MiR-mobile-manipulator/install/ur_robot_driver
[1.550s] Invoking command in '/home/t_b/ros2_ws/src/UR-MiR-mobile-manipulator/build/ur_robot_driver': AMENT_PREFIX_PATH=/home/t_b/ros2_ws/src/UR-MiR-mobile-manipulator/install/ur_controllers:/home/t_b/ros2_ws/src/UR-MiR-mobile-manipulator/install/ur_description:/home/t_b/ros2_ws/src/UR-MiR-mobile-manipulator/install/ur_dashboard_msgs:${AMENT_PREFIX_PATH} CMAKE_PREFIX_PATH=/home/t_b/ros2_ws/src/UR-MiR-mobile-manipulator/install/ur_controllers:/home/t_b/ros2_ws/src/UR-MiR-mobile-manipulator/install/ur_description:/home/t_b/ros2_ws/src/UR-MiR-mobile-manipulator/install/ur_dashboard_msgs:/home/t_b/pp_ros2_ws/install/rosbot:/home/t_b/pp_ros2_ws/install/rosbot_localization:/home/t_b/pp_ros2_ws/install/rosbot_joy:/home/t_b/pp_ros2_ws/install/open_manipulator_x_moveit:/home/t_b/pp_ros2_ws/install/rosbot_description:/home/t_b/pp_ros2_ws/install/open_manipulator_x_joy:/home/t_b/pp_ros2_ws/install/open_manipulator_x_description:/home/t_b/pp_ros2_ws/install/mecanum_drive_controller:/home/t_b/pp_ros2_ws/install/husarion_gz_worlds:/home/t_b/pp_ros2_ws/install/husarion_components_description:/home/t_b/pp_ros2_ws/install/dynamixel_hardware_interface:/home/t_b/swaraj/piper_ros/install/mtc_tutorial:/home/t_b/swaraj/piper_ros/install/moveit_task_constructor_visualization:/home/t_b/swaraj/piper_ros/install/moveit_task_constructor_demo:/home/t_b/swaraj/piper_ros/install/moveit_task_constructor_capabilities:/home/t_b/swaraj/piper_ros/install/moveit_task_constructor_core:/home/t_b/swaraj/piper_ros/install/rviz_marker_tools:/home/t_b/swaraj/piper_ros/install/posha_sim:/home/t_b/swaraj/piper_ros/install/piper_with_gripper_moveit:/home/t_b/swaraj/piper_ros/install/piper_no_gripper_moveit:/home/t_b/swaraj/piper_ros/install/piper_mujoco:/home/t_b/swaraj/piper_ros/install/piper_msgs:/home/t_b/swaraj/piper_ros/install/piper_humble:/home/t_b/swaraj/piper_ros/install/piper_gazebo:/home/t_b/swaraj/piper_ros/install/piper_description:/home/t_b/swaraj/piper_ros/install/moveit_task_constructor_msgs:/home/t_b/swaraj/piper_ros/install/hello_moveit:/home/t_b/gz_ros2_control_ws/install/ign_ros2_control_demos:/home/t_b/gz_ros2_control_ws/install/ign_ros2_control:/home/t_b/gz_ros2_control_ws/install/gz_ros2_control_tests:/home/t_b/gz_ros2_control_ws/install/gz_ros2_control_demos:/home/t_b/gz_ros2_control_ws/install/gz_ros2_control:/home/t_b/stonefish_ros/install/tour_interfaces:/home/t_b/stonefish_ros/install/stonefish_ros2:/home/t_b/pp_ros2_ws/install/rosbot_gazebo:/home/t_b/pp_ros2_ws/install/rosbot_controller:/home/t_b/pp_ros2_ws/install/rosbot_utils:/home/t_b/swaraj/piper_ros/install/piper:/home/t_b/leader_follower/install/apf:/home/t_b/amogh_app/amogh_ws/install/pursuers:/home/t_b/stonefish_ros/install/codes:/home/t_b/stonefish_ros/install/software_stack:/opt/ros/humble LD_LIBRARY_PATH=/home/t_b/ros2_ws/src/UR-MiR-mobile-manipulator/install/ur_controllers/lib:/home/t_b/ros2_ws/src/UR-MiR-mobile-manipulator/install/ur_dashboard_msgs/lib:${LD_LIBRARY_PATH} PYTHONPATH=/home/t_b/ros2_ws/src/UR-MiR-mobile-manipulator/install/ur_dashboard_msgs/local/lib/python3.10/dist-packages:${PYTHONPATH} /usr/bin/cmake --build /home/t_b/ros2_ws/src/UR-MiR-mobile-manipulator/build/ur_robot_driver -- -j16 -l16
[1.599s] [  9%] [32mBuilding CXX object CMakeFiles/ur_ros2_control_node.dir/src/ur_ros2_control_node.cpp.o[0m
[1.599s] [  9%] [32mBuilding CXX object CMakeFiles/trajectory_until_node.dir/src/trajectory_until_node.cpp.o[0m
[1.599s] [ 13%] [32mBuilding CXX object CMakeFiles/controller_stopper_node.dir/src/controller_stopper.cpp.o[0m
[1.599s] [ 18%] [32mBuilding CXX object CMakeFiles/urscript_interface.dir/src/urscript_interface.cpp.o[0m
[1.599s] [ 22%] [32mBuilding CXX object CMakeFiles/ur_robot_driver_plugin.dir/src/hardware_interface.cpp.o[0m
[1.600s] [ 27%] [32mBuilding CXX object CMakeFiles/ur_robot_driver_plugin.dir/src/dashboard_client_ros.cpp.o[0m
[1.602s] [ 31%] [32mBuilding CXX object CMakeFiles/ur_robot_driver_plugin.dir/src/urcl_log_handler.cpp.o[0m
[1.603s] [ 36%] [32mBuilding CXX object CMakeFiles/robot_state_helper.dir/src/robot_state_helper.cpp.o[0m
[1.603s] [ 40%] [32mBuilding CXX object CMakeFiles/dashboard_client.dir/src/dashboard_client_node.cpp.o[0m
[1.604s] [ 45%] [32mBuilding CXX object CMakeFiles/ur_robot_driver_plugin.dir/src/robot_state_helper.cpp.o[0m
[1.604s] [ 54%] [32mBuilding CXX object CMakeFiles/dashboard_client.dir/src/urcl_log_handler.cpp.o[0m
[1.604s] [ 54%] [32mBuilding CXX object CMakeFiles/robot_state_helper.dir/src/robot_state_helper_node.cpp.o[0m
[1.609s] [ 54%] Built target ament_cmake_python_copy_ur_robot_driver
[1.609s] [ 59%] [32mBuilding CXX object CMakeFiles/dashboard_client.dir/src/dashboard_client_ros.cpp.o[0m
[1.615s] [ 63%] [32mBuilding CXX object CMakeFiles/controller_stopper_node.dir/src/controller_stopper_node.cpp.o[0m
[1.618s] [ 68%] [32mBuilding CXX object CMakeFiles/robot_state_helper.dir/src/urcl_log_handler.cpp.o[0m
[1.943s] running egg_info
[1.943s] creating ur_robot_driver.egg-info
[1.943s] writing ur_robot_driver.egg-info/PKG-INFO
[1.943s] writing dependency_links to ur_robot_driver.egg-info/dependency_links.txt
[1.943s] writing top-level names to ur_robot_driver.egg-info/top_level.txt
[1.943s] writing manifest file 'ur_robot_driver.egg-info/SOURCES.txt'
[1.943s] reading manifest file 'ur_robot_driver.egg-info/SOURCES.txt'
[1.943s] writing manifest file 'ur_robot_driver.egg-info/SOURCES.txt'
[1.982s] [ 68%] Built target ament_cmake_python_build_ur_robot_driver_egg
[8.792s] [ 72%] [32m[1mLinking CXX executable ur_ros2_control_node[0m
[9.105s] [ 72%] Built target ur_ros2_control_node
[15.223s] [ 77%] [32m[1mLinking CXX executable trajectory_until_node[0m
[15.405s] [ 77%] Built target trajectory_until_node
[18.334s] [ 81%] [32m[1mLinking CXX executable urscript_interface[0m
[18.581s] [ 81%] Built target urscript_interface
[18.789s] [ 86%] [32m[1mLinking CXX executable controller_stopper_node[0m
[19.021s] [ 86%] Built target controller_stopper_node
[26.225s] [ 90%] [32m[1mLinking CXX executable robot_state_helper[0m
[26.571s] [ 90%] Built target robot_state_helper
[34.289s] [ 95%] [32m[1mLinking CXX shared library libur_robot_driver_plugin.so[0m
[34.406s] [100%] [32m[1mLinking CXX executable dashboard_client[0m
[34.769s] [100%] Built target dashboard_client
[34.925s] [100%] Built target ur_robot_driver_plugin
[34.937s] Invoked command in '/home/t_b/ros2_ws/src/UR-MiR-mobile-manipulator/build/ur_robot_driver' returned '0': AMENT_PREFIX_PATH=/home/t_b/ros2_ws/src/UR-MiR-mobile-manipulator/install/ur_controllers:/home/t_b/ros2_ws/src/UR-MiR-mobile-manipulator/install/ur_description:/home/t_b/ros2_ws/src/UR-MiR-mobile-manipulator/install/ur_dashboard_msgs:${AMENT_PREFIX_PATH} CMAKE_PREFIX_PATH=/home/t_b/ros2_ws/src/UR-MiR-mobile-manipulator/install/ur_controllers:/home/t_b/ros2_ws/src/UR-MiR-mobile-manipulator/install/ur_description:/home/t_b/ros2_ws/src/UR-MiR-mobile-manipulator/install/ur_dashboard_msgs:/home/t_b/pp_ros2_ws/install/rosbot:/home/t_b/pp_ros2_ws/install/rosbot_localization:/home/t_b/pp_ros2_ws/install/rosbot_joy:/home/t_b/pp_ros2_ws/install/open_manipulator_x_moveit:/home/t_b/pp_ros2_ws/install/rosbot_description:/home/t_b/pp_ros2_ws/install/open_manipulator_x_joy:/home/t_b/pp_ros2_ws/install/open_manipulator_x_description:/home/t_b/pp_ros2_ws/install/mecanum_drive_controller:/home/t_b/pp_ros2_ws/install/husarion_gz_worlds:/home/t_b/pp_ros2_ws/install/husarion_components_description:/home/t_b/pp_ros2_ws/install/dynamixel_hardware_interface:/home/t_b/swaraj/piper_ros/install/mtc_tutorial:/home/t_b/swaraj/piper_ros/install/moveit_task_constructor_visualization:/home/t_b/swaraj/piper_ros/install/moveit_task_constructor_demo:/home/t_b/swaraj/piper_ros/install/moveit_task_constructor_capabilities:/home/t_b/swaraj/piper_ros/install/moveit_task_constructor_core:/home/t_b/swaraj/piper_ros/install/rviz_marker_tools:/home/t_b/swaraj/piper_ros/install/posha_sim:/home/t_b/swaraj/piper_ros/install/piper_with_gripper_moveit:/home/t_b/swaraj/piper_ros/install/piper_no_gripper_moveit:/home/t_b/swaraj/piper_ros/install/piper_mujoco:/home/t_b/swaraj/piper_ros/install/piper_msgs:/home/t_b/swaraj/piper_ros/install/piper_humble:/home/t_b/swaraj/piper_ros/install/piper_gazebo:/home/t_b/swaraj/piper_ros/install/piper_description:/home/t_b/swaraj/piper_ros/install/moveit_task_constructor_msgs:/home/t_b/swaraj/piper_ros/install/hello_moveit:/home/t_b/gz_ros2_control_ws/install/ign_ros2_control_demos:/home/t_b/gz_ros2_control_ws/install/ign_ros2_control:/home/t_b/gz_ros2_control_ws/install/gz_ros2_control_tests:/home/t_b/gz_ros2_control_ws/install/gz_ros2_control_demos:/home/t_b/gz_ros2_control_ws/install/gz_ros2_control:/home/t_b/stonefish_ros/install/tour_interfaces:/home/t_b/stonefish_ros/install/stonefish_ros2:/home/t_b/pp_ros2_ws/install/rosbot_gazebo:/home/t_b/pp_ros2_ws/install/rosbot_controller:/home/t_b/pp_ros2_ws/install/rosbot_utils:/home/t_b/swaraj/piper_ros/install/piper:/home/t_b/leader_follower/install/apf:/home/t_b/amogh_app/amogh_ws/install/pursuers:/home/t_b/stonefish_ros/install/codes:/home/t_b/stonefish_ros/install/software_stack:/opt/ros/humble LD_LIBRARY_PATH=/home/t_b/ros2_ws/src/UR-MiR-mobile-manipulator/install/ur_controllers/lib:/home/t_b/ros2_ws/src/UR-MiR-mobile-manipulator/install/ur_dashboard_msgs/lib:${LD_LIBRARY_PATH} PYTHONPATH=/home/t_b/ros2_ws/src/UR-MiR-mobile-manipulator/install/ur_dashboard_msgs/local/lib/python3.10/dist-packages:${PYTHONPATH} /usr/bin/cmake --build /home/t_b/ros2_ws/src/UR-MiR-mobile-manipulator/build/ur_robot_driver -- -j16 -l16
[34.938s] Invoking command in '/home/t_b/ros2_ws/src/UR-MiR-mobile-manipulator/build/ur_robot_driver': AMENT_PREFIX_PATH=/home/t_b/ros2_ws/src/UR-MiR-mobile-manipulator/install/ur_controllers:/home/t_b/ros2_ws/src/UR-MiR-mobile-manipulator/install/ur_description:/home/t_b/ros2_ws/src/UR-MiR-mobile-manipulator/install/ur_dashboard_msgs:${AMENT_PREFIX_PATH} CMAKE_PREFIX_PATH=/home/t_b/ros2_ws/src/UR-MiR-mobile-manipulator/install/ur_controllers:/home/t_b/ros2_ws/src/UR-MiR-mobile-manipulator/install/ur_description:/home/t_b/ros2_ws/src/UR-MiR-mobile-manipulator/install/ur_dashboard_msgs:/home/t_b/pp_ros2_ws/install/rosbot:/home/t_b/pp_ros2_ws/install/rosbot_localization:/home/t_b/pp_ros2_ws/install/rosbot_joy:/home/t_b/pp_ros2_ws/install/open_manipulator_x_moveit:/home/t_b/pp_ros2_ws/install/rosbot_description:/home/t_b/pp_ros2_ws/install/open_manipulator_x_joy:/home/t_b/pp_ros2_ws/install/open_manipulator_x_description:/home/t_b/pp_ros2_ws/install/mecanum_drive_controller:/home/t_b/pp_ros2_ws/install/husarion_gz_worlds:/home/t_b/pp_ros2_ws/install/husarion_components_description:/home/t_b/pp_ros2_ws/install/dynamixel_hardware_interface:/home/t_b/swaraj/piper_ros/install/mtc_tutorial:/home/t_b/swaraj/piper_ros/install/moveit_task_constructor_visualization:/home/t_b/swaraj/piper_ros/install/moveit_task_constructor_demo:/home/t_b/swaraj/piper_ros/install/moveit_task_constructor_capabilities:/home/t_b/swaraj/piper_ros/install/moveit_task_constructor_core:/home/t_b/swaraj/piper_ros/install/rviz_marker_tools:/home/t_b/swaraj/piper_ros/install/posha_sim:/home/t_b/swaraj/piper_ros/install/piper_with_gripper_moveit:/home/t_b/swaraj/piper_ros/install/piper_no_gripper_moveit:/home/t_b/swaraj/piper_ros/install/piper_mujoco:/home/t_b/swaraj/piper_ros/install/piper_msgs:/home/t_b/swaraj/piper_ros/install/piper_humble:/home/t_b/swaraj/piper_ros/install/piper_gazebo:/home/t_b/swaraj/piper_ros/install/piper_description:/home/t_b/swaraj/piper_ros/install/moveit_task_constructor_msgs:/home/t_b/swaraj/piper_ros/install/hello_moveit:/home/t_b/gz_ros2_control_ws/install/ign_ros2_control_demos:/home/t_b/gz_ros2_control_ws/install/ign_ros2_control:/home/t_b/gz_ros2_control_ws/install/gz_ros2_control_tests:/home/t_b/gz_ros2_control_ws/install/gz_ros2_control_demos:/home/t_b/gz_ros2_control_ws/install/gz_ros2_control:/home/t_b/stonefish_ros/install/tour_interfaces:/home/t_b/stonefish_ros/install/stonefish_ros2:/home/t_b/pp_ros2_ws/install/rosbot_gazebo:/home/t_b/pp_ros2_ws/install/rosbot_controller:/home/t_b/pp_ros2_ws/install/rosbot_utils:/home/t_b/swaraj/piper_ros/install/piper:/home/t_b/leader_follower/install/apf:/home/t_b/amogh_app/amogh_ws/install/pursuers:/home/t_b/stonefish_ros/install/codes:/home/t_b/stonefish_ros/install/software_stack:/opt/ros/humble LD_LIBRARY_PATH=/home/t_b/ros2_ws/src/UR-MiR-mobile-manipulator/install/ur_controllers/lib:/home/t_b/ros2_ws/src/UR-MiR-mobile-manipulator/install/ur_dashboard_msgs/lib:${LD_LIBRARY_PATH} PYTHONPATH=/home/t_b/ros2_ws/src/UR-MiR-mobile-manipulator/install/ur_dashboard_msgs/local/lib/python3.10/dist-packages:${PYTHONPATH} /usr/bin/cmake --install /home/t_b/ros2_ws/src/UR-MiR-mobile-manipulator/build/ur_robot_driver
[34.945s] -- Install configuration: "RelWithDebInfo"
[34.945s] -- Installing: /home/t_b/ros2_ws/src/UR-MiR-mobile-manipulator/install/ur_robot_driver/share/ur_robot_driver/hardware_interface_plugin.xml
[34.945s] -- Installing: /home/t_b/ros2_ws/src/UR-MiR-mobile-manipulator/install/ur_robot_driver/lib/ur_robot_driver/controller_stopper_node
[34.961s] -- Set runtime path of "/home/t_b/ros2_ws/src/UR-MiR-mobile-manipulator/install/ur_robot_driver/lib/ur_robot_driver/controller_stopper_node" to ""
[34.961s] -- Installing: /home/t_b/ros2_ws/src/UR-MiR-mobile-manipulator/install/ur_robot_driver/lib/ur_robot_driver/dashboard_client
[34.974s] -- Set runtime path of "/home/t_b/ros2_ws/src/UR-MiR-mobile-manipulator/install/ur_robot_driver/lib/ur_robot_driver/dashboard_client" to ""
[34.974s] -- Installing: /home/t_b/ros2_ws/src/UR-MiR-mobile-manipulator/install/ur_robot_driver/lib/ur_robot_driver/robot_state_helper
[34.995s] -- Set runtime path of "/home/t_b/ros2_ws/src/UR-MiR-mobile-manipulator/install/ur_robot_driver/lib/ur_robot_driver/robot_state_helper" to ""
[34.995s] -- Installing: /home/t_b/ros2_ws/src/UR-MiR-mobile-manipulator/install/ur_robot_driver/lib/ur_robot_driver/trajectory_until_node
[34.997s] -- Set runtime path of "/home/t_b/ros2_ws/src/UR-MiR-mobile-manipulator/install/ur_robot_driver/lib/ur_robot_driver/trajectory_until_node" to ""
[34.997s] -- Installing: /home/t_b/ros2_ws/src/UR-MiR-mobile-manipulator/install/ur_robot_driver/lib/ur_robot_driver/ur_ros2_control_node
[34.998s] -- Set runtime path of "/home/t_b/ros2_ws/src/UR-MiR-mobile-manipulator/install/ur_robot_driver/lib/ur_robot_driver/ur_ros2_control_node" to ""
[34.998s] -- Installing: /home/t_b/ros2_ws/src/UR-MiR-mobile-manipulator/install/ur_robot_driver/lib/ur_robot_driver/urscript_interface
[35.003s] -- Set runtime path of "/home/t_b/ros2_ws/src/UR-MiR-mobile-manipulator/install/ur_robot_driver/lib/ur_robot_driver/urscript_interface" to ""
[35.003s] -- Installing: /home/t_b/ros2_ws/src/UR-MiR-mobile-manipulator/install/ur_robot_driver/lib/libur_robot_driver_plugin.so
[35.049s] -- Set runtime path of "/home/t_b/ros2_ws/src/UR-MiR-mobile-manipulator/install/ur_robot_driver/lib/libur_robot_driver_plugin.so" to ""
[35.049s] -- Installing: /home/t_b/ros2_ws/src/UR-MiR-mobile-manipulator/install/ur_robot_driver/include
[35.049s] -- Installing: /home/t_b/ros2_ws/src/UR-MiR-mobile-manipulator/install/ur_robot_driver/include/ur_robot_driver
[35.049s] -- Installing: /home/t_b/ros2_ws/src/UR-MiR-mobile-manipulator/install/ur_robot_driver/include/ur_robot_driver/urcl_log_handler.hpp
[35.051s] -- Installing: /home/t_b/ros2_ws/src/UR-MiR-mobile-manipulator/install/ur_robot_driver/include/ur_robot_driver/hardware_interface.hpp
[35.052s] -- Installing: /home/t_b/ros2_ws/src/UR-MiR-mobile-manipulator/install/ur_robot_driver/include/ur_robot_driver/robot_state_helper.hpp
[35.053s] -- Installing: /home/t_b/ros2_ws/src/UR-MiR-mobile-manipulator/install/ur_robot_driver/include/ur_robot_driver/trajectory_until_node.hpp
[35.054s] -- Installing: /home/t_b/ros2_ws/src/UR-MiR-mobile-manipulator/install/ur_robot_driver/include/ur_robot_driver/controller_stopper.hpp
[35.055s] -- Installing: /home/t_b/ros2_ws/src/UR-MiR-mobile-manipulator/install/ur_robot_driver/include/ur_robot_driver/dashboard_client_ros.hpp
[35.057s] -- Installing: /home/t_b/ros2_ws/src/UR-MiR-mobile-manipulator/install/ur_robot_driver/share/ur_robot_driver/environment/library_path.sh
[35.057s] -- Installing: /home/t_b/ros2_ws/src/UR-MiR-mobile-manipulator/install/ur_robot_driver/share/ur_robot_driver/environment/library_path.dsv
[35.057s] -- Installing: /home/t_b/ros2_ws/src/UR-MiR-mobile-manipulator/install/ur_robot_driver/share/ur_robot_driver/resources
[35.058s] -- Installing: /home/t_b/ros2_ws/src/UR-MiR-mobile-manipulator/install/ur_robot_driver/share/ur_robot_driver/resources/rtde_input_recipe.txt
[35.059s] -- Installing: /home/t_b/ros2_ws/src/UR-MiR-mobile-manipulator/install/ur_robot_driver/share/ur_robot_driver/resources/rs485-1.0.urcap
[35.066s] -- Installing: /home/t_b/ros2_ws/src/UR-MiR-mobile-manipulator/install/ur_robot_driver/share/ur_robot_driver/resources/rtde_output_recipe.txt
[35.067s] -- Installing: /home/t_b/ros2_ws/src/UR-MiR-mobile-manipulator/install/ur_robot_driver/share/ur_robot_driver/resources/externalcontrol-1.0.5.urcap
[35.069s] -- Installing: /home/t_b/ros2_ws/src/UR-MiR-mobile-manipulator/install/ur_robot_driver/share/ur_robot_driver/resources/ros_control.urscript
[35.070s] -- Up-to-date: /home/t_b/ros2_ws/src/UR-MiR-mobile-manipulator/install/ur_robot_driver/include
[35.071s] -- Up-to-date: /home/t_b/ros2_ws/src/UR-MiR-mobile-manipulator/install/ur_robot_driver/include/ur_robot_driver
[35.071s] -- Up-to-date: /home/t_b/ros2_ws/src/UR-MiR-mobile-manipulator/install/ur_robot_driver/include/ur_robot_driver/urcl_log_handler.hpp
[35.071s] -- Up-to-date: /home/t_b/ros2_ws/src/UR-MiR-mobile-manipulator/install/ur_robot_driver/include/ur_robot_driver/hardware_interface.hpp
[35.071s] -- Up-to-date: /home/t_b/ros2_ws/src/UR-MiR-mobile-manipulator/install/ur_robot_driver/include/ur_robot_driver/robot_state_helper.hpp
[35.071s] -- Up-to-date: /home/t_b/ros2_ws/src/UR-MiR-mobile-manipulator/install/ur_robot_driver/include/ur_robot_driver/trajectory_until_node.hpp
[35.071s] -- Up-to-date: /home/t_b/ros2_ws/src/UR-MiR-mobile-manipulator/install/ur_robot_driver/include/ur_robot_driver/controller_stopper.hpp
[35.071s] -- Up-to-date: /home/t_b/ros2_ws/src/UR-MiR-mobile-manipulator/install/ur_robot_driver/include/ur_robot_driver/dashboard_client_ros.hpp
[35.071s] -- Installing: /home/t_b/ros2_ws/src/UR-MiR-mobile-manipulator/install/ur_robot_driver/share/ur_robot_driver/environment/pythonpath.sh
[35.071s] -- Installing: /home/t_b/ros2_ws/src/UR-MiR-mobile-manipulator/install/ur_robot_driver/share/ur_robot_driver/environment/pythonpath.dsv
[35.071s] -- Installing: /home/t_b/ros2_ws/src/UR-MiR-mobile-manipulator/install/ur_robot_driver/local/lib/python3.10/dist-packages/ur_robot_driver-2.13.1-py3.10.egg-info
[35.071s] -- Installing: /home/t_b/ros2_ws/src/UR-MiR-mobile-manipulator/install/ur_robot_driver/local/lib/python3.10/dist-packages/ur_robot_driver-2.13.1-py3.10.egg-info/SOURCES.txt
[35.072s] -- Installing: /home/t_b/ros2_ws/src/UR-MiR-mobile-manipulator/install/ur_robot_driver/local/lib/python3.10/dist-packages/ur_robot_driver-2.13.1-py3.10.egg-info/dependency_links.txt
[35.072s] -- Installing: /home/t_b/ros2_ws/src/UR-MiR-mobile-manipulator/install/ur_robot_driver/local/lib/python3.10/dist-packages/ur_robot_driver-2.13.1-py3.10.egg-info/PKG-INFO
[35.072s] -- Installing: /home/t_b/ros2_ws/src/UR-MiR-mobile-manipulator/install/ur_robot_driver/local/lib/python3.10/dist-packages/ur_robot_driver-2.13.1-py3.10.egg-info/top_level.txt
[35.072s] -- Installing: /home/t_b/ros2_ws/src/UR-MiR-mobile-manipulator/install/ur_robot_driver/local/lib/python3.10/dist-packages/ur_robot_driver
[35.074s] -- Installing: /home/t_b/ros2_ws/src/UR-MiR-mobile-manipulator/install/ur_robot_driver/local/lib/python3.10/dist-packages/ur_robot_driver/__init__.py
[35.156s] Listing '/home/t_b/ros2_ws/src/UR-MiR-mobile-manipulator/install/ur_robot_driver/local/lib/python3.10/dist-packages/ur_robot_driver'...
[35.156s] Compiling '/home/t_b/ros2_ws/src/UR-MiR-mobile-manipulator/install/ur_robot_driver/local/lib/python3.10/dist-packages/ur_robot_driver/__init__.py'...
[35.159s] -- Installing: /home/t_b/ros2_ws/src/UR-MiR-mobile-manipulator/install/ur_robot_driver/lib/ur_robot_driver/tool_communication.py
[35.159s] -- Installing: /home/t_b/ros2_ws/src/UR-MiR-mobile-manipulator/install/ur_robot_driver/lib/ur_robot_driver/example_move.py
[35.159s] -- Installing: /home/t_b/ros2_ws/src/UR-MiR-mobile-manipulator/install/ur_robot_driver/lib/ur_robot_driver/start_ursim.sh
[35.159s] -- Installing: /home/t_b/ros2_ws/src/UR-MiR-mobile-manipulator/install/ur_robot_driver/lib/ur_robot_driver/examples.py
[35.159s] -- Installing: /home/t_b/ros2_ws/src/UR-MiR-mobile-manipulator/install/ur_robot_driver/lib/ur_robot_driver/force_mode.py
[35.159s] -- Installing: /home/t_b/ros2_ws/src/UR-MiR-mobile-manipulator/install/ur_robot_driver/lib/ur_robot_driver/move_until_example.py
[35.160s] -- Installing: /home/t_b/ros2_ws/src/UR-MiR-mobile-manipulator/install/ur_robot_driver/bin/wait_dashboard_server.sh
[35.160s] -- Up-to-date: /home/t_b/ros2_ws/src/UR-MiR-mobile-manipulator/install/ur_robot_driver/lib/ur_robot_driver/start_ursim.sh
[35.160s] -- Installing: /home/t_b/ros2_ws/src/UR-MiR-mobile-manipulator/install/ur_robot_driver/share/ur_robot_driver/config
[35.160s] -- Installing: /home/t_b/ros2_ws/src/UR-MiR-mobile-manipulator/install/ur_robot_driver/share/ur_robot_driver/config/ur30_update_rate.yaml
[35.160s] -- Installing: /home/t_b/ros2_ws/src/UR-MiR-mobile-manipulator/install/ur_robot_driver/share/ur_robot_driver/config/ur5_update_rate.yaml
[35.160s] -- Installing: /home/t_b/ros2_ws/src/UR-MiR-mobile-manipulator/install/ur_robot_driver/share/ur_robot_driver/config/ur15_update_rate.yaml
[35.160s] -- Installing: /home/t_b/ros2_ws/src/UR-MiR-mobile-manipulator/install/ur_robot_driver/share/ur_robot_driver/config/ur12e_update_rate.yaml
[35.160s] -- Installing: /home/t_b/ros2_ws/src/UR-MiR-mobile-manipulator/install/ur_robot_driver/share/ur_robot_driver/config/ur8long_update_rate.yaml
[35.160s] -- Installing: /home/t_b/ros2_ws/src/UR-MiR-mobile-manipulator/install/ur_robot_driver/share/ur_robot_driver/config/ur10_update_rate.yaml
[35.160s] -- Installing: /home/t_b/ros2_ws/src/UR-MiR-mobile-manipulator/install/ur_robot_driver/share/ur_robot_driver/config/ur_controllers.yaml
[35.161s] -- Installing: /home/t_b/ros2_ws/src/UR-MiR-mobile-manipulator/install/ur_robot_driver/share/ur_robot_driver/config/ur16e_update_rate.yaml
[35.161s] -- Installing: /home/t_b/ros2_ws/src/UR-MiR-mobile-manipulator/install/ur_robot_driver/share/ur_robot_driver/config/ur5e_update_rate.yaml
[35.161s] -- Installing: /home/t_b/ros2_ws/src/UR-MiR-mobile-manipulator/install/ur_robot_driver/share/ur_robot_driver/config/ur3_update_rate.yaml
[35.161s] -- Installing: /home/t_b/ros2_ws/src/UR-MiR-mobile-manipulator/install/ur_robot_driver/share/ur_robot_driver/config/ur7e_update_rate.yaml
[35.161s] -- Installing: /home/t_b/ros2_ws/src/UR-MiR-mobile-manipulator/install/ur_robot_driver/share/ur_robot_driver/config/test_velocity_goal_publishers_config.yaml
[35.161s] -- Installing: /home/t_b/ros2_ws/src/UR-MiR-mobile-manipulator/install/ur_robot_driver/share/ur_robot_driver/config/ur18_update_rate.yaml
[35.161s] -- Installing: /home/t_b/ros2_ws/src/UR-MiR-mobile-manipulator/install/ur_robot_driver/share/ur_robot_driver/config/test_goal_publishers_config.yaml
[35.161s] -- Installing: /home/t_b/ros2_ws/src/UR-MiR-mobile-manipulator/install/ur_robot_driver/share/ur_robot_driver/config/ur3e_update_rate.yaml
[35.161s] -- Installing: /home/t_b/ros2_ws/src/UR-MiR-mobile-manipulator/install/ur_robot_driver/share/ur_robot_driver/config/ur10e_update_rate.yaml
[35.162s] -- Installing: /home/t_b/ros2_ws/src/UR-MiR-mobile-manipulator/install/ur_robot_driver/share/ur_robot_driver/config/ur20_update_rate.yaml
[35.162s] -- Installing: /home/t_b/ros2_ws/src/UR-MiR-mobile-manipulator/install/ur_robot_driver/share/ur_robot_driver/launch
[35.162s] -- Installing: /home/t_b/ros2_ws/src/UR-MiR-mobile-manipulator/install/ur_robot_driver/share/ur_robot_driver/launch/ur15.launch.py
[35.162s] -- Installing: /home/t_b/ros2_ws/src/UR-MiR-mobile-manipulator/install/ur_robot_driver/share/ur_robot_driver/launch/ur12e.launch.py
[35.162s] -- Installing: /home/t_b/ros2_ws/src/UR-MiR-mobile-manipulator/install/ur_robot_driver/share/ur_robot_driver/launch/ur20.launch.py
[35.162s] -- Installing: /home/t_b/ros2_ws/src/UR-MiR-mobile-manipulator/install/ur_robot_driver/share/ur_robot_driver/launch/test_joint_trajectory_controller.launch.py
[35.162s] -- Installing: /home/t_b/ros2_ws/src/UR-MiR-mobile-manipulator/install/ur_robot_driver/share/ur_robot_driver/launch/ur10.launch.py
[35.162s] -- Installing: /home/t_b/ros2_ws/src/UR-MiR-mobile-manipulator/install/ur_robot_driver/share/ur_robot_driver/launch/ur5.launch.py
[35.163s] -- Installing: /home/t_b/ros2_ws/src/UR-MiR-mobile-manipulator/install/ur_robot_driver/share/ur_robot_driver/launch/ur3.launch.py
[35.163s] -- Installing: /home/t_b/ros2_ws/src/UR-MiR-mobile-manipulator/install/ur_robot_driver/share/ur_robot_driver/launch/ur5e.launch.py
[35.163s] -- Installing: /home/t_b/ros2_ws/src/UR-MiR-mobile-manipulator/install/ur_robot_driver/share/ur_robot_driver/launch/ur30.launch.py
[35.163s] -- Installing: /home/t_b/ros2_ws/src/UR-MiR-mobile-manipulator/install/ur_robot_driver/share/ur_robot_driver/launch/ur3e.launch.py
[35.163s] -- Installing: /home/t_b/ros2_ws/src/UR-MiR-mobile-manipulator/install/ur_robot_driver/share/ur_robot_driver/launch/ur16e.launch.py
[35.163s] -- Installing: /home/t_b/ros2_ws/src/UR-MiR-mobile-manipulator/install/ur_robot_driver/share/ur_robot_driver/launch/ur_control.launch.py
[35.163s] -- Installing: /home/t_b/ros2_ws/src/UR-MiR-mobile-manipulator/install/ur_robot_driver/share/ur_robot_driver/launch/ur7e.launch.py
[35.164s] -- Installing: /home/t_b/ros2_ws/src/UR-MiR-mobile-manipulator/install/ur_robot_driver/share/ur_robot_driver/launch/test_scaled_joint_trajectory_controller.launch.py
[35.164s] -- Installing: /home/t_b/ros2_ws/src/UR-MiR-mobile-manipulator/install/ur_robot_driver/share/ur_robot_driver/launch/ur_dashboard_client.launch.py
[35.164s] -- Installing: /home/t_b/ros2_ws/src/UR-MiR-mobile-manipulator/install/ur_robot_driver/share/ur_robot_driver/launch/ur8long.launch.py
[35.164s] -- Installing: /home/t_b/ros2_ws/src/UR-MiR-mobile-manipulator/install/ur_robot_driver/share/ur_robot_driver/launch/ur10e.launch.py
[35.164s] -- Installing: /home/t_b/ros2_ws/src/UR-MiR-mobile-manipulator/install/ur_robot_driver/share/ur_robot_driver/launch/ur18.launch.py
[35.164s] -- Installing: /home/t_b/ros2_ws/src/UR-MiR-mobile-manipulator/install/ur_robot_driver/share/ur_robot_driver/launch/test_forward_velocity_controller.launch.py
[35.164s] -- Installing: /home/t_b/ros2_ws/src/UR-MiR-mobile-manipulator/install/ur_robot_driver/share/ament_index/resource_index/package_run_dependencies/ur_robot_driver
[35.164s] -- Installing: /home/t_b/ros2_ws/src/UR-MiR-mobile-manipulator/install/ur_robot_driver/share/ament_index/resource_index/parent_prefix_path/ur_robot_driver
[35.164s] -- Installing: /home/t_b/ros2_ws/src/UR-MiR-mobile-manipulator/install/ur_robot_driver/share/ur_robot_driver/environment/ament_prefix_path.sh
[35.165s] -- Installing: /home/t_b/ros2_ws/src/UR-MiR-mobile-manipulator/install/ur_robot_driver/share/ur_robot_driver/environment/ament_prefix_path.dsv
[35.165s] -- Installing: /home/t_b/ros2_ws/src/UR-MiR-mobile-manipulator/install/ur_robot_driver/share/ur_robot_driver/environment/path.sh
[35.165s] -- Installing: /home/t_b/ros2_ws/src/UR-MiR-mobile-manipulator/install/ur_robot_driver/share/ur_robot_driver/environment/path.dsv
[35.165s] -- Installing: /home/t_b/ros2_ws/src/UR-MiR-mobile-manipulator/install/ur_robot_driver/share/ur_robot_driver/local_setup.bash
[35.165s] -- Installing: /home/t_b/ros2_ws/src/UR-MiR-mobile-manipulator/install/ur_robot_driver/share/ur_robot_driver/local_setup.sh
[35.165s] -- Installing: /home/t_b/ros2_ws/src/UR-MiR-mobile-manipulator/install/ur_robot_driver/share/ur_robot_driver/local_setup.zsh
[35.165s] -- Installing: /home/t_b/ros2_ws/src/UR-MiR-mobile-manipulator/install/ur_robot_driver/share/ur_robot_driver/local_setup.dsv
[35.165s] -- Installing: /home/t_b/ros2_ws/src/UR-MiR-mobile-manipulator/install/ur_robot_driver/share/ur_robot_driver/package.dsv
[35.165s] -- Installing: /home/t_b/ros2_ws/src/UR-MiR-mobile-manipulator/install/ur_robot_driver/share/ament_index/resource_index/packages/ur_robot_driver
[35.165s] -- Installing: /home/t_b/ros2_ws/src/UR-MiR-mobile-manipulator/install/ur_robot_driver/share/ament_index/resource_index/hardware_interface__pluginlib__plugin/ur_robot_driver
[35.165s] -- Installing: /home/t_b/ros2_ws/src/UR-MiR-mobile-manipulator/install/ur_robot_driver/share/ur_robot_driver/cmake/ament_cmake_export_include_directories-extras.cmake
[35.165s] -- Installing: /home/t_b/ros2_ws/src/UR-MiR-mobile-manipulator/install/ur_robot_driver/share/ur_robot_driver/cmake/ament_cmake_export_libraries-extras.cmake
[35.165s] -- Installing: /home/t_b/ros2_ws/src/UR-MiR-mobile-manipulator/install/ur_robot_driver/share/ur_robot_driver/cmake/ament_cmake_export_dependencies-extras.cmake
[35.165s] -- Installing: /home/t_b/ros2_ws/src/UR-MiR-mobile-manipulator/install/ur_robot_driver/share/ur_robot_driver/cmake/ur_robot_driverConfig.cmake
[35.165s] -- Installing: /home/t_b/ros2_ws/src/UR-MiR-mobile-manipulator/install/ur_robot_driver/share/ur_robot_driver/cmake/ur_robot_driverConfig-version.cmake
[35.165s] -- Installing: /home/t_b/ros2_ws/src/UR-MiR-mobile-manipulator/install/ur_robot_driver/share/ur_robot_driver/package.xml
[35.168s] Invoked command in '/home/t_b/ros2_ws/src/UR-MiR-mobile-manipulator/build/ur_robot_driver' returned '0': AMENT_PREFIX_PATH=/home/t_b/ros2_ws/src/UR-MiR-mobile-manipulator/install/ur_controllers:/home/t_b/ros2_ws/src/UR-MiR-mobile-manipulator/install/ur_description:/home/t_b/ros2_ws/src/UR-MiR-mobile-manipulator/install/ur_dashboard_msgs:${AMENT_PREFIX_PATH} CMAKE_PREFIX_PATH=/home/t_b/ros2_ws/src/UR-MiR-mobile-manipulator/install/ur_controllers:/home/t_b/ros2_ws/src/UR-MiR-mobile-manipulator/install/ur_description:/home/t_b/ros2_ws/src/UR-MiR-mobile-manipulator/install/ur_dashboard_msgs:/home/t_b/pp_ros2_ws/install/rosbot:/home/t_b/pp_ros2_ws/install/rosbot_localization:/home/t_b/pp_ros2_ws/install/rosbot_joy:/home/t_b/pp_ros2_ws/install/open_manipulator_x_moveit:/home/t_b/pp_ros2_ws/install/rosbot_description:/home/t_b/pp_ros2_ws/install/open_manipulator_x_joy:/home/t_b/pp_ros2_ws/install/open_manipulator_x_description:/home/t_b/pp_ros2_ws/install/mecanum_drive_controller:/home/t_b/pp_ros2_ws/install/husarion_gz_worlds:/home/t_b/pp_ros2_ws/install/husarion_components_description:/home/t_b/pp_ros2_ws/install/dynamixel_hardware_interface:/home/t_b/swaraj/piper_ros/install/mtc_tutorial:/home/t_b/swaraj/piper_ros/install/moveit_task_constructor_visualization:/home/t_b/swaraj/piper_ros/install/moveit_task_constructor_demo:/home/t_b/swaraj/piper_ros/install/moveit_task_constructor_capabilities:/home/t_b/swaraj/piper_ros/install/moveit_task_constructor_core:/home/t_b/swaraj/piper_ros/install/rviz_marker_tools:/home/t_b/swaraj/piper_ros/install/posha_sim:/home/t_b/swaraj/piper_ros/install/piper_with_gripper_moveit:/home/t_b/swaraj/piper_ros/install/piper_no_gripper_moveit:/home/t_b/swaraj/piper_ros/install/piper_mujoco:/home/t_b/swaraj/piper_ros/install/piper_msgs:/home/t_b/swaraj/piper_ros/install/piper_humble:/home/t_b/swaraj/piper_ros/install/piper_gazebo:/home/t_b/swaraj/piper_ros/install/piper_description:/home/t_b/swaraj/piper_ros/install/moveit_task_constructor_msgs:/home/t_b/swaraj/piper_ros/install/hello_moveit:/home/t_b/gz_ros2_control_ws/install/ign_ros2_control_demos:/home/t_b/gz_ros2_control_ws/install/ign_ros2_control:/home/t_b/gz_ros2_control_ws/install/gz_ros2_control_tests:/home/t_b/gz_ros2_control_ws/install/gz_ros2_control_demos:/home/t_b/gz_ros2_control_ws/install/gz_ros2_control:/home/t_b/stonefish_ros/install/tour_interfaces:/home/t_b/stonefish_ros/install/stonefish_ros2:/home/t_b/pp_ros2_ws/install/rosbot_gazebo:/home/t_b/pp_ros2_ws/install/rosbot_controller:/home/t_b/pp_ros2_ws/install/rosbot_utils:/home/t_b/swaraj/piper_ros/install/piper:/home/t_b/leader_follower/install/apf:/home/t_b/amogh_app/amogh_ws/install/pursuers:/home/t_b/stonefish_ros/install/codes:/home/t_b/stonefish_ros/install/software_stack:/opt/ros/humble LD_LIBRARY_PATH=/home/t_b/ros2_ws/src/UR-MiR-mobile-manipulator/install/ur_controllers/lib:/home/t_b/ros2_ws/src/UR-MiR-mobile-manipulator/install/ur_dashboard_msgs/lib:${LD_LIBRARY_PATH} PYTHONPATH=/home/t_b/ros2_ws/src/UR-MiR-mobile-manipulator/install/ur_dashboard_msgs/local/lib/python3.10/dist-packages:${PYTHONPATH} /usr/bin/cmake --install /home/t_b/ros2_ws/src/UR-MiR-mobile-manipulator/build/ur_robot_driver
