[0.041s] Invoking command in '/home/t_b/ros2_ws/src/UR-MiR-mobile-manipulator/build/ros2_aruco_interfaces': CMAKE_PREFIX_PATH=${CMAKE_PREFIX_PATH}:/home/t_b/ros2_ws/src/UR-MiR-mobile-manipulator/install/ros2_aruco:/home/t_b/ros2_ws/src/UR-MiR-mobile-manipulator/install/point_cloud_functions:/home/t_b/ros2_ws/src/UR-MiR-mobile-manipulator/install/mir_restapi:/home/t_b/ros2_ws/src/UR-MiR-mobile-manipulator/install/mir_driver:/home/t_b/pp_ros2_ws/install/rosbot_gazebo:/home/t_b/pp_ros2_ws/install/rosbot_controller:/home/t_b/pp_ros2_ws/install/rosbot_utils:/home/t_b/swaraj/piper_ros/install/piper:/home/t_b/leader_follower/install/apf:/home/t_b/amogh_app/amogh_ws/install/pursuers:/home/t_b/stonefish_ros/install/codes:/home/t_b/stonefish_ros/install/software_stack:/opt/ros/humble /usr/bin/cmake --build /home/t_b/ros2_ws/src/UR-MiR-mobile-manipulator/build/ros2_aruco_interfaces -- -j16 -l16
[0.450s] [35m[1mConsolidate compiler generated dependencies of target ros2_aruco_interfaces__rosidl_generator_c[0m
[0.450s] [  3%] Built target ros2_aruco_interfaces__cpp
[0.451s] [  6%] Built target ros2_aruco_interfaces__rs
[0.451s] [ 15%] Built target ros2_aruco_interfaces__rosidl_generator_c
[0.451s] [ 15%] Built target ament_cmake_python_copy_ros2_aruco_interfaces
[0.451s] [35m[1mConsolidate compiler generated dependencies of target ros2_aruco_interfaces__rosidl_typesupport_introspection_cpp[0m
[0.451s] [35m[1mConsolidate compiler generated dependencies of target ros2_aruco_interfaces__rosidl_typesupport_cpp[0m
[0.451s] [35m[1mConsolidate compiler generated dependencies of target ros2_aruco_interfaces__rosidl_typesupport_fastrtps_cpp[0m
[0.451s] [35m[1mConsolidate compiler generated dependencies of target ros2_aruco_interfaces__rosidl_typesupport_introspection_c[0m
[0.451s] [35m[1mConsolidate compiler generated dependencies of target ros2_aruco_interfaces__rosidl_typesupport_c[0m
[0.451s] [35m[1mConsolidate compiler generated dependencies of target ros2_aruco_interfaces__rosidl_typesupport_fastrtps_c[0m
[0.451s] [ 25%] Built target ros2_aruco_interfaces__rosidl_typesupport_cpp
[0.451s] [ 34%] Built target ros2_aruco_interfaces__rosidl_typesupport_fastrtps_cpp
[0.451s] [ 43%] Built target ros2_aruco_interfaces__rosidl_typesupport_introspection_cpp
[0.451s] [ 53%] Built target ros2_aruco_interfaces__rosidl_typesupport_introspection_c
[0.451s] [ 62%] Built target ros2_aruco_interfaces__rosidl_typesupport_c
[0.451s] [ 71%] Built target ros2_aruco_interfaces__rosidl_typesupport_fastrtps_c
[0.451s] [ 71%] Built target ros2_aruco_interfaces
[0.451s] [ 75%] Built target ros2_aruco_interfaces__py
[0.452s] [35m[1mConsolidate compiler generated dependencies of target ros2_aruco_interfaces__rosidl_generator_py[0m
[0.452s] [ 81%] Built target ros2_aruco_interfaces__rosidl_generator_py
[0.452s] [35m[1mConsolidate compiler generated dependencies of target ros2_aruco_interfaces__rosidl_typesupport_fastrtps_c__pyext[0m
[0.452s] [35m[1mConsolidate compiler generated dependencies of target ros2_aruco_interfaces__rosidl_typesupport_c__pyext[0m
[0.452s] [35m[1mConsolidate compiler generated dependencies of target ros2_aruco_interfaces__rosidl_typesupport_introspection_c__pyext[0m
[0.452s] [ 87%] Built target ros2_aruco_interfaces__rosidl_typesupport_fastrtps_c__pyext
[0.452s] [ 93%] Built target ros2_aruco_interfaces__rosidl_typesupport_introspection_c__pyext
[0.452s] [100%] Built target ros2_aruco_interfaces__rosidl_typesupport_c__pyext
[0.452s] running egg_info
[0.452s] writing ros2_aruco_interfaces.egg-info/PKG-INFO
[0.452s] writing dependency_links to ros2_aruco_interfaces.egg-info/dependency_links.txt
[0.452s] writing top-level names to ros2_aruco_interfaces.egg-info/top_level.txt
[0.452s] reading manifest file 'ros2_aruco_interfaces.egg-info/SOURCES.txt'
[0.452s] writing manifest file 'ros2_aruco_interfaces.egg-info/SOURCES.txt'
[0.452s] [100%] Built target ament_cmake_python_build_ros2_aruco_interfaces_egg
[0.474s] Invoked command in '/home/t_b/ros2_ws/src/UR-MiR-mobile-manipulator/build/ros2_aruco_interfaces' returned '0': CMAKE_PREFIX_PATH=${CMAKE_PREFIX_PATH}:/home/t_b/ros2_ws/src/UR-MiR-mobile-manipulator/install/ros2_aruco:/home/t_b/ros2_ws/src/UR-MiR-mobile-manipulator/install/point_cloud_functions:/home/t_b/ros2_ws/src/UR-MiR-mobile-manipulator/install/mir_restapi:/home/t_b/ros2_ws/src/UR-MiR-mobile-manipulator/install/mir_driver:/home/t_b/pp_ros2_ws/install/rosbot_gazebo:/home/t_b/pp_ros2_ws/install/rosbot_controller:/home/t_b/pp_ros2_ws/install/rosbot_utils:/home/t_b/swaraj/piper_ros/install/piper:/home/t_b/leader_follower/install/apf:/home/t_b/amogh_app/amogh_ws/install/pursuers:/home/t_b/stonefish_ros/install/codes:/home/t_b/stonefish_ros/install/software_stack:/opt/ros/humble /usr/bin/cmake --build /home/t_b/ros2_ws/src/UR-MiR-mobile-manipulator/build/ros2_aruco_interfaces -- -j16 -l16
[0.476s] Invoking command in '/home/t_b/ros2_ws/src/UR-MiR-mobile-manipulator/build/ros2_aruco_interfaces': CMAKE_PREFIX_PATH=${CMAKE_PREFIX_PATH}:/home/t_b/ros2_ws/src/UR-MiR-mobile-manipulator/install/ros2_aruco:/home/t_b/ros2_ws/src/UR-MiR-mobile-manipulator/install/point_cloud_functions:/home/t_b/ros2_ws/src/UR-MiR-mobile-manipulator/install/mir_restapi:/home/t_b/ros2_ws/src/UR-MiR-mobile-manipulator/install/mir_driver:/home/t_b/pp_ros2_ws/install/rosbot_gazebo:/home/t_b/pp_ros2_ws/install/rosbot_controller:/home/t_b/pp_ros2_ws/install/rosbot_utils:/home/t_b/swaraj/piper_ros/install/piper:/home/t_b/leader_follower/install/apf:/home/t_b/amogh_app/amogh_ws/install/pursuers:/home/t_b/stonefish_ros/install/codes:/home/t_b/stonefish_ros/install/software_stack:/opt/ros/humble /usr/bin/cmake --install /home/t_b/ros2_ws/src/UR-MiR-mobile-manipulator/build/ros2_aruco_interfaces
[0.528s] -- Install configuration: ""
[0.528s] -- Up-to-date: /home/t_b/ros2_ws/src/UR-MiR-mobile-manipulator/install/ros2_aruco_interfaces/share/ament_index/resource_index/rosidl_interfaces/ros2_aruco_interfaces
[0.528s] -- Up-to-date: /home/t_b/ros2_ws/src/UR-MiR-mobile-manipulator/install/ros2_aruco_interfaces/include/ros2_aruco_interfaces/ros2_aruco_interfaces
[0.528s] -- Up-to-date: /home/t_b/ros2_ws/src/UR-MiR-mobile-manipulator/install/ros2_aruco_interfaces/include/ros2_aruco_interfaces/ros2_aruco_interfaces/msg
[0.528s] -- Up-to-date: /home/t_b/ros2_ws/src/UR-MiR-mobile-manipulator/install/ros2_aruco_interfaces/include/ros2_aruco_interfaces/ros2_aruco_interfaces/msg/aruco_markers.h
[0.528s] -- Up-to-date: /home/t_b/ros2_ws/src/UR-MiR-mobile-manipulator/install/ros2_aruco_interfaces/include/ros2_aruco_interfaces/ros2_aruco_interfaces/msg/rosidl_generator_c__visibility_control.h
[0.528s] -- Up-to-date: /home/t_b/ros2_ws/src/UR-MiR-mobile-manipulator/install/ros2_aruco_interfaces/include/ros2_aruco_interfaces/ros2_aruco_interfaces/msg/detail
[0.528s] -- Up-to-date: /home/t_b/ros2_ws/src/UR-MiR-mobile-manipulator/install/ros2_aruco_interfaces/include/ros2_aruco_interfaces/ros2_aruco_interfaces/msg/detail/aruco_markers__functions.h
[0.529s] -- Up-to-date: /home/t_b/ros2_ws/src/UR-MiR-mobile-manipulator/install/ros2_aruco_interfaces/include/ros2_aruco_interfaces/ros2_aruco_interfaces/msg/detail/aruco_markers__struct.h
[0.529s] -- Up-to-date: /home/t_b/ros2_ws/src/UR-MiR-mobile-manipulator/install/ros2_aruco_interfaces/include/ros2_aruco_interfaces/ros2_aruco_interfaces/msg/detail/aruco_markers__type_support.h
[0.529s] -- Up-to-date: /home/t_b/ros2_ws/src/UR-MiR-mobile-manipulator/install/ros2_aruco_interfaces/include/ros2_aruco_interfaces/ros2_aruco_interfaces/msg/detail/aruco_markers__functions.c
[0.529s] -- Up-to-date: /home/t_b/ros2_ws/src/UR-MiR-mobile-manipulator/install/ros2_aruco_interfaces/share/ros2_aruco_interfaces/environment/library_path.sh
[0.529s] -- Up-to-date: /home/t_b/ros2_ws/src/UR-MiR-mobile-manipulator/install/ros2_aruco_interfaces/share/ros2_aruco_interfaces/environment/library_path.dsv
[0.529s] -- Up-to-date: /home/t_b/ros2_ws/src/UR-MiR-mobile-manipulator/install/ros2_aruco_interfaces/lib/libros2_aruco_interfaces__rosidl_generator_c.so
[0.529s] -- Up-to-date: /home/t_b/ros2_ws/src/UR-MiR-mobile-manipulator/install/ros2_aruco_interfaces/include/ros2_aruco_interfaces/ros2_aruco_interfaces
[0.529s] -- Up-to-date: /home/t_b/ros2_ws/src/UR-MiR-mobile-manipulator/install/ros2_aruco_interfaces/include/ros2_aruco_interfaces/ros2_aruco_interfaces/msg
[0.529s] -- Up-to-date: /home/t_b/ros2_ws/src/UR-MiR-mobile-manipulator/install/ros2_aruco_interfaces/include/ros2_aruco_interfaces/ros2_aruco_interfaces/msg/rosidl_typesupport_fastrtps_c__visibility_control.h
[0.530s] -- Up-to-date: /home/t_b/ros2_ws/src/UR-MiR-mobile-manipulator/install/ros2_aruco_interfaces/include/ros2_aruco_interfaces/ros2_aruco_interfaces/msg/detail
[0.530s] -- Up-to-date: /home/t_b/ros2_ws/src/UR-MiR-mobile-manipulator/install/ros2_aruco_interfaces/include/ros2_aruco_interfaces/ros2_aruco_interfaces/msg/detail/aruco_markers__rosidl_typesupport_fastrtps_c.h
[0.530s] -- Up-to-date: /home/t_b/ros2_ws/src/UR-MiR-mobile-manipulator/install/ros2_aruco_interfaces/lib/libros2_aruco_interfaces__rosidl_typesupport_fastrtps_c.so
[0.532s] -- Up-to-date: /home/t_b/ros2_ws/src/UR-MiR-mobile-manipulator/install/ros2_aruco_interfaces/include/ros2_aruco_interfaces/ros2_aruco_interfaces
[0.532s] -- Up-to-date: /home/t_b/ros2_ws/src/UR-MiR-mobile-manipulator/install/ros2_aruco_interfaces/include/ros2_aruco_interfaces/ros2_aruco_interfaces/msg
[0.532s] -- Up-to-date: /home/t_b/ros2_ws/src/UR-MiR-mobile-manipulator/install/ros2_aruco_interfaces/include/ros2_aruco_interfaces/ros2_aruco_interfaces/msg/aruco_markers.hpp
[0.532s] -- Up-to-date: /home/t_b/ros2_ws/src/UR-MiR-mobile-manipulator/install/ros2_aruco_interfaces/include/ros2_aruco_interfaces/ros2_aruco_interfaces/msg/rosidl_generator_cpp__visibility_control.hpp
[0.532s] -- Up-to-date: /home/t_b/ros2_ws/src/UR-MiR-mobile-manipulator/install/ros2_aruco_interfaces/include/ros2_aruco_interfaces/ros2_aruco_interfaces/msg/detail
[0.532s] -- Up-to-date: /home/t_b/ros2_ws/src/UR-MiR-mobile-manipulator/install/ros2_aruco_interfaces/include/ros2_aruco_interfaces/ros2_aruco_interfaces/msg/detail/aruco_markers__builder.hpp
[0.532s] -- Up-to-date: /home/t_b/ros2_ws/src/UR-MiR-mobile-manipulator/install/ros2_aruco_interfaces/include/ros2_aruco_interfaces/ros2_aruco_interfaces/msg/detail/aruco_markers__type_support.hpp
[0.532s] -- Up-to-date: /home/t_b/ros2_ws/src/UR-MiR-mobile-manipulator/install/ros2_aruco_interfaces/include/ros2_aruco_interfaces/ros2_aruco_interfaces/msg/detail/aruco_markers__traits.hpp
[0.532s] -- Up-to-date: /home/t_b/ros2_ws/src/UR-MiR-mobile-manipulator/install/ros2_aruco_interfaces/include/ros2_aruco_interfaces/ros2_aruco_interfaces/msg/detail/aruco_markers__struct.hpp
[0.533s] -- Up-to-date: /home/t_b/ros2_ws/src/UR-MiR-mobile-manipulator/install/ros2_aruco_interfaces/include/ros2_aruco_interfaces/ros2_aruco_interfaces
[0.533s] -- Up-to-date: /home/t_b/ros2_ws/src/UR-MiR-mobile-manipulator/install/ros2_aruco_interfaces/include/ros2_aruco_interfaces/ros2_aruco_interfaces/msg
[0.534s] -- Up-to-date: /home/t_b/ros2_ws/src/UR-MiR-mobile-manipulator/install/ros2_aruco_interfaces/include/ros2_aruco_interfaces/ros2_aruco_interfaces/msg/rosidl_typesupport_fastrtps_cpp__visibility_control.h
[0.534s] -- Up-to-date: /home/t_b/ros2_ws/src/UR-MiR-mobile-manipulator/install/ros2_aruco_interfaces/include/ros2_aruco_interfaces/ros2_aruco_interfaces/msg/detail
[0.534s] -- Up-to-date: /home/t_b/ros2_ws/src/UR-MiR-mobile-manipulator/install/ros2_aruco_interfaces/include/ros2_aruco_interfaces/ros2_aruco_interfaces/msg/detail/aruco_markers__rosidl_typesupport_fastrtps_cpp.hpp
[0.534s] -- Up-to-date: /home/t_b/ros2_ws/src/UR-MiR-mobile-manipulator/install/ros2_aruco_interfaces/include/ros2_aruco_interfaces/ros2_aruco_interfaces/msg/detail/dds_fastrtps
[0.534s] -- Up-to-date: /home/t_b/ros2_ws/src/UR-MiR-mobile-manipulator/install/ros2_aruco_interfaces/lib/libros2_aruco_interfaces__rosidl_typesupport_fastrtps_cpp.so
[0.535s] -- Up-to-date: /home/t_b/ros2_ws/src/UR-MiR-mobile-manipulator/install/ros2_aruco_interfaces/include/ros2_aruco_interfaces/ros2_aruco_interfaces
[0.535s] -- Up-to-date: /home/t_b/ros2_ws/src/UR-MiR-mobile-manipulator/install/ros2_aruco_interfaces/include/ros2_aruco_interfaces/ros2_aruco_interfaces/msg
[0.535s] -- Up-to-date: /home/t_b/ros2_ws/src/UR-MiR-mobile-manipulator/install/ros2_aruco_interfaces/include/ros2_aruco_interfaces/ros2_aruco_interfaces/msg/rosidl_typesupport_introspection_c__visibility_control.h
[0.535s] -- Up-to-date: /home/t_b/ros2_ws/src/UR-MiR-mobile-manipulator/install/ros2_aruco_interfaces/include/ros2_aruco_interfaces/ros2_aruco_interfaces/msg/detail
[0.535s] -- Up-to-date: /home/t_b/ros2_ws/src/UR-MiR-mobile-manipulator/install/ros2_aruco_interfaces/include/ros2_aruco_interfaces/ros2_aruco_interfaces/msg/detail/aruco_markers__type_support.c
[0.535s] -- Up-to-date: /home/t_b/ros2_ws/src/UR-MiR-mobile-manipulator/install/ros2_aruco_interfaces/include/ros2_aruco_interfaces/ros2_aruco_interfaces/msg/detail/aruco_markers__rosidl_typesupport_introspection_c.h
[0.535s] -- Up-to-date: /home/t_b/ros2_ws/src/UR-MiR-mobile-manipulator/install/ros2_aruco_interfaces/lib/libros2_aruco_interfaces__rosidl_typesupport_introspection_c.so
[0.538s] -- Up-to-date: /home/t_b/ros2_ws/src/UR-MiR-mobile-manipulator/install/ros2_aruco_interfaces/lib/libros2_aruco_interfaces__rosidl_typesupport_c.so
[0.538s] -- Up-to-date: /home/t_b/ros2_ws/src/UR-MiR-mobile-manipulator/install/ros2_aruco_interfaces/include/ros2_aruco_interfaces/ros2_aruco_interfaces
[0.538s] -- Up-to-date: /home/t_b/ros2_ws/src/UR-MiR-mobile-manipulator/install/ros2_aruco_interfaces/include/ros2_aruco_interfaces/ros2_aruco_interfaces/msg
[0.538s] -- Up-to-date: /home/t_b/ros2_ws/src/UR-MiR-mobile-manipulator/install/ros2_aruco_interfaces/include/ros2_aruco_interfaces/ros2_aruco_interfaces/msg/detail
[0.539s] -- Up-to-date: /home/t_b/ros2_ws/src/UR-MiR-mobile-manipulator/install/ros2_aruco_interfaces/include/ros2_aruco_interfaces/ros2_aruco_interfaces/msg/detail/aruco_markers__rosidl_typesupport_introspection_cpp.hpp
[0.539s] -- Up-to-date: /home/t_b/ros2_ws/src/UR-MiR-mobile-manipulator/install/ros2_aruco_interfaces/include/ros2_aruco_interfaces/ros2_aruco_interfaces/msg/detail/aruco_markers__type_support.cpp
[0.539s] -- Up-to-date: /home/t_b/ros2_ws/src/UR-MiR-mobile-manipulator/install/ros2_aruco_interfaces/lib/libros2_aruco_interfaces__rosidl_typesupport_introspection_cpp.so
[0.539s] -- Up-to-date: /home/t_b/ros2_ws/src/UR-MiR-mobile-manipulator/install/ros2_aruco_interfaces/lib/libros2_aruco_interfaces__rosidl_typesupport_cpp.so
[0.543s] -- Up-to-date: /home/t_b/ros2_ws/src/UR-MiR-mobile-manipulator/install/ros2_aruco_interfaces/share/ros2_aruco_interfaces/environment/pythonpath.sh
[0.543s] -- Up-to-date: /home/t_b/ros2_ws/src/UR-MiR-mobile-manipulator/install/ros2_aruco_interfaces/share/ros2_aruco_interfaces/environment/pythonpath.dsv
[0.543s] -- Up-to-date: /home/t_b/ros2_ws/src/UR-MiR-mobile-manipulator/install/ros2_aruco_interfaces/local/lib/python3.10/dist-packages/ros2_aruco_interfaces-0.1.0-py3.10.egg-info
[0.543s] -- Installing: /home/t_b/ros2_ws/src/UR-MiR-mobile-manipulator/install/ros2_aruco_interfaces/local/lib/python3.10/dist-packages/ros2_aruco_interfaces-0.1.0-py3.10.egg-info/SOURCES.txt
[0.544s] -- Installing: /home/t_b/ros2_ws/src/UR-MiR-mobile-manipulator/install/ros2_aruco_interfaces/local/lib/python3.10/dist-packages/ros2_aruco_interfaces-0.1.0-py3.10.egg-info/dependency_links.txt
[0.544s] -- Installing: /home/t_b/ros2_ws/src/UR-MiR-mobile-manipulator/install/ros2_aruco_interfaces/local/lib/python3.10/dist-packages/ros2_aruco_interfaces-0.1.0-py3.10.egg-info/PKG-INFO
[0.544s] -- Installing: /home/t_b/ros2_ws/src/UR-MiR-mobile-manipulator/install/ros2_aruco_interfaces/local/lib/python3.10/dist-packages/ros2_aruco_interfaces-0.1.0-py3.10.egg-info/top_level.txt
[0.544s] -- Up-to-date: /home/t_b/ros2_ws/src/UR-MiR-mobile-manipulator/install/ros2_aruco_interfaces/local/lib/python3.10/dist-packages/ros2_aruco_interfaces
[0.545s] -- Up-to-date: /home/t_b/ros2_ws/src/UR-MiR-mobile-manipulator/install/ros2_aruco_interfaces/local/lib/python3.10/dist-packages/ros2_aruco_interfaces/ros2_aruco_interfaces_s__rosidl_typesupport_c.cpython-310-x86_64-linux-gnu.so
[0.545s] -- Up-to-date: /home/t_b/ros2_ws/src/UR-MiR-mobile-manipulator/install/ros2_aruco_interfaces/local/lib/python3.10/dist-packages/ros2_aruco_interfaces/msg
[0.545s] -- Up-to-date: /home/t_b/ros2_ws/src/UR-MiR-mobile-manipulator/install/ros2_aruco_interfaces/local/lib/python3.10/dist-packages/ros2_aruco_interfaces/msg/__init__.py
[0.545s] -- Up-to-date: /home/t_b/ros2_ws/src/UR-MiR-mobile-manipulator/install/ros2_aruco_interfaces/local/lib/python3.10/dist-packages/ros2_aruco_interfaces/msg/_aruco_markers_s.c
[0.545s] -- Up-to-date: /home/t_b/ros2_ws/src/UR-MiR-mobile-manipulator/install/ros2_aruco_interfaces/local/lib/python3.10/dist-packages/ros2_aruco_interfaces/msg/_aruco_markers.py
[0.545s] -- Up-to-date: /home/t_b/ros2_ws/src/UR-MiR-mobile-manipulator/install/ros2_aruco_interfaces/local/lib/python3.10/dist-packages/ros2_aruco_interfaces/ros2_aruco_interfaces_s__rosidl_typesupport_introspection_c.cpython-310-x86_64-linux-gnu.so
[0.545s] -- Up-to-date: /home/t_b/ros2_ws/src/UR-MiR-mobile-manipulator/install/ros2_aruco_interfaces/local/lib/python3.10/dist-packages/ros2_aruco_interfaces/ros2_aruco_interfaces_s__rosidl_typesupport_fastrtps_c.cpython-310-x86_64-linux-gnu.so
[0.545s] -- Up-to-date: /home/t_b/ros2_ws/src/UR-MiR-mobile-manipulator/install/ros2_aruco_interfaces/local/lib/python3.10/dist-packages/ros2_aruco_interfaces/libros2_aruco_interfaces__rosidl_generator_py.so
[0.545s] -- Up-to-date: /home/t_b/ros2_ws/src/UR-MiR-mobile-manipulator/install/ros2_aruco_interfaces/local/lib/python3.10/dist-packages/ros2_aruco_interfaces/_ros2_aruco_interfaces_s.ep.rosidl_typesupport_c.c
[0.545s] -- Up-to-date: /home/t_b/ros2_ws/src/UR-MiR-mobile-manipulator/install/ros2_aruco_interfaces/local/lib/python3.10/dist-packages/ros2_aruco_interfaces/__init__.py
[0.545s] -- Up-to-date: /home/t_b/ros2_ws/src/UR-MiR-mobile-manipulator/install/ros2_aruco_interfaces/local/lib/python3.10/dist-packages/ros2_aruco_interfaces/_ros2_aruco_interfaces_s.ep.rosidl_typesupport_introspection_c.c
[0.545s] -- Up-to-date: /home/t_b/ros2_ws/src/UR-MiR-mobile-manipulator/install/ros2_aruco_interfaces/local/lib/python3.10/dist-packages/ros2_aruco_interfaces/_ros2_aruco_interfaces_s.ep.rosidl_typesupport_fastrtps_c.c
[0.563s] Listing '/home/t_b/ros2_ws/src/UR-MiR-mobile-manipulator/install/ros2_aruco_interfaces/local/lib/python3.10/dist-packages/ros2_aruco_interfaces'...
[0.563s] Listing '/home/t_b/ros2_ws/src/UR-MiR-mobile-manipulator/install/ros2_aruco_interfaces/local/lib/python3.10/dist-packages/ros2_aruco_interfaces/msg'...
[0.563s] -- Up-to-date: /home/t_b/ros2_ws/src/UR-MiR-mobile-manipulator/install/ros2_aruco_interfaces/local/lib/python3.10/dist-packages/ros2_aruco_interfaces/ros2_aruco_interfaces_s__rosidl_typesupport_fastrtps_c.cpython-310-x86_64-linux-gnu.so
[0.563s] -- Up-to-date: /home/t_b/ros2_ws/src/UR-MiR-mobile-manipulator/install/ros2_aruco_interfaces/local/lib/python3.10/dist-packages/ros2_aruco_interfaces/ros2_aruco_interfaces_s__rosidl_typesupport_introspection_c.cpython-310-x86_64-linux-gnu.so
[0.564s] -- Up-to-date: /home/t_b/ros2_ws/src/UR-MiR-mobile-manipulator/install/ros2_aruco_interfaces/local/lib/python3.10/dist-packages/ros2_aruco_interfaces/ros2_aruco_interfaces_s__rosidl_typesupport_c.cpython-310-x86_64-linux-gnu.so
[0.564s] -- Up-to-date: /home/t_b/ros2_ws/src/UR-MiR-mobile-manipulator/install/ros2_aruco_interfaces/lib/libros2_aruco_interfaces__rosidl_generator_py.so
[0.564s] -- Up-to-date: /home/t_b/ros2_ws/src/UR-MiR-mobile-manipulator/install/ros2_aruco_interfaces/share/ament_index/resource_index/rust_packages/ros2_aruco_interfaces
[0.564s] -- Up-to-date: /home/t_b/ros2_ws/src/UR-MiR-mobile-manipulator/install/ros2_aruco_interfaces/share/ros2_aruco_interfaces/rust
[0.564s] -- Up-to-date: /home/t_b/ros2_ws/src/UR-MiR-mobile-manipulator/install/ros2_aruco_interfaces/share/ros2_aruco_interfaces/rust/build.rs
[0.564s] -- Up-to-date: /home/t_b/ros2_ws/src/UR-MiR-mobile-manipulator/install/ros2_aruco_interfaces/share/ros2_aruco_interfaces/rust/Cargo.toml
[0.564s] -- Up-to-date: /home/t_b/ros2_ws/src/UR-MiR-mobile-manipulator/install/ros2_aruco_interfaces/share/ros2_aruco_interfaces/rust/src
[0.564s] -- Up-to-date: /home/t_b/ros2_ws/src/UR-MiR-mobile-manipulator/install/ros2_aruco_interfaces/share/ros2_aruco_interfaces/rust/src/msg
[0.565s] -- Up-to-date: /home/t_b/ros2_ws/src/UR-MiR-mobile-manipulator/install/ros2_aruco_interfaces/share/ros2_aruco_interfaces/rust/src/msg/rmw.rs
[0.565s] -- Up-to-date: /home/t_b/ros2_ws/src/UR-MiR-mobile-manipulator/install/ros2_aruco_interfaces/share/ros2_aruco_interfaces/rust/src/lib.rs
[0.565s] -- Up-to-date: /home/t_b/ros2_ws/src/UR-MiR-mobile-manipulator/install/ros2_aruco_interfaces/share/ros2_aruco_interfaces/rust/src/msg.rs
[0.565s] -- Up-to-date: /home/t_b/ros2_ws/src/UR-MiR-mobile-manipulator/install/ros2_aruco_interfaces/share/ros2_aruco_interfaces/msg/ArucoMarkers.idl
[0.565s] -- Up-to-date: /home/t_b/ros2_ws/src/UR-MiR-mobile-manipulator/install/ros2_aruco_interfaces/share/ros2_aruco_interfaces/msg/ArucoMarkers.msg
[0.565s] -- Up-to-date: /home/t_b/ros2_ws/src/UR-MiR-mobile-manipulator/install/ros2_aruco_interfaces/share/ament_index/resource_index/package_run_dependencies/ros2_aruco_interfaces
[0.565s] -- Up-to-date: /home/t_b/ros2_ws/src/UR-MiR-mobile-manipulator/install/ros2_aruco_interfaces/share/ament_index/resource_index/parent_prefix_path/ros2_aruco_interfaces
[0.565s] -- Up-to-date: /home/t_b/ros2_ws/src/UR-MiR-mobile-manipulator/install/ros2_aruco_interfaces/share/ros2_aruco_interfaces/environment/ament_prefix_path.sh
[0.565s] -- Up-to-date: /home/t_b/ros2_ws/src/UR-MiR-mobile-manipulator/install/ros2_aruco_interfaces/share/ros2_aruco_interfaces/environment/ament_prefix_path.dsv
[0.565s] -- Up-to-date: /home/t_b/ros2_ws/src/UR-MiR-mobile-manipulator/install/ros2_aruco_interfaces/share/ros2_aruco_interfaces/environment/path.sh
[0.566s] -- Up-to-date: /home/t_b/ros2_ws/src/UR-MiR-mobile-manipulator/install/ros2_aruco_interfaces/share/ros2_aruco_interfaces/environment/path.dsv
[0.566s] -- Up-to-date: /home/t_b/ros2_ws/src/UR-MiR-mobile-manipulator/install/ros2_aruco_interfaces/share/ros2_aruco_interfaces/local_setup.bash
[0.567s] -- Up-to-date: /home/t_b/ros2_ws/src/UR-MiR-mobile-manipulator/install/ros2_aruco_interfaces/share/ros2_aruco_interfaces/local_setup.sh
[0.567s] -- Up-to-date: /home/t_b/ros2_ws/src/UR-MiR-mobile-manipulator/install/ros2_aruco_interfaces/share/ros2_aruco_interfaces/local_setup.zsh
[0.568s] -- Up-to-date: /home/t_b/ros2_ws/src/UR-MiR-mobile-manipulator/install/ros2_aruco_interfaces/share/ros2_aruco_interfaces/local_setup.dsv
[0.568s] -- Installing: /home/t_b/ros2_ws/src/UR-MiR-mobile-manipulator/install/ros2_aruco_interfaces/share/ros2_aruco_interfaces/package.dsv
[0.569s] -- Up-to-date: /home/t_b/ros2_ws/src/UR-MiR-mobile-manipulator/install/ros2_aruco_interfaces/share/ament_index/resource_index/packages/ros2_aruco_interfaces
[0.569s] -- Up-to-date: /home/t_b/ros2_ws/src/UR-MiR-mobile-manipulator/install/ros2_aruco_interfaces/share/ros2_aruco_interfaces/cmake/export_ros2_aruco_interfaces__rosidl_generator_cExport.cmake
[0.569s] -- Up-to-date: /home/t_b/ros2_ws/src/UR-MiR-mobile-manipulator/install/ros2_aruco_interfaces/share/ros2_aruco_interfaces/cmake/export_ros2_aruco_interfaces__rosidl_generator_cExport-noconfig.cmake
[0.569s] -- Up-to-date: /home/t_b/ros2_ws/src/UR-MiR-mobile-manipulator/install/ros2_aruco_interfaces/share/ros2_aruco_interfaces/cmake/export_ros2_aruco_interfaces__rosidl_typesupport_fastrtps_cExport.cmake
[0.569s] -- Up-to-date: /home/t_b/ros2_ws/src/UR-MiR-mobile-manipulator/install/ros2_aruco_interfaces/share/ros2_aruco_interfaces/cmake/export_ros2_aruco_interfaces__rosidl_typesupport_fastrtps_cExport-noconfig.cmake
[0.569s] -- Up-to-date: /home/t_b/ros2_ws/src/UR-MiR-mobile-manipulator/install/ros2_aruco_interfaces/share/ros2_aruco_interfaces/cmake/export_ros2_aruco_interfaces__rosidl_generator_cppExport.cmake
[0.569s] -- Up-to-date: /home/t_b/ros2_ws/src/UR-MiR-mobile-manipulator/install/ros2_aruco_interfaces/share/ros2_aruco_interfaces/cmake/export_ros2_aruco_interfaces__rosidl_typesupport_fastrtps_cppExport.cmake
[0.569s] -- Up-to-date: /home/t_b/ros2_ws/src/UR-MiR-mobile-manipulator/install/ros2_aruco_interfaces/share/ros2_aruco_interfaces/cmake/export_ros2_aruco_interfaces__rosidl_typesupport_fastrtps_cppExport-noconfig.cmake
[0.569s] -- Up-to-date: /home/t_b/ros2_ws/src/UR-MiR-mobile-manipulator/install/ros2_aruco_interfaces/share/ros2_aruco_interfaces/cmake/ros2_aruco_interfaces__rosidl_typesupport_introspection_cExport.cmake
[0.569s] -- Up-to-date: /home/t_b/ros2_ws/src/UR-MiR-mobile-manipulator/install/ros2_aruco_interfaces/share/ros2_aruco_interfaces/cmake/ros2_aruco_interfaces__rosidl_typesupport_introspection_cExport-noconfig.cmake
[0.569s] -- Up-to-date: /home/t_b/ros2_ws/src/UR-MiR-mobile-manipulator/install/ros2_aruco_interfaces/share/ros2_aruco_interfaces/cmake/ros2_aruco_interfaces__rosidl_typesupport_cExport.cmake
[0.569s] -- Up-to-date: /home/t_b/ros2_ws/src/UR-MiR-mobile-manipulator/install/ros2_aruco_interfaces/share/ros2_aruco_interfaces/cmake/ros2_aruco_interfaces__rosidl_typesupport_cExport-noconfig.cmake
[0.569s] -- Up-to-date: /home/t_b/ros2_ws/src/UR-MiR-mobile-manipulator/install/ros2_aruco_interfaces/share/ros2_aruco_interfaces/cmake/ros2_aruco_interfaces__rosidl_typesupport_introspection_cppExport.cmake
[0.570s] -- Up-to-date: /home/t_b/ros2_ws/src/UR-MiR-mobile-manipulator/install/ros2_aruco_interfaces/share/ros2_aruco_interfaces/cmake/ros2_aruco_interfaces__rosidl_typesupport_introspection_cppExport-noconfig.cmake
[0.570s] -- Up-to-date: /home/t_b/ros2_ws/src/UR-MiR-mobile-manipulator/install/ros2_aruco_interfaces/share/ros2_aruco_interfaces/cmake/ros2_aruco_interfaces__rosidl_typesupport_cppExport.cmake
[0.570s] -- Up-to-date: /home/t_b/ros2_ws/src/UR-MiR-mobile-manipulator/install/ros2_aruco_interfaces/share/ros2_aruco_interfaces/cmake/ros2_aruco_interfaces__rosidl_typesupport_cppExport-noconfig.cmake
[0.570s] -- Up-to-date: /home/t_b/ros2_ws/src/UR-MiR-mobile-manipulator/install/ros2_aruco_interfaces/share/ros2_aruco_interfaces/cmake/export_ros2_aruco_interfaces__rosidl_generator_pyExport.cmake
[0.570s] -- Up-to-date: /home/t_b/ros2_ws/src/UR-MiR-mobile-manipulator/install/ros2_aruco_interfaces/share/ros2_aruco_interfaces/cmake/export_ros2_aruco_interfaces__rosidl_generator_pyExport-noconfig.cmake
[0.570s] -- Up-to-date: /home/t_b/ros2_ws/src/UR-MiR-mobile-manipulator/install/ros2_aruco_interfaces/share/ros2_aruco_interfaces/cmake/rosidl_cmake-extras.cmake
[0.570s] -- Up-to-date: /home/t_b/ros2_ws/src/UR-MiR-mobile-manipulator/install/ros2_aruco_interfaces/share/ros2_aruco_interfaces/cmake/ament_cmake_export_dependencies-extras.cmake
[0.570s] -- Up-to-date: /home/t_b/ros2_ws/src/UR-MiR-mobile-manipulator/install/ros2_aruco_interfaces/share/ros2_aruco_interfaces/cmake/ament_cmake_export_include_directories-extras.cmake
[0.570s] -- Up-to-date: /home/t_b/ros2_ws/src/UR-MiR-mobile-manipulator/install/ros2_aruco_interfaces/share/ros2_aruco_interfaces/cmake/ament_cmake_export_libraries-extras.cmake
[0.570s] -- Up-to-date: /home/t_b/ros2_ws/src/UR-MiR-mobile-manipulator/install/ros2_aruco_interfaces/share/ros2_aruco_interfaces/cmake/ament_cmake_export_targets-extras.cmake
[0.570s] -- Up-to-date: /home/t_b/ros2_ws/src/UR-MiR-mobile-manipulator/install/ros2_aruco_interfaces/share/ros2_aruco_interfaces/cmake/rosidl_cmake_export_typesupport_targets-extras.cmake
[0.570s] -- Up-to-date: /home/t_b/ros2_ws/src/UR-MiR-mobile-manipulator/install/ros2_aruco_interfaces/share/ros2_aruco_interfaces/cmake/rosidl_cmake_export_typesupport_libraries-extras.cmake
[0.570s] -- Up-to-date: /home/t_b/ros2_ws/src/UR-MiR-mobile-manipulator/install/ros2_aruco_interfaces/share/ros2_aruco_interfaces/cmake/ros2_aruco_interfacesConfig.cmake
[0.570s] -- Up-to-date: /home/t_b/ros2_ws/src/UR-MiR-mobile-manipulator/install/ros2_aruco_interfaces/share/ros2_aruco_interfaces/cmake/ros2_aruco_interfacesConfig-version.cmake
[0.570s] -- Up-to-date: /home/t_b/ros2_ws/src/UR-MiR-mobile-manipulator/install/ros2_aruco_interfaces/share/ros2_aruco_interfaces/package.xml
[0.612s] Invoked command in '/home/t_b/ros2_ws/src/UR-MiR-mobile-manipulator/build/ros2_aruco_interfaces' returned '0': CMAKE_PREFIX_PATH=${CMAKE_PREFIX_PATH}:/home/t_b/ros2_ws/src/UR-MiR-mobile-manipulator/install/ros2_aruco:/home/t_b/ros2_ws/src/UR-MiR-mobile-manipulator/install/point_cloud_functions:/home/t_b/ros2_ws/src/UR-MiR-mobile-manipulator/install/mir_restapi:/home/t_b/ros2_ws/src/UR-MiR-mobile-manipulator/install/mir_driver:/home/t_b/pp_ros2_ws/install/rosbot_gazebo:/home/t_b/pp_ros2_ws/install/rosbot_controller:/home/t_b/pp_ros2_ws/install/rosbot_utils:/home/t_b/swaraj/piper_ros/install/piper:/home/t_b/leader_follower/install/apf:/home/t_b/amogh_app/amogh_ws/install/pursuers:/home/t_b/stonefish_ros/install/codes:/home/t_b/stonefish_ros/install/software_stack:/opt/ros/humble /usr/bin/cmake --install /home/t_b/ros2_ws/src/UR-MiR-mobile-manipulator/build/ros2_aruco_interfaces
